[2024-08-06T07:47:56.333+0000] {processor.py:161} INFO - Started process (PID=36) to work on /home/airflow/.local/lib/python3.12/site-packages/airflow/example_dags/example_complex.py
[2024-08-06T07:47:56.334+0000] {processor.py:830} INFO - Processing file /home/airflow/.local/lib/python3.12/site-packages/airflow/example_dags/example_complex.py for tasks to queue
[2024-08-06T07:47:56.336+0000] {logging_mixin.py:188} INFO - [2024-08-06T07:47:56.336+0000] {dagbag.py:545} INFO - Filling up the DagBag from /home/airflow/.local/lib/python3.12/site-packages/airflow/example_dags/example_complex.py
[2024-08-06T07:47:56.380+0000] {processor.py:840} INFO - DAG(s) 'example_complex' retrieved from /home/airflow/.local/lib/python3.12/site-packages/airflow/example_dags/example_complex.py
[2024-08-06T07:47:56.872+0000] {logging_mixin.py:188} INFO - [2024-08-06T07:47:56.872+0000] {dag.py:3096} INFO - Sync 1 DAGs
[2024-08-06T07:47:56.913+0000] {logging_mixin.py:188} INFO - [2024-08-06T07:47:56.913+0000] {dag.py:3954} INFO - Setting next_dagrun for example_complex to None, run_after=None
[2024-08-06T07:47:56.992+0000] {processor.py:183} INFO - Processing /home/airflow/.local/lib/python3.12/site-packages/airflow/example_dags/example_complex.py took 0.671 seconds
[2024-08-06T07:48:27.715+0000] {processor.py:161} INFO - Started process (PID=94) to work on /home/airflow/.local/lib/python3.12/site-packages/airflow/example_dags/example_complex.py
[2024-08-06T07:48:27.715+0000] {processor.py:830} INFO - Processing file /home/airflow/.local/lib/python3.12/site-packages/airflow/example_dags/example_complex.py for tasks to queue
[2024-08-06T07:48:27.718+0000] {logging_mixin.py:188} INFO - [2024-08-06T07:48:27.718+0000] {dagbag.py:545} INFO - Filling up the DagBag from /home/airflow/.local/lib/python3.12/site-packages/airflow/example_dags/example_complex.py
[2024-08-06T07:48:27.733+0000] {processor.py:840} INFO - DAG(s) 'example_complex' retrieved from /home/airflow/.local/lib/python3.12/site-packages/airflow/example_dags/example_complex.py
[2024-08-06T07:48:27.779+0000] {logging_mixin.py:188} INFO - [2024-08-06T07:48:27.778+0000] {dag.py:3096} INFO - Sync 1 DAGs
[2024-08-06T07:48:27.794+0000] {logging_mixin.py:188} INFO - [2024-08-06T07:48:27.794+0000] {dag.py:3954} INFO - Setting next_dagrun for example_complex to None, run_after=None
[2024-08-06T07:48:27.821+0000] {processor.py:183} INFO - Processing /home/airflow/.local/lib/python3.12/site-packages/airflow/example_dags/example_complex.py took 0.113 seconds
[2024-08-06T07:48:57.958+0000] {processor.py:161} INFO - Started process (PID=152) to work on /home/airflow/.local/lib/python3.12/site-packages/airflow/example_dags/example_complex.py
[2024-08-06T07:48:57.959+0000] {processor.py:830} INFO - Processing file /home/airflow/.local/lib/python3.12/site-packages/airflow/example_dags/example_complex.py for tasks to queue
[2024-08-06T07:48:57.961+0000] {logging_mixin.py:188} INFO - [2024-08-06T07:48:57.960+0000] {dagbag.py:545} INFO - Filling up the DagBag from /home/airflow/.local/lib/python3.12/site-packages/airflow/example_dags/example_complex.py
[2024-08-06T07:48:57.975+0000] {processor.py:840} INFO - DAG(s) 'example_complex' retrieved from /home/airflow/.local/lib/python3.12/site-packages/airflow/example_dags/example_complex.py
[2024-08-06T07:48:58.017+0000] {logging_mixin.py:188} INFO - [2024-08-06T07:48:58.017+0000] {dag.py:3096} INFO - Sync 1 DAGs
[2024-08-06T07:48:58.032+0000] {logging_mixin.py:188} INFO - [2024-08-06T07:48:58.032+0000] {dag.py:3954} INFO - Setting next_dagrun for example_complex to None, run_after=None
[2024-08-06T07:48:58.060+0000] {processor.py:183} INFO - Processing /home/airflow/.local/lib/python3.12/site-packages/airflow/example_dags/example_complex.py took 0.109 seconds
[2024-08-06T07:49:28.809+0000] {processor.py:161} INFO - Started process (PID=211) to work on /home/airflow/.local/lib/python3.12/site-packages/airflow/example_dags/example_complex.py
[2024-08-06T07:49:28.812+0000] {processor.py:830} INFO - Processing file /home/airflow/.local/lib/python3.12/site-packages/airflow/example_dags/example_complex.py for tasks to queue
[2024-08-06T07:49:28.831+0000] {logging_mixin.py:188} INFO - [2024-08-06T07:49:28.818+0000] {dagbag.py:545} INFO - Filling up the DagBag from /home/airflow/.local/lib/python3.12/site-packages/airflow/example_dags/example_complex.py
[2024-08-06T07:49:28.894+0000] {processor.py:840} INFO - DAG(s) 'example_complex' retrieved from /home/airflow/.local/lib/python3.12/site-packages/airflow/example_dags/example_complex.py
[2024-08-06T07:49:29.011+0000] {logging_mixin.py:188} INFO - [2024-08-06T07:49:29.011+0000] {dag.py:3096} INFO - Sync 1 DAGs
[2024-08-06T07:49:29.026+0000] {logging_mixin.py:188} INFO - [2024-08-06T07:49:29.026+0000] {dag.py:3954} INFO - Setting next_dagrun for example_complex to None, run_after=None
[2024-08-06T07:49:29.048+0000] {processor.py:183} INFO - Processing /home/airflow/.local/lib/python3.12/site-packages/airflow/example_dags/example_complex.py took 0.294 seconds
[2024-08-06T07:49:59.453+0000] {processor.py:161} INFO - Started process (PID=270) to work on /home/airflow/.local/lib/python3.12/site-packages/airflow/example_dags/example_complex.py
[2024-08-06T07:49:59.454+0000] {processor.py:830} INFO - Processing file /home/airflow/.local/lib/python3.12/site-packages/airflow/example_dags/example_complex.py for tasks to queue
[2024-08-06T07:49:59.455+0000] {logging_mixin.py:188} INFO - [2024-08-06T07:49:59.455+0000] {dagbag.py:545} INFO - Filling up the DagBag from /home/airflow/.local/lib/python3.12/site-packages/airflow/example_dags/example_complex.py
[2024-08-06T07:49:59.490+0000] {processor.py:840} INFO - DAG(s) 'example_complex' retrieved from /home/airflow/.local/lib/python3.12/site-packages/airflow/example_dags/example_complex.py
[2024-08-06T07:49:59.603+0000] {logging_mixin.py:188} INFO - [2024-08-06T07:49:59.603+0000] {dag.py:3096} INFO - Sync 1 DAGs
[2024-08-06T07:49:59.633+0000] {logging_mixin.py:188} INFO - [2024-08-06T07:49:59.633+0000] {dag.py:3954} INFO - Setting next_dagrun for example_complex to None, run_after=None
[2024-08-06T07:49:59.679+0000] {processor.py:183} INFO - Processing /home/airflow/.local/lib/python3.12/site-packages/airflow/example_dags/example_complex.py took 0.241 seconds
[2024-08-06T07:50:30.649+0000] {processor.py:161} INFO - Started process (PID=328) to work on /home/airflow/.local/lib/python3.12/site-packages/airflow/example_dags/example_complex.py
[2024-08-06T07:50:30.650+0000] {processor.py:830} INFO - Processing file /home/airflow/.local/lib/python3.12/site-packages/airflow/example_dags/example_complex.py for tasks to queue
[2024-08-06T07:50:30.652+0000] {logging_mixin.py:188} INFO - [2024-08-06T07:50:30.651+0000] {dagbag.py:545} INFO - Filling up the DagBag from /home/airflow/.local/lib/python3.12/site-packages/airflow/example_dags/example_complex.py
[2024-08-06T07:50:30.667+0000] {processor.py:840} INFO - DAG(s) 'example_complex' retrieved from /home/airflow/.local/lib/python3.12/site-packages/airflow/example_dags/example_complex.py
[2024-08-06T07:50:30.716+0000] {logging_mixin.py:188} INFO - [2024-08-06T07:50:30.716+0000] {dag.py:3096} INFO - Sync 1 DAGs
[2024-08-06T07:50:30.733+0000] {logging_mixin.py:188} INFO - [2024-08-06T07:50:30.732+0000] {dag.py:3954} INFO - Setting next_dagrun for example_complex to None, run_after=None
[2024-08-06T07:50:30.757+0000] {processor.py:183} INFO - Processing /home/airflow/.local/lib/python3.12/site-packages/airflow/example_dags/example_complex.py took 0.115 seconds
[2024-08-06T07:51:01.010+0000] {processor.py:161} INFO - Started process (PID=386) to work on /home/airflow/.local/lib/python3.12/site-packages/airflow/example_dags/example_complex.py
[2024-08-06T07:51:01.011+0000] {processor.py:830} INFO - Processing file /home/airflow/.local/lib/python3.12/site-packages/airflow/example_dags/example_complex.py for tasks to queue
[2024-08-06T07:51:01.013+0000] {logging_mixin.py:188} INFO - [2024-08-06T07:51:01.012+0000] {dagbag.py:545} INFO - Filling up the DagBag from /home/airflow/.local/lib/python3.12/site-packages/airflow/example_dags/example_complex.py
[2024-08-06T07:51:01.027+0000] {processor.py:840} INFO - DAG(s) 'example_complex' retrieved from /home/airflow/.local/lib/python3.12/site-packages/airflow/example_dags/example_complex.py
[2024-08-06T07:51:01.070+0000] {logging_mixin.py:188} INFO - [2024-08-06T07:51:01.070+0000] {dag.py:3096} INFO - Sync 1 DAGs
[2024-08-06T07:51:01.084+0000] {logging_mixin.py:188} INFO - [2024-08-06T07:51:01.084+0000] {dag.py:3954} INFO - Setting next_dagrun for example_complex to None, run_after=None
[2024-08-06T07:51:01.107+0000] {processor.py:183} INFO - Processing /home/airflow/.local/lib/python3.12/site-packages/airflow/example_dags/example_complex.py took 0.103 seconds
[2024-08-06T07:51:31.185+0000] {processor.py:161} INFO - Started process (PID=443) to work on /home/airflow/.local/lib/python3.12/site-packages/airflow/example_dags/example_complex.py
[2024-08-06T07:51:31.186+0000] {processor.py:830} INFO - Processing file /home/airflow/.local/lib/python3.12/site-packages/airflow/example_dags/example_complex.py for tasks to queue
[2024-08-06T07:51:31.187+0000] {logging_mixin.py:188} INFO - [2024-08-06T07:51:31.187+0000] {dagbag.py:545} INFO - Filling up the DagBag from /home/airflow/.local/lib/python3.12/site-packages/airflow/example_dags/example_complex.py
[2024-08-06T07:51:31.202+0000] {processor.py:840} INFO - DAG(s) 'example_complex' retrieved from /home/airflow/.local/lib/python3.12/site-packages/airflow/example_dags/example_complex.py
[2024-08-06T07:51:31.247+0000] {logging_mixin.py:188} INFO - [2024-08-06T07:51:31.247+0000] {dag.py:3096} INFO - Sync 1 DAGs
[2024-08-06T07:51:31.266+0000] {logging_mixin.py:188} INFO - [2024-08-06T07:51:31.265+0000] {dag.py:3954} INFO - Setting next_dagrun for example_complex to None, run_after=None
[2024-08-06T07:51:31.288+0000] {processor.py:183} INFO - Processing /home/airflow/.local/lib/python3.12/site-packages/airflow/example_dags/example_complex.py took 0.110 seconds
[2024-08-06T07:52:01.759+0000] {processor.py:161} INFO - Started process (PID=501) to work on /home/airflow/.local/lib/python3.12/site-packages/airflow/example_dags/example_complex.py
[2024-08-06T07:52:01.760+0000] {processor.py:830} INFO - Processing file /home/airflow/.local/lib/python3.12/site-packages/airflow/example_dags/example_complex.py for tasks to queue
[2024-08-06T07:52:01.761+0000] {logging_mixin.py:188} INFO - [2024-08-06T07:52:01.761+0000] {dagbag.py:545} INFO - Filling up the DagBag from /home/airflow/.local/lib/python3.12/site-packages/airflow/example_dags/example_complex.py
[2024-08-06T07:52:01.776+0000] {processor.py:840} INFO - DAG(s) 'example_complex' retrieved from /home/airflow/.local/lib/python3.12/site-packages/airflow/example_dags/example_complex.py
[2024-08-06T07:52:01.818+0000] {logging_mixin.py:188} INFO - [2024-08-06T07:52:01.818+0000] {dag.py:3096} INFO - Sync 1 DAGs
[2024-08-06T07:52:01.833+0000] {logging_mixin.py:188} INFO - [2024-08-06T07:52:01.833+0000] {dag.py:3954} INFO - Setting next_dagrun for example_complex to None, run_after=None
[2024-08-06T07:52:01.855+0000] {processor.py:183} INFO - Processing /home/airflow/.local/lib/python3.12/site-packages/airflow/example_dags/example_complex.py took 0.103 seconds
[2024-08-06T07:52:31.976+0000] {processor.py:161} INFO - Started process (PID=559) to work on /home/airflow/.local/lib/python3.12/site-packages/airflow/example_dags/example_complex.py
[2024-08-06T07:52:31.977+0000] {processor.py:830} INFO - Processing file /home/airflow/.local/lib/python3.12/site-packages/airflow/example_dags/example_complex.py for tasks to queue
[2024-08-06T07:52:31.978+0000] {logging_mixin.py:188} INFO - [2024-08-06T07:52:31.978+0000] {dagbag.py:545} INFO - Filling up the DagBag from /home/airflow/.local/lib/python3.12/site-packages/airflow/example_dags/example_complex.py
[2024-08-06T07:52:31.993+0000] {processor.py:840} INFO - DAG(s) 'example_complex' retrieved from /home/airflow/.local/lib/python3.12/site-packages/airflow/example_dags/example_complex.py
[2024-08-06T07:52:32.038+0000] {logging_mixin.py:188} INFO - [2024-08-06T07:52:32.038+0000] {dag.py:3096} INFO - Sync 1 DAGs
[2024-08-06T07:52:32.054+0000] {logging_mixin.py:188} INFO - [2024-08-06T07:52:32.054+0000] {dag.py:3954} INFO - Setting next_dagrun for example_complex to None, run_after=None
[2024-08-06T07:52:32.080+0000] {processor.py:183} INFO - Processing /home/airflow/.local/lib/python3.12/site-packages/airflow/example_dags/example_complex.py took 0.111 seconds
[2024-08-06T07:53:02.487+0000] {processor.py:161} INFO - Started process (PID=622) to work on /home/airflow/.local/lib/python3.12/site-packages/airflow/example_dags/example_complex.py
[2024-08-06T07:53:02.488+0000] {processor.py:830} INFO - Processing file /home/airflow/.local/lib/python3.12/site-packages/airflow/example_dags/example_complex.py for tasks to queue
[2024-08-06T07:53:02.489+0000] {logging_mixin.py:188} INFO - [2024-08-06T07:53:02.489+0000] {dagbag.py:545} INFO - Filling up the DagBag from /home/airflow/.local/lib/python3.12/site-packages/airflow/example_dags/example_complex.py
[2024-08-06T07:53:02.504+0000] {processor.py:840} INFO - DAG(s) 'example_complex' retrieved from /home/airflow/.local/lib/python3.12/site-packages/airflow/example_dags/example_complex.py
[2024-08-06T07:53:02.548+0000] {logging_mixin.py:188} INFO - [2024-08-06T07:53:02.548+0000] {dag.py:3096} INFO - Sync 1 DAGs
[2024-08-06T07:53:02.564+0000] {logging_mixin.py:188} INFO - [2024-08-06T07:53:02.563+0000] {dag.py:3954} INFO - Setting next_dagrun for example_complex to None, run_after=None
[2024-08-06T07:53:02.585+0000] {processor.py:183} INFO - Processing /home/airflow/.local/lib/python3.12/site-packages/airflow/example_dags/example_complex.py took 0.120 seconds
[2024-08-06T07:53:33.201+0000] {processor.py:161} INFO - Started process (PID=679) to work on /home/airflow/.local/lib/python3.12/site-packages/airflow/example_dags/example_complex.py
[2024-08-06T07:53:33.201+0000] {processor.py:830} INFO - Processing file /home/airflow/.local/lib/python3.12/site-packages/airflow/example_dags/example_complex.py for tasks to queue
[2024-08-06T07:53:33.211+0000] {logging_mixin.py:188} INFO - [2024-08-06T07:53:33.211+0000] {dagbag.py:545} INFO - Filling up the DagBag from /home/airflow/.local/lib/python3.12/site-packages/airflow/example_dags/example_complex.py
[2024-08-06T07:53:33.248+0000] {processor.py:840} INFO - DAG(s) 'example_complex' retrieved from /home/airflow/.local/lib/python3.12/site-packages/airflow/example_dags/example_complex.py
[2024-08-06T07:53:33.355+0000] {logging_mixin.py:188} INFO - [2024-08-06T07:53:33.355+0000] {dag.py:3096} INFO - Sync 1 DAGs
[2024-08-06T07:53:33.387+0000] {logging_mixin.py:188} INFO - [2024-08-06T07:53:33.387+0000] {dag.py:3954} INFO - Setting next_dagrun for example_complex to None, run_after=None
[2024-08-06T07:53:33.443+0000] {processor.py:183} INFO - Processing /home/airflow/.local/lib/python3.12/site-packages/airflow/example_dags/example_complex.py took 0.265 seconds
[2024-08-06T07:54:03.621+0000] {processor.py:161} INFO - Started process (PID=737) to work on /home/airflow/.local/lib/python3.12/site-packages/airflow/example_dags/example_complex.py
[2024-08-06T07:54:03.627+0000] {processor.py:830} INFO - Processing file /home/airflow/.local/lib/python3.12/site-packages/airflow/example_dags/example_complex.py for tasks to queue
[2024-08-06T07:54:03.636+0000] {logging_mixin.py:188} INFO - [2024-08-06T07:54:03.635+0000] {dagbag.py:545} INFO - Filling up the DagBag from /home/airflow/.local/lib/python3.12/site-packages/airflow/example_dags/example_complex.py
[2024-08-06T07:54:03.669+0000] {processor.py:840} INFO - DAG(s) 'example_complex' retrieved from /home/airflow/.local/lib/python3.12/site-packages/airflow/example_dags/example_complex.py
[2024-08-06T07:54:03.792+0000] {logging_mixin.py:188} INFO - [2024-08-06T07:54:03.792+0000] {dag.py:3096} INFO - Sync 1 DAGs
[2024-08-06T07:54:03.809+0000] {logging_mixin.py:188} INFO - [2024-08-06T07:54:03.809+0000] {dag.py:3954} INFO - Setting next_dagrun for example_complex to None, run_after=None
[2024-08-06T07:54:03.847+0000] {processor.py:183} INFO - Processing /home/airflow/.local/lib/python3.12/site-packages/airflow/example_dags/example_complex.py took 0.253 seconds
