[2024-08-06T07:48:13.408+0000] {processor.py:161} INFO - Started process (PID=79) to work on /home/airflow/.local/lib/python3.12/site-packages/airflow/example_dags/example_task_group_decorator.py
[2024-08-06T07:48:13.409+0000] {processor.py:830} INFO - Processing file /home/airflow/.local/lib/python3.12/site-packages/airflow/example_dags/example_task_group_decorator.py for tasks to queue
[2024-08-06T07:48:13.411+0000] {logging_mixin.py:188} INFO - [2024-08-06T07:48:13.410+0000] {dagbag.py:545} INFO - Filling up the DagBag from /home/airflow/.local/lib/python3.12/site-packages/airflow/example_dags/example_task_group_decorator.py
[2024-08-06T07:48:13.499+0000] {processor.py:840} INFO - DAG(s) 'example_task_group_decorator' retrieved from /home/airflow/.local/lib/python3.12/site-packages/airflow/example_dags/example_task_group_decorator.py
[2024-08-06T07:48:14.421+0000] {logging_mixin.py:188} INFO - [2024-08-06T07:48:14.420+0000] {dag.py:3096} INFO - Sync 1 DAGs
[2024-08-06T07:48:14.532+0000] {logging_mixin.py:188} INFO - [2024-08-06T07:48:14.532+0000] {dag.py:3954} INFO - Setting next_dagrun for example_task_group_decorator to 2024-08-05 00:00:00+00:00, run_after=2024-08-06 00:00:00+00:00
[2024-08-06T07:48:14.654+0000] {processor.py:183} INFO - Processing /home/airflow/.local/lib/python3.12/site-packages/airflow/example_dags/example_task_group_decorator.py took 1.296 seconds
[2024-08-06T07:48:45.228+0000] {processor.py:161} INFO - Started process (PID=137) to work on /home/airflow/.local/lib/python3.12/site-packages/airflow/example_dags/example_task_group_decorator.py
[2024-08-06T07:48:45.229+0000] {processor.py:830} INFO - Processing file /home/airflow/.local/lib/python3.12/site-packages/airflow/example_dags/example_task_group_decorator.py for tasks to queue
[2024-08-06T07:48:45.231+0000] {logging_mixin.py:188} INFO - [2024-08-06T07:48:45.230+0000] {dagbag.py:545} INFO - Filling up the DagBag from /home/airflow/.local/lib/python3.12/site-packages/airflow/example_dags/example_task_group_decorator.py
[2024-08-06T07:48:45.250+0000] {processor.py:840} INFO - DAG(s) 'example_task_group_decorator' retrieved from /home/airflow/.local/lib/python3.12/site-packages/airflow/example_dags/example_task_group_decorator.py
[2024-08-06T07:48:45.282+0000] {logging_mixin.py:188} INFO - [2024-08-06T07:48:45.282+0000] {dag.py:3096} INFO - Sync 1 DAGs
[2024-08-06T07:48:45.307+0000] {logging_mixin.py:188} INFO - [2024-08-06T07:48:45.307+0000] {dag.py:3954} INFO - Setting next_dagrun for example_task_group_decorator to 2024-08-05 00:00:00+00:00, run_after=2024-08-06 00:00:00+00:00
[2024-08-06T07:48:45.335+0000] {processor.py:183} INFO - Processing /home/airflow/.local/lib/python3.12/site-packages/airflow/example_dags/example_task_group_decorator.py took 0.113 seconds
[2024-08-06T07:49:15.432+0000] {processor.py:161} INFO - Started process (PID=196) to work on /home/airflow/.local/lib/python3.12/site-packages/airflow/example_dags/example_task_group_decorator.py
[2024-08-06T07:49:15.433+0000] {processor.py:830} INFO - Processing file /home/airflow/.local/lib/python3.12/site-packages/airflow/example_dags/example_task_group_decorator.py for tasks to queue
[2024-08-06T07:49:15.435+0000] {logging_mixin.py:188} INFO - [2024-08-06T07:49:15.434+0000] {dagbag.py:545} INFO - Filling up the DagBag from /home/airflow/.local/lib/python3.12/site-packages/airflow/example_dags/example_task_group_decorator.py
[2024-08-06T07:49:15.454+0000] {processor.py:840} INFO - DAG(s) 'example_task_group_decorator' retrieved from /home/airflow/.local/lib/python3.12/site-packages/airflow/example_dags/example_task_group_decorator.py
[2024-08-06T07:49:15.506+0000] {logging_mixin.py:188} INFO - [2024-08-06T07:49:15.506+0000] {dag.py:3096} INFO - Sync 1 DAGs
[2024-08-06T07:49:15.534+0000] {logging_mixin.py:188} INFO - [2024-08-06T07:49:15.534+0000] {dag.py:3954} INFO - Setting next_dagrun for example_task_group_decorator to 2024-08-05 00:00:00+00:00, run_after=2024-08-06 00:00:00+00:00
[2024-08-06T07:49:15.560+0000] {processor.py:183} INFO - Processing /home/airflow/.local/lib/python3.12/site-packages/airflow/example_dags/example_task_group_decorator.py took 0.134 seconds
[2024-08-06T07:49:46.225+0000] {processor.py:161} INFO - Started process (PID=255) to work on /home/airflow/.local/lib/python3.12/site-packages/airflow/example_dags/example_task_group_decorator.py
[2024-08-06T07:49:46.226+0000] {processor.py:830} INFO - Processing file /home/airflow/.local/lib/python3.12/site-packages/airflow/example_dags/example_task_group_decorator.py for tasks to queue
[2024-08-06T07:49:46.228+0000] {logging_mixin.py:188} INFO - [2024-08-06T07:49:46.227+0000] {dagbag.py:545} INFO - Filling up the DagBag from /home/airflow/.local/lib/python3.12/site-packages/airflow/example_dags/example_task_group_decorator.py
[2024-08-06T07:49:46.248+0000] {processor.py:840} INFO - DAG(s) 'example_task_group_decorator' retrieved from /home/airflow/.local/lib/python3.12/site-packages/airflow/example_dags/example_task_group_decorator.py
[2024-08-06T07:49:46.284+0000] {logging_mixin.py:188} INFO - [2024-08-06T07:49:46.284+0000] {dag.py:3096} INFO - Sync 1 DAGs
[2024-08-06T07:49:46.314+0000] {logging_mixin.py:188} INFO - [2024-08-06T07:49:46.313+0000] {dag.py:3954} INFO - Setting next_dagrun for example_task_group_decorator to 2024-08-05 00:00:00+00:00, run_after=2024-08-06 00:00:00+00:00
[2024-08-06T07:49:46.341+0000] {processor.py:183} INFO - Processing /home/airflow/.local/lib/python3.12/site-packages/airflow/example_dags/example_task_group_decorator.py took 0.122 seconds
[2024-08-06T07:50:16.901+0000] {processor.py:161} INFO - Started process (PID=313) to work on /home/airflow/.local/lib/python3.12/site-packages/airflow/example_dags/example_task_group_decorator.py
[2024-08-06T07:50:16.902+0000] {processor.py:830} INFO - Processing file /home/airflow/.local/lib/python3.12/site-packages/airflow/example_dags/example_task_group_decorator.py for tasks to queue
[2024-08-06T07:50:16.903+0000] {logging_mixin.py:188} INFO - [2024-08-06T07:50:16.903+0000] {dagbag.py:545} INFO - Filling up the DagBag from /home/airflow/.local/lib/python3.12/site-packages/airflow/example_dags/example_task_group_decorator.py
[2024-08-06T07:50:16.922+0000] {processor.py:840} INFO - DAG(s) 'example_task_group_decorator' retrieved from /home/airflow/.local/lib/python3.12/site-packages/airflow/example_dags/example_task_group_decorator.py
[2024-08-06T07:50:16.956+0000] {logging_mixin.py:188} INFO - [2024-08-06T07:50:16.955+0000] {dag.py:3096} INFO - Sync 1 DAGs
[2024-08-06T07:50:16.980+0000] {logging_mixin.py:188} INFO - [2024-08-06T07:50:16.980+0000] {dag.py:3954} INFO - Setting next_dagrun for example_task_group_decorator to 2024-08-05 00:00:00+00:00, run_after=2024-08-06 00:00:00+00:00
[2024-08-06T07:50:17.003+0000] {processor.py:183} INFO - Processing /home/airflow/.local/lib/python3.12/site-packages/airflow/example_dags/example_task_group_decorator.py took 0.108 seconds
[2024-08-06T07:50:47.643+0000] {processor.py:161} INFO - Started process (PID=371) to work on /home/airflow/.local/lib/python3.12/site-packages/airflow/example_dags/example_task_group_decorator.py
[2024-08-06T07:50:47.648+0000] {processor.py:830} INFO - Processing file /home/airflow/.local/lib/python3.12/site-packages/airflow/example_dags/example_task_group_decorator.py for tasks to queue
[2024-08-06T07:50:47.650+0000] {logging_mixin.py:188} INFO - [2024-08-06T07:50:47.649+0000] {dagbag.py:545} INFO - Filling up the DagBag from /home/airflow/.local/lib/python3.12/site-packages/airflow/example_dags/example_task_group_decorator.py
[2024-08-06T07:50:47.683+0000] {processor.py:840} INFO - DAG(s) 'example_task_group_decorator' retrieved from /home/airflow/.local/lib/python3.12/site-packages/airflow/example_dags/example_task_group_decorator.py
[2024-08-06T07:50:47.751+0000] {logging_mixin.py:188} INFO - [2024-08-06T07:50:47.751+0000] {dag.py:3096} INFO - Sync 1 DAGs
[2024-08-06T07:50:47.818+0000] {logging_mixin.py:188} INFO - [2024-08-06T07:50:47.818+0000] {dag.py:3954} INFO - Setting next_dagrun for example_task_group_decorator to 2024-08-05 00:00:00+00:00, run_after=2024-08-06 00:00:00+00:00
[2024-08-06T07:50:47.844+0000] {processor.py:183} INFO - Processing /home/airflow/.local/lib/python3.12/site-packages/airflow/example_dags/example_task_group_decorator.py took 0.218 seconds
[2024-08-06T07:51:18.456+0000] {processor.py:161} INFO - Started process (PID=428) to work on /home/airflow/.local/lib/python3.12/site-packages/airflow/example_dags/example_task_group_decorator.py
[2024-08-06T07:51:18.457+0000] {processor.py:830} INFO - Processing file /home/airflow/.local/lib/python3.12/site-packages/airflow/example_dags/example_task_group_decorator.py for tasks to queue
[2024-08-06T07:51:18.459+0000] {logging_mixin.py:188} INFO - [2024-08-06T07:51:18.458+0000] {dagbag.py:545} INFO - Filling up the DagBag from /home/airflow/.local/lib/python3.12/site-packages/airflow/example_dags/example_task_group_decorator.py
[2024-08-06T07:51:18.478+0000] {processor.py:840} INFO - DAG(s) 'example_task_group_decorator' retrieved from /home/airflow/.local/lib/python3.12/site-packages/airflow/example_dags/example_task_group_decorator.py
[2024-08-06T07:51:18.510+0000] {logging_mixin.py:188} INFO - [2024-08-06T07:51:18.510+0000] {dag.py:3096} INFO - Sync 1 DAGs
[2024-08-06T07:51:18.536+0000] {logging_mixin.py:188} INFO - [2024-08-06T07:51:18.536+0000] {dag.py:3954} INFO - Setting next_dagrun for example_task_group_decorator to 2024-08-05 00:00:00+00:00, run_after=2024-08-06 00:00:00+00:00
[2024-08-06T07:51:18.569+0000] {processor.py:183} INFO - Processing /home/airflow/.local/lib/python3.12/site-packages/airflow/example_dags/example_task_group_decorator.py took 0.119 seconds
[2024-08-06T07:51:49.353+0000] {processor.py:161} INFO - Started process (PID=486) to work on /home/airflow/.local/lib/python3.12/site-packages/airflow/example_dags/example_task_group_decorator.py
[2024-08-06T07:51:49.363+0000] {processor.py:830} INFO - Processing file /home/airflow/.local/lib/python3.12/site-packages/airflow/example_dags/example_task_group_decorator.py for tasks to queue
[2024-08-06T07:51:49.365+0000] {logging_mixin.py:188} INFO - [2024-08-06T07:51:49.364+0000] {dagbag.py:545} INFO - Filling up the DagBag from /home/airflow/.local/lib/python3.12/site-packages/airflow/example_dags/example_task_group_decorator.py
[2024-08-06T07:51:49.446+0000] {processor.py:840} INFO - DAG(s) 'example_task_group_decorator' retrieved from /home/airflow/.local/lib/python3.12/site-packages/airflow/example_dags/example_task_group_decorator.py
[2024-08-06T07:51:49.541+0000] {logging_mixin.py:188} INFO - [2024-08-06T07:51:49.541+0000] {dag.py:3096} INFO - Sync 1 DAGs
[2024-08-06T07:51:49.621+0000] {logging_mixin.py:188} INFO - [2024-08-06T07:51:49.621+0000] {dag.py:3954} INFO - Setting next_dagrun for example_task_group_decorator to 2024-08-05 00:00:00+00:00, run_after=2024-08-06 00:00:00+00:00
[2024-08-06T07:51:49.699+0000] {processor.py:183} INFO - Processing /home/airflow/.local/lib/python3.12/site-packages/airflow/example_dags/example_task_group_decorator.py took 0.362 seconds
[2024-08-06T07:52:20.078+0000] {processor.py:161} INFO - Started process (PID=544) to work on /home/airflow/.local/lib/python3.12/site-packages/airflow/example_dags/example_task_group_decorator.py
[2024-08-06T07:52:20.079+0000] {processor.py:830} INFO - Processing file /home/airflow/.local/lib/python3.12/site-packages/airflow/example_dags/example_task_group_decorator.py for tasks to queue
[2024-08-06T07:52:20.081+0000] {logging_mixin.py:188} INFO - [2024-08-06T07:52:20.080+0000] {dagbag.py:545} INFO - Filling up the DagBag from /home/airflow/.local/lib/python3.12/site-packages/airflow/example_dags/example_task_group_decorator.py
[2024-08-06T07:52:20.099+0000] {processor.py:840} INFO - DAG(s) 'example_task_group_decorator' retrieved from /home/airflow/.local/lib/python3.12/site-packages/airflow/example_dags/example_task_group_decorator.py
[2024-08-06T07:52:20.133+0000] {logging_mixin.py:188} INFO - [2024-08-06T07:52:20.133+0000] {dag.py:3096} INFO - Sync 1 DAGs
[2024-08-06T07:52:20.159+0000] {logging_mixin.py:188} INFO - [2024-08-06T07:52:20.159+0000] {dag.py:3954} INFO - Setting next_dagrun for example_task_group_decorator to 2024-08-05 00:00:00+00:00, run_after=2024-08-06 00:00:00+00:00
[2024-08-06T07:52:20.184+0000] {processor.py:183} INFO - Processing /home/airflow/.local/lib/python3.12/site-packages/airflow/example_dags/example_task_group_decorator.py took 0.111 seconds
[2024-08-06T07:52:50.658+0000] {processor.py:161} INFO - Started process (PID=601) to work on /home/airflow/.local/lib/python3.12/site-packages/airflow/example_dags/example_task_group_decorator.py
[2024-08-06T07:52:50.659+0000] {processor.py:830} INFO - Processing file /home/airflow/.local/lib/python3.12/site-packages/airflow/example_dags/example_task_group_decorator.py for tasks to queue
[2024-08-06T07:52:50.661+0000] {logging_mixin.py:188} INFO - [2024-08-06T07:52:50.660+0000] {dagbag.py:545} INFO - Filling up the DagBag from /home/airflow/.local/lib/python3.12/site-packages/airflow/example_dags/example_task_group_decorator.py
[2024-08-06T07:52:50.679+0000] {processor.py:840} INFO - DAG(s) 'example_task_group_decorator' retrieved from /home/airflow/.local/lib/python3.12/site-packages/airflow/example_dags/example_task_group_decorator.py
[2024-08-06T07:52:50.711+0000] {logging_mixin.py:188} INFO - [2024-08-06T07:52:50.710+0000] {dag.py:3096} INFO - Sync 1 DAGs
[2024-08-06T07:52:50.737+0000] {logging_mixin.py:188} INFO - [2024-08-06T07:52:50.737+0000] {dag.py:3954} INFO - Setting next_dagrun for example_task_group_decorator to 2024-08-05 00:00:00+00:00, run_after=2024-08-06 00:00:00+00:00
[2024-08-06T07:52:50.761+0000] {processor.py:183} INFO - Processing /home/airflow/.local/lib/python3.12/site-packages/airflow/example_dags/example_task_group_decorator.py took 0.109 seconds
[2024-08-06T07:53:20.826+0000] {processor.py:161} INFO - Started process (PID=659) to work on /home/airflow/.local/lib/python3.12/site-packages/airflow/example_dags/example_task_group_decorator.py
[2024-08-06T07:53:20.827+0000] {processor.py:830} INFO - Processing file /home/airflow/.local/lib/python3.12/site-packages/airflow/example_dags/example_task_group_decorator.py for tasks to queue
[2024-08-06T07:53:20.829+0000] {logging_mixin.py:188} INFO - [2024-08-06T07:53:20.828+0000] {dagbag.py:545} INFO - Filling up the DagBag from /home/airflow/.local/lib/python3.12/site-packages/airflow/example_dags/example_task_group_decorator.py
[2024-08-06T07:53:20.847+0000] {processor.py:840} INFO - DAG(s) 'example_task_group_decorator' retrieved from /home/airflow/.local/lib/python3.12/site-packages/airflow/example_dags/example_task_group_decorator.py
[2024-08-06T07:53:20.881+0000] {logging_mixin.py:188} INFO - [2024-08-06T07:53:20.881+0000] {dag.py:3096} INFO - Sync 1 DAGs
[2024-08-06T07:53:20.906+0000] {logging_mixin.py:188} INFO - [2024-08-06T07:53:20.905+0000] {dag.py:3954} INFO - Setting next_dagrun for example_task_group_decorator to 2024-08-05 00:00:00+00:00, run_after=2024-08-06 00:00:00+00:00
[2024-08-06T07:53:20.933+0000] {processor.py:183} INFO - Processing /home/airflow/.local/lib/python3.12/site-packages/airflow/example_dags/example_task_group_decorator.py took 0.113 seconds
[2024-08-06T07:53:51.491+0000] {processor.py:161} INFO - Started process (PID=716) to work on /home/airflow/.local/lib/python3.12/site-packages/airflow/example_dags/example_task_group_decorator.py
[2024-08-06T07:53:51.493+0000] {processor.py:830} INFO - Processing file /home/airflow/.local/lib/python3.12/site-packages/airflow/example_dags/example_task_group_decorator.py for tasks to queue
[2024-08-06T07:53:51.494+0000] {logging_mixin.py:188} INFO - [2024-08-06T07:53:51.494+0000] {dagbag.py:545} INFO - Filling up the DagBag from /home/airflow/.local/lib/python3.12/site-packages/airflow/example_dags/example_task_group_decorator.py
[2024-08-06T07:53:51.513+0000] {processor.py:840} INFO - DAG(s) 'example_task_group_decorator' retrieved from /home/airflow/.local/lib/python3.12/site-packages/airflow/example_dags/example_task_group_decorator.py
[2024-08-06T07:53:51.546+0000] {logging_mixin.py:188} INFO - [2024-08-06T07:53:51.546+0000] {dag.py:3096} INFO - Sync 1 DAGs
[2024-08-06T07:53:51.571+0000] {logging_mixin.py:188} INFO - [2024-08-06T07:53:51.571+0000] {dag.py:3954} INFO - Setting next_dagrun for example_task_group_decorator to 2024-08-05 00:00:00+00:00, run_after=2024-08-06 00:00:00+00:00
[2024-08-06T07:53:51.596+0000] {processor.py:183} INFO - Processing /home/airflow/.local/lib/python3.12/site-packages/airflow/example_dags/example_task_group_decorator.py took 0.110 seconds
[2024-08-06T07:54:22.063+0000] {processor.py:161} INFO - Started process (PID=774) to work on /home/airflow/.local/lib/python3.12/site-packages/airflow/example_dags/example_task_group_decorator.py
[2024-08-06T07:54:22.064+0000] {processor.py:830} INFO - Processing file /home/airflow/.local/lib/python3.12/site-packages/airflow/example_dags/example_task_group_decorator.py for tasks to queue
[2024-08-06T07:54:22.066+0000] {logging_mixin.py:188} INFO - [2024-08-06T07:54:22.065+0000] {dagbag.py:545} INFO - Filling up the DagBag from /home/airflow/.local/lib/python3.12/site-packages/airflow/example_dags/example_task_group_decorator.py
[2024-08-06T07:54:22.085+0000] {processor.py:840} INFO - DAG(s) 'example_task_group_decorator' retrieved from /home/airflow/.local/lib/python3.12/site-packages/airflow/example_dags/example_task_group_decorator.py
[2024-08-06T07:54:22.118+0000] {logging_mixin.py:188} INFO - [2024-08-06T07:54:22.117+0000] {dag.py:3096} INFO - Sync 1 DAGs
[2024-08-06T07:54:22.144+0000] {logging_mixin.py:188} INFO - [2024-08-06T07:54:22.144+0000] {dag.py:3954} INFO - Setting next_dagrun for example_task_group_decorator to 2024-08-05 00:00:00+00:00, run_after=2024-08-06 00:00:00+00:00
[2024-08-06T07:54:22.167+0000] {processor.py:183} INFO - Processing /home/airflow/.local/lib/python3.12/site-packages/airflow/example_dags/example_task_group_decorator.py took 0.110 seconds
