[2024-08-06T07:48:01.398+0000] {processor.py:161} INFO - Started process (PID=52) to work on /home/airflow/.local/lib/python3.12/site-packages/airflow/example_dags/example_short_circuit_decorator.py
[2024-08-06T07:48:01.404+0000] {processor.py:830} INFO - Processing file /home/airflow/.local/lib/python3.12/site-packages/airflow/example_dags/example_short_circuit_decorator.py for tasks to queue
[2024-08-06T07:48:01.416+0000] {logging_mixin.py:188} INFO - [2024-08-06T07:48:01.415+0000] {dagbag.py:545} INFO - Filling up the DagBag from /home/airflow/.local/lib/python3.12/site-packages/airflow/example_dags/example_short_circuit_decorator.py
[2024-08-06T07:48:01.469+0000] {processor.py:840} INFO - DAG(s) 'example_short_circuit_decorator' retrieved from /home/airflow/.local/lib/python3.12/site-packages/airflow/example_dags/example_short_circuit_decorator.py
[2024-08-06T07:48:02.187+0000] {logging_mixin.py:188} INFO - [2024-08-06T07:48:02.186+0000] {dag.py:3096} INFO - Sync 1 DAGs
[2024-08-06T07:48:02.227+0000] {logging_mixin.py:188} INFO - [2024-08-06T07:48:02.227+0000] {dag.py:3954} INFO - Setting next_dagrun for example_short_circuit_decorator to 2024-08-05 00:00:00+00:00, run_after=2024-08-06 00:00:00+00:00
[2024-08-06T07:48:02.312+0000] {processor.py:183} INFO - Processing /home/airflow/.local/lib/python3.12/site-packages/airflow/example_dags/example_short_circuit_decorator.py took 0.975 seconds
[2024-08-06T07:48:32.433+0000] {processor.py:161} INFO - Started process (PID=110) to work on /home/airflow/.local/lib/python3.12/site-packages/airflow/example_dags/example_short_circuit_decorator.py
[2024-08-06T07:48:32.438+0000] {processor.py:830} INFO - Processing file /home/airflow/.local/lib/python3.12/site-packages/airflow/example_dags/example_short_circuit_decorator.py for tasks to queue
[2024-08-06T07:48:32.440+0000] {logging_mixin.py:188} INFO - [2024-08-06T07:48:32.440+0000] {dagbag.py:545} INFO - Filling up the DagBag from /home/airflow/.local/lib/python3.12/site-packages/airflow/example_dags/example_short_circuit_decorator.py
[2024-08-06T07:48:32.456+0000] {processor.py:840} INFO - DAG(s) 'example_short_circuit_decorator' retrieved from /home/airflow/.local/lib/python3.12/site-packages/airflow/example_dags/example_short_circuit_decorator.py
[2024-08-06T07:48:32.499+0000] {logging_mixin.py:188} INFO - [2024-08-06T07:48:32.499+0000] {dag.py:3096} INFO - Sync 1 DAGs
[2024-08-06T07:48:32.537+0000] {logging_mixin.py:188} INFO - [2024-08-06T07:48:32.537+0000] {dag.py:3954} INFO - Setting next_dagrun for example_short_circuit_decorator to 2024-08-05 00:00:00+00:00, run_after=2024-08-06 00:00:00+00:00
[2024-08-06T07:48:32.568+0000] {processor.py:183} INFO - Processing /home/airflow/.local/lib/python3.12/site-packages/airflow/example_dags/example_short_circuit_decorator.py took 0.155 seconds
[2024-08-06T07:49:02.721+0000] {processor.py:161} INFO - Started process (PID=169) to work on /home/airflow/.local/lib/python3.12/site-packages/airflow/example_dags/example_short_circuit_decorator.py
[2024-08-06T07:49:02.722+0000] {processor.py:830} INFO - Processing file /home/airflow/.local/lib/python3.12/site-packages/airflow/example_dags/example_short_circuit_decorator.py for tasks to queue
[2024-08-06T07:49:02.724+0000] {logging_mixin.py:188} INFO - [2024-08-06T07:49:02.724+0000] {dagbag.py:545} INFO - Filling up the DagBag from /home/airflow/.local/lib/python3.12/site-packages/airflow/example_dags/example_short_circuit_decorator.py
[2024-08-06T07:49:02.735+0000] {processor.py:840} INFO - DAG(s) 'example_short_circuit_decorator' retrieved from /home/airflow/.local/lib/python3.12/site-packages/airflow/example_dags/example_short_circuit_decorator.py
[2024-08-06T07:49:02.772+0000] {logging_mixin.py:188} INFO - [2024-08-06T07:49:02.772+0000] {dag.py:3096} INFO - Sync 1 DAGs
[2024-08-06T07:49:02.795+0000] {logging_mixin.py:188} INFO - [2024-08-06T07:49:02.795+0000] {dag.py:3954} INFO - Setting next_dagrun for example_short_circuit_decorator to 2024-08-05 00:00:00+00:00, run_after=2024-08-06 00:00:00+00:00
[2024-08-06T07:49:02.818+0000] {processor.py:183} INFO - Processing /home/airflow/.local/lib/python3.12/site-packages/airflow/example_dags/example_short_circuit_decorator.py took 0.103 seconds
[2024-08-06T07:49:33.501+0000] {processor.py:161} INFO - Started process (PID=228) to work on /home/airflow/.local/lib/python3.12/site-packages/airflow/example_dags/example_short_circuit_decorator.py
[2024-08-06T07:49:33.501+0000] {processor.py:830} INFO - Processing file /home/airflow/.local/lib/python3.12/site-packages/airflow/example_dags/example_short_circuit_decorator.py for tasks to queue
[2024-08-06T07:49:33.503+0000] {logging_mixin.py:188} INFO - [2024-08-06T07:49:33.503+0000] {dagbag.py:545} INFO - Filling up the DagBag from /home/airflow/.local/lib/python3.12/site-packages/airflow/example_dags/example_short_circuit_decorator.py
[2024-08-06T07:49:33.514+0000] {processor.py:840} INFO - DAG(s) 'example_short_circuit_decorator' retrieved from /home/airflow/.local/lib/python3.12/site-packages/airflow/example_dags/example_short_circuit_decorator.py
[2024-08-06T07:49:33.542+0000] {logging_mixin.py:188} INFO - [2024-08-06T07:49:33.542+0000] {dag.py:3096} INFO - Sync 1 DAGs
[2024-08-06T07:49:33.581+0000] {logging_mixin.py:188} INFO - [2024-08-06T07:49:33.581+0000] {dag.py:3954} INFO - Setting next_dagrun for example_short_circuit_decorator to 2024-08-05 00:00:00+00:00, run_after=2024-08-06 00:00:00+00:00
[2024-08-06T07:49:33.608+0000] {processor.py:183} INFO - Processing /home/airflow/.local/lib/python3.12/site-packages/airflow/example_dags/example_short_circuit_decorator.py took 0.114 seconds
[2024-08-06T07:50:04.085+0000] {processor.py:161} INFO - Started process (PID=286) to work on /home/airflow/.local/lib/python3.12/site-packages/airflow/example_dags/example_short_circuit_decorator.py
[2024-08-06T07:50:04.090+0000] {processor.py:830} INFO - Processing file /home/airflow/.local/lib/python3.12/site-packages/airflow/example_dags/example_short_circuit_decorator.py for tasks to queue
[2024-08-06T07:50:04.095+0000] {logging_mixin.py:188} INFO - [2024-08-06T07:50:04.095+0000] {dagbag.py:545} INFO - Filling up the DagBag from /home/airflow/.local/lib/python3.12/site-packages/airflow/example_dags/example_short_circuit_decorator.py
[2024-08-06T07:50:04.117+0000] {processor.py:840} INFO - DAG(s) 'example_short_circuit_decorator' retrieved from /home/airflow/.local/lib/python3.12/site-packages/airflow/example_dags/example_short_circuit_decorator.py
[2024-08-06T07:50:04.243+0000] {logging_mixin.py:188} INFO - [2024-08-06T07:50:04.243+0000] {dag.py:3096} INFO - Sync 1 DAGs
[2024-08-06T07:50:04.320+0000] {logging_mixin.py:188} INFO - [2024-08-06T07:50:04.320+0000] {dag.py:3954} INFO - Setting next_dagrun for example_short_circuit_decorator to 2024-08-05 00:00:00+00:00, run_after=2024-08-06 00:00:00+00:00
[2024-08-06T07:50:04.358+0000] {processor.py:183} INFO - Processing /home/airflow/.local/lib/python3.12/site-packages/airflow/example_dags/example_short_circuit_decorator.py took 0.287 seconds
[2024-08-06T07:50:34.477+0000] {processor.py:161} INFO - Started process (PID=344) to work on /home/airflow/.local/lib/python3.12/site-packages/airflow/example_dags/example_short_circuit_decorator.py
[2024-08-06T07:50:34.486+0000] {processor.py:830} INFO - Processing file /home/airflow/.local/lib/python3.12/site-packages/airflow/example_dags/example_short_circuit_decorator.py for tasks to queue
[2024-08-06T07:50:34.488+0000] {logging_mixin.py:188} INFO - [2024-08-06T07:50:34.488+0000] {dagbag.py:545} INFO - Filling up the DagBag from /home/airflow/.local/lib/python3.12/site-packages/airflow/example_dags/example_short_circuit_decorator.py
[2024-08-06T07:50:34.509+0000] {processor.py:840} INFO - DAG(s) 'example_short_circuit_decorator' retrieved from /home/airflow/.local/lib/python3.12/site-packages/airflow/example_dags/example_short_circuit_decorator.py
[2024-08-06T07:50:34.603+0000] {logging_mixin.py:188} INFO - [2024-08-06T07:50:34.603+0000] {dag.py:3096} INFO - Sync 1 DAGs
[2024-08-06T07:50:34.680+0000] {logging_mixin.py:188} INFO - [2024-08-06T07:50:34.679+0000] {dag.py:3954} INFO - Setting next_dagrun for example_short_circuit_decorator to 2024-08-05 00:00:00+00:00, run_after=2024-08-06 00:00:00+00:00
[2024-08-06T07:50:34.771+0000] {processor.py:183} INFO - Processing /home/airflow/.local/lib/python3.12/site-packages/airflow/example_dags/example_short_circuit_decorator.py took 0.305 seconds
[2024-08-06T07:51:04.833+0000] {processor.py:161} INFO - Started process (PID=401) to work on /home/airflow/.local/lib/python3.12/site-packages/airflow/example_dags/example_short_circuit_decorator.py
[2024-08-06T07:51:04.833+0000] {processor.py:830} INFO - Processing file /home/airflow/.local/lib/python3.12/site-packages/airflow/example_dags/example_short_circuit_decorator.py for tasks to queue
[2024-08-06T07:51:04.835+0000] {logging_mixin.py:188} INFO - [2024-08-06T07:51:04.834+0000] {dagbag.py:545} INFO - Filling up the DagBag from /home/airflow/.local/lib/python3.12/site-packages/airflow/example_dags/example_short_circuit_decorator.py
[2024-08-06T07:51:04.842+0000] {processor.py:840} INFO - DAG(s) 'example_short_circuit_decorator' retrieved from /home/airflow/.local/lib/python3.12/site-packages/airflow/example_dags/example_short_circuit_decorator.py
[2024-08-06T07:51:04.862+0000] {logging_mixin.py:188} INFO - [2024-08-06T07:51:04.862+0000] {dag.py:3096} INFO - Sync 1 DAGs
[2024-08-06T07:51:04.881+0000] {logging_mixin.py:188} INFO - [2024-08-06T07:51:04.881+0000] {dag.py:3954} INFO - Setting next_dagrun for example_short_circuit_decorator to 2024-08-05 00:00:00+00:00, run_after=2024-08-06 00:00:00+00:00
[2024-08-06T07:51:04.900+0000] {processor.py:183} INFO - Processing /home/airflow/.local/lib/python3.12/site-packages/airflow/example_dags/example_short_circuit_decorator.py took 0.072 seconds
[2024-08-06T07:51:35.673+0000] {processor.py:161} INFO - Started process (PID=459) to work on /home/airflow/.local/lib/python3.12/site-packages/airflow/example_dags/example_short_circuit_decorator.py
[2024-08-06T07:51:35.673+0000] {processor.py:830} INFO - Processing file /home/airflow/.local/lib/python3.12/site-packages/airflow/example_dags/example_short_circuit_decorator.py for tasks to queue
[2024-08-06T07:51:35.675+0000] {logging_mixin.py:188} INFO - [2024-08-06T07:51:35.675+0000] {dagbag.py:545} INFO - Filling up the DagBag from /home/airflow/.local/lib/python3.12/site-packages/airflow/example_dags/example_short_circuit_decorator.py
[2024-08-06T07:51:35.687+0000] {processor.py:840} INFO - DAG(s) 'example_short_circuit_decorator' retrieved from /home/airflow/.local/lib/python3.12/site-packages/airflow/example_dags/example_short_circuit_decorator.py
[2024-08-06T07:51:35.721+0000] {logging_mixin.py:188} INFO - [2024-08-06T07:51:35.721+0000] {dag.py:3096} INFO - Sync 1 DAGs
[2024-08-06T07:51:35.748+0000] {logging_mixin.py:188} INFO - [2024-08-06T07:51:35.747+0000] {dag.py:3954} INFO - Setting next_dagrun for example_short_circuit_decorator to 2024-08-05 00:00:00+00:00, run_after=2024-08-06 00:00:00+00:00
[2024-08-06T07:51:35.772+0000] {processor.py:183} INFO - Processing /home/airflow/.local/lib/python3.12/site-packages/airflow/example_dags/example_short_circuit_decorator.py took 0.106 seconds
[2024-08-06T07:52:06.343+0000] {processor.py:161} INFO - Started process (PID=517) to work on /home/airflow/.local/lib/python3.12/site-packages/airflow/example_dags/example_short_circuit_decorator.py
[2024-08-06T07:52:06.343+0000] {processor.py:830} INFO - Processing file /home/airflow/.local/lib/python3.12/site-packages/airflow/example_dags/example_short_circuit_decorator.py for tasks to queue
[2024-08-06T07:52:06.345+0000] {logging_mixin.py:188} INFO - [2024-08-06T07:52:06.345+0000] {dagbag.py:545} INFO - Filling up the DagBag from /home/airflow/.local/lib/python3.12/site-packages/airflow/example_dags/example_short_circuit_decorator.py
[2024-08-06T07:52:06.357+0000] {processor.py:840} INFO - DAG(s) 'example_short_circuit_decorator' retrieved from /home/airflow/.local/lib/python3.12/site-packages/airflow/example_dags/example_short_circuit_decorator.py
[2024-08-06T07:52:06.389+0000] {logging_mixin.py:188} INFO - [2024-08-06T07:52:06.389+0000] {dag.py:3096} INFO - Sync 1 DAGs
[2024-08-06T07:52:06.419+0000] {logging_mixin.py:188} INFO - [2024-08-06T07:52:06.418+0000] {dag.py:3954} INFO - Setting next_dagrun for example_short_circuit_decorator to 2024-08-05 00:00:00+00:00, run_after=2024-08-06 00:00:00+00:00
[2024-08-06T07:52:06.445+0000] {processor.py:183} INFO - Processing /home/airflow/.local/lib/python3.12/site-packages/airflow/example_dags/example_short_circuit_decorator.py took 0.110 seconds
[2024-08-06T07:52:36.534+0000] {processor.py:161} INFO - Started process (PID=574) to work on /home/airflow/.local/lib/python3.12/site-packages/airflow/example_dags/example_short_circuit_decorator.py
[2024-08-06T07:52:36.535+0000] {processor.py:830} INFO - Processing file /home/airflow/.local/lib/python3.12/site-packages/airflow/example_dags/example_short_circuit_decorator.py for tasks to queue
[2024-08-06T07:52:36.537+0000] {logging_mixin.py:188} INFO - [2024-08-06T07:52:36.536+0000] {dagbag.py:545} INFO - Filling up the DagBag from /home/airflow/.local/lib/python3.12/site-packages/airflow/example_dags/example_short_circuit_decorator.py
[2024-08-06T07:52:36.548+0000] {processor.py:840} INFO - DAG(s) 'example_short_circuit_decorator' retrieved from /home/airflow/.local/lib/python3.12/site-packages/airflow/example_dags/example_short_circuit_decorator.py
[2024-08-06T07:52:36.589+0000] {logging_mixin.py:188} INFO - [2024-08-06T07:52:36.587+0000] {dag.py:3096} INFO - Sync 1 DAGs
[2024-08-06T07:52:36.664+0000] {logging_mixin.py:188} INFO - [2024-08-06T07:52:36.664+0000] {dag.py:3954} INFO - Setting next_dagrun for example_short_circuit_decorator to 2024-08-05 00:00:00+00:00, run_after=2024-08-06 00:00:00+00:00
[2024-08-06T07:52:36.713+0000] {processor.py:183} INFO - Processing /home/airflow/.local/lib/python3.12/site-packages/airflow/example_dags/example_short_circuit_decorator.py took 0.185 seconds
[2024-08-06T07:53:07.061+0000] {processor.py:161} INFO - Started process (PID=632) to work on /home/airflow/.local/lib/python3.12/site-packages/airflow/example_dags/example_short_circuit_decorator.py
[2024-08-06T07:53:07.062+0000] {processor.py:830} INFO - Processing file /home/airflow/.local/lib/python3.12/site-packages/airflow/example_dags/example_short_circuit_decorator.py for tasks to queue
[2024-08-06T07:53:07.064+0000] {logging_mixin.py:188} INFO - [2024-08-06T07:53:07.063+0000] {dagbag.py:545} INFO - Filling up the DagBag from /home/airflow/.local/lib/python3.12/site-packages/airflow/example_dags/example_short_circuit_decorator.py
[2024-08-06T07:53:07.085+0000] {processor.py:840} INFO - DAG(s) 'example_short_circuit_decorator' retrieved from /home/airflow/.local/lib/python3.12/site-packages/airflow/example_dags/example_short_circuit_decorator.py
[2024-08-06T07:53:07.117+0000] {logging_mixin.py:188} INFO - [2024-08-06T07:53:07.117+0000] {dag.py:3096} INFO - Sync 1 DAGs
[2024-08-06T07:53:07.157+0000] {logging_mixin.py:188} INFO - [2024-08-06T07:53:07.157+0000] {dag.py:3954} INFO - Setting next_dagrun for example_short_circuit_decorator to 2024-08-05 00:00:00+00:00, run_after=2024-08-06 00:00:00+00:00
[2024-08-06T07:53:07.190+0000] {processor.py:183} INFO - Processing /home/airflow/.local/lib/python3.12/site-packages/airflow/example_dags/example_short_circuit_decorator.py took 0.136 seconds
[2024-08-06T07:53:37.934+0000] {processor.py:161} INFO - Started process (PID=689) to work on /home/airflow/.local/lib/python3.12/site-packages/airflow/example_dags/example_short_circuit_decorator.py
[2024-08-06T07:53:37.935+0000] {processor.py:830} INFO - Processing file /home/airflow/.local/lib/python3.12/site-packages/airflow/example_dags/example_short_circuit_decorator.py for tasks to queue
[2024-08-06T07:53:37.937+0000] {logging_mixin.py:188} INFO - [2024-08-06T07:53:37.937+0000] {dagbag.py:545} INFO - Filling up the DagBag from /home/airflow/.local/lib/python3.12/site-packages/airflow/example_dags/example_short_circuit_decorator.py
[2024-08-06T07:53:37.948+0000] {processor.py:840} INFO - DAG(s) 'example_short_circuit_decorator' retrieved from /home/airflow/.local/lib/python3.12/site-packages/airflow/example_dags/example_short_circuit_decorator.py
[2024-08-06T07:53:38.008+0000] {logging_mixin.py:188} INFO - [2024-08-06T07:53:38.008+0000] {dag.py:3096} INFO - Sync 1 DAGs
[2024-08-06T07:53:38.053+0000] {logging_mixin.py:188} INFO - [2024-08-06T07:53:38.053+0000] {dag.py:3954} INFO - Setting next_dagrun for example_short_circuit_decorator to 2024-08-05 00:00:00+00:00, run_after=2024-08-06 00:00:00+00:00
[2024-08-06T07:53:38.072+0000] {processor.py:183} INFO - Processing /home/airflow/.local/lib/python3.12/site-packages/airflow/example_dags/example_short_circuit_decorator.py took 0.145 seconds
[2024-08-06T07:54:08.570+0000] {processor.py:161} INFO - Started process (PID=747) to work on /home/airflow/.local/lib/python3.12/site-packages/airflow/example_dags/example_short_circuit_decorator.py
[2024-08-06T07:54:08.571+0000] {processor.py:830} INFO - Processing file /home/airflow/.local/lib/python3.12/site-packages/airflow/example_dags/example_short_circuit_decorator.py for tasks to queue
[2024-08-06T07:54:08.572+0000] {logging_mixin.py:188} INFO - [2024-08-06T07:54:08.572+0000] {dagbag.py:545} INFO - Filling up the DagBag from /home/airflow/.local/lib/python3.12/site-packages/airflow/example_dags/example_short_circuit_decorator.py
[2024-08-06T07:54:08.591+0000] {processor.py:840} INFO - DAG(s) 'example_short_circuit_decorator' retrieved from /home/airflow/.local/lib/python3.12/site-packages/airflow/example_dags/example_short_circuit_decorator.py
[2024-08-06T07:54:08.672+0000] {logging_mixin.py:188} INFO - [2024-08-06T07:54:08.672+0000] {dag.py:3096} INFO - Sync 1 DAGs
[2024-08-06T07:54:08.718+0000] {logging_mixin.py:188} INFO - [2024-08-06T07:54:08.718+0000] {dag.py:3954} INFO - Setting next_dagrun for example_short_circuit_decorator to 2024-08-05 00:00:00+00:00, run_after=2024-08-06 00:00:00+00:00
[2024-08-06T07:54:08.759+0000] {processor.py:183} INFO - Processing /home/airflow/.local/lib/python3.12/site-packages/airflow/example_dags/example_short_circuit_decorator.py took 0.198 seconds
