[2024-08-06T07:48:01.663+0000] {processor.py:161} INFO - Started process (PID=53) to work on /home/airflow/.local/lib/python3.12/site-packages/airflow/example_dags/example_params_ui_tutorial.py
[2024-08-06T07:48:01.664+0000] {processor.py:830} INFO - Processing file /home/airflow/.local/lib/python3.12/site-packages/airflow/example_dags/example_params_ui_tutorial.py for tasks to queue
[2024-08-06T07:48:01.666+0000] {logging_mixin.py:188} INFO - [2024-08-06T07:48:01.666+0000] {dagbag.py:545} INFO - Filling up the DagBag from /home/airflow/.local/lib/python3.12/site-packages/airflow/example_dags/example_params_ui_tutorial.py
[2024-08-06T07:48:01.686+0000] {processor.py:840} INFO - DAG(s) 'example_params_ui_tutorial' retrieved from /home/airflow/.local/lib/python3.12/site-packages/airflow/example_dags/example_params_ui_tutorial.py
[2024-08-06T07:48:02.237+0000] {logging_mixin.py:188} INFO - [2024-08-06T07:48:02.236+0000] {dag.py:3096} INFO - Sync 1 DAGs
[2024-08-06T07:48:02.272+0000] {logging_mixin.py:188} INFO - [2024-08-06T07:48:02.271+0000] {dag.py:3954} INFO - Setting next_dagrun for example_params_ui_tutorial to None, run_after=None
[2024-08-06T07:48:02.351+0000] {processor.py:183} INFO - Processing /home/airflow/.local/lib/python3.12/site-packages/airflow/example_dags/example_params_ui_tutorial.py took 0.695 seconds
[2024-08-06T07:48:32.591+0000] {processor.py:161} INFO - Started process (PID=111) to work on /home/airflow/.local/lib/python3.12/site-packages/airflow/example_dags/example_params_ui_tutorial.py
[2024-08-06T07:48:32.592+0000] {processor.py:830} INFO - Processing file /home/airflow/.local/lib/python3.12/site-packages/airflow/example_dags/example_params_ui_tutorial.py for tasks to queue
[2024-08-06T07:48:32.593+0000] {logging_mixin.py:188} INFO - [2024-08-06T07:48:32.593+0000] {dagbag.py:545} INFO - Filling up the DagBag from /home/airflow/.local/lib/python3.12/site-packages/airflow/example_dags/example_params_ui_tutorial.py
[2024-08-06T07:48:32.603+0000] {processor.py:840} INFO - DAG(s) 'example_params_ui_tutorial' retrieved from /home/airflow/.local/lib/python3.12/site-packages/airflow/example_dags/example_params_ui_tutorial.py
[2024-08-06T07:48:32.649+0000] {logging_mixin.py:188} INFO - [2024-08-06T07:48:32.649+0000] {dag.py:3096} INFO - Sync 1 DAGs
[2024-08-06T07:48:32.660+0000] {logging_mixin.py:188} INFO - [2024-08-06T07:48:32.660+0000] {dag.py:3954} INFO - Setting next_dagrun for example_params_ui_tutorial to None, run_after=None
[2024-08-06T07:48:32.680+0000] {processor.py:183} INFO - Processing /home/airflow/.local/lib/python3.12/site-packages/airflow/example_dags/example_params_ui_tutorial.py took 0.093 seconds
[2024-08-06T07:49:02.835+0000] {processor.py:161} INFO - Started process (PID=170) to work on /home/airflow/.local/lib/python3.12/site-packages/airflow/example_dags/example_params_ui_tutorial.py
[2024-08-06T07:49:02.835+0000] {processor.py:830} INFO - Processing file /home/airflow/.local/lib/python3.12/site-packages/airflow/example_dags/example_params_ui_tutorial.py for tasks to queue
[2024-08-06T07:49:02.837+0000] {logging_mixin.py:188} INFO - [2024-08-06T07:49:02.836+0000] {dagbag.py:545} INFO - Filling up the DagBag from /home/airflow/.local/lib/python3.12/site-packages/airflow/example_dags/example_params_ui_tutorial.py
[2024-08-06T07:49:02.846+0000] {processor.py:840} INFO - DAG(s) 'example_params_ui_tutorial' retrieved from /home/airflow/.local/lib/python3.12/site-packages/airflow/example_dags/example_params_ui_tutorial.py
[2024-08-06T07:49:02.891+0000] {logging_mixin.py:188} INFO - [2024-08-06T07:49:02.891+0000] {dag.py:3096} INFO - Sync 1 DAGs
[2024-08-06T07:49:02.902+0000] {logging_mixin.py:188} INFO - [2024-08-06T07:49:02.901+0000] {dag.py:3954} INFO - Setting next_dagrun for example_params_ui_tutorial to None, run_after=None
[2024-08-06T07:49:02.920+0000] {processor.py:183} INFO - Processing /home/airflow/.local/lib/python3.12/site-packages/airflow/example_dags/example_params_ui_tutorial.py took 0.091 seconds
[2024-08-06T07:49:33.620+0000] {processor.py:161} INFO - Started process (PID=229) to work on /home/airflow/.local/lib/python3.12/site-packages/airflow/example_dags/example_params_ui_tutorial.py
[2024-08-06T07:49:33.620+0000] {processor.py:830} INFO - Processing file /home/airflow/.local/lib/python3.12/site-packages/airflow/example_dags/example_params_ui_tutorial.py for tasks to queue
[2024-08-06T07:49:33.622+0000] {logging_mixin.py:188} INFO - [2024-08-06T07:49:33.622+0000] {dagbag.py:545} INFO - Filling up the DagBag from /home/airflow/.local/lib/python3.12/site-packages/airflow/example_dags/example_params_ui_tutorial.py
[2024-08-06T07:49:33.633+0000] {processor.py:840} INFO - DAG(s) 'example_params_ui_tutorial' retrieved from /home/airflow/.local/lib/python3.12/site-packages/airflow/example_dags/example_params_ui_tutorial.py
[2024-08-06T07:49:33.679+0000] {logging_mixin.py:188} INFO - [2024-08-06T07:49:33.679+0000] {dag.py:3096} INFO - Sync 1 DAGs
[2024-08-06T07:49:33.690+0000] {logging_mixin.py:188} INFO - [2024-08-06T07:49:33.690+0000] {dag.py:3954} INFO - Setting next_dagrun for example_params_ui_tutorial to None, run_after=None
[2024-08-06T07:49:33.715+0000] {processor.py:183} INFO - Processing /home/airflow/.local/lib/python3.12/site-packages/airflow/example_dags/example_params_ui_tutorial.py took 0.101 seconds
[2024-08-06T07:50:04.428+0000] {processor.py:161} INFO - Started process (PID=287) to work on /home/airflow/.local/lib/python3.12/site-packages/airflow/example_dags/example_params_ui_tutorial.py
[2024-08-06T07:50:04.429+0000] {processor.py:830} INFO - Processing file /home/airflow/.local/lib/python3.12/site-packages/airflow/example_dags/example_params_ui_tutorial.py for tasks to queue
[2024-08-06T07:50:04.434+0000] {logging_mixin.py:188} INFO - [2024-08-06T07:50:04.433+0000] {dagbag.py:545} INFO - Filling up the DagBag from /home/airflow/.local/lib/python3.12/site-packages/airflow/example_dags/example_params_ui_tutorial.py
[2024-08-06T07:50:04.453+0000] {processor.py:840} INFO - DAG(s) 'example_params_ui_tutorial' retrieved from /home/airflow/.local/lib/python3.12/site-packages/airflow/example_dags/example_params_ui_tutorial.py
[2024-08-06T07:50:04.538+0000] {logging_mixin.py:188} INFO - [2024-08-06T07:50:04.538+0000] {dag.py:3096} INFO - Sync 1 DAGs
[2024-08-06T07:50:04.550+0000] {logging_mixin.py:188} INFO - [2024-08-06T07:50:04.550+0000] {dag.py:3954} INFO - Setting next_dagrun for example_params_ui_tutorial to None, run_after=None
[2024-08-06T07:50:04.573+0000] {processor.py:183} INFO - Processing /home/airflow/.local/lib/python3.12/site-packages/airflow/example_dags/example_params_ui_tutorial.py took 0.171 seconds
[2024-08-06T07:50:34.765+0000] {processor.py:161} INFO - Started process (PID=345) to work on /home/airflow/.local/lib/python3.12/site-packages/airflow/example_dags/example_params_ui_tutorial.py
[2024-08-06T07:50:34.771+0000] {processor.py:830} INFO - Processing file /home/airflow/.local/lib/python3.12/site-packages/airflow/example_dags/example_params_ui_tutorial.py for tasks to queue
[2024-08-06T07:50:34.776+0000] {logging_mixin.py:188} INFO - [2024-08-06T07:50:34.775+0000] {dagbag.py:545} INFO - Filling up the DagBag from /home/airflow/.local/lib/python3.12/site-packages/airflow/example_dags/example_params_ui_tutorial.py
[2024-08-06T07:50:34.814+0000] {processor.py:840} INFO - DAG(s) 'example_params_ui_tutorial' retrieved from /home/airflow/.local/lib/python3.12/site-packages/airflow/example_dags/example_params_ui_tutorial.py
[2024-08-06T07:50:34.918+0000] {logging_mixin.py:188} INFO - [2024-08-06T07:50:34.918+0000] {dag.py:3096} INFO - Sync 1 DAGs
[2024-08-06T07:50:34.934+0000] {logging_mixin.py:188} INFO - [2024-08-06T07:50:34.934+0000] {dag.py:3954} INFO - Setting next_dagrun for example_params_ui_tutorial to None, run_after=None
[2024-08-06T07:50:34.981+0000] {processor.py:183} INFO - Processing /home/airflow/.local/lib/python3.12/site-packages/airflow/example_dags/example_params_ui_tutorial.py took 0.243 seconds
[2024-08-06T07:51:05.852+0000] {processor.py:161} INFO - Started process (PID=402) to work on /home/airflow/.local/lib/python3.12/site-packages/airflow/example_dags/example_params_ui_tutorial.py
[2024-08-06T07:51:05.853+0000] {processor.py:830} INFO - Processing file /home/airflow/.local/lib/python3.12/site-packages/airflow/example_dags/example_params_ui_tutorial.py for tasks to queue
[2024-08-06T07:51:05.855+0000] {logging_mixin.py:188} INFO - [2024-08-06T07:51:05.854+0000] {dagbag.py:545} INFO - Filling up the DagBag from /home/airflow/.local/lib/python3.12/site-packages/airflow/example_dags/example_params_ui_tutorial.py
[2024-08-06T07:51:05.869+0000] {processor.py:840} INFO - DAG(s) 'example_params_ui_tutorial' retrieved from /home/airflow/.local/lib/python3.12/site-packages/airflow/example_dags/example_params_ui_tutorial.py
[2024-08-06T07:51:05.948+0000] {logging_mixin.py:188} INFO - [2024-08-06T07:51:05.948+0000] {dag.py:3096} INFO - Sync 1 DAGs
[2024-08-06T07:51:05.967+0000] {logging_mixin.py:188} INFO - [2024-08-06T07:51:05.966+0000] {dag.py:3954} INFO - Setting next_dagrun for example_params_ui_tutorial to None, run_after=None
[2024-08-06T07:51:05.986+0000] {processor.py:183} INFO - Processing /home/airflow/.local/lib/python3.12/site-packages/airflow/example_dags/example_params_ui_tutorial.py took 0.141 seconds
[2024-08-06T07:51:36.805+0000] {processor.py:161} INFO - Started process (PID=460) to work on /home/airflow/.local/lib/python3.12/site-packages/airflow/example_dags/example_params_ui_tutorial.py
[2024-08-06T07:51:36.806+0000] {processor.py:830} INFO - Processing file /home/airflow/.local/lib/python3.12/site-packages/airflow/example_dags/example_params_ui_tutorial.py for tasks to queue
[2024-08-06T07:51:36.807+0000] {logging_mixin.py:188} INFO - [2024-08-06T07:51:36.807+0000] {dagbag.py:545} INFO - Filling up the DagBag from /home/airflow/.local/lib/python3.12/site-packages/airflow/example_dags/example_params_ui_tutorial.py
[2024-08-06T07:51:36.816+0000] {processor.py:840} INFO - DAG(s) 'example_params_ui_tutorial' retrieved from /home/airflow/.local/lib/python3.12/site-packages/airflow/example_dags/example_params_ui_tutorial.py
[2024-08-06T07:51:36.868+0000] {logging_mixin.py:188} INFO - [2024-08-06T07:51:36.868+0000] {dag.py:3096} INFO - Sync 1 DAGs
[2024-08-06T07:51:36.885+0000] {logging_mixin.py:188} INFO - [2024-08-06T07:51:36.885+0000] {dag.py:3954} INFO - Setting next_dagrun for example_params_ui_tutorial to None, run_after=None
[2024-08-06T07:51:36.904+0000] {processor.py:183} INFO - Processing /home/airflow/.local/lib/python3.12/site-packages/airflow/example_dags/example_params_ui_tutorial.py took 0.105 seconds
[2024-08-06T07:52:07.475+0000] {processor.py:161} INFO - Started process (PID=518) to work on /home/airflow/.local/lib/python3.12/site-packages/airflow/example_dags/example_params_ui_tutorial.py
[2024-08-06T07:52:07.476+0000] {processor.py:830} INFO - Processing file /home/airflow/.local/lib/python3.12/site-packages/airflow/example_dags/example_params_ui_tutorial.py for tasks to queue
[2024-08-06T07:52:07.477+0000] {logging_mixin.py:188} INFO - [2024-08-06T07:52:07.477+0000] {dagbag.py:545} INFO - Filling up the DagBag from /home/airflow/.local/lib/python3.12/site-packages/airflow/example_dags/example_params_ui_tutorial.py
[2024-08-06T07:52:07.486+0000] {processor.py:840} INFO - DAG(s) 'example_params_ui_tutorial' retrieved from /home/airflow/.local/lib/python3.12/site-packages/airflow/example_dags/example_params_ui_tutorial.py
[2024-08-06T07:52:07.533+0000] {logging_mixin.py:188} INFO - [2024-08-06T07:52:07.533+0000] {dag.py:3096} INFO - Sync 1 DAGs
[2024-08-06T07:52:07.543+0000] {logging_mixin.py:188} INFO - [2024-08-06T07:52:07.543+0000] {dag.py:3954} INFO - Setting next_dagrun for example_params_ui_tutorial to None, run_after=None
[2024-08-06T07:52:07.562+0000] {processor.py:183} INFO - Processing /home/airflow/.local/lib/python3.12/site-packages/airflow/example_dags/example_params_ui_tutorial.py took 0.093 seconds
[2024-08-06T07:52:37.737+0000] {processor.py:161} INFO - Started process (PID=575) to work on /home/airflow/.local/lib/python3.12/site-packages/airflow/example_dags/example_params_ui_tutorial.py
[2024-08-06T07:52:37.737+0000] {processor.py:830} INFO - Processing file /home/airflow/.local/lib/python3.12/site-packages/airflow/example_dags/example_params_ui_tutorial.py for tasks to queue
[2024-08-06T07:52:37.739+0000] {logging_mixin.py:188} INFO - [2024-08-06T07:52:37.739+0000] {dagbag.py:545} INFO - Filling up the DagBag from /home/airflow/.local/lib/python3.12/site-packages/airflow/example_dags/example_params_ui_tutorial.py
[2024-08-06T07:52:37.753+0000] {processor.py:840} INFO - DAG(s) 'example_params_ui_tutorial' retrieved from /home/airflow/.local/lib/python3.12/site-packages/airflow/example_dags/example_params_ui_tutorial.py
[2024-08-06T07:52:37.828+0000] {logging_mixin.py:188} INFO - [2024-08-06T07:52:37.828+0000] {dag.py:3096} INFO - Sync 1 DAGs
[2024-08-06T07:52:37.840+0000] {logging_mixin.py:188} INFO - [2024-08-06T07:52:37.840+0000] {dag.py:3954} INFO - Setting next_dagrun for example_params_ui_tutorial to None, run_after=None
[2024-08-06T07:52:37.862+0000] {processor.py:183} INFO - Processing /home/airflow/.local/lib/python3.12/site-packages/airflow/example_dags/example_params_ui_tutorial.py took 0.131 seconds
[2024-08-06T07:53:08.096+0000] {processor.py:161} INFO - Started process (PID=633) to work on /home/airflow/.local/lib/python3.12/site-packages/airflow/example_dags/example_params_ui_tutorial.py
[2024-08-06T07:53:08.097+0000] {processor.py:830} INFO - Processing file /home/airflow/.local/lib/python3.12/site-packages/airflow/example_dags/example_params_ui_tutorial.py for tasks to queue
[2024-08-06T07:53:08.098+0000] {logging_mixin.py:188} INFO - [2024-08-06T07:53:08.098+0000] {dagbag.py:545} INFO - Filling up the DagBag from /home/airflow/.local/lib/python3.12/site-packages/airflow/example_dags/example_params_ui_tutorial.py
[2024-08-06T07:53:08.107+0000] {processor.py:840} INFO - DAG(s) 'example_params_ui_tutorial' retrieved from /home/airflow/.local/lib/python3.12/site-packages/airflow/example_dags/example_params_ui_tutorial.py
[2024-08-06T07:53:08.158+0000] {logging_mixin.py:188} INFO - [2024-08-06T07:53:08.157+0000] {dag.py:3096} INFO - Sync 1 DAGs
[2024-08-06T07:53:08.168+0000] {logging_mixin.py:188} INFO - [2024-08-06T07:53:08.168+0000] {dag.py:3954} INFO - Setting next_dagrun for example_params_ui_tutorial to None, run_after=None
[2024-08-06T07:53:08.187+0000] {processor.py:183} INFO - Processing /home/airflow/.local/lib/python3.12/site-packages/airflow/example_dags/example_params_ui_tutorial.py took 0.096 seconds
[2024-08-06T07:53:39.070+0000] {processor.py:161} INFO - Started process (PID=690) to work on /home/airflow/.local/lib/python3.12/site-packages/airflow/example_dags/example_params_ui_tutorial.py
[2024-08-06T07:53:39.070+0000] {processor.py:830} INFO - Processing file /home/airflow/.local/lib/python3.12/site-packages/airflow/example_dags/example_params_ui_tutorial.py for tasks to queue
[2024-08-06T07:53:39.072+0000] {logging_mixin.py:188} INFO - [2024-08-06T07:53:39.072+0000] {dagbag.py:545} INFO - Filling up the DagBag from /home/airflow/.local/lib/python3.12/site-packages/airflow/example_dags/example_params_ui_tutorial.py
[2024-08-06T07:53:39.081+0000] {processor.py:840} INFO - DAG(s) 'example_params_ui_tutorial' retrieved from /home/airflow/.local/lib/python3.12/site-packages/airflow/example_dags/example_params_ui_tutorial.py
[2024-08-06T07:53:39.129+0000] {logging_mixin.py:188} INFO - [2024-08-06T07:53:39.129+0000] {dag.py:3096} INFO - Sync 1 DAGs
[2024-08-06T07:53:39.140+0000] {logging_mixin.py:188} INFO - [2024-08-06T07:53:39.140+0000] {dag.py:3954} INFO - Setting next_dagrun for example_params_ui_tutorial to None, run_after=None
[2024-08-06T07:53:39.165+0000] {processor.py:183} INFO - Processing /home/airflow/.local/lib/python3.12/site-packages/airflow/example_dags/example_params_ui_tutorial.py took 0.099 seconds
[2024-08-06T07:54:09.575+0000] {processor.py:161} INFO - Started process (PID=748) to work on /home/airflow/.local/lib/python3.12/site-packages/airflow/example_dags/example_params_ui_tutorial.py
[2024-08-06T07:54:09.575+0000] {processor.py:830} INFO - Processing file /home/airflow/.local/lib/python3.12/site-packages/airflow/example_dags/example_params_ui_tutorial.py for tasks to queue
[2024-08-06T07:54:09.577+0000] {logging_mixin.py:188} INFO - [2024-08-06T07:54:09.576+0000] {dagbag.py:545} INFO - Filling up the DagBag from /home/airflow/.local/lib/python3.12/site-packages/airflow/example_dags/example_params_ui_tutorial.py
[2024-08-06T07:54:09.586+0000] {processor.py:840} INFO - DAG(s) 'example_params_ui_tutorial' retrieved from /home/airflow/.local/lib/python3.12/site-packages/airflow/example_dags/example_params_ui_tutorial.py
[2024-08-06T07:54:09.639+0000] {logging_mixin.py:188} INFO - [2024-08-06T07:54:09.638+0000] {dag.py:3096} INFO - Sync 1 DAGs
[2024-08-06T07:54:09.649+0000] {logging_mixin.py:188} INFO - [2024-08-06T07:54:09.649+0000] {dag.py:3954} INFO - Setting next_dagrun for example_params_ui_tutorial to None, run_after=None
[2024-08-06T07:54:09.670+0000] {processor.py:183} INFO - Processing /home/airflow/.local/lib/python3.12/site-packages/airflow/example_dags/example_params_ui_tutorial.py took 0.100 seconds
