[2024-08-06T07:48:00.779+0000] {processor.py:161} INFO - Started process (PID=45) to work on /home/airflow/.local/lib/python3.12/site-packages/airflow/example_dags/example_nested_branch_dag.py
[2024-08-06T07:48:00.783+0000] {processor.py:830} INFO - Processing file /home/airflow/.local/lib/python3.12/site-packages/airflow/example_dags/example_nested_branch_dag.py for tasks to queue
[2024-08-06T07:48:00.785+0000] {logging_mixin.py:188} INFO - [2024-08-06T07:48:00.784+0000] {dagbag.py:545} INFO - Filling up the DagBag from /home/airflow/.local/lib/python3.12/site-packages/airflow/example_dags/example_nested_branch_dag.py
[2024-08-06T07:48:00.837+0000] {processor.py:840} INFO - DAG(s) 'example_nested_branch_dag' retrieved from /home/airflow/.local/lib/python3.12/site-packages/airflow/example_dags/example_nested_branch_dag.py
[2024-08-06T07:48:01.393+0000] {logging_mixin.py:188} INFO - [2024-08-06T07:48:01.392+0000] {dag.py:3096} INFO - Sync 1 DAGs
[2024-08-06T07:48:01.498+0000] {logging_mixin.py:188} INFO - [2024-08-06T07:48:01.486+0000] {dag.py:3954} INFO - Setting next_dagrun for example_nested_branch_dag to 2024-08-05 00:00:00+00:00, run_after=2024-08-06 00:00:00+00:00
[2024-08-06T07:48:01.619+0000] {processor.py:183} INFO - Processing /home/airflow/.local/lib/python3.12/site-packages/airflow/example_dags/example_nested_branch_dag.py took 0.868 seconds
[2024-08-06T07:48:32.421+0000] {processor.py:161} INFO - Started process (PID=109) to work on /home/airflow/.local/lib/python3.12/site-packages/airflow/example_dags/example_nested_branch_dag.py
[2024-08-06T07:48:32.422+0000] {processor.py:830} INFO - Processing file /home/airflow/.local/lib/python3.12/site-packages/airflow/example_dags/example_nested_branch_dag.py for tasks to queue
[2024-08-06T07:48:32.424+0000] {logging_mixin.py:188} INFO - [2024-08-06T07:48:32.423+0000] {dagbag.py:545} INFO - Filling up the DagBag from /home/airflow/.local/lib/python3.12/site-packages/airflow/example_dags/example_nested_branch_dag.py
[2024-08-06T07:48:32.449+0000] {processor.py:840} INFO - DAG(s) 'example_nested_branch_dag' retrieved from /home/airflow/.local/lib/python3.12/site-packages/airflow/example_dags/example_nested_branch_dag.py
[2024-08-06T07:48:32.499+0000] {logging_mixin.py:188} INFO - [2024-08-06T07:48:32.498+0000] {dag.py:3096} INFO - Sync 1 DAGs
[2024-08-06T07:48:32.533+0000] {logging_mixin.py:188} INFO - [2024-08-06T07:48:32.533+0000] {dag.py:3954} INFO - Setting next_dagrun for example_nested_branch_dag to 2024-08-05 00:00:00+00:00, run_after=2024-08-06 00:00:00+00:00
[2024-08-06T07:48:32.563+0000] {processor.py:183} INFO - Processing /home/airflow/.local/lib/python3.12/site-packages/airflow/example_dags/example_nested_branch_dag.py took 0.161 seconds
[2024-08-06T07:49:02.712+0000] {processor.py:161} INFO - Started process (PID=168) to work on /home/airflow/.local/lib/python3.12/site-packages/airflow/example_dags/example_nested_branch_dag.py
[2024-08-06T07:49:02.713+0000] {processor.py:830} INFO - Processing file /home/airflow/.local/lib/python3.12/site-packages/airflow/example_dags/example_nested_branch_dag.py for tasks to queue
[2024-08-06T07:49:02.715+0000] {logging_mixin.py:188} INFO - [2024-08-06T07:49:02.714+0000] {dagbag.py:545} INFO - Filling up the DagBag from /home/airflow/.local/lib/python3.12/site-packages/airflow/example_dags/example_nested_branch_dag.py
[2024-08-06T07:49:02.727+0000] {processor.py:840} INFO - DAG(s) 'example_nested_branch_dag' retrieved from /home/airflow/.local/lib/python3.12/site-packages/airflow/example_dags/example_nested_branch_dag.py
[2024-08-06T07:49:02.753+0000] {logging_mixin.py:188} INFO - [2024-08-06T07:49:02.753+0000] {dag.py:3096} INFO - Sync 1 DAGs
[2024-08-06T07:49:02.780+0000] {logging_mixin.py:188} INFO - [2024-08-06T07:49:02.780+0000] {dag.py:3954} INFO - Setting next_dagrun for example_nested_branch_dag to 2024-08-05 00:00:00+00:00, run_after=2024-08-06 00:00:00+00:00
[2024-08-06T07:49:02.806+0000] {processor.py:183} INFO - Processing /home/airflow/.local/lib/python3.12/site-packages/airflow/example_dags/example_nested_branch_dag.py took 0.100 seconds
[2024-08-06T07:49:33.490+0000] {processor.py:161} INFO - Started process (PID=227) to work on /home/airflow/.local/lib/python3.12/site-packages/airflow/example_dags/example_nested_branch_dag.py
[2024-08-06T07:49:33.491+0000] {processor.py:830} INFO - Processing file /home/airflow/.local/lib/python3.12/site-packages/airflow/example_dags/example_nested_branch_dag.py for tasks to queue
[2024-08-06T07:49:33.493+0000] {logging_mixin.py:188} INFO - [2024-08-06T07:49:33.493+0000] {dagbag.py:545} INFO - Filling up the DagBag from /home/airflow/.local/lib/python3.12/site-packages/airflow/example_dags/example_nested_branch_dag.py
[2024-08-06T07:49:33.505+0000] {processor.py:840} INFO - DAG(s) 'example_nested_branch_dag' retrieved from /home/airflow/.local/lib/python3.12/site-packages/airflow/example_dags/example_nested_branch_dag.py
[2024-08-06T07:49:33.533+0000] {logging_mixin.py:188} INFO - [2024-08-06T07:49:33.533+0000] {dag.py:3096} INFO - Sync 1 DAGs
[2024-08-06T07:49:33.561+0000] {logging_mixin.py:188} INFO - [2024-08-06T07:49:33.561+0000] {dag.py:3954} INFO - Setting next_dagrun for example_nested_branch_dag to 2024-08-05 00:00:00+00:00, run_after=2024-08-06 00:00:00+00:00
[2024-08-06T07:49:33.587+0000] {processor.py:183} INFO - Processing /home/airflow/.local/lib/python3.12/site-packages/airflow/example_dags/example_nested_branch_dag.py took 0.102 seconds
[2024-08-06T07:50:04.048+0000] {processor.py:161} INFO - Started process (PID=285) to work on /home/airflow/.local/lib/python3.12/site-packages/airflow/example_dags/example_nested_branch_dag.py
[2024-08-06T07:50:04.051+0000] {processor.py:830} INFO - Processing file /home/airflow/.local/lib/python3.12/site-packages/airflow/example_dags/example_nested_branch_dag.py for tasks to queue
[2024-08-06T07:50:04.067+0000] {logging_mixin.py:188} INFO - [2024-08-06T07:50:04.053+0000] {dagbag.py:545} INFO - Filling up the DagBag from /home/airflow/.local/lib/python3.12/site-packages/airflow/example_dags/example_nested_branch_dag.py
[2024-08-06T07:50:04.090+0000] {processor.py:840} INFO - DAG(s) 'example_nested_branch_dag' retrieved from /home/airflow/.local/lib/python3.12/site-packages/airflow/example_dags/example_nested_branch_dag.py
[2024-08-06T07:50:04.266+0000] {logging_mixin.py:188} INFO - [2024-08-06T07:50:04.256+0000] {dag.py:3096} INFO - Sync 1 DAGs
[2024-08-06T07:50:04.335+0000] {logging_mixin.py:188} INFO - [2024-08-06T07:50:04.335+0000] {dag.py:3954} INFO - Setting next_dagrun for example_nested_branch_dag to 2024-08-05 00:00:00+00:00, run_after=2024-08-06 00:00:00+00:00
[2024-08-06T07:50:04.378+0000] {processor.py:183} INFO - Processing /home/airflow/.local/lib/python3.12/site-packages/airflow/example_dags/example_nested_branch_dag.py took 0.341 seconds
[2024-08-06T07:50:34.472+0000] {processor.py:161} INFO - Started process (PID=343) to work on /home/airflow/.local/lib/python3.12/site-packages/airflow/example_dags/example_nested_branch_dag.py
[2024-08-06T07:50:34.473+0000] {processor.py:830} INFO - Processing file /home/airflow/.local/lib/python3.12/site-packages/airflow/example_dags/example_nested_branch_dag.py for tasks to queue
[2024-08-06T07:50:34.478+0000] {logging_mixin.py:188} INFO - [2024-08-06T07:50:34.478+0000] {dagbag.py:545} INFO - Filling up the DagBag from /home/airflow/.local/lib/python3.12/site-packages/airflow/example_dags/example_nested_branch_dag.py
[2024-08-06T07:50:34.506+0000] {processor.py:840} INFO - DAG(s) 'example_nested_branch_dag' retrieved from /home/airflow/.local/lib/python3.12/site-packages/airflow/example_dags/example_nested_branch_dag.py
[2024-08-06T07:50:34.553+0000] {logging_mixin.py:188} INFO - [2024-08-06T07:50:34.553+0000] {dag.py:3096} INFO - Sync 1 DAGs
[2024-08-06T07:50:34.601+0000] {logging_mixin.py:188} INFO - [2024-08-06T07:50:34.601+0000] {dag.py:3954} INFO - Setting next_dagrun for example_nested_branch_dag to 2024-08-05 00:00:00+00:00, run_after=2024-08-06 00:00:00+00:00
[2024-08-06T07:50:34.658+0000] {processor.py:183} INFO - Processing /home/airflow/.local/lib/python3.12/site-packages/airflow/example_dags/example_nested_branch_dag.py took 0.200 seconds
[2024-08-06T07:51:04.715+0000] {processor.py:161} INFO - Started process (PID=400) to work on /home/airflow/.local/lib/python3.12/site-packages/airflow/example_dags/example_nested_branch_dag.py
[2024-08-06T07:51:04.716+0000] {processor.py:830} INFO - Processing file /home/airflow/.local/lib/python3.12/site-packages/airflow/example_dags/example_nested_branch_dag.py for tasks to queue
[2024-08-06T07:51:04.718+0000] {logging_mixin.py:188} INFO - [2024-08-06T07:51:04.718+0000] {dagbag.py:545} INFO - Filling up the DagBag from /home/airflow/.local/lib/python3.12/site-packages/airflow/example_dags/example_nested_branch_dag.py
[2024-08-06T07:51:04.730+0000] {processor.py:840} INFO - DAG(s) 'example_nested_branch_dag' retrieved from /home/airflow/.local/lib/python3.12/site-packages/airflow/example_dags/example_nested_branch_dag.py
[2024-08-06T07:51:04.762+0000] {logging_mixin.py:188} INFO - [2024-08-06T07:51:04.762+0000] {dag.py:3096} INFO - Sync 1 DAGs
[2024-08-06T07:51:04.788+0000] {logging_mixin.py:188} INFO - [2024-08-06T07:51:04.788+0000] {dag.py:3954} INFO - Setting next_dagrun for example_nested_branch_dag to 2024-08-05 00:00:00+00:00, run_after=2024-08-06 00:00:00+00:00
[2024-08-06T07:51:04.810+0000] {processor.py:183} INFO - Processing /home/airflow/.local/lib/python3.12/site-packages/airflow/example_dags/example_nested_branch_dag.py took 0.100 seconds
[2024-08-06T07:51:35.670+0000] {processor.py:161} INFO - Started process (PID=458) to work on /home/airflow/.local/lib/python3.12/site-packages/airflow/example_dags/example_nested_branch_dag.py
[2024-08-06T07:51:35.675+0000] {processor.py:830} INFO - Processing file /home/airflow/.local/lib/python3.12/site-packages/airflow/example_dags/example_nested_branch_dag.py for tasks to queue
[2024-08-06T07:51:35.680+0000] {logging_mixin.py:188} INFO - [2024-08-06T07:51:35.680+0000] {dagbag.py:545} INFO - Filling up the DagBag from /home/airflow/.local/lib/python3.12/site-packages/airflow/example_dags/example_nested_branch_dag.py
[2024-08-06T07:51:35.699+0000] {processor.py:840} INFO - DAG(s) 'example_nested_branch_dag' retrieved from /home/airflow/.local/lib/python3.12/site-packages/airflow/example_dags/example_nested_branch_dag.py
[2024-08-06T07:51:35.724+0000] {logging_mixin.py:188} INFO - [2024-08-06T07:51:35.724+0000] {dag.py:3096} INFO - Sync 1 DAGs
[2024-08-06T07:51:35.752+0000] {logging_mixin.py:188} INFO - [2024-08-06T07:51:35.752+0000] {dag.py:3954} INFO - Setting next_dagrun for example_nested_branch_dag to 2024-08-05 00:00:00+00:00, run_after=2024-08-06 00:00:00+00:00
[2024-08-06T07:51:35.778+0000] {processor.py:183} INFO - Processing /home/airflow/.local/lib/python3.12/site-packages/airflow/example_dags/example_nested_branch_dag.py took 0.124 seconds
[2024-08-06T07:52:06.333+0000] {processor.py:161} INFO - Started process (PID=516) to work on /home/airflow/.local/lib/python3.12/site-packages/airflow/example_dags/example_nested_branch_dag.py
[2024-08-06T07:52:06.334+0000] {processor.py:830} INFO - Processing file /home/airflow/.local/lib/python3.12/site-packages/airflow/example_dags/example_nested_branch_dag.py for tasks to queue
[2024-08-06T07:52:06.336+0000] {logging_mixin.py:188} INFO - [2024-08-06T07:52:06.335+0000] {dagbag.py:545} INFO - Filling up the DagBag from /home/airflow/.local/lib/python3.12/site-packages/airflow/example_dags/example_nested_branch_dag.py
[2024-08-06T07:52:06.348+0000] {processor.py:840} INFO - DAG(s) 'example_nested_branch_dag' retrieved from /home/airflow/.local/lib/python3.12/site-packages/airflow/example_dags/example_nested_branch_dag.py
[2024-08-06T07:52:06.376+0000] {logging_mixin.py:188} INFO - [2024-08-06T07:52:06.376+0000] {dag.py:3096} INFO - Sync 1 DAGs
[2024-08-06T07:52:06.412+0000] {logging_mixin.py:188} INFO - [2024-08-06T07:52:06.412+0000] {dag.py:3954} INFO - Setting next_dagrun for example_nested_branch_dag to 2024-08-05 00:00:00+00:00, run_after=2024-08-06 00:00:00+00:00
[2024-08-06T07:52:06.439+0000] {processor.py:183} INFO - Processing /home/airflow/.local/lib/python3.12/site-packages/airflow/example_dags/example_nested_branch_dag.py took 0.112 seconds
[2024-08-06T07:52:36.523+0000] {processor.py:161} INFO - Started process (PID=573) to work on /home/airflow/.local/lib/python3.12/site-packages/airflow/example_dags/example_nested_branch_dag.py
[2024-08-06T07:52:36.524+0000] {processor.py:830} INFO - Processing file /home/airflow/.local/lib/python3.12/site-packages/airflow/example_dags/example_nested_branch_dag.py for tasks to queue
[2024-08-06T07:52:36.526+0000] {logging_mixin.py:188} INFO - [2024-08-06T07:52:36.525+0000] {dagbag.py:545} INFO - Filling up the DagBag from /home/airflow/.local/lib/python3.12/site-packages/airflow/example_dags/example_nested_branch_dag.py
[2024-08-06T07:52:36.537+0000] {processor.py:840} INFO - DAG(s) 'example_nested_branch_dag' retrieved from /home/airflow/.local/lib/python3.12/site-packages/airflow/example_dags/example_nested_branch_dag.py
[2024-08-06T07:52:36.564+0000] {logging_mixin.py:188} INFO - [2024-08-06T07:52:36.564+0000] {dag.py:3096} INFO - Sync 1 DAGs
[2024-08-06T07:52:36.595+0000] {logging_mixin.py:188} INFO - [2024-08-06T07:52:36.595+0000] {dag.py:3954} INFO - Setting next_dagrun for example_nested_branch_dag to 2024-08-05 00:00:00+00:00, run_after=2024-08-06 00:00:00+00:00
[2024-08-06T07:52:36.692+0000] {processor.py:183} INFO - Processing /home/airflow/.local/lib/python3.12/site-packages/airflow/example_dags/example_nested_branch_dag.py took 0.174 seconds
[2024-08-06T07:53:07.049+0000] {processor.py:161} INFO - Started process (PID=631) to work on /home/airflow/.local/lib/python3.12/site-packages/airflow/example_dags/example_nested_branch_dag.py
[2024-08-06T07:53:07.051+0000] {processor.py:830} INFO - Processing file /home/airflow/.local/lib/python3.12/site-packages/airflow/example_dags/example_nested_branch_dag.py for tasks to queue
[2024-08-06T07:53:07.053+0000] {logging_mixin.py:188} INFO - [2024-08-06T07:53:07.052+0000] {dagbag.py:545} INFO - Filling up the DagBag from /home/airflow/.local/lib/python3.12/site-packages/airflow/example_dags/example_nested_branch_dag.py
[2024-08-06T07:53:07.065+0000] {processor.py:840} INFO - DAG(s) 'example_nested_branch_dag' retrieved from /home/airflow/.local/lib/python3.12/site-packages/airflow/example_dags/example_nested_branch_dag.py
[2024-08-06T07:53:07.095+0000] {logging_mixin.py:188} INFO - [2024-08-06T07:53:07.095+0000] {dag.py:3096} INFO - Sync 1 DAGs
[2024-08-06T07:53:07.141+0000] {logging_mixin.py:188} INFO - [2024-08-06T07:53:07.141+0000] {dag.py:3954} INFO - Setting next_dagrun for example_nested_branch_dag to 2024-08-05 00:00:00+00:00, run_after=2024-08-06 00:00:00+00:00
[2024-08-06T07:53:07.177+0000] {processor.py:183} INFO - Processing /home/airflow/.local/lib/python3.12/site-packages/airflow/example_dags/example_nested_branch_dag.py took 0.134 seconds
[2024-08-06T07:53:37.924+0000] {processor.py:161} INFO - Started process (PID=688) to work on /home/airflow/.local/lib/python3.12/site-packages/airflow/example_dags/example_nested_branch_dag.py
[2024-08-06T07:53:37.925+0000] {processor.py:830} INFO - Processing file /home/airflow/.local/lib/python3.12/site-packages/airflow/example_dags/example_nested_branch_dag.py for tasks to queue
[2024-08-06T07:53:37.926+0000] {logging_mixin.py:188} INFO - [2024-08-06T07:53:37.926+0000] {dagbag.py:545} INFO - Filling up the DagBag from /home/airflow/.local/lib/python3.12/site-packages/airflow/example_dags/example_nested_branch_dag.py
[2024-08-06T07:53:37.938+0000] {processor.py:840} INFO - DAG(s) 'example_nested_branch_dag' retrieved from /home/airflow/.local/lib/python3.12/site-packages/airflow/example_dags/example_nested_branch_dag.py
[2024-08-06T07:53:37.969+0000] {logging_mixin.py:188} INFO - [2024-08-06T07:53:37.969+0000] {dag.py:3096} INFO - Sync 1 DAGs
[2024-08-06T07:53:38.000+0000] {logging_mixin.py:188} INFO - [2024-08-06T07:53:38.000+0000] {dag.py:3954} INFO - Setting next_dagrun for example_nested_branch_dag to 2024-08-05 00:00:00+00:00, run_after=2024-08-06 00:00:00+00:00
[2024-08-06T07:53:38.035+0000] {processor.py:183} INFO - Processing /home/airflow/.local/lib/python3.12/site-packages/airflow/example_dags/example_nested_branch_dag.py took 0.117 seconds
[2024-08-06T07:54:08.561+0000] {processor.py:161} INFO - Started process (PID=746) to work on /home/airflow/.local/lib/python3.12/site-packages/airflow/example_dags/example_nested_branch_dag.py
[2024-08-06T07:54:08.562+0000] {processor.py:830} INFO - Processing file /home/airflow/.local/lib/python3.12/site-packages/airflow/example_dags/example_nested_branch_dag.py for tasks to queue
[2024-08-06T07:54:08.576+0000] {logging_mixin.py:188} INFO - [2024-08-06T07:54:08.575+0000] {dagbag.py:545} INFO - Filling up the DagBag from /home/airflow/.local/lib/python3.12/site-packages/airflow/example_dags/example_nested_branch_dag.py
[2024-08-06T07:54:08.596+0000] {processor.py:840} INFO - DAG(s) 'example_nested_branch_dag' retrieved from /home/airflow/.local/lib/python3.12/site-packages/airflow/example_dags/example_nested_branch_dag.py
[2024-08-06T07:54:08.667+0000] {logging_mixin.py:188} INFO - [2024-08-06T07:54:08.667+0000] {dag.py:3096} INFO - Sync 1 DAGs
[2024-08-06T07:54:08.717+0000] {logging_mixin.py:188} INFO - [2024-08-06T07:54:08.717+0000] {dag.py:3954} INFO - Setting next_dagrun for example_nested_branch_dag to 2024-08-05 00:00:00+00:00, run_after=2024-08-06 00:00:00+00:00
[2024-08-06T07:54:08.763+0000] {processor.py:183} INFO - Processing /home/airflow/.local/lib/python3.12/site-packages/airflow/example_dags/example_nested_branch_dag.py took 0.216 seconds
