[2024-08-06T07:47:53.943+0000] {processor.py:161} INFO - Started process (PID=31) to work on /home/airflow/.local/lib/python3.12/site-packages/airflow/example_dags/example_setup_teardown_taskflow.py
[2024-08-06T07:47:53.944+0000] {processor.py:830} INFO - Processing file /home/airflow/.local/lib/python3.12/site-packages/airflow/example_dags/example_setup_teardown_taskflow.py for tasks to queue
[2024-08-06T07:47:53.955+0000] {logging_mixin.py:188} INFO - [2024-08-06T07:47:53.955+0000] {dagbag.py:545} INFO - Filling up the DagBag from /home/airflow/.local/lib/python3.12/site-packages/airflow/example_dags/example_setup_teardown_taskflow.py
[2024-08-06T07:47:54.028+0000] {processor.py:840} INFO - DAG(s) 'example_setup_teardown_taskflow' retrieved from /home/airflow/.local/lib/python3.12/site-packages/airflow/example_dags/example_setup_teardown_taskflow.py
[2024-08-06T07:47:55.022+0000] {logging_mixin.py:188} INFO - [2024-08-06T07:47:55.022+0000] {dag.py:3096} INFO - Sync 1 DAGs
[2024-08-06T07:47:55.083+0000] {logging_mixin.py:188} INFO - [2024-08-06T07:47:55.083+0000] {dag.py:3954} INFO - Setting next_dagrun for example_setup_teardown_taskflow to 2024-08-05 00:00:00+00:00, run_after=2024-08-06 00:00:00+00:00
[2024-08-06T07:47:55.145+0000] {processor.py:183} INFO - Processing /home/airflow/.local/lib/python3.12/site-packages/airflow/example_dags/example_setup_teardown_taskflow.py took 1.224 seconds
[2024-08-06T07:48:25.555+0000] {processor.py:161} INFO - Started process (PID=89) to work on /home/airflow/.local/lib/python3.12/site-packages/airflow/example_dags/example_setup_teardown_taskflow.py
[2024-08-06T07:48:25.556+0000] {processor.py:830} INFO - Processing file /home/airflow/.local/lib/python3.12/site-packages/airflow/example_dags/example_setup_teardown_taskflow.py for tasks to queue
[2024-08-06T07:48:25.557+0000] {logging_mixin.py:188} INFO - [2024-08-06T07:48:25.557+0000] {dagbag.py:545} INFO - Filling up the DagBag from /home/airflow/.local/lib/python3.12/site-packages/airflow/example_dags/example_setup_teardown_taskflow.py
[2024-08-06T07:48:25.568+0000] {processor.py:840} INFO - DAG(s) 'example_setup_teardown_taskflow' retrieved from /home/airflow/.local/lib/python3.12/site-packages/airflow/example_dags/example_setup_teardown_taskflow.py
[2024-08-06T07:48:25.595+0000] {logging_mixin.py:188} INFO - [2024-08-06T07:48:25.595+0000] {dag.py:3096} INFO - Sync 1 DAGs
[2024-08-06T07:48:25.621+0000] {logging_mixin.py:188} INFO - [2024-08-06T07:48:25.621+0000] {dag.py:3954} INFO - Setting next_dagrun for example_setup_teardown_taskflow to 2024-08-05 00:00:00+00:00, run_after=2024-08-06 00:00:00+00:00
[2024-08-06T07:48:25.643+0000] {processor.py:183} INFO - Processing /home/airflow/.local/lib/python3.12/site-packages/airflow/example_dags/example_setup_teardown_taskflow.py took 0.094 seconds
[2024-08-06T07:48:56.553+0000] {processor.py:161} INFO - Started process (PID=147) to work on /home/airflow/.local/lib/python3.12/site-packages/airflow/example_dags/example_setup_teardown_taskflow.py
[2024-08-06T07:48:56.554+0000] {processor.py:830} INFO - Processing file /home/airflow/.local/lib/python3.12/site-packages/airflow/example_dags/example_setup_teardown_taskflow.py for tasks to queue
[2024-08-06T07:48:56.555+0000] {logging_mixin.py:188} INFO - [2024-08-06T07:48:56.555+0000] {dagbag.py:545} INFO - Filling up the DagBag from /home/airflow/.local/lib/python3.12/site-packages/airflow/example_dags/example_setup_teardown_taskflow.py
[2024-08-06T07:48:56.566+0000] {processor.py:840} INFO - DAG(s) 'example_setup_teardown_taskflow' retrieved from /home/airflow/.local/lib/python3.12/site-packages/airflow/example_dags/example_setup_teardown_taskflow.py
[2024-08-06T07:48:56.594+0000] {logging_mixin.py:188} INFO - [2024-08-06T07:48:56.593+0000] {dag.py:3096} INFO - Sync 1 DAGs
[2024-08-06T07:48:56.623+0000] {logging_mixin.py:188} INFO - [2024-08-06T07:48:56.623+0000] {dag.py:3954} INFO - Setting next_dagrun for example_setup_teardown_taskflow to 2024-08-05 00:00:00+00:00, run_after=2024-08-06 00:00:00+00:00
[2024-08-06T07:48:56.646+0000] {processor.py:183} INFO - Processing /home/airflow/.local/lib/python3.12/site-packages/airflow/example_dags/example_setup_teardown_taskflow.py took 0.099 seconds
[2024-08-06T07:49:26.874+0000] {processor.py:161} INFO - Started process (PID=206) to work on /home/airflow/.local/lib/python3.12/site-packages/airflow/example_dags/example_setup_teardown_taskflow.py
[2024-08-06T07:49:26.882+0000] {processor.py:830} INFO - Processing file /home/airflow/.local/lib/python3.12/site-packages/airflow/example_dags/example_setup_teardown_taskflow.py for tasks to queue
[2024-08-06T07:49:26.884+0000] {logging_mixin.py:188} INFO - [2024-08-06T07:49:26.884+0000] {dagbag.py:545} INFO - Filling up the DagBag from /home/airflow/.local/lib/python3.12/site-packages/airflow/example_dags/example_setup_teardown_taskflow.py
[2024-08-06T07:49:26.920+0000] {processor.py:840} INFO - DAG(s) 'example_setup_teardown_taskflow' retrieved from /home/airflow/.local/lib/python3.12/site-packages/airflow/example_dags/example_setup_teardown_taskflow.py
[2024-08-06T07:49:26.960+0000] {logging_mixin.py:188} INFO - [2024-08-06T07:49:26.960+0000] {dag.py:3096} INFO - Sync 1 DAGs
[2024-08-06T07:49:27.015+0000] {logging_mixin.py:188} INFO - [2024-08-06T07:49:27.014+0000] {dag.py:3954} INFO - Setting next_dagrun for example_setup_teardown_taskflow to 2024-08-05 00:00:00+00:00, run_after=2024-08-06 00:00:00+00:00
[2024-08-06T07:49:27.054+0000] {processor.py:183} INFO - Processing /home/airflow/.local/lib/python3.12/site-packages/airflow/example_dags/example_setup_teardown_taskflow.py took 0.190 seconds
[2024-08-06T07:49:57.153+0000] {processor.py:161} INFO - Started process (PID=265) to work on /home/airflow/.local/lib/python3.12/site-packages/airflow/example_dags/example_setup_teardown_taskflow.py
[2024-08-06T07:49:57.154+0000] {processor.py:830} INFO - Processing file /home/airflow/.local/lib/python3.12/site-packages/airflow/example_dags/example_setup_teardown_taskflow.py for tasks to queue
[2024-08-06T07:49:57.155+0000] {logging_mixin.py:188} INFO - [2024-08-06T07:49:57.155+0000] {dagbag.py:545} INFO - Filling up the DagBag from /home/airflow/.local/lib/python3.12/site-packages/airflow/example_dags/example_setup_teardown_taskflow.py
[2024-08-06T07:49:57.164+0000] {processor.py:840} INFO - DAG(s) 'example_setup_teardown_taskflow' retrieved from /home/airflow/.local/lib/python3.12/site-packages/airflow/example_dags/example_setup_teardown_taskflow.py
[2024-08-06T07:49:57.184+0000] {logging_mixin.py:188} INFO - [2024-08-06T07:49:57.184+0000] {dag.py:3096} INFO - Sync 1 DAGs
[2024-08-06T07:49:57.202+0000] {logging_mixin.py:188} INFO - [2024-08-06T07:49:57.202+0000] {dag.py:3954} INFO - Setting next_dagrun for example_setup_teardown_taskflow to 2024-08-05 00:00:00+00:00, run_after=2024-08-06 00:00:00+00:00
[2024-08-06T07:49:57.221+0000] {processor.py:183} INFO - Processing /home/airflow/.local/lib/python3.12/site-packages/airflow/example_dags/example_setup_teardown_taskflow.py took 0.073 seconds
[2024-08-06T07:50:27.332+0000] {processor.py:161} INFO - Started process (PID=323) to work on /home/airflow/.local/lib/python3.12/site-packages/airflow/example_dags/example_setup_teardown_taskflow.py
[2024-08-06T07:50:27.333+0000] {processor.py:830} INFO - Processing file /home/airflow/.local/lib/python3.12/site-packages/airflow/example_dags/example_setup_teardown_taskflow.py for tasks to queue
[2024-08-06T07:50:27.335+0000] {logging_mixin.py:188} INFO - [2024-08-06T07:50:27.334+0000] {dagbag.py:545} INFO - Filling up the DagBag from /home/airflow/.local/lib/python3.12/site-packages/airflow/example_dags/example_setup_teardown_taskflow.py
[2024-08-06T07:50:27.346+0000] {processor.py:840} INFO - DAG(s) 'example_setup_teardown_taskflow' retrieved from /home/airflow/.local/lib/python3.12/site-packages/airflow/example_dags/example_setup_teardown_taskflow.py
[2024-08-06T07:50:27.374+0000] {logging_mixin.py:188} INFO - [2024-08-06T07:50:27.373+0000] {dag.py:3096} INFO - Sync 1 DAGs
[2024-08-06T07:50:27.400+0000] {logging_mixin.py:188} INFO - [2024-08-06T07:50:27.400+0000] {dag.py:3954} INFO - Setting next_dagrun for example_setup_teardown_taskflow to 2024-08-05 00:00:00+00:00, run_after=2024-08-06 00:00:00+00:00
[2024-08-06T07:50:27.423+0000] {processor.py:183} INFO - Processing /home/airflow/.local/lib/python3.12/site-packages/airflow/example_dags/example_setup_teardown_taskflow.py took 0.097 seconds
[2024-08-06T07:50:57.745+0000] {processor.py:161} INFO - Started process (PID=381) to work on /home/airflow/.local/lib/python3.12/site-packages/airflow/example_dags/example_setup_teardown_taskflow.py
[2024-08-06T07:50:57.746+0000] {processor.py:830} INFO - Processing file /home/airflow/.local/lib/python3.12/site-packages/airflow/example_dags/example_setup_teardown_taskflow.py for tasks to queue
[2024-08-06T07:50:57.748+0000] {logging_mixin.py:188} INFO - [2024-08-06T07:50:57.747+0000] {dagbag.py:545} INFO - Filling up the DagBag from /home/airflow/.local/lib/python3.12/site-packages/airflow/example_dags/example_setup_teardown_taskflow.py
[2024-08-06T07:50:57.759+0000] {processor.py:840} INFO - DAG(s) 'example_setup_teardown_taskflow' retrieved from /home/airflow/.local/lib/python3.12/site-packages/airflow/example_dags/example_setup_teardown_taskflow.py
[2024-08-06T07:50:57.787+0000] {logging_mixin.py:188} INFO - [2024-08-06T07:50:57.786+0000] {dag.py:3096} INFO - Sync 1 DAGs
[2024-08-06T07:50:57.814+0000] {logging_mixin.py:188} INFO - [2024-08-06T07:50:57.814+0000] {dag.py:3954} INFO - Setting next_dagrun for example_setup_teardown_taskflow to 2024-08-05 00:00:00+00:00, run_after=2024-08-06 00:00:00+00:00
[2024-08-06T07:50:57.839+0000] {processor.py:183} INFO - Processing /home/airflow/.local/lib/python3.12/site-packages/airflow/example_dags/example_setup_teardown_taskflow.py took 0.100 seconds
[2024-08-06T07:51:28.021+0000] {processor.py:161} INFO - Started process (PID=438) to work on /home/airflow/.local/lib/python3.12/site-packages/airflow/example_dags/example_setup_teardown_taskflow.py
[2024-08-06T07:51:28.022+0000] {processor.py:830} INFO - Processing file /home/airflow/.local/lib/python3.12/site-packages/airflow/example_dags/example_setup_teardown_taskflow.py for tasks to queue
[2024-08-06T07:51:28.024+0000] {logging_mixin.py:188} INFO - [2024-08-06T07:51:28.024+0000] {dagbag.py:545} INFO - Filling up the DagBag from /home/airflow/.local/lib/python3.12/site-packages/airflow/example_dags/example_setup_teardown_taskflow.py
[2024-08-06T07:51:28.035+0000] {processor.py:840} INFO - DAG(s) 'example_setup_teardown_taskflow' retrieved from /home/airflow/.local/lib/python3.12/site-packages/airflow/example_dags/example_setup_teardown_taskflow.py
[2024-08-06T07:51:28.063+0000] {logging_mixin.py:188} INFO - [2024-08-06T07:51:28.063+0000] {dag.py:3096} INFO - Sync 1 DAGs
[2024-08-06T07:51:28.089+0000] {logging_mixin.py:188} INFO - [2024-08-06T07:51:28.089+0000] {dag.py:3954} INFO - Setting next_dagrun for example_setup_teardown_taskflow to 2024-08-05 00:00:00+00:00, run_after=2024-08-06 00:00:00+00:00
[2024-08-06T07:51:28.111+0000] {processor.py:183} INFO - Processing /home/airflow/.local/lib/python3.12/site-packages/airflow/example_dags/example_setup_teardown_taskflow.py took 0.096 seconds
[2024-08-06T07:51:58.465+0000] {processor.py:161} INFO - Started process (PID=496) to work on /home/airflow/.local/lib/python3.12/site-packages/airflow/example_dags/example_setup_teardown_taskflow.py
[2024-08-06T07:51:58.466+0000] {processor.py:830} INFO - Processing file /home/airflow/.local/lib/python3.12/site-packages/airflow/example_dags/example_setup_teardown_taskflow.py for tasks to queue
[2024-08-06T07:51:58.468+0000] {logging_mixin.py:188} INFO - [2024-08-06T07:51:58.468+0000] {dagbag.py:545} INFO - Filling up the DagBag from /home/airflow/.local/lib/python3.12/site-packages/airflow/example_dags/example_setup_teardown_taskflow.py
[2024-08-06T07:51:58.479+0000] {processor.py:840} INFO - DAG(s) 'example_setup_teardown_taskflow' retrieved from /home/airflow/.local/lib/python3.12/site-packages/airflow/example_dags/example_setup_teardown_taskflow.py
[2024-08-06T07:51:58.504+0000] {logging_mixin.py:188} INFO - [2024-08-06T07:51:58.504+0000] {dag.py:3096} INFO - Sync 1 DAGs
[2024-08-06T07:51:58.528+0000] {logging_mixin.py:188} INFO - [2024-08-06T07:51:58.528+0000] {dag.py:3954} INFO - Setting next_dagrun for example_setup_teardown_taskflow to 2024-08-05 00:00:00+00:00, run_after=2024-08-06 00:00:00+00:00
[2024-08-06T07:51:58.551+0000] {processor.py:183} INFO - Processing /home/airflow/.local/lib/python3.12/site-packages/airflow/example_dags/example_setup_teardown_taskflow.py took 0.096 seconds
[2024-08-06T07:52:28.710+0000] {processor.py:161} INFO - Started process (PID=554) to work on /home/airflow/.local/lib/python3.12/site-packages/airflow/example_dags/example_setup_teardown_taskflow.py
[2024-08-06T07:52:28.715+0000] {processor.py:830} INFO - Processing file /home/airflow/.local/lib/python3.12/site-packages/airflow/example_dags/example_setup_teardown_taskflow.py for tasks to queue
[2024-08-06T07:52:28.717+0000] {logging_mixin.py:188} INFO - [2024-08-06T07:52:28.716+0000] {dagbag.py:545} INFO - Filling up the DagBag from /home/airflow/.local/lib/python3.12/site-packages/airflow/example_dags/example_setup_teardown_taskflow.py
[2024-08-06T07:52:28.739+0000] {processor.py:840} INFO - DAG(s) 'example_setup_teardown_taskflow' retrieved from /home/airflow/.local/lib/python3.12/site-packages/airflow/example_dags/example_setup_teardown_taskflow.py
[2024-08-06T07:52:28.772+0000] {logging_mixin.py:188} INFO - [2024-08-06T07:52:28.772+0000] {dag.py:3096} INFO - Sync 1 DAGs
[2024-08-06T07:52:28.798+0000] {logging_mixin.py:188} INFO - [2024-08-06T07:52:28.798+0000] {dag.py:3954} INFO - Setting next_dagrun for example_setup_teardown_taskflow to 2024-08-05 00:00:00+00:00, run_after=2024-08-06 00:00:00+00:00
[2024-08-06T07:52:28.822+0000] {processor.py:183} INFO - Processing /home/airflow/.local/lib/python3.12/site-packages/airflow/example_dags/example_setup_teardown_taskflow.py took 0.124 seconds
[2024-08-06T07:52:59.107+0000] {processor.py:161} INFO - Started process (PID=609) to work on /home/airflow/.local/lib/python3.12/site-packages/airflow/example_dags/example_setup_teardown_taskflow.py
[2024-08-06T07:52:59.108+0000] {processor.py:830} INFO - Processing file /home/airflow/.local/lib/python3.12/site-packages/airflow/example_dags/example_setup_teardown_taskflow.py for tasks to queue
[2024-08-06T07:52:59.110+0000] {logging_mixin.py:188} INFO - [2024-08-06T07:52:59.109+0000] {dagbag.py:545} INFO - Filling up the DagBag from /home/airflow/.local/lib/python3.12/site-packages/airflow/example_dags/example_setup_teardown_taskflow.py
[2024-08-06T07:52:59.122+0000] {processor.py:840} INFO - DAG(s) 'example_setup_teardown_taskflow' retrieved from /home/airflow/.local/lib/python3.12/site-packages/airflow/example_dags/example_setup_teardown_taskflow.py
[2024-08-06T07:52:59.166+0000] {logging_mixin.py:188} INFO - [2024-08-06T07:52:59.165+0000] {dag.py:3096} INFO - Sync 1 DAGs
[2024-08-06T07:52:59.215+0000] {logging_mixin.py:188} INFO - [2024-08-06T07:52:59.215+0000] {dag.py:3954} INFO - Setting next_dagrun for example_setup_teardown_taskflow to 2024-08-05 00:00:00+00:00, run_after=2024-08-06 00:00:00+00:00
[2024-08-06T07:52:59.270+0000] {processor.py:183} INFO - Processing /home/airflow/.local/lib/python3.12/site-packages/airflow/example_dags/example_setup_teardown_taskflow.py took 0.169 seconds
[2024-08-06T07:53:29.386+0000] {processor.py:161} INFO - Started process (PID=668) to work on /home/airflow/.local/lib/python3.12/site-packages/airflow/example_dags/example_setup_teardown_taskflow.py
[2024-08-06T07:53:29.388+0000] {processor.py:830} INFO - Processing file /home/airflow/.local/lib/python3.12/site-packages/airflow/example_dags/example_setup_teardown_taskflow.py for tasks to queue
[2024-08-06T07:53:29.389+0000] {logging_mixin.py:188} INFO - [2024-08-06T07:53:29.389+0000] {dagbag.py:545} INFO - Filling up the DagBag from /home/airflow/.local/lib/python3.12/site-packages/airflow/example_dags/example_setup_teardown_taskflow.py
[2024-08-06T07:53:29.427+0000] {processor.py:840} INFO - DAG(s) 'example_setup_teardown_taskflow' retrieved from /home/airflow/.local/lib/python3.12/site-packages/airflow/example_dags/example_setup_teardown_taskflow.py
[2024-08-06T07:53:29.535+0000] {logging_mixin.py:188} INFO - [2024-08-06T07:53:29.535+0000] {dag.py:3096} INFO - Sync 1 DAGs
[2024-08-06T07:53:29.675+0000] {logging_mixin.py:188} INFO - [2024-08-06T07:53:29.675+0000] {dag.py:3954} INFO - Setting next_dagrun for example_setup_teardown_taskflow to 2024-08-05 00:00:00+00:00, run_after=2024-08-06 00:00:00+00:00
[2024-08-06T07:53:29.784+0000] {processor.py:183} INFO - Processing /home/airflow/.local/lib/python3.12/site-packages/airflow/example_dags/example_setup_teardown_taskflow.py took 0.429 seconds
[2024-08-06T07:53:59.859+0000] {processor.py:161} INFO - Started process (PID=724) to work on /home/airflow/.local/lib/python3.12/site-packages/airflow/example_dags/example_setup_teardown_taskflow.py
[2024-08-06T07:53:59.862+0000] {processor.py:830} INFO - Processing file /home/airflow/.local/lib/python3.12/site-packages/airflow/example_dags/example_setup_teardown_taskflow.py for tasks to queue
[2024-08-06T07:53:59.867+0000] {logging_mixin.py:188} INFO - [2024-08-06T07:53:59.867+0000] {dagbag.py:545} INFO - Filling up the DagBag from /home/airflow/.local/lib/python3.12/site-packages/airflow/example_dags/example_setup_teardown_taskflow.py
[2024-08-06T07:53:59.882+0000] {processor.py:840} INFO - DAG(s) 'example_setup_teardown_taskflow' retrieved from /home/airflow/.local/lib/python3.12/site-packages/airflow/example_dags/example_setup_teardown_taskflow.py
[2024-08-06T07:53:59.908+0000] {logging_mixin.py:188} INFO - [2024-08-06T07:53:59.908+0000] {dag.py:3096} INFO - Sync 1 DAGs
[2024-08-06T07:53:59.936+0000] {logging_mixin.py:188} INFO - [2024-08-06T07:53:59.936+0000] {dag.py:3954} INFO - Setting next_dagrun for example_setup_teardown_taskflow to 2024-08-05 00:00:00+00:00, run_after=2024-08-06 00:00:00+00:00
[2024-08-06T07:53:59.984+0000] {processor.py:183} INFO - Processing /home/airflow/.local/lib/python3.12/site-packages/airflow/example_dags/example_setup_teardown_taskflow.py took 0.131 seconds
