[2024-08-06T07:47:55.314+0000] {processor.py:161} INFO - Started process (PID=33) to work on /home/airflow/.local/lib/python3.12/site-packages/airflow/example_dags/example_branch_day_of_week_operator.py
[2024-08-06T07:47:55.319+0000] {processor.py:830} INFO - Processing file /home/airflow/.local/lib/python3.12/site-packages/airflow/example_dags/example_branch_day_of_week_operator.py for tasks to queue
[2024-08-06T07:47:55.331+0000] {logging_mixin.py:188} INFO - [2024-08-06T07:47:55.330+0000] {dagbag.py:545} INFO - Filling up the DagBag from /home/airflow/.local/lib/python3.12/site-packages/airflow/example_dags/example_branch_day_of_week_operator.py
[2024-08-06T07:47:55.378+0000] {processor.py:840} INFO - DAG(s) 'example_weekday_branch_operator' retrieved from /home/airflow/.local/lib/python3.12/site-packages/airflow/example_dags/example_branch_day_of_week_operator.py
[2024-08-06T07:47:56.068+0000] {logging_mixin.py:188} INFO - [2024-08-06T07:47:56.068+0000] {dag.py:3096} INFO - Sync 1 DAGs
[2024-08-06T07:47:56.145+0000] {logging_mixin.py:188} INFO - [2024-08-06T07:47:56.144+0000] {dag.py:3954} INFO - Setting next_dagrun for example_weekday_branch_operator to 2024-08-05 00:00:00+00:00, run_after=2024-08-06 00:00:00+00:00
[2024-08-06T07:47:56.250+0000] {processor.py:183} INFO - Processing /home/airflow/.local/lib/python3.12/site-packages/airflow/example_dags/example_branch_day_of_week_operator.py took 1.018 seconds
[2024-08-06T07:48:26.572+0000] {processor.py:161} INFO - Started process (PID=91) to work on /home/airflow/.local/lib/python3.12/site-packages/airflow/example_dags/example_branch_day_of_week_operator.py
[2024-08-06T07:48:26.573+0000] {processor.py:830} INFO - Processing file /home/airflow/.local/lib/python3.12/site-packages/airflow/example_dags/example_branch_day_of_week_operator.py for tasks to queue
[2024-08-06T07:48:26.575+0000] {logging_mixin.py:188} INFO - [2024-08-06T07:48:26.574+0000] {dagbag.py:545} INFO - Filling up the DagBag from /home/airflow/.local/lib/python3.12/site-packages/airflow/example_dags/example_branch_day_of_week_operator.py
[2024-08-06T07:48:26.584+0000] {processor.py:840} INFO - DAG(s) 'example_weekday_branch_operator' retrieved from /home/airflow/.local/lib/python3.12/site-packages/airflow/example_dags/example_branch_day_of_week_operator.py
[2024-08-06T07:48:26.609+0000] {logging_mixin.py:188} INFO - [2024-08-06T07:48:26.609+0000] {dag.py:3096} INFO - Sync 1 DAGs
[2024-08-06T07:48:26.637+0000] {logging_mixin.py:188} INFO - [2024-08-06T07:48:26.637+0000] {dag.py:3954} INFO - Setting next_dagrun for example_weekday_branch_operator to 2024-08-05 00:00:00+00:00, run_after=2024-08-06 00:00:00+00:00
[2024-08-06T07:48:26.660+0000] {processor.py:183} INFO - Processing /home/airflow/.local/lib/python3.12/site-packages/airflow/example_dags/example_branch_day_of_week_operator.py took 0.093 seconds
[2024-08-06T07:48:56.697+0000] {processor.py:161} INFO - Started process (PID=149) to work on /home/airflow/.local/lib/python3.12/site-packages/airflow/example_dags/example_branch_day_of_week_operator.py
[2024-08-06T07:48:56.697+0000] {processor.py:830} INFO - Processing file /home/airflow/.local/lib/python3.12/site-packages/airflow/example_dags/example_branch_day_of_week_operator.py for tasks to queue
[2024-08-06T07:48:56.699+0000] {logging_mixin.py:188} INFO - [2024-08-06T07:48:56.699+0000] {dagbag.py:545} INFO - Filling up the DagBag from /home/airflow/.local/lib/python3.12/site-packages/airflow/example_dags/example_branch_day_of_week_operator.py
[2024-08-06T07:48:56.709+0000] {processor.py:840} INFO - DAG(s) 'example_weekday_branch_operator' retrieved from /home/airflow/.local/lib/python3.12/site-packages/airflow/example_dags/example_branch_day_of_week_operator.py
[2024-08-06T07:48:56.730+0000] {logging_mixin.py:188} INFO - [2024-08-06T07:48:56.730+0000] {dag.py:3096} INFO - Sync 1 DAGs
[2024-08-06T07:48:56.763+0000] {logging_mixin.py:188} INFO - [2024-08-06T07:48:56.762+0000] {dag.py:3954} INFO - Setting next_dagrun for example_weekday_branch_operator to 2024-08-05 00:00:00+00:00, run_after=2024-08-06 00:00:00+00:00
[2024-08-06T07:48:56.791+0000] {processor.py:183} INFO - Processing /home/airflow/.local/lib/python3.12/site-packages/airflow/example_dags/example_branch_day_of_week_operator.py took 0.103 seconds
[2024-08-06T07:49:27.129+0000] {processor.py:161} INFO - Started process (PID=208) to work on /home/airflow/.local/lib/python3.12/site-packages/airflow/example_dags/example_branch_day_of_week_operator.py
[2024-08-06T07:49:27.130+0000] {processor.py:830} INFO - Processing file /home/airflow/.local/lib/python3.12/site-packages/airflow/example_dags/example_branch_day_of_week_operator.py for tasks to queue
[2024-08-06T07:49:27.131+0000] {logging_mixin.py:188} INFO - [2024-08-06T07:49:27.131+0000] {dagbag.py:545} INFO - Filling up the DagBag from /home/airflow/.local/lib/python3.12/site-packages/airflow/example_dags/example_branch_day_of_week_operator.py
[2024-08-06T07:49:27.182+0000] {processor.py:840} INFO - DAG(s) 'example_weekday_branch_operator' retrieved from /home/airflow/.local/lib/python3.12/site-packages/airflow/example_dags/example_branch_day_of_week_operator.py
[2024-08-06T07:49:27.311+0000] {logging_mixin.py:188} INFO - [2024-08-06T07:49:27.310+0000] {dag.py:3096} INFO - Sync 1 DAGs
[2024-08-06T07:49:27.532+0000] {logging_mixin.py:188} INFO - [2024-08-06T07:49:27.532+0000] {dag.py:3954} INFO - Setting next_dagrun for example_weekday_branch_operator to 2024-08-05 00:00:00+00:00, run_after=2024-08-06 00:00:00+00:00
[2024-08-06T07:49:27.641+0000] {processor.py:183} INFO - Processing /home/airflow/.local/lib/python3.12/site-packages/airflow/example_dags/example_branch_day_of_week_operator.py took 0.534 seconds
[2024-08-06T07:49:58.254+0000] {processor.py:161} INFO - Started process (PID=267) to work on /home/airflow/.local/lib/python3.12/site-packages/airflow/example_dags/example_branch_day_of_week_operator.py
[2024-08-06T07:49:58.255+0000] {processor.py:830} INFO - Processing file /home/airflow/.local/lib/python3.12/site-packages/airflow/example_dags/example_branch_day_of_week_operator.py for tasks to queue
[2024-08-06T07:49:58.257+0000] {logging_mixin.py:188} INFO - [2024-08-06T07:49:58.256+0000] {dagbag.py:545} INFO - Filling up the DagBag from /home/airflow/.local/lib/python3.12/site-packages/airflow/example_dags/example_branch_day_of_week_operator.py
[2024-08-06T07:49:58.266+0000] {processor.py:840} INFO - DAG(s) 'example_weekday_branch_operator' retrieved from /home/airflow/.local/lib/python3.12/site-packages/airflow/example_dags/example_branch_day_of_week_operator.py
[2024-08-06T07:49:58.293+0000] {logging_mixin.py:188} INFO - [2024-08-06T07:49:58.293+0000] {dag.py:3096} INFO - Sync 1 DAGs
[2024-08-06T07:49:58.325+0000] {logging_mixin.py:188} INFO - [2024-08-06T07:49:58.325+0000] {dag.py:3954} INFO - Setting next_dagrun for example_weekday_branch_operator to 2024-08-05 00:00:00+00:00, run_after=2024-08-06 00:00:00+00:00
[2024-08-06T07:49:58.348+0000] {processor.py:183} INFO - Processing /home/airflow/.local/lib/python3.12/site-packages/airflow/example_dags/example_branch_day_of_week_operator.py took 0.100 seconds
[2024-08-06T07:50:28.456+0000] {processor.py:161} INFO - Started process (PID=325) to work on /home/airflow/.local/lib/python3.12/site-packages/airflow/example_dags/example_branch_day_of_week_operator.py
[2024-08-06T07:50:28.457+0000] {processor.py:830} INFO - Processing file /home/airflow/.local/lib/python3.12/site-packages/airflow/example_dags/example_branch_day_of_week_operator.py for tasks to queue
[2024-08-06T07:50:28.458+0000] {logging_mixin.py:188} INFO - [2024-08-06T07:50:28.458+0000] {dagbag.py:545} INFO - Filling up the DagBag from /home/airflow/.local/lib/python3.12/site-packages/airflow/example_dags/example_branch_day_of_week_operator.py
[2024-08-06T07:50:28.468+0000] {processor.py:840} INFO - DAG(s) 'example_weekday_branch_operator' retrieved from /home/airflow/.local/lib/python3.12/site-packages/airflow/example_dags/example_branch_day_of_week_operator.py
[2024-08-06T07:50:28.497+0000] {logging_mixin.py:188} INFO - [2024-08-06T07:50:28.497+0000] {dag.py:3096} INFO - Sync 1 DAGs
[2024-08-06T07:50:28.540+0000] {logging_mixin.py:188} INFO - [2024-08-06T07:50:28.540+0000] {dag.py:3954} INFO - Setting next_dagrun for example_weekday_branch_operator to 2024-08-05 00:00:00+00:00, run_after=2024-08-06 00:00:00+00:00
[2024-08-06T07:50:28.578+0000] {processor.py:183} INFO - Processing /home/airflow/.local/lib/python3.12/site-packages/airflow/example_dags/example_branch_day_of_week_operator.py took 0.128 seconds
[2024-08-06T07:50:58.873+0000] {processor.py:161} INFO - Started process (PID=383) to work on /home/airflow/.local/lib/python3.12/site-packages/airflow/example_dags/example_branch_day_of_week_operator.py
[2024-08-06T07:50:58.873+0000] {processor.py:830} INFO - Processing file /home/airflow/.local/lib/python3.12/site-packages/airflow/example_dags/example_branch_day_of_week_operator.py for tasks to queue
[2024-08-06T07:50:58.875+0000] {logging_mixin.py:188} INFO - [2024-08-06T07:50:58.875+0000] {dagbag.py:545} INFO - Filling up the DagBag from /home/airflow/.local/lib/python3.12/site-packages/airflow/example_dags/example_branch_day_of_week_operator.py
[2024-08-06T07:50:58.883+0000] {processor.py:840} INFO - DAG(s) 'example_weekday_branch_operator' retrieved from /home/airflow/.local/lib/python3.12/site-packages/airflow/example_dags/example_branch_day_of_week_operator.py
[2024-08-06T07:50:58.907+0000] {logging_mixin.py:188} INFO - [2024-08-06T07:50:58.907+0000] {dag.py:3096} INFO - Sync 1 DAGs
[2024-08-06T07:50:58.934+0000] {logging_mixin.py:188} INFO - [2024-08-06T07:50:58.934+0000] {dag.py:3954} INFO - Setting next_dagrun for example_weekday_branch_operator to 2024-08-05 00:00:00+00:00, run_after=2024-08-06 00:00:00+00:00
[2024-08-06T07:50:58.958+0000] {processor.py:183} INFO - Processing /home/airflow/.local/lib/python3.12/site-packages/airflow/example_dags/example_branch_day_of_week_operator.py took 0.091 seconds
[2024-08-06T07:51:29.143+0000] {processor.py:161} INFO - Started process (PID=440) to work on /home/airflow/.local/lib/python3.12/site-packages/airflow/example_dags/example_branch_day_of_week_operator.py
[2024-08-06T07:51:29.143+0000] {processor.py:830} INFO - Processing file /home/airflow/.local/lib/python3.12/site-packages/airflow/example_dags/example_branch_day_of_week_operator.py for tasks to queue
[2024-08-06T07:51:29.145+0000] {logging_mixin.py:188} INFO - [2024-08-06T07:51:29.145+0000] {dagbag.py:545} INFO - Filling up the DagBag from /home/airflow/.local/lib/python3.12/site-packages/airflow/example_dags/example_branch_day_of_week_operator.py
[2024-08-06T07:51:29.154+0000] {processor.py:840} INFO - DAG(s) 'example_weekday_branch_operator' retrieved from /home/airflow/.local/lib/python3.12/site-packages/airflow/example_dags/example_branch_day_of_week_operator.py
[2024-08-06T07:51:29.179+0000] {logging_mixin.py:188} INFO - [2024-08-06T07:51:29.179+0000] {dag.py:3096} INFO - Sync 1 DAGs
[2024-08-06T07:51:29.206+0000] {logging_mixin.py:188} INFO - [2024-08-06T07:51:29.206+0000] {dag.py:3954} INFO - Setting next_dagrun for example_weekday_branch_operator to 2024-08-05 00:00:00+00:00, run_after=2024-08-06 00:00:00+00:00
[2024-08-06T07:51:29.232+0000] {processor.py:183} INFO - Processing /home/airflow/.local/lib/python3.12/site-packages/airflow/example_dags/example_branch_day_of_week_operator.py took 0.096 seconds
[2024-08-06T07:51:59.585+0000] {processor.py:161} INFO - Started process (PID=498) to work on /home/airflow/.local/lib/python3.12/site-packages/airflow/example_dags/example_branch_day_of_week_operator.py
[2024-08-06T07:51:59.586+0000] {processor.py:830} INFO - Processing file /home/airflow/.local/lib/python3.12/site-packages/airflow/example_dags/example_branch_day_of_week_operator.py for tasks to queue
[2024-08-06T07:51:59.588+0000] {logging_mixin.py:188} INFO - [2024-08-06T07:51:59.588+0000] {dagbag.py:545} INFO - Filling up the DagBag from /home/airflow/.local/lib/python3.12/site-packages/airflow/example_dags/example_branch_day_of_week_operator.py
[2024-08-06T07:51:59.597+0000] {processor.py:840} INFO - DAG(s) 'example_weekday_branch_operator' retrieved from /home/airflow/.local/lib/python3.12/site-packages/airflow/example_dags/example_branch_day_of_week_operator.py
[2024-08-06T07:51:59.622+0000] {logging_mixin.py:188} INFO - [2024-08-06T07:51:59.622+0000] {dag.py:3096} INFO - Sync 1 DAGs
[2024-08-06T07:51:59.697+0000] {logging_mixin.py:188} INFO - [2024-08-06T07:51:59.697+0000] {dag.py:3954} INFO - Setting next_dagrun for example_weekday_branch_operator to 2024-08-05 00:00:00+00:00, run_after=2024-08-06 00:00:00+00:00
[2024-08-06T07:51:59.733+0000] {processor.py:183} INFO - Processing /home/airflow/.local/lib/python3.12/site-packages/airflow/example_dags/example_branch_day_of_week_operator.py took 0.154 seconds
[2024-08-06T07:52:29.856+0000] {processor.py:161} INFO - Started process (PID=556) to work on /home/airflow/.local/lib/python3.12/site-packages/airflow/example_dags/example_branch_day_of_week_operator.py
[2024-08-06T07:52:29.857+0000] {processor.py:830} INFO - Processing file /home/airflow/.local/lib/python3.12/site-packages/airflow/example_dags/example_branch_day_of_week_operator.py for tasks to queue
[2024-08-06T07:52:29.859+0000] {logging_mixin.py:188} INFO - [2024-08-06T07:52:29.858+0000] {dagbag.py:545} INFO - Filling up the DagBag from /home/airflow/.local/lib/python3.12/site-packages/airflow/example_dags/example_branch_day_of_week_operator.py
[2024-08-06T07:52:29.869+0000] {processor.py:840} INFO - DAG(s) 'example_weekday_branch_operator' retrieved from /home/airflow/.local/lib/python3.12/site-packages/airflow/example_dags/example_branch_day_of_week_operator.py
[2024-08-06T07:52:29.895+0000] {logging_mixin.py:188} INFO - [2024-08-06T07:52:29.895+0000] {dag.py:3096} INFO - Sync 1 DAGs
[2024-08-06T07:52:29.923+0000] {logging_mixin.py:188} INFO - [2024-08-06T07:52:29.923+0000] {dag.py:3954} INFO - Setting next_dagrun for example_weekday_branch_operator to 2024-08-05 00:00:00+00:00, run_after=2024-08-06 00:00:00+00:00
[2024-08-06T07:52:29.945+0000] {processor.py:183} INFO - Processing /home/airflow/.local/lib/python3.12/site-packages/airflow/example_dags/example_branch_day_of_week_operator.py took 0.096 seconds
[2024-08-06T07:53:00.315+0000] {processor.py:161} INFO - Started process (PID=613) to work on /home/airflow/.local/lib/python3.12/site-packages/airflow/example_dags/example_branch_day_of_week_operator.py
[2024-08-06T07:53:00.316+0000] {processor.py:830} INFO - Processing file /home/airflow/.local/lib/python3.12/site-packages/airflow/example_dags/example_branch_day_of_week_operator.py for tasks to queue
[2024-08-06T07:53:00.317+0000] {logging_mixin.py:188} INFO - [2024-08-06T07:53:00.317+0000] {dagbag.py:545} INFO - Filling up the DagBag from /home/airflow/.local/lib/python3.12/site-packages/airflow/example_dags/example_branch_day_of_week_operator.py
[2024-08-06T07:53:00.326+0000] {processor.py:840} INFO - DAG(s) 'example_weekday_branch_operator' retrieved from /home/airflow/.local/lib/python3.12/site-packages/airflow/example_dags/example_branch_day_of_week_operator.py
[2024-08-06T07:53:00.352+0000] {logging_mixin.py:188} INFO - [2024-08-06T07:53:00.351+0000] {dag.py:3096} INFO - Sync 1 DAGs
[2024-08-06T07:53:00.380+0000] {logging_mixin.py:188} INFO - [2024-08-06T07:53:00.380+0000] {dag.py:3954} INFO - Setting next_dagrun for example_weekday_branch_operator to 2024-08-05 00:00:00+00:00, run_after=2024-08-06 00:00:00+00:00
[2024-08-06T07:53:00.403+0000] {processor.py:183} INFO - Processing /home/airflow/.local/lib/python3.12/site-packages/airflow/example_dags/example_branch_day_of_week_operator.py took 0.094 seconds
[2024-08-06T07:53:30.787+0000] {processor.py:161} INFO - Started process (PID=671) to work on /home/airflow/.local/lib/python3.12/site-packages/airflow/example_dags/example_branch_day_of_week_operator.py
[2024-08-06T07:53:30.795+0000] {processor.py:830} INFO - Processing file /home/airflow/.local/lib/python3.12/site-packages/airflow/example_dags/example_branch_day_of_week_operator.py for tasks to queue
[2024-08-06T07:53:30.796+0000] {logging_mixin.py:188} INFO - [2024-08-06T07:53:30.796+0000] {dagbag.py:545} INFO - Filling up the DagBag from /home/airflow/.local/lib/python3.12/site-packages/airflow/example_dags/example_branch_day_of_week_operator.py
[2024-08-06T07:53:30.813+0000] {processor.py:840} INFO - DAG(s) 'example_weekday_branch_operator' retrieved from /home/airflow/.local/lib/python3.12/site-packages/airflow/example_dags/example_branch_day_of_week_operator.py
[2024-08-06T07:53:30.903+0000] {logging_mixin.py:188} INFO - [2024-08-06T07:53:30.903+0000] {dag.py:3096} INFO - Sync 1 DAGs
[2024-08-06T07:53:30.993+0000] {logging_mixin.py:188} INFO - [2024-08-06T07:53:30.993+0000] {dag.py:3954} INFO - Setting next_dagrun for example_weekday_branch_operator to 2024-08-05 00:00:00+00:00, run_after=2024-08-06 00:00:00+00:00
[2024-08-06T07:53:31.068+0000] {processor.py:183} INFO - Processing /home/airflow/.local/lib/python3.12/site-packages/airflow/example_dags/example_branch_day_of_week_operator.py took 0.306 seconds
[2024-08-06T07:54:01.899+0000] {processor.py:161} INFO - Started process (PID=726) to work on /home/airflow/.local/lib/python3.12/site-packages/airflow/example_dags/example_branch_day_of_week_operator.py
[2024-08-06T07:54:01.900+0000] {processor.py:830} INFO - Processing file /home/airflow/.local/lib/python3.12/site-packages/airflow/example_dags/example_branch_day_of_week_operator.py for tasks to queue
[2024-08-06T07:54:01.902+0000] {logging_mixin.py:188} INFO - [2024-08-06T07:54:01.902+0000] {dagbag.py:545} INFO - Filling up the DagBag from /home/airflow/.local/lib/python3.12/site-packages/airflow/example_dags/example_branch_day_of_week_operator.py
[2024-08-06T07:54:01.911+0000] {processor.py:840} INFO - DAG(s) 'example_weekday_branch_operator' retrieved from /home/airflow/.local/lib/python3.12/site-packages/airflow/example_dags/example_branch_day_of_week_operator.py
[2024-08-06T07:54:01.941+0000] {logging_mixin.py:188} INFO - [2024-08-06T07:54:01.941+0000] {dag.py:3096} INFO - Sync 1 DAGs
[2024-08-06T07:54:01.972+0000] {logging_mixin.py:188} INFO - [2024-08-06T07:54:01.971+0000] {dag.py:3954} INFO - Setting next_dagrun for example_weekday_branch_operator to 2024-08-05 00:00:00+00:00, run_after=2024-08-06 00:00:00+00:00
[2024-08-06T07:54:01.998+0000] {processor.py:183} INFO - Processing /home/airflow/.local/lib/python3.12/site-packages/airflow/example_dags/example_branch_day_of_week_operator.py took 0.105 seconds
