[2024-08-06T07:47:54.000+0000] {processor.py:161} INFO - Started process (PID=32) to work on /home/airflow/.local/lib/python3.12/site-packages/airflow/example_dags/example_branch_labels.py
[2024-08-06T07:47:54.001+0000] {processor.py:830} INFO - Processing file /home/airflow/.local/lib/python3.12/site-packages/airflow/example_dags/example_branch_labels.py for tasks to queue
[2024-08-06T07:47:54.018+0000] {logging_mixin.py:188} INFO - [2024-08-06T07:47:54.002+0000] {dagbag.py:545} INFO - Filling up the DagBag from /home/airflow/.local/lib/python3.12/site-packages/airflow/example_dags/example_branch_labels.py
[2024-08-06T07:47:54.087+0000] {processor.py:840} INFO - DAG(s) 'example_branch_labels' retrieved from /home/airflow/.local/lib/python3.12/site-packages/airflow/example_dags/example_branch_labels.py
[2024-08-06T07:47:55.075+0000] {logging_mixin.py:188} INFO - [2024-08-06T07:47:55.075+0000] {dag.py:3096} INFO - Sync 1 DAGs
[2024-08-06T07:47:55.150+0000] {logging_mixin.py:188} INFO - [2024-08-06T07:47:55.150+0000] {dag.py:3954} INFO - Setting next_dagrun for example_branch_labels to 2024-08-05 00:00:00+00:00, run_after=2024-08-06 00:00:00+00:00
[2024-08-06T07:47:55.209+0000] {processor.py:183} INFO - Processing /home/airflow/.local/lib/python3.12/site-packages/airflow/example_dags/example_branch_labels.py took 1.251 seconds
[2024-08-06T07:48:25.564+0000] {processor.py:161} INFO - Started process (PID=90) to work on /home/airflow/.local/lib/python3.12/site-packages/airflow/example_dags/example_branch_labels.py
[2024-08-06T07:48:25.565+0000] {processor.py:830} INFO - Processing file /home/airflow/.local/lib/python3.12/site-packages/airflow/example_dags/example_branch_labels.py for tasks to queue
[2024-08-06T07:48:25.567+0000] {logging_mixin.py:188} INFO - [2024-08-06T07:48:25.566+0000] {dagbag.py:545} INFO - Filling up the DagBag from /home/airflow/.local/lib/python3.12/site-packages/airflow/example_dags/example_branch_labels.py
[2024-08-06T07:48:25.576+0000] {processor.py:840} INFO - DAG(s) 'example_branch_labels' retrieved from /home/airflow/.local/lib/python3.12/site-packages/airflow/example_dags/example_branch_labels.py
[2024-08-06T07:48:25.599+0000] {logging_mixin.py:188} INFO - [2024-08-06T07:48:25.599+0000] {dag.py:3096} INFO - Sync 1 DAGs
[2024-08-06T07:48:25.626+0000] {logging_mixin.py:188} INFO - [2024-08-06T07:48:25.626+0000] {dag.py:3954} INFO - Setting next_dagrun for example_branch_labels to 2024-08-05 00:00:00+00:00, run_after=2024-08-06 00:00:00+00:00
[2024-08-06T07:48:25.649+0000] {processor.py:183} INFO - Processing /home/airflow/.local/lib/python3.12/site-packages/airflow/example_dags/example_branch_labels.py took 0.091 seconds
[2024-08-06T07:48:56.562+0000] {processor.py:161} INFO - Started process (PID=148) to work on /home/airflow/.local/lib/python3.12/site-packages/airflow/example_dags/example_branch_labels.py
[2024-08-06T07:48:56.563+0000] {processor.py:830} INFO - Processing file /home/airflow/.local/lib/python3.12/site-packages/airflow/example_dags/example_branch_labels.py for tasks to queue
[2024-08-06T07:48:56.564+0000] {logging_mixin.py:188} INFO - [2024-08-06T07:48:56.564+0000] {dagbag.py:545} INFO - Filling up the DagBag from /home/airflow/.local/lib/python3.12/site-packages/airflow/example_dags/example_branch_labels.py
[2024-08-06T07:48:56.574+0000] {processor.py:840} INFO - DAG(s) 'example_branch_labels' retrieved from /home/airflow/.local/lib/python3.12/site-packages/airflow/example_dags/example_branch_labels.py
[2024-08-06T07:48:56.599+0000] {logging_mixin.py:188} INFO - [2024-08-06T07:48:56.599+0000] {dag.py:3096} INFO - Sync 1 DAGs
[2024-08-06T07:48:56.627+0000] {logging_mixin.py:188} INFO - [2024-08-06T07:48:56.627+0000] {dag.py:3954} INFO - Setting next_dagrun for example_branch_labels to 2024-08-05 00:00:00+00:00, run_after=2024-08-06 00:00:00+00:00
[2024-08-06T07:48:56.661+0000] {processor.py:183} INFO - Processing /home/airflow/.local/lib/python3.12/site-packages/airflow/example_dags/example_branch_labels.py took 0.106 seconds
[2024-08-06T07:49:26.907+0000] {processor.py:161} INFO - Started process (PID=207) to work on /home/airflow/.local/lib/python3.12/site-packages/airflow/example_dags/example_branch_labels.py
[2024-08-06T07:49:26.908+0000] {processor.py:830} INFO - Processing file /home/airflow/.local/lib/python3.12/site-packages/airflow/example_dags/example_branch_labels.py for tasks to queue
[2024-08-06T07:49:26.910+0000] {logging_mixin.py:188} INFO - [2024-08-06T07:49:26.910+0000] {dagbag.py:545} INFO - Filling up the DagBag from /home/airflow/.local/lib/python3.12/site-packages/airflow/example_dags/example_branch_labels.py
[2024-08-06T07:49:26.942+0000] {processor.py:840} INFO - DAG(s) 'example_branch_labels' retrieved from /home/airflow/.local/lib/python3.12/site-packages/airflow/example_dags/example_branch_labels.py
[2024-08-06T07:49:27.005+0000] {logging_mixin.py:188} INFO - [2024-08-06T07:49:27.004+0000] {dag.py:3096} INFO - Sync 1 DAGs
[2024-08-06T07:49:27.061+0000] {logging_mixin.py:188} INFO - [2024-08-06T07:49:27.061+0000] {dag.py:3954} INFO - Setting next_dagrun for example_branch_labels to 2024-08-05 00:00:00+00:00, run_after=2024-08-06 00:00:00+00:00
[2024-08-06T07:49:27.103+0000] {processor.py:183} INFO - Processing /home/airflow/.local/lib/python3.12/site-packages/airflow/example_dags/example_branch_labels.py took 0.212 seconds
[2024-08-06T07:49:57.242+0000] {processor.py:161} INFO - Started process (PID=266) to work on /home/airflow/.local/lib/python3.12/site-packages/airflow/example_dags/example_branch_labels.py
[2024-08-06T07:49:57.242+0000] {processor.py:830} INFO - Processing file /home/airflow/.local/lib/python3.12/site-packages/airflow/example_dags/example_branch_labels.py for tasks to queue
[2024-08-06T07:49:57.244+0000] {logging_mixin.py:188} INFO - [2024-08-06T07:49:57.244+0000] {dagbag.py:545} INFO - Filling up the DagBag from /home/airflow/.local/lib/python3.12/site-packages/airflow/example_dags/example_branch_labels.py
[2024-08-06T07:49:57.250+0000] {processor.py:840} INFO - DAG(s) 'example_branch_labels' retrieved from /home/airflow/.local/lib/python3.12/site-packages/airflow/example_dags/example_branch_labels.py
[2024-08-06T07:49:57.268+0000] {logging_mixin.py:188} INFO - [2024-08-06T07:49:57.267+0000] {dag.py:3096} INFO - Sync 1 DAGs
[2024-08-06T07:49:57.286+0000] {logging_mixin.py:188} INFO - [2024-08-06T07:49:57.286+0000] {dag.py:3954} INFO - Setting next_dagrun for example_branch_labels to 2024-08-05 00:00:00+00:00, run_after=2024-08-06 00:00:00+00:00
[2024-08-06T07:49:57.305+0000] {processor.py:183} INFO - Processing /home/airflow/.local/lib/python3.12/site-packages/airflow/example_dags/example_branch_labels.py took 0.067 seconds
[2024-08-06T07:50:27.342+0000] {processor.py:161} INFO - Started process (PID=324) to work on /home/airflow/.local/lib/python3.12/site-packages/airflow/example_dags/example_branch_labels.py
[2024-08-06T07:50:27.343+0000] {processor.py:830} INFO - Processing file /home/airflow/.local/lib/python3.12/site-packages/airflow/example_dags/example_branch_labels.py for tasks to queue
[2024-08-06T07:50:27.345+0000] {logging_mixin.py:188} INFO - [2024-08-06T07:50:27.345+0000] {dagbag.py:545} INFO - Filling up the DagBag from /home/airflow/.local/lib/python3.12/site-packages/airflow/example_dags/example_branch_labels.py
[2024-08-06T07:50:27.355+0000] {processor.py:840} INFO - DAG(s) 'example_branch_labels' retrieved from /home/airflow/.local/lib/python3.12/site-packages/airflow/example_dags/example_branch_labels.py
[2024-08-06T07:50:27.380+0000] {logging_mixin.py:188} INFO - [2024-08-06T07:50:27.379+0000] {dag.py:3096} INFO - Sync 1 DAGs
[2024-08-06T07:50:27.407+0000] {logging_mixin.py:188} INFO - [2024-08-06T07:50:27.407+0000] {dag.py:3954} INFO - Setting next_dagrun for example_branch_labels to 2024-08-05 00:00:00+00:00, run_after=2024-08-06 00:00:00+00:00
[2024-08-06T07:50:27.428+0000] {processor.py:183} INFO - Processing /home/airflow/.local/lib/python3.12/site-packages/airflow/example_dags/example_branch_labels.py took 0.092 seconds
[2024-08-06T07:50:57.754+0000] {processor.py:161} INFO - Started process (PID=382) to work on /home/airflow/.local/lib/python3.12/site-packages/airflow/example_dags/example_branch_labels.py
[2024-08-06T07:50:57.755+0000] {processor.py:830} INFO - Processing file /home/airflow/.local/lib/python3.12/site-packages/airflow/example_dags/example_branch_labels.py for tasks to queue
[2024-08-06T07:50:57.757+0000] {logging_mixin.py:188} INFO - [2024-08-06T07:50:57.757+0000] {dagbag.py:545} INFO - Filling up the DagBag from /home/airflow/.local/lib/python3.12/site-packages/airflow/example_dags/example_branch_labels.py
[2024-08-06T07:50:57.767+0000] {processor.py:840} INFO - DAG(s) 'example_branch_labels' retrieved from /home/airflow/.local/lib/python3.12/site-packages/airflow/example_dags/example_branch_labels.py
[2024-08-06T07:50:57.791+0000] {logging_mixin.py:188} INFO - [2024-08-06T07:50:57.791+0000] {dag.py:3096} INFO - Sync 1 DAGs
[2024-08-06T07:50:57.819+0000] {logging_mixin.py:188} INFO - [2024-08-06T07:50:57.819+0000] {dag.py:3954} INFO - Setting next_dagrun for example_branch_labels to 2024-08-05 00:00:00+00:00, run_after=2024-08-06 00:00:00+00:00
[2024-08-06T07:50:57.847+0000] {processor.py:183} INFO - Processing /home/airflow/.local/lib/python3.12/site-packages/airflow/example_dags/example_branch_labels.py took 0.099 seconds
[2024-08-06T07:51:28.030+0000] {processor.py:161} INFO - Started process (PID=439) to work on /home/airflow/.local/lib/python3.12/site-packages/airflow/example_dags/example_branch_labels.py
[2024-08-06T07:51:28.031+0000] {processor.py:830} INFO - Processing file /home/airflow/.local/lib/python3.12/site-packages/airflow/example_dags/example_branch_labels.py for tasks to queue
[2024-08-06T07:51:28.033+0000] {logging_mixin.py:188} INFO - [2024-08-06T07:51:28.032+0000] {dagbag.py:545} INFO - Filling up the DagBag from /home/airflow/.local/lib/python3.12/site-packages/airflow/example_dags/example_branch_labels.py
[2024-08-06T07:51:28.042+0000] {processor.py:840} INFO - DAG(s) 'example_branch_labels' retrieved from /home/airflow/.local/lib/python3.12/site-packages/airflow/example_dags/example_branch_labels.py
[2024-08-06T07:51:28.067+0000] {logging_mixin.py:188} INFO - [2024-08-06T07:51:28.066+0000] {dag.py:3096} INFO - Sync 1 DAGs
[2024-08-06T07:51:28.094+0000] {logging_mixin.py:188} INFO - [2024-08-06T07:51:28.093+0000] {dag.py:3954} INFO - Setting next_dagrun for example_branch_labels to 2024-08-05 00:00:00+00:00, run_after=2024-08-06 00:00:00+00:00
[2024-08-06T07:51:28.122+0000] {processor.py:183} INFO - Processing /home/airflow/.local/lib/python3.12/site-packages/airflow/example_dags/example_branch_labels.py took 0.098 seconds
[2024-08-06T07:51:58.468+0000] {processor.py:161} INFO - Started process (PID=497) to work on /home/airflow/.local/lib/python3.12/site-packages/airflow/example_dags/example_branch_labels.py
[2024-08-06T07:51:58.468+0000] {processor.py:830} INFO - Processing file /home/airflow/.local/lib/python3.12/site-packages/airflow/example_dags/example_branch_labels.py for tasks to queue
[2024-08-06T07:51:58.470+0000] {logging_mixin.py:188} INFO - [2024-08-06T07:51:58.470+0000] {dagbag.py:545} INFO - Filling up the DagBag from /home/airflow/.local/lib/python3.12/site-packages/airflow/example_dags/example_branch_labels.py
[2024-08-06T07:51:58.479+0000] {processor.py:840} INFO - DAG(s) 'example_branch_labels' retrieved from /home/airflow/.local/lib/python3.12/site-packages/airflow/example_dags/example_branch_labels.py
[2024-08-06T07:51:58.503+0000] {logging_mixin.py:188} INFO - [2024-08-06T07:51:58.503+0000] {dag.py:3096} INFO - Sync 1 DAGs
[2024-08-06T07:51:58.530+0000] {logging_mixin.py:188} INFO - [2024-08-06T07:51:58.529+0000] {dag.py:3954} INFO - Setting next_dagrun for example_branch_labels to 2024-08-05 00:00:00+00:00, run_after=2024-08-06 00:00:00+00:00
[2024-08-06T07:51:58.557+0000] {processor.py:183} INFO - Processing /home/airflow/.local/lib/python3.12/site-packages/airflow/example_dags/example_branch_labels.py took 0.096 seconds
[2024-08-06T07:52:28.721+0000] {processor.py:161} INFO - Started process (PID=555) to work on /home/airflow/.local/lib/python3.12/site-packages/airflow/example_dags/example_branch_labels.py
[2024-08-06T07:52:28.730+0000] {processor.py:830} INFO - Processing file /home/airflow/.local/lib/python3.12/site-packages/airflow/example_dags/example_branch_labels.py for tasks to queue
[2024-08-06T07:52:28.732+0000] {logging_mixin.py:188} INFO - [2024-08-06T07:52:28.732+0000] {dagbag.py:545} INFO - Filling up the DagBag from /home/airflow/.local/lib/python3.12/site-packages/airflow/example_dags/example_branch_labels.py
[2024-08-06T07:52:28.745+0000] {processor.py:840} INFO - DAG(s) 'example_branch_labels' retrieved from /home/airflow/.local/lib/python3.12/site-packages/airflow/example_dags/example_branch_labels.py
[2024-08-06T07:52:28.771+0000] {logging_mixin.py:188} INFO - [2024-08-06T07:52:28.771+0000] {dag.py:3096} INFO - Sync 1 DAGs
[2024-08-06T07:52:28.800+0000] {logging_mixin.py:188} INFO - [2024-08-06T07:52:28.799+0000] {dag.py:3954} INFO - Setting next_dagrun for example_branch_labels to 2024-08-05 00:00:00+00:00, run_after=2024-08-06 00:00:00+00:00
[2024-08-06T07:52:28.827+0000] {processor.py:183} INFO - Processing /home/airflow/.local/lib/python3.12/site-packages/airflow/example_dags/example_branch_labels.py took 0.121 seconds
[2024-08-06T07:52:59.121+0000] {processor.py:161} INFO - Started process (PID=610) to work on /home/airflow/.local/lib/python3.12/site-packages/airflow/example_dags/example_branch_labels.py
[2024-08-06T07:52:59.122+0000] {processor.py:830} INFO - Processing file /home/airflow/.local/lib/python3.12/site-packages/airflow/example_dags/example_branch_labels.py for tasks to queue
[2024-08-06T07:52:59.124+0000] {logging_mixin.py:188} INFO - [2024-08-06T07:52:59.123+0000] {dagbag.py:545} INFO - Filling up the DagBag from /home/airflow/.local/lib/python3.12/site-packages/airflow/example_dags/example_branch_labels.py
[2024-08-06T07:52:59.133+0000] {processor.py:840} INFO - DAG(s) 'example_branch_labels' retrieved from /home/airflow/.local/lib/python3.12/site-packages/airflow/example_dags/example_branch_labels.py
[2024-08-06T07:52:59.157+0000] {logging_mixin.py:188} INFO - [2024-08-06T07:52:59.157+0000] {dag.py:3096} INFO - Sync 1 DAGs
[2024-08-06T07:52:59.192+0000] {logging_mixin.py:188} INFO - [2024-08-06T07:52:59.192+0000] {dag.py:3954} INFO - Setting next_dagrun for example_branch_labels to 2024-08-05 00:00:00+00:00, run_after=2024-08-06 00:00:00+00:00
[2024-08-06T07:52:59.225+0000] {processor.py:183} INFO - Processing /home/airflow/.local/lib/python3.12/site-packages/airflow/example_dags/example_branch_labels.py took 0.111 seconds
[2024-08-06T07:53:29.302+0000] {processor.py:161} INFO - Started process (PID=667) to work on /home/airflow/.local/lib/python3.12/site-packages/airflow/example_dags/example_branch_labels.py
[2024-08-06T07:53:29.311+0000] {processor.py:830} INFO - Processing file /home/airflow/.local/lib/python3.12/site-packages/airflow/example_dags/example_branch_labels.py for tasks to queue
[2024-08-06T07:53:29.312+0000] {logging_mixin.py:188} INFO - [2024-08-06T07:53:29.312+0000] {dagbag.py:545} INFO - Filling up the DagBag from /home/airflow/.local/lib/python3.12/site-packages/airflow/example_dags/example_branch_labels.py
[2024-08-06T07:53:29.330+0000] {processor.py:840} INFO - DAG(s) 'example_branch_labels' retrieved from /home/airflow/.local/lib/python3.12/site-packages/airflow/example_dags/example_branch_labels.py
[2024-08-06T07:53:29.393+0000] {logging_mixin.py:188} INFO - [2024-08-06T07:53:29.393+0000] {dag.py:3096} INFO - Sync 1 DAGs
[2024-08-06T07:53:29.476+0000] {logging_mixin.py:188} INFO - [2024-08-06T07:53:29.476+0000] {dag.py:3954} INFO - Setting next_dagrun for example_branch_labels to 2024-08-05 00:00:00+00:00, run_after=2024-08-06 00:00:00+00:00
[2024-08-06T07:53:29.619+0000] {processor.py:183} INFO - Processing /home/airflow/.local/lib/python3.12/site-packages/airflow/example_dags/example_branch_labels.py took 0.331 seconds
[2024-08-06T07:53:59.873+0000] {processor.py:161} INFO - Started process (PID=725) to work on /home/airflow/.local/lib/python3.12/site-packages/airflow/example_dags/example_branch_labels.py
[2024-08-06T07:53:59.874+0000] {processor.py:830} INFO - Processing file /home/airflow/.local/lib/python3.12/site-packages/airflow/example_dags/example_branch_labels.py for tasks to queue
[2024-08-06T07:53:59.875+0000] {logging_mixin.py:188} INFO - [2024-08-06T07:53:59.875+0000] {dagbag.py:545} INFO - Filling up the DagBag from /home/airflow/.local/lib/python3.12/site-packages/airflow/example_dags/example_branch_labels.py
[2024-08-06T07:53:59.885+0000] {processor.py:840} INFO - DAG(s) 'example_branch_labels' retrieved from /home/airflow/.local/lib/python3.12/site-packages/airflow/example_dags/example_branch_labels.py
[2024-08-06T07:53:59.908+0000] {logging_mixin.py:188} INFO - [2024-08-06T07:53:59.908+0000] {dag.py:3096} INFO - Sync 1 DAGs
[2024-08-06T07:53:59.955+0000] {logging_mixin.py:188} INFO - [2024-08-06T07:53:59.955+0000] {dag.py:3954} INFO - Setting next_dagrun for example_branch_labels to 2024-08-05 00:00:00+00:00, run_after=2024-08-06 00:00:00+00:00
[2024-08-06T07:53:59.999+0000] {processor.py:183} INFO - Processing /home/airflow/.local/lib/python3.12/site-packages/airflow/example_dags/example_branch_labels.py took 0.132 seconds
