[2024-08-06T07:47:55.367+0000] {processor.py:161} INFO - Started process (PID=34) to work on /home/airflow/.local/lib/python3.12/site-packages/airflow/example_dags/example_sla_dag.py
[2024-08-06T07:47:55.368+0000] {processor.py:830} INFO - Processing file /home/airflow/.local/lib/python3.12/site-packages/airflow/example_dags/example_sla_dag.py for tasks to queue
[2024-08-06T07:47:55.370+0000] {logging_mixin.py:188} INFO - [2024-08-06T07:47:55.369+0000] {dagbag.py:545} INFO - Filling up the DagBag from /home/airflow/.local/lib/python3.12/site-packages/airflow/example_dags/example_sla_dag.py
[2024-08-06T07:47:55.444+0000] {processor.py:840} INFO - DAG(s) 'example_sla_dag' retrieved from /home/airflow/.local/lib/python3.12/site-packages/airflow/example_dags/example_sla_dag.py
[2024-08-06T07:47:56.046+0000] {logging_mixin.py:188} INFO - [2024-08-06T07:47:56.043+0000] {dag.py:3096} INFO - Sync 1 DAGs
[2024-08-06T07:47:56.131+0000] {logging_mixin.py:188} INFO - [2024-08-06T07:47:56.131+0000] {dag.py:3954} INFO - Setting next_dagrun for example_sla_dag to 2024-08-06 07:44:00+00:00, run_after=2024-08-06 07:46:00+00:00
[2024-08-06T07:47:56.213+0000] {processor.py:183} INFO - Processing /home/airflow/.local/lib/python3.12/site-packages/airflow/example_dags/example_sla_dag.py took 0.911 seconds
[2024-08-06T07:48:26.581+0000] {processor.py:161} INFO - Started process (PID=92) to work on /home/airflow/.local/lib/python3.12/site-packages/airflow/example_dags/example_sla_dag.py
[2024-08-06T07:48:26.582+0000] {processor.py:830} INFO - Processing file /home/airflow/.local/lib/python3.12/site-packages/airflow/example_dags/example_sla_dag.py for tasks to queue
[2024-08-06T07:48:26.584+0000] {logging_mixin.py:188} INFO - [2024-08-06T07:48:26.583+0000] {dagbag.py:545} INFO - Filling up the DagBag from /home/airflow/.local/lib/python3.12/site-packages/airflow/example_dags/example_sla_dag.py
[2024-08-06T07:48:26.594+0000] {processor.py:840} INFO - DAG(s) 'example_sla_dag' retrieved from /home/airflow/.local/lib/python3.12/site-packages/airflow/example_dags/example_sla_dag.py
[2024-08-06T07:48:26.615+0000] {logging_mixin.py:188} INFO - [2024-08-06T07:48:26.615+0000] {dag.py:3096} INFO - Sync 1 DAGs
[2024-08-06T07:48:26.645+0000] {logging_mixin.py:188} INFO - [2024-08-06T07:48:26.645+0000] {dag.py:3954} INFO - Setting next_dagrun for example_sla_dag to 2024-08-06 07:46:00+00:00, run_after=2024-08-06 07:48:00+00:00
[2024-08-06T07:48:26.669+0000] {processor.py:183} INFO - Processing /home/airflow/.local/lib/python3.12/site-packages/airflow/example_dags/example_sla_dag.py took 0.094 seconds
[2024-08-06T07:48:56.827+0000] {processor.py:161} INFO - Started process (PID=150) to work on /home/airflow/.local/lib/python3.12/site-packages/airflow/example_dags/example_sla_dag.py
[2024-08-06T07:48:56.829+0000] {processor.py:830} INFO - Processing file /home/airflow/.local/lib/python3.12/site-packages/airflow/example_dags/example_sla_dag.py for tasks to queue
[2024-08-06T07:48:56.831+0000] {logging_mixin.py:188} INFO - [2024-08-06T07:48:56.831+0000] {dagbag.py:545} INFO - Filling up the DagBag from /home/airflow/.local/lib/python3.12/site-packages/airflow/example_dags/example_sla_dag.py
[2024-08-06T07:48:56.842+0000] {processor.py:840} INFO - DAG(s) 'example_sla_dag' retrieved from /home/airflow/.local/lib/python3.12/site-packages/airflow/example_dags/example_sla_dag.py
[2024-08-06T07:48:56.863+0000] {logging_mixin.py:188} INFO - [2024-08-06T07:48:56.863+0000] {dag.py:3096} INFO - Sync 1 DAGs
[2024-08-06T07:48:56.891+0000] {logging_mixin.py:188} INFO - [2024-08-06T07:48:56.891+0000] {dag.py:3954} INFO - Setting next_dagrun for example_sla_dag to 2024-08-06 07:46:00+00:00, run_after=2024-08-06 07:48:00+00:00
[2024-08-06T07:48:56.909+0000] {processor.py:183} INFO - Processing /home/airflow/.local/lib/python3.12/site-packages/airflow/example_dags/example_sla_dag.py took 0.089 seconds
[2024-08-06T07:49:27.251+0000] {processor.py:161} INFO - Started process (PID=209) to work on /home/airflow/.local/lib/python3.12/site-packages/airflow/example_dags/example_sla_dag.py
[2024-08-06T07:49:27.260+0000] {processor.py:830} INFO - Processing file /home/airflow/.local/lib/python3.12/site-packages/airflow/example_dags/example_sla_dag.py for tasks to queue
[2024-08-06T07:49:27.287+0000] {logging_mixin.py:188} INFO - [2024-08-06T07:49:27.268+0000] {dagbag.py:545} INFO - Filling up the DagBag from /home/airflow/.local/lib/python3.12/site-packages/airflow/example_dags/example_sla_dag.py
[2024-08-06T07:49:27.338+0000] {processor.py:840} INFO - DAG(s) 'example_sla_dag' retrieved from /home/airflow/.local/lib/python3.12/site-packages/airflow/example_dags/example_sla_dag.py
[2024-08-06T07:49:27.493+0000] {logging_mixin.py:188} INFO - [2024-08-06T07:49:27.493+0000] {dag.py:3096} INFO - Sync 1 DAGs
[2024-08-06T07:49:27.605+0000] {logging_mixin.py:188} INFO - [2024-08-06T07:49:27.604+0000] {dag.py:3954} INFO - Setting next_dagrun for example_sla_dag to 2024-08-06 07:46:00+00:00, run_after=2024-08-06 07:48:00+00:00
[2024-08-06T07:49:27.719+0000] {processor.py:183} INFO - Processing /home/airflow/.local/lib/python3.12/site-packages/airflow/example_dags/example_sla_dag.py took 0.517 seconds
[2024-08-06T07:49:58.265+0000] {processor.py:161} INFO - Started process (PID=268) to work on /home/airflow/.local/lib/python3.12/site-packages/airflow/example_dags/example_sla_dag.py
[2024-08-06T07:49:58.266+0000] {processor.py:830} INFO - Processing file /home/airflow/.local/lib/python3.12/site-packages/airflow/example_dags/example_sla_dag.py for tasks to queue
[2024-08-06T07:49:58.268+0000] {logging_mixin.py:188} INFO - [2024-08-06T07:49:58.267+0000] {dagbag.py:545} INFO - Filling up the DagBag from /home/airflow/.local/lib/python3.12/site-packages/airflow/example_dags/example_sla_dag.py
[2024-08-06T07:49:58.278+0000] {processor.py:840} INFO - DAG(s) 'example_sla_dag' retrieved from /home/airflow/.local/lib/python3.12/site-packages/airflow/example_dags/example_sla_dag.py
[2024-08-06T07:49:58.301+0000] {logging_mixin.py:188} INFO - [2024-08-06T07:49:58.301+0000] {dag.py:3096} INFO - Sync 1 DAGs
[2024-08-06T07:49:58.334+0000] {logging_mixin.py:188} INFO - [2024-08-06T07:49:58.334+0000] {dag.py:3954} INFO - Setting next_dagrun for example_sla_dag to 2024-08-06 07:46:00+00:00, run_after=2024-08-06 07:48:00+00:00
[2024-08-06T07:49:58.359+0000] {processor.py:183} INFO - Processing /home/airflow/.local/lib/python3.12/site-packages/airflow/example_dags/example_sla_dag.py took 0.101 seconds
[2024-08-06T07:50:28.475+0000] {processor.py:161} INFO - Started process (PID=326) to work on /home/airflow/.local/lib/python3.12/site-packages/airflow/example_dags/example_sla_dag.py
[2024-08-06T07:50:28.476+0000] {processor.py:830} INFO - Processing file /home/airflow/.local/lib/python3.12/site-packages/airflow/example_dags/example_sla_dag.py for tasks to queue
[2024-08-06T07:50:28.478+0000] {logging_mixin.py:188} INFO - [2024-08-06T07:50:28.477+0000] {dagbag.py:545} INFO - Filling up the DagBag from /home/airflow/.local/lib/python3.12/site-packages/airflow/example_dags/example_sla_dag.py
[2024-08-06T07:50:28.529+0000] {processor.py:840} INFO - DAG(s) 'example_sla_dag' retrieved from /home/airflow/.local/lib/python3.12/site-packages/airflow/example_dags/example_sla_dag.py
[2024-08-06T07:50:28.587+0000] {logging_mixin.py:188} INFO - [2024-08-06T07:50:28.586+0000] {dag.py:3096} INFO - Sync 1 DAGs
[2024-08-06T07:50:28.632+0000] {logging_mixin.py:188} INFO - [2024-08-06T07:50:28.632+0000] {dag.py:3954} INFO - Setting next_dagrun for example_sla_dag to 2024-08-06 07:48:00+00:00, run_after=2024-08-06 07:50:00+00:00
[2024-08-06T07:50:28.662+0000] {processor.py:183} INFO - Processing /home/airflow/.local/lib/python3.12/site-packages/airflow/example_dags/example_sla_dag.py took 0.203 seconds
[2024-08-06T07:50:58.887+0000] {processor.py:161} INFO - Started process (PID=384) to work on /home/airflow/.local/lib/python3.12/site-packages/airflow/example_dags/example_sla_dag.py
[2024-08-06T07:50:58.888+0000] {processor.py:830} INFO - Processing file /home/airflow/.local/lib/python3.12/site-packages/airflow/example_dags/example_sla_dag.py for tasks to queue
[2024-08-06T07:50:58.890+0000] {logging_mixin.py:188} INFO - [2024-08-06T07:50:58.889+0000] {dagbag.py:545} INFO - Filling up the DagBag from /home/airflow/.local/lib/python3.12/site-packages/airflow/example_dags/example_sla_dag.py
[2024-08-06T07:50:58.899+0000] {processor.py:840} INFO - DAG(s) 'example_sla_dag' retrieved from /home/airflow/.local/lib/python3.12/site-packages/airflow/example_dags/example_sla_dag.py
[2024-08-06T07:50:58.920+0000] {logging_mixin.py:188} INFO - [2024-08-06T07:50:58.920+0000] {dag.py:3096} INFO - Sync 1 DAGs
[2024-08-06T07:50:58.947+0000] {logging_mixin.py:188} INFO - [2024-08-06T07:50:58.947+0000] {dag.py:3954} INFO - Setting next_dagrun for example_sla_dag to 2024-08-06 07:48:00+00:00, run_after=2024-08-06 07:50:00+00:00
[2024-08-06T07:50:58.969+0000] {processor.py:183} INFO - Processing /home/airflow/.local/lib/python3.12/site-packages/airflow/example_dags/example_sla_dag.py took 0.088 seconds
[2024-08-06T07:51:29.156+0000] {processor.py:161} INFO - Started process (PID=441) to work on /home/airflow/.local/lib/python3.12/site-packages/airflow/example_dags/example_sla_dag.py
[2024-08-06T07:51:29.157+0000] {processor.py:830} INFO - Processing file /home/airflow/.local/lib/python3.12/site-packages/airflow/example_dags/example_sla_dag.py for tasks to queue
[2024-08-06T07:51:29.159+0000] {logging_mixin.py:188} INFO - [2024-08-06T07:51:29.158+0000] {dagbag.py:545} INFO - Filling up the DagBag from /home/airflow/.local/lib/python3.12/site-packages/airflow/example_dags/example_sla_dag.py
[2024-08-06T07:51:29.168+0000] {processor.py:840} INFO - DAG(s) 'example_sla_dag' retrieved from /home/airflow/.local/lib/python3.12/site-packages/airflow/example_dags/example_sla_dag.py
[2024-08-06T07:51:29.189+0000] {logging_mixin.py:188} INFO - [2024-08-06T07:51:29.188+0000] {dag.py:3096} INFO - Sync 1 DAGs
[2024-08-06T07:51:29.218+0000] {logging_mixin.py:188} INFO - [2024-08-06T07:51:29.217+0000] {dag.py:3954} INFO - Setting next_dagrun for example_sla_dag to 2024-08-06 07:48:00+00:00, run_after=2024-08-06 07:50:00+00:00
[2024-08-06T07:51:29.238+0000] {processor.py:183} INFO - Processing /home/airflow/.local/lib/python3.12/site-packages/airflow/example_dags/example_sla_dag.py took 0.088 seconds
[2024-08-06T07:51:59.599+0000] {processor.py:161} INFO - Started process (PID=499) to work on /home/airflow/.local/lib/python3.12/site-packages/airflow/example_dags/example_sla_dag.py
[2024-08-06T07:51:59.600+0000] {processor.py:830} INFO - Processing file /home/airflow/.local/lib/python3.12/site-packages/airflow/example_dags/example_sla_dag.py for tasks to queue
[2024-08-06T07:51:59.602+0000] {logging_mixin.py:188} INFO - [2024-08-06T07:51:59.602+0000] {dagbag.py:545} INFO - Filling up the DagBag from /home/airflow/.local/lib/python3.12/site-packages/airflow/example_dags/example_sla_dag.py
[2024-08-06T07:51:59.612+0000] {processor.py:840} INFO - DAG(s) 'example_sla_dag' retrieved from /home/airflow/.local/lib/python3.12/site-packages/airflow/example_dags/example_sla_dag.py
[2024-08-06T07:51:59.632+0000] {logging_mixin.py:188} INFO - [2024-08-06T07:51:59.632+0000] {dag.py:3096} INFO - Sync 1 DAGs
[2024-08-06T07:51:59.667+0000] {logging_mixin.py:188} INFO - [2024-08-06T07:51:59.667+0000] {dag.py:3954} INFO - Setting next_dagrun for example_sla_dag to 2024-08-06 07:48:00+00:00, run_after=2024-08-06 07:50:00+00:00
[2024-08-06T07:51:59.702+0000] {processor.py:183} INFO - Processing /home/airflow/.local/lib/python3.12/site-packages/airflow/example_dags/example_sla_dag.py took 0.109 seconds
[2024-08-06T07:52:29.866+0000] {processor.py:161} INFO - Started process (PID=557) to work on /home/airflow/.local/lib/python3.12/site-packages/airflow/example_dags/example_sla_dag.py
[2024-08-06T07:52:29.867+0000] {processor.py:830} INFO - Processing file /home/airflow/.local/lib/python3.12/site-packages/airflow/example_dags/example_sla_dag.py for tasks to queue
[2024-08-06T07:52:29.869+0000] {logging_mixin.py:188} INFO - [2024-08-06T07:52:29.869+0000] {dagbag.py:545} INFO - Filling up the DagBag from /home/airflow/.local/lib/python3.12/site-packages/airflow/example_dags/example_sla_dag.py
[2024-08-06T07:52:29.879+0000] {processor.py:840} INFO - DAG(s) 'example_sla_dag' retrieved from /home/airflow/.local/lib/python3.12/site-packages/airflow/example_dags/example_sla_dag.py
[2024-08-06T07:52:29.900+0000] {logging_mixin.py:188} INFO - [2024-08-06T07:52:29.900+0000] {dag.py:3096} INFO - Sync 1 DAGs
[2024-08-06T07:52:29.930+0000] {logging_mixin.py:188} INFO - [2024-08-06T07:52:29.929+0000] {dag.py:3954} INFO - Setting next_dagrun for example_sla_dag to 2024-08-06 07:50:00+00:00, run_after=2024-08-06 07:52:00+00:00
[2024-08-06T07:52:29.956+0000] {processor.py:183} INFO - Processing /home/airflow/.local/lib/python3.12/site-packages/airflow/example_dags/example_sla_dag.py took 0.097 seconds
[2024-08-06T07:53:00.324+0000] {processor.py:161} INFO - Started process (PID=614) to work on /home/airflow/.local/lib/python3.12/site-packages/airflow/example_dags/example_sla_dag.py
[2024-08-06T07:53:00.325+0000] {processor.py:830} INFO - Processing file /home/airflow/.local/lib/python3.12/site-packages/airflow/example_dags/example_sla_dag.py for tasks to queue
[2024-08-06T07:53:00.326+0000] {logging_mixin.py:188} INFO - [2024-08-06T07:53:00.326+0000] {dagbag.py:545} INFO - Filling up the DagBag from /home/airflow/.local/lib/python3.12/site-packages/airflow/example_dags/example_sla_dag.py
[2024-08-06T07:53:00.336+0000] {processor.py:840} INFO - DAG(s) 'example_sla_dag' retrieved from /home/airflow/.local/lib/python3.12/site-packages/airflow/example_dags/example_sla_dag.py
[2024-08-06T07:53:00.357+0000] {logging_mixin.py:188} INFO - [2024-08-06T07:53:00.357+0000] {dag.py:3096} INFO - Sync 1 DAGs
[2024-08-06T07:53:00.387+0000] {logging_mixin.py:188} INFO - [2024-08-06T07:53:00.387+0000] {dag.py:3954} INFO - Setting next_dagrun for example_sla_dag to 2024-08-06 07:50:00+00:00, run_after=2024-08-06 07:52:00+00:00
[2024-08-06T07:53:00.409+0000] {processor.py:183} INFO - Processing /home/airflow/.local/lib/python3.12/site-packages/airflow/example_dags/example_sla_dag.py took 0.092 seconds
[2024-08-06T07:53:31.131+0000] {processor.py:161} INFO - Started process (PID=672) to work on /home/airflow/.local/lib/python3.12/site-packages/airflow/example_dags/example_sla_dag.py
[2024-08-06T07:53:31.135+0000] {processor.py:830} INFO - Processing file /home/airflow/.local/lib/python3.12/site-packages/airflow/example_dags/example_sla_dag.py for tasks to queue
[2024-08-06T07:53:31.137+0000] {logging_mixin.py:188} INFO - [2024-08-06T07:53:31.137+0000] {dagbag.py:545} INFO - Filling up the DagBag from /home/airflow/.local/lib/python3.12/site-packages/airflow/example_dags/example_sla_dag.py
[2024-08-06T07:53:31.165+0000] {processor.py:840} INFO - DAG(s) 'example_sla_dag' retrieved from /home/airflow/.local/lib/python3.12/site-packages/airflow/example_dags/example_sla_dag.py
[2024-08-06T07:53:31.207+0000] {logging_mixin.py:188} INFO - [2024-08-06T07:53:31.207+0000] {dag.py:3096} INFO - Sync 1 DAGs
[2024-08-06T07:53:31.258+0000] {logging_mixin.py:188} INFO - [2024-08-06T07:53:31.257+0000] {dag.py:3954} INFO - Setting next_dagrun for example_sla_dag to 2024-08-06 07:50:00+00:00, run_after=2024-08-06 07:52:00+00:00
[2024-08-06T07:53:31.315+0000] {processor.py:183} INFO - Processing /home/airflow/.local/lib/python3.12/site-packages/airflow/example_dags/example_sla_dag.py took 0.203 seconds
[2024-08-06T07:54:01.910+0000] {processor.py:161} INFO - Started process (PID=727) to work on /home/airflow/.local/lib/python3.12/site-packages/airflow/example_dags/example_sla_dag.py
[2024-08-06T07:54:01.911+0000] {processor.py:830} INFO - Processing file /home/airflow/.local/lib/python3.12/site-packages/airflow/example_dags/example_sla_dag.py for tasks to queue
[2024-08-06T07:54:01.913+0000] {logging_mixin.py:188} INFO - [2024-08-06T07:54:01.913+0000] {dagbag.py:545} INFO - Filling up the DagBag from /home/airflow/.local/lib/python3.12/site-packages/airflow/example_dags/example_sla_dag.py
[2024-08-06T07:54:01.923+0000] {processor.py:840} INFO - DAG(s) 'example_sla_dag' retrieved from /home/airflow/.local/lib/python3.12/site-packages/airflow/example_dags/example_sla_dag.py
[2024-08-06T07:54:01.948+0000] {logging_mixin.py:188} INFO - [2024-08-06T07:54:01.947+0000] {dag.py:3096} INFO - Sync 1 DAGs
[2024-08-06T07:54:01.980+0000] {logging_mixin.py:188} INFO - [2024-08-06T07:54:01.980+0000] {dag.py:3954} INFO - Setting next_dagrun for example_sla_dag to 2024-08-06 07:52:00+00:00, run_after=2024-08-06 07:54:00+00:00
[2024-08-06T07:54:02.006+0000] {processor.py:183} INFO - Processing /home/airflow/.local/lib/python3.12/site-packages/airflow/example_dags/example_sla_dag.py took 0.103 seconds
