[2024-08-06T07:48:06.411+0000] {processor.py:161} INFO - Started process (PID=63) to work on /home/airflow/.local/lib/python3.12/site-packages/airflow/example_dags/example_display_name.py
[2024-08-06T07:48:06.417+0000] {processor.py:830} INFO - Processing file /home/airflow/.local/lib/python3.12/site-packages/airflow/example_dags/example_display_name.py for tasks to queue
[2024-08-06T07:48:06.451+0000] {logging_mixin.py:188} INFO - [2024-08-06T07:48:06.429+0000] {dagbag.py:545} INFO - Filling up the DagBag from /home/airflow/.local/lib/python3.12/site-packages/airflow/example_dags/example_display_name.py
[2024-08-06T07:48:06.465+0000] {processor.py:840} INFO - DAG(s) 'example_display_name' retrieved from /home/airflow/.local/lib/python3.12/site-packages/airflow/example_dags/example_display_name.py
[2024-08-06T07:48:07.081+0000] {logging_mixin.py:188} INFO - [2024-08-06T07:48:07.080+0000] {dag.py:3096} INFO - Sync 1 DAGs
[2024-08-06T07:48:07.105+0000] {logging_mixin.py:188} INFO - [2024-08-06T07:48:07.105+0000] {dag.py:3954} INFO - Setting next_dagrun for example_display_name to None, run_after=None
[2024-08-06T07:48:07.224+0000] {processor.py:183} INFO - Processing /home/airflow/.local/lib/python3.12/site-packages/airflow/example_dags/example_display_name.py took 0.833 seconds
[2024-08-06T07:48:38.196+0000] {processor.py:161} INFO - Started process (PID=121) to work on /home/airflow/.local/lib/python3.12/site-packages/airflow/example_dags/example_display_name.py
[2024-08-06T07:48:38.198+0000] {processor.py:830} INFO - Processing file /home/airflow/.local/lib/python3.12/site-packages/airflow/example_dags/example_display_name.py for tasks to queue
[2024-08-06T07:48:38.200+0000] {logging_mixin.py:188} INFO - [2024-08-06T07:48:38.200+0000] {dagbag.py:545} INFO - Filling up the DagBag from /home/airflow/.local/lib/python3.12/site-packages/airflow/example_dags/example_display_name.py
[2024-08-06T07:48:38.209+0000] {processor.py:840} INFO - DAG(s) 'example_display_name' retrieved from /home/airflow/.local/lib/python3.12/site-packages/airflow/example_dags/example_display_name.py
[2024-08-06T07:48:38.232+0000] {logging_mixin.py:188} INFO - [2024-08-06T07:48:38.232+0000] {dag.py:3096} INFO - Sync 1 DAGs
[2024-08-06T07:48:38.248+0000] {logging_mixin.py:188} INFO - [2024-08-06T07:48:38.247+0000] {dag.py:3954} INFO - Setting next_dagrun for example_display_name to None, run_after=None
[2024-08-06T07:48:38.272+0000] {processor.py:183} INFO - Processing /home/airflow/.local/lib/python3.12/site-packages/airflow/example_dags/example_display_name.py took 0.082 seconds
[2024-08-06T07:49:08.377+0000] {processor.py:161} INFO - Started process (PID=180) to work on /home/airflow/.local/lib/python3.12/site-packages/airflow/example_dags/example_display_name.py
[2024-08-06T07:49:08.381+0000] {processor.py:830} INFO - Processing file /home/airflow/.local/lib/python3.12/site-packages/airflow/example_dags/example_display_name.py for tasks to queue
[2024-08-06T07:49:08.383+0000] {logging_mixin.py:188} INFO - [2024-08-06T07:49:08.382+0000] {dagbag.py:545} INFO - Filling up the DagBag from /home/airflow/.local/lib/python3.12/site-packages/airflow/example_dags/example_display_name.py
[2024-08-06T07:49:08.390+0000] {processor.py:840} INFO - DAG(s) 'example_display_name' retrieved from /home/airflow/.local/lib/python3.12/site-packages/airflow/example_dags/example_display_name.py
[2024-08-06T07:49:08.458+0000] {logging_mixin.py:188} INFO - [2024-08-06T07:49:08.457+0000] {dag.py:3096} INFO - Sync 1 DAGs
[2024-08-06T07:49:08.486+0000] {logging_mixin.py:188} INFO - [2024-08-06T07:49:08.485+0000] {dag.py:3954} INFO - Setting next_dagrun for example_display_name to None, run_after=None
[2024-08-06T07:49:08.515+0000] {processor.py:183} INFO - Processing /home/airflow/.local/lib/python3.12/site-packages/airflow/example_dags/example_display_name.py took 0.161 seconds
[2024-08-06T07:49:39.107+0000] {processor.py:161} INFO - Started process (PID=239) to work on /home/airflow/.local/lib/python3.12/site-packages/airflow/example_dags/example_display_name.py
[2024-08-06T07:49:39.108+0000] {processor.py:830} INFO - Processing file /home/airflow/.local/lib/python3.12/site-packages/airflow/example_dags/example_display_name.py for tasks to queue
[2024-08-06T07:49:39.109+0000] {logging_mixin.py:188} INFO - [2024-08-06T07:49:39.109+0000] {dagbag.py:545} INFO - Filling up the DagBag from /home/airflow/.local/lib/python3.12/site-packages/airflow/example_dags/example_display_name.py
[2024-08-06T07:49:39.115+0000] {processor.py:840} INFO - DAG(s) 'example_display_name' retrieved from /home/airflow/.local/lib/python3.12/site-packages/airflow/example_dags/example_display_name.py
[2024-08-06T07:49:39.138+0000] {logging_mixin.py:188} INFO - [2024-08-06T07:49:39.138+0000] {dag.py:3096} INFO - Sync 1 DAGs
[2024-08-06T07:49:39.154+0000] {logging_mixin.py:188} INFO - [2024-08-06T07:49:39.154+0000] {dag.py:3954} INFO - Setting next_dagrun for example_display_name to None, run_after=None
[2024-08-06T07:49:39.179+0000] {processor.py:183} INFO - Processing /home/airflow/.local/lib/python3.12/site-packages/airflow/example_dags/example_display_name.py took 0.078 seconds
[2024-08-06T07:50:09.816+0000] {processor.py:161} INFO - Started process (PID=297) to work on /home/airflow/.local/lib/python3.12/site-packages/airflow/example_dags/example_display_name.py
[2024-08-06T07:50:09.816+0000] {processor.py:830} INFO - Processing file /home/airflow/.local/lib/python3.12/site-packages/airflow/example_dags/example_display_name.py for tasks to queue
[2024-08-06T07:50:09.818+0000] {logging_mixin.py:188} INFO - [2024-08-06T07:50:09.818+0000] {dagbag.py:545} INFO - Filling up the DagBag from /home/airflow/.local/lib/python3.12/site-packages/airflow/example_dags/example_display_name.py
[2024-08-06T07:50:09.824+0000] {processor.py:840} INFO - DAG(s) 'example_display_name' retrieved from /home/airflow/.local/lib/python3.12/site-packages/airflow/example_dags/example_display_name.py
[2024-08-06T07:50:09.847+0000] {logging_mixin.py:188} INFO - [2024-08-06T07:50:09.846+0000] {dag.py:3096} INFO - Sync 1 DAGs
[2024-08-06T07:50:09.865+0000] {logging_mixin.py:188} INFO - [2024-08-06T07:50:09.864+0000] {dag.py:3954} INFO - Setting next_dagrun for example_display_name to None, run_after=None
[2024-08-06T07:50:09.912+0000] {processor.py:183} INFO - Processing /home/airflow/.local/lib/python3.12/site-packages/airflow/example_dags/example_display_name.py took 0.105 seconds
[2024-08-06T07:50:40.479+0000] {processor.py:161} INFO - Started process (PID=355) to work on /home/airflow/.local/lib/python3.12/site-packages/airflow/example_dags/example_display_name.py
[2024-08-06T07:50:40.480+0000] {processor.py:830} INFO - Processing file /home/airflow/.local/lib/python3.12/site-packages/airflow/example_dags/example_display_name.py for tasks to queue
[2024-08-06T07:50:40.482+0000] {logging_mixin.py:188} INFO - [2024-08-06T07:50:40.481+0000] {dagbag.py:545} INFO - Filling up the DagBag from /home/airflow/.local/lib/python3.12/site-packages/airflow/example_dags/example_display_name.py
[2024-08-06T07:50:40.488+0000] {processor.py:840} INFO - DAG(s) 'example_display_name' retrieved from /home/airflow/.local/lib/python3.12/site-packages/airflow/example_dags/example_display_name.py
[2024-08-06T07:50:40.510+0000] {logging_mixin.py:188} INFO - [2024-08-06T07:50:40.510+0000] {dag.py:3096} INFO - Sync 1 DAGs
[2024-08-06T07:50:40.526+0000] {logging_mixin.py:188} INFO - [2024-08-06T07:50:40.526+0000] {dag.py:3954} INFO - Setting next_dagrun for example_display_name to None, run_after=None
[2024-08-06T07:50:40.552+0000] {processor.py:183} INFO - Processing /home/airflow/.local/lib/python3.12/site-packages/airflow/example_dags/example_display_name.py took 0.079 seconds
[2024-08-06T07:51:10.943+0000] {processor.py:161} INFO - Started process (PID=412) to work on /home/airflow/.local/lib/python3.12/site-packages/airflow/example_dags/example_display_name.py
[2024-08-06T07:51:10.948+0000] {processor.py:830} INFO - Processing file /home/airflow/.local/lib/python3.12/site-packages/airflow/example_dags/example_display_name.py for tasks to queue
[2024-08-06T07:51:10.951+0000] {logging_mixin.py:188} INFO - [2024-08-06T07:51:10.950+0000] {dagbag.py:545} INFO - Filling up the DagBag from /home/airflow/.local/lib/python3.12/site-packages/airflow/example_dags/example_display_name.py
[2024-08-06T07:51:10.978+0000] {processor.py:840} INFO - DAG(s) 'example_display_name' retrieved from /home/airflow/.local/lib/python3.12/site-packages/airflow/example_dags/example_display_name.py
[2024-08-06T07:51:11.060+0000] {logging_mixin.py:188} INFO - [2024-08-06T07:51:11.059+0000] {dag.py:3096} INFO - Sync 1 DAGs
[2024-08-06T07:51:11.105+0000] {logging_mixin.py:188} INFO - [2024-08-06T07:51:11.105+0000] {dag.py:3954} INFO - Setting next_dagrun for example_display_name to None, run_after=None
[2024-08-06T07:51:11.209+0000] {processor.py:183} INFO - Processing /home/airflow/.local/lib/python3.12/site-packages/airflow/example_dags/example_display_name.py took 0.282 seconds
[2024-08-06T07:51:41.472+0000] {processor.py:161} INFO - Started process (PID=470) to work on /home/airflow/.local/lib/python3.12/site-packages/airflow/example_dags/example_display_name.py
[2024-08-06T07:51:41.472+0000] {processor.py:830} INFO - Processing file /home/airflow/.local/lib/python3.12/site-packages/airflow/example_dags/example_display_name.py for tasks to queue
[2024-08-06T07:51:41.474+0000] {logging_mixin.py:188} INFO - [2024-08-06T07:51:41.474+0000] {dagbag.py:545} INFO - Filling up the DagBag from /home/airflow/.local/lib/python3.12/site-packages/airflow/example_dags/example_display_name.py
[2024-08-06T07:51:41.481+0000] {processor.py:840} INFO - DAG(s) 'example_display_name' retrieved from /home/airflow/.local/lib/python3.12/site-packages/airflow/example_dags/example_display_name.py
[2024-08-06T07:51:41.504+0000] {logging_mixin.py:188} INFO - [2024-08-06T07:51:41.504+0000] {dag.py:3096} INFO - Sync 1 DAGs
[2024-08-06T07:51:41.521+0000] {logging_mixin.py:188} INFO - [2024-08-06T07:51:41.521+0000] {dag.py:3954} INFO - Setting next_dagrun for example_display_name to None, run_after=None
[2024-08-06T07:51:41.549+0000] {processor.py:183} INFO - Processing /home/airflow/.local/lib/python3.12/site-packages/airflow/example_dags/example_display_name.py took 0.085 seconds
[2024-08-06T07:52:12.108+0000] {processor.py:161} INFO - Started process (PID=528) to work on /home/airflow/.local/lib/python3.12/site-packages/airflow/example_dags/example_display_name.py
[2024-08-06T07:52:12.109+0000] {processor.py:830} INFO - Processing file /home/airflow/.local/lib/python3.12/site-packages/airflow/example_dags/example_display_name.py for tasks to queue
[2024-08-06T07:52:12.111+0000] {logging_mixin.py:188} INFO - [2024-08-06T07:52:12.110+0000] {dagbag.py:545} INFO - Filling up the DagBag from /home/airflow/.local/lib/python3.12/site-packages/airflow/example_dags/example_display_name.py
[2024-08-06T07:52:12.117+0000] {processor.py:840} INFO - DAG(s) 'example_display_name' retrieved from /home/airflow/.local/lib/python3.12/site-packages/airflow/example_dags/example_display_name.py
[2024-08-06T07:52:12.141+0000] {logging_mixin.py:188} INFO - [2024-08-06T07:52:12.141+0000] {dag.py:3096} INFO - Sync 1 DAGs
[2024-08-06T07:52:12.157+0000] {logging_mixin.py:188} INFO - [2024-08-06T07:52:12.157+0000] {dag.py:3954} INFO - Setting next_dagrun for example_display_name to None, run_after=None
[2024-08-06T07:52:12.184+0000] {processor.py:183} INFO - Processing /home/airflow/.local/lib/python3.12/site-packages/airflow/example_dags/example_display_name.py took 0.082 seconds
[2024-08-06T07:52:42.387+0000] {processor.py:161} INFO - Started process (PID=585) to work on /home/airflow/.local/lib/python3.12/site-packages/airflow/example_dags/example_display_name.py
[2024-08-06T07:52:42.388+0000] {processor.py:830} INFO - Processing file /home/airflow/.local/lib/python3.12/site-packages/airflow/example_dags/example_display_name.py for tasks to queue
[2024-08-06T07:52:42.389+0000] {logging_mixin.py:188} INFO - [2024-08-06T07:52:42.389+0000] {dagbag.py:545} INFO - Filling up the DagBag from /home/airflow/.local/lib/python3.12/site-packages/airflow/example_dags/example_display_name.py
[2024-08-06T07:52:42.395+0000] {processor.py:840} INFO - DAG(s) 'example_display_name' retrieved from /home/airflow/.local/lib/python3.12/site-packages/airflow/example_dags/example_display_name.py
[2024-08-06T07:52:42.418+0000] {logging_mixin.py:188} INFO - [2024-08-06T07:52:42.418+0000] {dag.py:3096} INFO - Sync 1 DAGs
[2024-08-06T07:52:42.433+0000] {logging_mixin.py:188} INFO - [2024-08-06T07:52:42.433+0000] {dag.py:3954} INFO - Setting next_dagrun for example_display_name to None, run_after=None
[2024-08-06T07:52:42.457+0000] {processor.py:183} INFO - Processing /home/airflow/.local/lib/python3.12/site-packages/airflow/example_dags/example_display_name.py took 0.076 seconds
[2024-08-06T07:53:12.604+0000] {processor.py:161} INFO - Started process (PID=643) to work on /home/airflow/.local/lib/python3.12/site-packages/airflow/example_dags/example_display_name.py
[2024-08-06T07:53:12.619+0000] {processor.py:830} INFO - Processing file /home/airflow/.local/lib/python3.12/site-packages/airflow/example_dags/example_display_name.py for tasks to queue
[2024-08-06T07:53:12.621+0000] {logging_mixin.py:188} INFO - [2024-08-06T07:53:12.620+0000] {dagbag.py:545} INFO - Filling up the DagBag from /home/airflow/.local/lib/python3.12/site-packages/airflow/example_dags/example_display_name.py
[2024-08-06T07:53:12.628+0000] {processor.py:840} INFO - DAG(s) 'example_display_name' retrieved from /home/airflow/.local/lib/python3.12/site-packages/airflow/example_dags/example_display_name.py
[2024-08-06T07:53:12.679+0000] {logging_mixin.py:188} INFO - [2024-08-06T07:53:12.679+0000] {dag.py:3096} INFO - Sync 1 DAGs
[2024-08-06T07:53:12.712+0000] {logging_mixin.py:188} INFO - [2024-08-06T07:53:12.712+0000] {dag.py:3954} INFO - Setting next_dagrun for example_display_name to None, run_after=None
[2024-08-06T07:53:12.763+0000] {processor.py:183} INFO - Processing /home/airflow/.local/lib/python3.12/site-packages/airflow/example_dags/example_display_name.py took 0.176 seconds
[2024-08-06T07:53:43.694+0000] {processor.py:161} INFO - Started process (PID=700) to work on /home/airflow/.local/lib/python3.12/site-packages/airflow/example_dags/example_display_name.py
[2024-08-06T07:53:43.695+0000] {processor.py:830} INFO - Processing file /home/airflow/.local/lib/python3.12/site-packages/airflow/example_dags/example_display_name.py for tasks to queue
[2024-08-06T07:53:43.697+0000] {logging_mixin.py:188} INFO - [2024-08-06T07:53:43.696+0000] {dagbag.py:545} INFO - Filling up the DagBag from /home/airflow/.local/lib/python3.12/site-packages/airflow/example_dags/example_display_name.py
[2024-08-06T07:53:43.702+0000] {processor.py:840} INFO - DAG(s) 'example_display_name' retrieved from /home/airflow/.local/lib/python3.12/site-packages/airflow/example_dags/example_display_name.py
[2024-08-06T07:53:43.725+0000] {logging_mixin.py:188} INFO - [2024-08-06T07:53:43.724+0000] {dag.py:3096} INFO - Sync 1 DAGs
[2024-08-06T07:53:43.741+0000] {logging_mixin.py:188} INFO - [2024-08-06T07:53:43.741+0000] {dag.py:3954} INFO - Setting next_dagrun for example_display_name to None, run_after=None
[2024-08-06T07:53:43.767+0000] {processor.py:183} INFO - Processing /home/airflow/.local/lib/python3.12/site-packages/airflow/example_dags/example_display_name.py took 0.079 seconds
[2024-08-06T07:54:14.103+0000] {processor.py:161} INFO - Started process (PID=758) to work on /home/airflow/.local/lib/python3.12/site-packages/airflow/example_dags/example_display_name.py
[2024-08-06T07:54:14.105+0000] {processor.py:830} INFO - Processing file /home/airflow/.local/lib/python3.12/site-packages/airflow/example_dags/example_display_name.py for tasks to queue
[2024-08-06T07:54:14.107+0000] {logging_mixin.py:188} INFO - [2024-08-06T07:54:14.107+0000] {dagbag.py:545} INFO - Filling up the DagBag from /home/airflow/.local/lib/python3.12/site-packages/airflow/example_dags/example_display_name.py
[2024-08-06T07:54:14.114+0000] {processor.py:840} INFO - DAG(s) 'example_display_name' retrieved from /home/airflow/.local/lib/python3.12/site-packages/airflow/example_dags/example_display_name.py
[2024-08-06T07:54:14.139+0000] {logging_mixin.py:188} INFO - [2024-08-06T07:54:14.138+0000] {dag.py:3096} INFO - Sync 1 DAGs
[2024-08-06T07:54:14.155+0000] {logging_mixin.py:188} INFO - [2024-08-06T07:54:14.155+0000] {dag.py:3954} INFO - Setting next_dagrun for example_display_name to None, run_after=None
[2024-08-06T07:54:14.191+0000] {processor.py:183} INFO - Processing /home/airflow/.local/lib/python3.12/site-packages/airflow/example_dags/example_display_name.py took 0.094 seconds
