[2024-08-06T07:47:58.004+0000] {processor.py:161} INFO - Started process (PID=39) to work on /home/airflow/.local/lib/python3.12/site-packages/airflow/example_dags/example_sensors.py
[2024-08-06T07:47:58.008+0000] {processor.py:830} INFO - Processing file /home/airflow/.local/lib/python3.12/site-packages/airflow/example_dags/example_sensors.py for tasks to queue
[2024-08-06T07:47:58.013+0000] {logging_mixin.py:188} INFO - [2024-08-06T07:47:58.013+0000] {dagbag.py:545} INFO - Filling up the DagBag from /home/airflow/.local/lib/python3.12/site-packages/airflow/example_dags/example_sensors.py
[2024-08-06T07:47:58.050+0000] {processor.py:840} INFO - DAG(s) 'example_sensors' retrieved from /home/airflow/.local/lib/python3.12/site-packages/airflow/example_dags/example_sensors.py
[2024-08-06T07:47:58.767+0000] {logging_mixin.py:188} INFO - [2024-08-06T07:47:58.767+0000] {dag.py:3096} INFO - Sync 1 DAGs
[2024-08-06T07:47:58.821+0000] {logging_mixin.py:188} INFO - [2024-08-06T07:47:58.820+0000] {dag.py:3954} INFO - Setting next_dagrun for example_sensors to None, run_after=None
[2024-08-06T07:47:58.979+0000] {processor.py:183} INFO - Processing /home/airflow/.local/lib/python3.12/site-packages/airflow/example_dags/example_sensors.py took 0.990 seconds
[2024-08-06T07:48:29.053+0000] {processor.py:161} INFO - Started process (PID=97) to work on /home/airflow/.local/lib/python3.12/site-packages/airflow/example_dags/example_sensors.py
[2024-08-06T07:48:29.054+0000] {processor.py:830} INFO - Processing file /home/airflow/.local/lib/python3.12/site-packages/airflow/example_dags/example_sensors.py for tasks to queue
[2024-08-06T07:48:29.056+0000] {logging_mixin.py:188} INFO - [2024-08-06T07:48:29.055+0000] {dagbag.py:545} INFO - Filling up the DagBag from /home/airflow/.local/lib/python3.12/site-packages/airflow/example_dags/example_sensors.py
[2024-08-06T07:48:29.068+0000] {processor.py:840} INFO - DAG(s) 'example_sensors' retrieved from /home/airflow/.local/lib/python3.12/site-packages/airflow/example_dags/example_sensors.py
[2024-08-06T07:48:29.103+0000] {logging_mixin.py:188} INFO - [2024-08-06T07:48:29.103+0000] {dag.py:3096} INFO - Sync 1 DAGs
[2024-08-06T07:48:29.123+0000] {logging_mixin.py:188} INFO - [2024-08-06T07:48:29.122+0000] {dag.py:3954} INFO - Setting next_dagrun for example_sensors to None, run_after=None
[2024-08-06T07:48:29.149+0000] {processor.py:183} INFO - Processing /home/airflow/.local/lib/python3.12/site-packages/airflow/example_dags/example_sensors.py took 0.103 seconds
[2024-08-06T07:48:59.187+0000] {processor.py:161} INFO - Started process (PID=155) to work on /home/airflow/.local/lib/python3.12/site-packages/airflow/example_dags/example_sensors.py
[2024-08-06T07:48:59.188+0000] {processor.py:830} INFO - Processing file /home/airflow/.local/lib/python3.12/site-packages/airflow/example_dags/example_sensors.py for tasks to queue
[2024-08-06T07:48:59.189+0000] {logging_mixin.py:188} INFO - [2024-08-06T07:48:59.189+0000] {dagbag.py:545} INFO - Filling up the DagBag from /home/airflow/.local/lib/python3.12/site-packages/airflow/example_dags/example_sensors.py
[2024-08-06T07:48:59.200+0000] {processor.py:840} INFO - DAG(s) 'example_sensors' retrieved from /home/airflow/.local/lib/python3.12/site-packages/airflow/example_dags/example_sensors.py
[2024-08-06T07:48:59.284+0000] {logging_mixin.py:188} INFO - [2024-08-06T07:48:59.283+0000] {dag.py:3096} INFO - Sync 1 DAGs
[2024-08-06T07:48:59.327+0000] {logging_mixin.py:188} INFO - [2024-08-06T07:48:59.326+0000] {dag.py:3954} INFO - Setting next_dagrun for example_sensors to None, run_after=None
[2024-08-06T07:48:59.374+0000] {processor.py:183} INFO - Processing /home/airflow/.local/lib/python3.12/site-packages/airflow/example_dags/example_sensors.py took 0.193 seconds
[2024-08-06T07:49:30.151+0000] {processor.py:161} INFO - Started process (PID=214) to work on /home/airflow/.local/lib/python3.12/site-packages/airflow/example_dags/example_sensors.py
[2024-08-06T07:49:30.152+0000] {processor.py:830} INFO - Processing file /home/airflow/.local/lib/python3.12/site-packages/airflow/example_dags/example_sensors.py for tasks to queue
[2024-08-06T07:49:30.154+0000] {logging_mixin.py:188} INFO - [2024-08-06T07:49:30.154+0000] {dagbag.py:545} INFO - Filling up the DagBag from /home/airflow/.local/lib/python3.12/site-packages/airflow/example_dags/example_sensors.py
[2024-08-06T07:49:30.166+0000] {processor.py:840} INFO - DAG(s) 'example_sensors' retrieved from /home/airflow/.local/lib/python3.12/site-packages/airflow/example_dags/example_sensors.py
[2024-08-06T07:49:30.201+0000] {logging_mixin.py:188} INFO - [2024-08-06T07:49:30.201+0000] {dag.py:3096} INFO - Sync 1 DAGs
[2024-08-06T07:49:30.216+0000] {logging_mixin.py:188} INFO - [2024-08-06T07:49:30.215+0000] {dag.py:3954} INFO - Setting next_dagrun for example_sensors to None, run_after=None
[2024-08-06T07:49:30.239+0000] {processor.py:183} INFO - Processing /home/airflow/.local/lib/python3.12/site-packages/airflow/example_dags/example_sensors.py took 0.095 seconds
[2024-08-06T07:50:00.821+0000] {processor.py:161} INFO - Started process (PID=273) to work on /home/airflow/.local/lib/python3.12/site-packages/airflow/example_dags/example_sensors.py
[2024-08-06T07:50:00.822+0000] {processor.py:830} INFO - Processing file /home/airflow/.local/lib/python3.12/site-packages/airflow/example_dags/example_sensors.py for tasks to queue
[2024-08-06T07:50:00.823+0000] {logging_mixin.py:188} INFO - [2024-08-06T07:50:00.823+0000] {dagbag.py:545} INFO - Filling up the DagBag from /home/airflow/.local/lib/python3.12/site-packages/airflow/example_dags/example_sensors.py
[2024-08-06T07:50:00.870+0000] {processor.py:840} INFO - DAG(s) 'example_sensors' retrieved from /home/airflow/.local/lib/python3.12/site-packages/airflow/example_dags/example_sensors.py
[2024-08-06T07:50:01.027+0000] {logging_mixin.py:188} INFO - [2024-08-06T07:50:01.027+0000] {dag.py:3096} INFO - Sync 1 DAGs
[2024-08-06T07:50:01.098+0000] {logging_mixin.py:188} INFO - [2024-08-06T07:50:01.098+0000] {dag.py:3954} INFO - Setting next_dagrun for example_sensors to None, run_after=None
[2024-08-06T07:50:01.168+0000] {processor.py:183} INFO - Processing /home/airflow/.local/lib/python3.12/site-packages/airflow/example_dags/example_sensors.py took 0.375 seconds
[2024-08-06T07:50:31.824+0000] {processor.py:161} INFO - Started process (PID=331) to work on /home/airflow/.local/lib/python3.12/site-packages/airflow/example_dags/example_sensors.py
[2024-08-06T07:50:31.831+0000] {processor.py:830} INFO - Processing file /home/airflow/.local/lib/python3.12/site-packages/airflow/example_dags/example_sensors.py for tasks to queue
[2024-08-06T07:50:31.833+0000] {logging_mixin.py:188} INFO - [2024-08-06T07:50:31.832+0000] {dagbag.py:545} INFO - Filling up the DagBag from /home/airflow/.local/lib/python3.12/site-packages/airflow/example_dags/example_sensors.py
[2024-08-06T07:50:31.844+0000] {processor.py:840} INFO - DAG(s) 'example_sensors' retrieved from /home/airflow/.local/lib/python3.12/site-packages/airflow/example_dags/example_sensors.py
[2024-08-06T07:50:31.899+0000] {logging_mixin.py:188} INFO - [2024-08-06T07:50:31.898+0000] {dag.py:3096} INFO - Sync 1 DAGs
[2024-08-06T07:50:31.922+0000] {logging_mixin.py:188} INFO - [2024-08-06T07:50:31.922+0000] {dag.py:3954} INFO - Setting next_dagrun for example_sensors to None, run_after=None
[2024-08-06T07:50:31.980+0000] {processor.py:183} INFO - Processing /home/airflow/.local/lib/python3.12/site-packages/airflow/example_dags/example_sensors.py took 0.166 seconds
[2024-08-06T07:51:02.166+0000] {processor.py:161} INFO - Started process (PID=393) to work on /home/airflow/.local/lib/python3.12/site-packages/airflow/example_dags/example_sensors.py
[2024-08-06T07:51:02.167+0000] {processor.py:830} INFO - Processing file /home/airflow/.local/lib/python3.12/site-packages/airflow/example_dags/example_sensors.py for tasks to queue
[2024-08-06T07:51:02.169+0000] {logging_mixin.py:188} INFO - [2024-08-06T07:51:02.169+0000] {dagbag.py:545} INFO - Filling up the DagBag from /home/airflow/.local/lib/python3.12/site-packages/airflow/example_dags/example_sensors.py
[2024-08-06T07:51:02.185+0000] {processor.py:840} INFO - DAG(s) 'example_sensors' retrieved from /home/airflow/.local/lib/python3.12/site-packages/airflow/example_dags/example_sensors.py
[2024-08-06T07:51:02.208+0000] {logging_mixin.py:188} INFO - [2024-08-06T07:51:02.208+0000] {dag.py:3096} INFO - Sync 1 DAGs
[2024-08-06T07:51:02.219+0000] {logging_mixin.py:188} INFO - [2024-08-06T07:51:02.218+0000] {dag.py:3954} INFO - Setting next_dagrun for example_sensors to None, run_after=None
[2024-08-06T07:51:02.237+0000] {processor.py:183} INFO - Processing /home/airflow/.local/lib/python3.12/site-packages/airflow/example_dags/example_sensors.py took 0.078 seconds
[2024-08-06T07:51:32.319+0000] {processor.py:161} INFO - Started process (PID=451) to work on /home/airflow/.local/lib/python3.12/site-packages/airflow/example_dags/example_sensors.py
[2024-08-06T07:51:32.320+0000] {processor.py:830} INFO - Processing file /home/airflow/.local/lib/python3.12/site-packages/airflow/example_dags/example_sensors.py for tasks to queue
[2024-08-06T07:51:32.321+0000] {logging_mixin.py:188} INFO - [2024-08-06T07:51:32.321+0000] {dagbag.py:545} INFO - Filling up the DagBag from /home/airflow/.local/lib/python3.12/site-packages/airflow/example_dags/example_sensors.py
[2024-08-06T07:51:32.328+0000] {processor.py:840} INFO - DAG(s) 'example_sensors' retrieved from /home/airflow/.local/lib/python3.12/site-packages/airflow/example_dags/example_sensors.py
[2024-08-06T07:51:32.355+0000] {logging_mixin.py:188} INFO - [2024-08-06T07:51:32.354+0000] {dag.py:3096} INFO - Sync 1 DAGs
[2024-08-06T07:51:32.365+0000] {logging_mixin.py:188} INFO - [2024-08-06T07:51:32.365+0000] {dag.py:3954} INFO - Setting next_dagrun for example_sensors to None, run_after=None
[2024-08-06T07:51:32.388+0000] {processor.py:183} INFO - Processing /home/airflow/.local/lib/python3.12/site-packages/airflow/example_dags/example_sensors.py took 0.074 seconds
[2024-08-06T07:52:02.900+0000] {processor.py:161} INFO - Started process (PID=510) to work on /home/airflow/.local/lib/python3.12/site-packages/airflow/example_dags/example_sensors.py
[2024-08-06T07:52:02.901+0000] {processor.py:830} INFO - Processing file /home/airflow/.local/lib/python3.12/site-packages/airflow/example_dags/example_sensors.py for tasks to queue
[2024-08-06T07:52:02.903+0000] {logging_mixin.py:188} INFO - [2024-08-06T07:52:02.903+0000] {dagbag.py:545} INFO - Filling up the DagBag from /home/airflow/.local/lib/python3.12/site-packages/airflow/example_dags/example_sensors.py
[2024-08-06T07:52:02.913+0000] {processor.py:840} INFO - DAG(s) 'example_sensors' retrieved from /home/airflow/.local/lib/python3.12/site-packages/airflow/example_dags/example_sensors.py
[2024-08-06T07:52:02.944+0000] {logging_mixin.py:188} INFO - [2024-08-06T07:52:02.943+0000] {dag.py:3096} INFO - Sync 1 DAGs
[2024-08-06T07:52:02.960+0000] {logging_mixin.py:188} INFO - [2024-08-06T07:52:02.959+0000] {dag.py:3954} INFO - Setting next_dagrun for example_sensors to None, run_after=None
[2024-08-06T07:52:02.984+0000] {processor.py:183} INFO - Processing /home/airflow/.local/lib/python3.12/site-packages/airflow/example_dags/example_sensors.py took 0.091 seconds
[2024-08-06T07:52:33.120+0000] {processor.py:161} INFO - Started process (PID=567) to work on /home/airflow/.local/lib/python3.12/site-packages/airflow/example_dags/example_sensors.py
[2024-08-06T07:52:33.121+0000] {processor.py:830} INFO - Processing file /home/airflow/.local/lib/python3.12/site-packages/airflow/example_dags/example_sensors.py for tasks to queue
[2024-08-06T07:52:33.122+0000] {logging_mixin.py:188} INFO - [2024-08-06T07:52:33.122+0000] {dagbag.py:545} INFO - Filling up the DagBag from /home/airflow/.local/lib/python3.12/site-packages/airflow/example_dags/example_sensors.py
[2024-08-06T07:52:33.133+0000] {processor.py:840} INFO - DAG(s) 'example_sensors' retrieved from /home/airflow/.local/lib/python3.12/site-packages/airflow/example_dags/example_sensors.py
[2024-08-06T07:52:33.167+0000] {logging_mixin.py:188} INFO - [2024-08-06T07:52:33.167+0000] {dag.py:3096} INFO - Sync 1 DAGs
[2024-08-06T07:52:33.184+0000] {logging_mixin.py:188} INFO - [2024-08-06T07:52:33.184+0000] {dag.py:3954} INFO - Setting next_dagrun for example_sensors to None, run_after=None
[2024-08-06T07:52:33.211+0000] {processor.py:183} INFO - Processing /home/airflow/.local/lib/python3.12/site-packages/airflow/example_dags/example_sensors.py took 0.097 seconds
[2024-08-06T07:53:03.631+0000] {processor.py:161} INFO - Started process (PID=625) to work on /home/airflow/.local/lib/python3.12/site-packages/airflow/example_dags/example_sensors.py
[2024-08-06T07:53:03.632+0000] {processor.py:830} INFO - Processing file /home/airflow/.local/lib/python3.12/site-packages/airflow/example_dags/example_sensors.py for tasks to queue
[2024-08-06T07:53:03.633+0000] {logging_mixin.py:188} INFO - [2024-08-06T07:53:03.633+0000] {dagbag.py:545} INFO - Filling up the DagBag from /home/airflow/.local/lib/python3.12/site-packages/airflow/example_dags/example_sensors.py
[2024-08-06T07:53:03.644+0000] {processor.py:840} INFO - DAG(s) 'example_sensors' retrieved from /home/airflow/.local/lib/python3.12/site-packages/airflow/example_dags/example_sensors.py
[2024-08-06T07:53:03.675+0000] {logging_mixin.py:188} INFO - [2024-08-06T07:53:03.674+0000] {dag.py:3096} INFO - Sync 1 DAGs
[2024-08-06T07:53:03.691+0000] {logging_mixin.py:188} INFO - [2024-08-06T07:53:03.690+0000] {dag.py:3954} INFO - Setting next_dagrun for example_sensors to None, run_after=None
[2024-08-06T07:53:03.719+0000] {processor.py:183} INFO - Processing /home/airflow/.local/lib/python3.12/site-packages/airflow/example_dags/example_sensors.py took 0.095 seconds
[2024-08-06T07:53:34.503+0000] {processor.py:161} INFO - Started process (PID=682) to work on /home/airflow/.local/lib/python3.12/site-packages/airflow/example_dags/example_sensors.py
[2024-08-06T07:53:34.503+0000] {processor.py:830} INFO - Processing file /home/airflow/.local/lib/python3.12/site-packages/airflow/example_dags/example_sensors.py for tasks to queue
[2024-08-06T07:53:34.505+0000] {logging_mixin.py:188} INFO - [2024-08-06T07:53:34.505+0000] {dagbag.py:545} INFO - Filling up the DagBag from /home/airflow/.local/lib/python3.12/site-packages/airflow/example_dags/example_sensors.py
[2024-08-06T07:53:34.517+0000] {processor.py:840} INFO - DAG(s) 'example_sensors' retrieved from /home/airflow/.local/lib/python3.12/site-packages/airflow/example_dags/example_sensors.py
[2024-08-06T07:53:34.552+0000] {logging_mixin.py:188} INFO - [2024-08-06T07:53:34.552+0000] {dag.py:3096} INFO - Sync 1 DAGs
[2024-08-06T07:53:34.568+0000] {logging_mixin.py:188} INFO - [2024-08-06T07:53:34.568+0000] {dag.py:3954} INFO - Setting next_dagrun for example_sensors to None, run_after=None
[2024-08-06T07:53:34.594+0000] {processor.py:183} INFO - Processing /home/airflow/.local/lib/python3.12/site-packages/airflow/example_dags/example_sensors.py took 0.097 seconds
[2024-08-06T07:54:04.946+0000] {processor.py:161} INFO - Started process (PID=740) to work on /home/airflow/.local/lib/python3.12/site-packages/airflow/example_dags/example_sensors.py
[2024-08-06T07:54:04.959+0000] {processor.py:830} INFO - Processing file /home/airflow/.local/lib/python3.12/site-packages/airflow/example_dags/example_sensors.py for tasks to queue
[2024-08-06T07:54:04.961+0000] {logging_mixin.py:188} INFO - [2024-08-06T07:54:04.960+0000] {dagbag.py:545} INFO - Filling up the DagBag from /home/airflow/.local/lib/python3.12/site-packages/airflow/example_dags/example_sensors.py
[2024-08-06T07:54:04.988+0000] {processor.py:840} INFO - DAG(s) 'example_sensors' retrieved from /home/airflow/.local/lib/python3.12/site-packages/airflow/example_dags/example_sensors.py
[2024-08-06T07:54:05.149+0000] {logging_mixin.py:188} INFO - [2024-08-06T07:54:05.149+0000] {dag.py:3096} INFO - Sync 1 DAGs
[2024-08-06T07:54:05.233+0000] {logging_mixin.py:188} INFO - [2024-08-06T07:54:05.233+0000] {dag.py:3954} INFO - Setting next_dagrun for example_sensors to None, run_after=None
[2024-08-06T07:54:05.384+0000] {processor.py:183} INFO - Processing /home/airflow/.local/lib/python3.12/site-packages/airflow/example_dags/example_sensors.py took 0.444 seconds
