[2024-08-06T07:47:59.621+0000] {processor.py:161} INFO - Started process (PID=42) to work on /home/airflow/.local/lib/python3.12/site-packages/airflow/example_dags/example_trigger_target_dag.py
[2024-08-06T07:47:59.622+0000] {processor.py:830} INFO - Processing file /home/airflow/.local/lib/python3.12/site-packages/airflow/example_dags/example_trigger_target_dag.py for tasks to queue
[2024-08-06T07:47:59.632+0000] {logging_mixin.py:188} INFO - [2024-08-06T07:47:59.632+0000] {dagbag.py:545} INFO - Filling up the DagBag from /home/airflow/.local/lib/python3.12/site-packages/airflow/example_dags/example_trigger_target_dag.py
[2024-08-06T07:47:59.671+0000] {processor.py:840} INFO - DAG(s) 'example_trigger_target_dag' retrieved from /home/airflow/.local/lib/python3.12/site-packages/airflow/example_dags/example_trigger_target_dag.py
[2024-08-06T07:48:00.253+0000] {logging_mixin.py:188} INFO - [2024-08-06T07:48:00.252+0000] {dag.py:3096} INFO - Sync 1 DAGs
[2024-08-06T07:48:00.291+0000] {logging_mixin.py:188} INFO - [2024-08-06T07:48:00.290+0000] {dag.py:3954} INFO - Setting next_dagrun for example_trigger_target_dag to None, run_after=None
[2024-08-06T07:48:00.359+0000] {processor.py:183} INFO - Processing /home/airflow/.local/lib/python3.12/site-packages/airflow/example_dags/example_trigger_target_dag.py took 0.760 seconds
[2024-08-06T07:48:31.274+0000] {processor.py:161} INFO - Started process (PID=100) to work on /home/airflow/.local/lib/python3.12/site-packages/airflow/example_dags/example_trigger_target_dag.py
[2024-08-06T07:48:31.275+0000] {processor.py:830} INFO - Processing file /home/airflow/.local/lib/python3.12/site-packages/airflow/example_dags/example_trigger_target_dag.py for tasks to queue
[2024-08-06T07:48:31.277+0000] {logging_mixin.py:188} INFO - [2024-08-06T07:48:31.277+0000] {dagbag.py:545} INFO - Filling up the DagBag from /home/airflow/.local/lib/python3.12/site-packages/airflow/example_dags/example_trigger_target_dag.py
[2024-08-06T07:48:31.284+0000] {processor.py:840} INFO - DAG(s) 'example_trigger_target_dag' retrieved from /home/airflow/.local/lib/python3.12/site-packages/airflow/example_dags/example_trigger_target_dag.py
[2024-08-06T07:48:31.319+0000] {logging_mixin.py:188} INFO - [2024-08-06T07:48:31.319+0000] {dag.py:3096} INFO - Sync 1 DAGs
[2024-08-06T07:48:31.333+0000] {logging_mixin.py:188} INFO - [2024-08-06T07:48:31.333+0000] {dag.py:3954} INFO - Setting next_dagrun for example_trigger_target_dag to None, run_after=None
[2024-08-06T07:48:31.361+0000] {processor.py:183} INFO - Processing /home/airflow/.local/lib/python3.12/site-packages/airflow/example_dags/example_trigger_target_dag.py took 0.093 seconds
[2024-08-06T07:49:01.575+0000] {processor.py:161} INFO - Started process (PID=158) to work on /home/airflow/.local/lib/python3.12/site-packages/airflow/example_dags/example_trigger_target_dag.py
[2024-08-06T07:49:01.576+0000] {processor.py:830} INFO - Processing file /home/airflow/.local/lib/python3.12/site-packages/airflow/example_dags/example_trigger_target_dag.py for tasks to queue
[2024-08-06T07:49:01.578+0000] {logging_mixin.py:188} INFO - [2024-08-06T07:49:01.577+0000] {dagbag.py:545} INFO - Filling up the DagBag from /home/airflow/.local/lib/python3.12/site-packages/airflow/example_dags/example_trigger_target_dag.py
[2024-08-06T07:49:01.603+0000] {processor.py:840} INFO - DAG(s) 'example_trigger_target_dag' retrieved from /home/airflow/.local/lib/python3.12/site-packages/airflow/example_dags/example_trigger_target_dag.py
[2024-08-06T07:49:01.629+0000] {logging_mixin.py:188} INFO - [2024-08-06T07:49:01.629+0000] {dag.py:3096} INFO - Sync 1 DAGs
[2024-08-06T07:49:01.654+0000] {logging_mixin.py:188} INFO - [2024-08-06T07:49:01.653+0000] {dag.py:3954} INFO - Setting next_dagrun for example_trigger_target_dag to None, run_after=None
[2024-08-06T07:49:01.680+0000] {processor.py:183} INFO - Processing /home/airflow/.local/lib/python3.12/site-packages/airflow/example_dags/example_trigger_target_dag.py took 0.134 seconds
[2024-08-06T07:49:32.379+0000] {processor.py:161} INFO - Started process (PID=224) to work on /home/airflow/.local/lib/python3.12/site-packages/airflow/example_dags/example_trigger_target_dag.py
[2024-08-06T07:49:32.380+0000] {processor.py:830} INFO - Processing file /home/airflow/.local/lib/python3.12/site-packages/airflow/example_dags/example_trigger_target_dag.py for tasks to queue
[2024-08-06T07:49:32.382+0000] {logging_mixin.py:188} INFO - [2024-08-06T07:49:32.382+0000] {dagbag.py:545} INFO - Filling up the DagBag from /home/airflow/.local/lib/python3.12/site-packages/airflow/example_dags/example_trigger_target_dag.py
[2024-08-06T07:49:32.388+0000] {processor.py:840} INFO - DAG(s) 'example_trigger_target_dag' retrieved from /home/airflow/.local/lib/python3.12/site-packages/airflow/example_dags/example_trigger_target_dag.py
[2024-08-06T07:49:32.410+0000] {logging_mixin.py:188} INFO - [2024-08-06T07:49:32.410+0000] {dag.py:3096} INFO - Sync 1 DAGs
[2024-08-06T07:49:32.426+0000] {logging_mixin.py:188} INFO - [2024-08-06T07:49:32.425+0000] {dag.py:3954} INFO - Setting next_dagrun for example_trigger_target_dag to None, run_after=None
[2024-08-06T07:49:32.450+0000] {processor.py:183} INFO - Processing /home/airflow/.local/lib/python3.12/site-packages/airflow/example_dags/example_trigger_target_dag.py took 0.077 seconds
[2024-08-06T07:50:02.557+0000] {processor.py:161} INFO - Started process (PID=282) to work on /home/airflow/.local/lib/python3.12/site-packages/airflow/example_dags/example_trigger_target_dag.py
[2024-08-06T07:50:02.567+0000] {processor.py:830} INFO - Processing file /home/airflow/.local/lib/python3.12/site-packages/airflow/example_dags/example_trigger_target_dag.py for tasks to queue
[2024-08-06T07:50:02.575+0000] {logging_mixin.py:188} INFO - [2024-08-06T07:50:02.575+0000] {dagbag.py:545} INFO - Filling up the DagBag from /home/airflow/.local/lib/python3.12/site-packages/airflow/example_dags/example_trigger_target_dag.py
[2024-08-06T07:50:02.593+0000] {processor.py:840} INFO - DAG(s) 'example_trigger_target_dag' retrieved from /home/airflow/.local/lib/python3.12/site-packages/airflow/example_dags/example_trigger_target_dag.py
[2024-08-06T07:50:02.649+0000] {logging_mixin.py:188} INFO - [2024-08-06T07:50:02.649+0000] {dag.py:3096} INFO - Sync 1 DAGs
[2024-08-06T07:50:02.709+0000] {logging_mixin.py:188} INFO - [2024-08-06T07:50:02.709+0000] {dag.py:3954} INFO - Setting next_dagrun for example_trigger_target_dag to None, run_after=None
[2024-08-06T07:50:02.771+0000] {processor.py:183} INFO - Processing /home/airflow/.local/lib/python3.12/site-packages/airflow/example_dags/example_trigger_target_dag.py took 0.237 seconds
[2024-08-06T07:50:33.253+0000] {processor.py:161} INFO - Started process (PID=340) to work on /home/airflow/.local/lib/python3.12/site-packages/airflow/example_dags/example_trigger_target_dag.py
[2024-08-06T07:50:33.254+0000] {processor.py:830} INFO - Processing file /home/airflow/.local/lib/python3.12/site-packages/airflow/example_dags/example_trigger_target_dag.py for tasks to queue
[2024-08-06T07:50:33.256+0000] {logging_mixin.py:188} INFO - [2024-08-06T07:50:33.256+0000] {dagbag.py:545} INFO - Filling up the DagBag from /home/airflow/.local/lib/python3.12/site-packages/airflow/example_dags/example_trigger_target_dag.py
[2024-08-06T07:50:33.263+0000] {processor.py:840} INFO - DAG(s) 'example_trigger_target_dag' retrieved from /home/airflow/.local/lib/python3.12/site-packages/airflow/example_dags/example_trigger_target_dag.py
[2024-08-06T07:50:33.289+0000] {logging_mixin.py:188} INFO - [2024-08-06T07:50:33.289+0000] {dag.py:3096} INFO - Sync 1 DAGs
[2024-08-06T07:50:33.308+0000] {logging_mixin.py:188} INFO - [2024-08-06T07:50:33.307+0000] {dag.py:3954} INFO - Setting next_dagrun for example_trigger_target_dag to None, run_after=None
[2024-08-06T07:50:33.334+0000] {processor.py:183} INFO - Processing /home/airflow/.local/lib/python3.12/site-packages/airflow/example_dags/example_trigger_target_dag.py took 0.089 seconds
[2024-08-06T07:51:03.431+0000] {processor.py:161} INFO - Started process (PID=397) to work on /home/airflow/.local/lib/python3.12/site-packages/airflow/example_dags/example_trigger_target_dag.py
[2024-08-06T07:51:03.432+0000] {processor.py:830} INFO - Processing file /home/airflow/.local/lib/python3.12/site-packages/airflow/example_dags/example_trigger_target_dag.py for tasks to queue
[2024-08-06T07:51:03.434+0000] {logging_mixin.py:188} INFO - [2024-08-06T07:51:03.434+0000] {dagbag.py:545} INFO - Filling up the DagBag from /home/airflow/.local/lib/python3.12/site-packages/airflow/example_dags/example_trigger_target_dag.py
[2024-08-06T07:51:03.441+0000] {processor.py:840} INFO - DAG(s) 'example_trigger_target_dag' retrieved from /home/airflow/.local/lib/python3.12/site-packages/airflow/example_dags/example_trigger_target_dag.py
[2024-08-06T07:51:03.462+0000] {logging_mixin.py:188} INFO - [2024-08-06T07:51:03.462+0000] {dag.py:3096} INFO - Sync 1 DAGs
[2024-08-06T07:51:03.478+0000] {logging_mixin.py:188} INFO - [2024-08-06T07:51:03.478+0000] {dag.py:3954} INFO - Setting next_dagrun for example_trigger_target_dag to None, run_after=None
[2024-08-06T07:51:03.504+0000] {processor.py:183} INFO - Processing /home/airflow/.local/lib/python3.12/site-packages/airflow/example_dags/example_trigger_target_dag.py took 0.084 seconds
[2024-08-06T07:51:34.438+0000] {processor.py:161} INFO - Started process (PID=455) to work on /home/airflow/.local/lib/python3.12/site-packages/airflow/example_dags/example_trigger_target_dag.py
[2024-08-06T07:51:34.439+0000] {processor.py:830} INFO - Processing file /home/airflow/.local/lib/python3.12/site-packages/airflow/example_dags/example_trigger_target_dag.py for tasks to queue
[2024-08-06T07:51:34.440+0000] {logging_mixin.py:188} INFO - [2024-08-06T07:51:34.440+0000] {dagbag.py:545} INFO - Filling up the DagBag from /home/airflow/.local/lib/python3.12/site-packages/airflow/example_dags/example_trigger_target_dag.py
[2024-08-06T07:51:34.446+0000] {processor.py:840} INFO - DAG(s) 'example_trigger_target_dag' retrieved from /home/airflow/.local/lib/python3.12/site-packages/airflow/example_dags/example_trigger_target_dag.py
[2024-08-06T07:51:34.467+0000] {logging_mixin.py:188} INFO - [2024-08-06T07:51:34.466+0000] {dag.py:3096} INFO - Sync 1 DAGs
[2024-08-06T07:51:34.482+0000] {logging_mixin.py:188} INFO - [2024-08-06T07:51:34.482+0000] {dag.py:3954} INFO - Setting next_dagrun for example_trigger_target_dag to None, run_after=None
[2024-08-06T07:51:34.507+0000] {processor.py:183} INFO - Processing /home/airflow/.local/lib/python3.12/site-packages/airflow/example_dags/example_trigger_target_dag.py took 0.076 seconds
[2024-08-06T07:52:05.085+0000] {processor.py:161} INFO - Started process (PID=513) to work on /home/airflow/.local/lib/python3.12/site-packages/airflow/example_dags/example_trigger_target_dag.py
[2024-08-06T07:52:05.086+0000] {processor.py:830} INFO - Processing file /home/airflow/.local/lib/python3.12/site-packages/airflow/example_dags/example_trigger_target_dag.py for tasks to queue
[2024-08-06T07:52:05.088+0000] {logging_mixin.py:188} INFO - [2024-08-06T07:52:05.087+0000] {dagbag.py:545} INFO - Filling up the DagBag from /home/airflow/.local/lib/python3.12/site-packages/airflow/example_dags/example_trigger_target_dag.py
[2024-08-06T07:52:05.098+0000] {processor.py:840} INFO - DAG(s) 'example_trigger_target_dag' retrieved from /home/airflow/.local/lib/python3.12/site-packages/airflow/example_dags/example_trigger_target_dag.py
[2024-08-06T07:52:05.118+0000] {logging_mixin.py:188} INFO - [2024-08-06T07:52:05.118+0000] {dag.py:3096} INFO - Sync 1 DAGs
[2024-08-06T07:52:05.138+0000] {logging_mixin.py:188} INFO - [2024-08-06T07:52:05.138+0000] {dag.py:3954} INFO - Setting next_dagrun for example_trigger_target_dag to None, run_after=None
[2024-08-06T07:52:05.167+0000] {processor.py:183} INFO - Processing /home/airflow/.local/lib/python3.12/site-packages/airflow/example_dags/example_trigger_target_dag.py took 0.088 seconds
[2024-08-06T07:52:35.314+0000] {processor.py:161} INFO - Started process (PID=570) to work on /home/airflow/.local/lib/python3.12/site-packages/airflow/example_dags/example_trigger_target_dag.py
[2024-08-06T07:52:35.315+0000] {processor.py:830} INFO - Processing file /home/airflow/.local/lib/python3.12/site-packages/airflow/example_dags/example_trigger_target_dag.py for tasks to queue
[2024-08-06T07:52:35.317+0000] {logging_mixin.py:188} INFO - [2024-08-06T07:52:35.316+0000] {dagbag.py:545} INFO - Filling up the DagBag from /home/airflow/.local/lib/python3.12/site-packages/airflow/example_dags/example_trigger_target_dag.py
[2024-08-06T07:52:35.323+0000] {processor.py:840} INFO - DAG(s) 'example_trigger_target_dag' retrieved from /home/airflow/.local/lib/python3.12/site-packages/airflow/example_dags/example_trigger_target_dag.py
[2024-08-06T07:52:35.345+0000] {logging_mixin.py:188} INFO - [2024-08-06T07:52:35.345+0000] {dag.py:3096} INFO - Sync 1 DAGs
[2024-08-06T07:52:35.361+0000] {logging_mixin.py:188} INFO - [2024-08-06T07:52:35.361+0000] {dag.py:3954} INFO - Setting next_dagrun for example_trigger_target_dag to None, run_after=None
[2024-08-06T07:52:35.385+0000] {processor.py:183} INFO - Processing /home/airflow/.local/lib/python3.12/site-packages/airflow/example_dags/example_trigger_target_dag.py took 0.077 seconds
[2024-08-06T07:53:05.814+0000] {processor.py:161} INFO - Started process (PID=628) to work on /home/airflow/.local/lib/python3.12/site-packages/airflow/example_dags/example_trigger_target_dag.py
[2024-08-06T07:53:05.815+0000] {processor.py:830} INFO - Processing file /home/airflow/.local/lib/python3.12/site-packages/airflow/example_dags/example_trigger_target_dag.py for tasks to queue
[2024-08-06T07:53:05.817+0000] {logging_mixin.py:188} INFO - [2024-08-06T07:53:05.816+0000] {dagbag.py:545} INFO - Filling up the DagBag from /home/airflow/.local/lib/python3.12/site-packages/airflow/example_dags/example_trigger_target_dag.py
[2024-08-06T07:53:05.823+0000] {processor.py:840} INFO - DAG(s) 'example_trigger_target_dag' retrieved from /home/airflow/.local/lib/python3.12/site-packages/airflow/example_dags/example_trigger_target_dag.py
[2024-08-06T07:53:05.848+0000] {logging_mixin.py:188} INFO - [2024-08-06T07:53:05.848+0000] {dag.py:3096} INFO - Sync 1 DAGs
[2024-08-06T07:53:05.863+0000] {logging_mixin.py:188} INFO - [2024-08-06T07:53:05.863+0000] {dag.py:3954} INFO - Setting next_dagrun for example_trigger_target_dag to None, run_after=None
[2024-08-06T07:53:05.887+0000] {processor.py:183} INFO - Processing /home/airflow/.local/lib/python3.12/site-packages/airflow/example_dags/example_trigger_target_dag.py took 0.079 seconds
[2024-08-06T07:53:36.700+0000] {processor.py:161} INFO - Started process (PID=685) to work on /home/airflow/.local/lib/python3.12/site-packages/airflow/example_dags/example_trigger_target_dag.py
[2024-08-06T07:53:36.701+0000] {processor.py:830} INFO - Processing file /home/airflow/.local/lib/python3.12/site-packages/airflow/example_dags/example_trigger_target_dag.py for tasks to queue
[2024-08-06T07:53:36.703+0000] {logging_mixin.py:188} INFO - [2024-08-06T07:53:36.703+0000] {dagbag.py:545} INFO - Filling up the DagBag from /home/airflow/.local/lib/python3.12/site-packages/airflow/example_dags/example_trigger_target_dag.py
[2024-08-06T07:53:36.710+0000] {processor.py:840} INFO - DAG(s) 'example_trigger_target_dag' retrieved from /home/airflow/.local/lib/python3.12/site-packages/airflow/example_dags/example_trigger_target_dag.py
[2024-08-06T07:53:36.736+0000] {logging_mixin.py:188} INFO - [2024-08-06T07:53:36.735+0000] {dag.py:3096} INFO - Sync 1 DAGs
[2024-08-06T07:53:36.752+0000] {logging_mixin.py:188} INFO - [2024-08-06T07:53:36.752+0000] {dag.py:3954} INFO - Setting next_dagrun for example_trigger_target_dag to None, run_after=None
[2024-08-06T07:53:36.779+0000] {processor.py:183} INFO - Processing /home/airflow/.local/lib/python3.12/site-packages/airflow/example_dags/example_trigger_target_dag.py took 0.085 seconds
[2024-08-06T07:54:06.842+0000] {processor.py:161} INFO - Started process (PID=742) to work on /home/airflow/.local/lib/python3.12/site-packages/airflow/example_dags/example_trigger_target_dag.py
[2024-08-06T07:54:06.843+0000] {processor.py:830} INFO - Processing file /home/airflow/.local/lib/python3.12/site-packages/airflow/example_dags/example_trigger_target_dag.py for tasks to queue
[2024-08-06T07:54:06.851+0000] {logging_mixin.py:188} INFO - [2024-08-06T07:54:06.850+0000] {dagbag.py:545} INFO - Filling up the DagBag from /home/airflow/.local/lib/python3.12/site-packages/airflow/example_dags/example_trigger_target_dag.py
[2024-08-06T07:54:06.858+0000] {processor.py:840} INFO - DAG(s) 'example_trigger_target_dag' retrieved from /home/airflow/.local/lib/python3.12/site-packages/airflow/example_dags/example_trigger_target_dag.py
[2024-08-06T07:54:06.917+0000] {logging_mixin.py:188} INFO - [2024-08-06T07:54:06.916+0000] {dag.py:3096} INFO - Sync 1 DAGs
[2024-08-06T07:54:06.950+0000] {logging_mixin.py:188} INFO - [2024-08-06T07:54:06.949+0000] {dag.py:3954} INFO - Setting next_dagrun for example_trigger_target_dag to None, run_after=None
[2024-08-06T07:54:07.007+0000] {processor.py:183} INFO - Processing /home/airflow/.local/lib/python3.12/site-packages/airflow/example_dags/example_trigger_target_dag.py took 0.183 seconds
