[2024-08-06T07:48:07.290+0000] {processor.py:161} INFO - Started process (PID=65) to work on /home/airflow/.local/lib/python3.12/site-packages/airflow/example_dags/example_setup_teardown.py
[2024-08-06T07:48:07.296+0000] {processor.py:830} INFO - Processing file /home/airflow/.local/lib/python3.12/site-packages/airflow/example_dags/example_setup_teardown.py for tasks to queue
[2024-08-06T07:48:07.298+0000] {logging_mixin.py:188} INFO - [2024-08-06T07:48:07.297+0000] {dagbag.py:545} INFO - Filling up the DagBag from /home/airflow/.local/lib/python3.12/site-packages/airflow/example_dags/example_setup_teardown.py
[2024-08-06T07:48:07.314+0000] {processor.py:840} INFO - DAG(s) 'example_setup_teardown' retrieved from /home/airflow/.local/lib/python3.12/site-packages/airflow/example_dags/example_setup_teardown.py
[2024-08-06T07:48:07.642+0000] {logging_mixin.py:188} INFO - [2024-08-06T07:48:07.642+0000] {dag.py:3096} INFO - Sync 1 DAGs
[2024-08-06T07:48:07.725+0000] {logging_mixin.py:188} INFO - [2024-08-06T07:48:07.725+0000] {dag.py:3954} INFO - Setting next_dagrun for example_setup_teardown to 2024-08-05 00:00:00+00:00, run_after=2024-08-06 00:00:00+00:00
[2024-08-06T07:48:07.787+0000] {processor.py:183} INFO - Processing /home/airflow/.local/lib/python3.12/site-packages/airflow/example_dags/example_setup_teardown.py took 0.504 seconds
[2024-08-06T07:48:38.299+0000] {processor.py:161} INFO - Started process (PID=123) to work on /home/airflow/.local/lib/python3.12/site-packages/airflow/example_dags/example_setup_teardown.py
[2024-08-06T07:48:38.300+0000] {processor.py:830} INFO - Processing file /home/airflow/.local/lib/python3.12/site-packages/airflow/example_dags/example_setup_teardown.py for tasks to queue
[2024-08-06T07:48:38.301+0000] {logging_mixin.py:188} INFO - [2024-08-06T07:48:38.301+0000] {dagbag.py:545} INFO - Filling up the DagBag from /home/airflow/.local/lib/python3.12/site-packages/airflow/example_dags/example_setup_teardown.py
[2024-08-06T07:48:38.307+0000] {processor.py:840} INFO - DAG(s) 'example_setup_teardown' retrieved from /home/airflow/.local/lib/python3.12/site-packages/airflow/example_dags/example_setup_teardown.py
[2024-08-06T07:48:38.323+0000] {logging_mixin.py:188} INFO - [2024-08-06T07:48:38.323+0000] {dag.py:3096} INFO - Sync 1 DAGs
[2024-08-06T07:48:38.341+0000] {logging_mixin.py:188} INFO - [2024-08-06T07:48:38.341+0000] {dag.py:3954} INFO - Setting next_dagrun for example_setup_teardown to 2024-08-05 00:00:00+00:00, run_after=2024-08-06 00:00:00+00:00
[2024-08-06T07:48:38.360+0000] {processor.py:183} INFO - Processing /home/airflow/.local/lib/python3.12/site-packages/airflow/example_dags/example_setup_teardown.py took 0.067 seconds
[2024-08-06T07:49:08.538+0000] {processor.py:161} INFO - Started process (PID=182) to work on /home/airflow/.local/lib/python3.12/site-packages/airflow/example_dags/example_setup_teardown.py
[2024-08-06T07:49:08.539+0000] {processor.py:830} INFO - Processing file /home/airflow/.local/lib/python3.12/site-packages/airflow/example_dags/example_setup_teardown.py for tasks to queue
[2024-08-06T07:49:08.541+0000] {logging_mixin.py:188} INFO - [2024-08-06T07:49:08.540+0000] {dagbag.py:545} INFO - Filling up the DagBag from /home/airflow/.local/lib/python3.12/site-packages/airflow/example_dags/example_setup_teardown.py
[2024-08-06T07:49:08.549+0000] {processor.py:840} INFO - DAG(s) 'example_setup_teardown' retrieved from /home/airflow/.local/lib/python3.12/site-packages/airflow/example_dags/example_setup_teardown.py
[2024-08-06T07:49:08.575+0000] {logging_mixin.py:188} INFO - [2024-08-06T07:49:08.575+0000] {dag.py:3096} INFO - Sync 1 DAGs
[2024-08-06T07:49:08.627+0000] {logging_mixin.py:188} INFO - [2024-08-06T07:49:08.627+0000] {dag.py:3954} INFO - Setting next_dagrun for example_setup_teardown to 2024-08-05 00:00:00+00:00, run_after=2024-08-06 00:00:00+00:00
[2024-08-06T07:49:08.655+0000] {processor.py:183} INFO - Processing /home/airflow/.local/lib/python3.12/site-packages/airflow/example_dags/example_setup_teardown.py took 0.124 seconds
[2024-08-06T07:49:39.211+0000] {processor.py:161} INFO - Started process (PID=241) to work on /home/airflow/.local/lib/python3.12/site-packages/airflow/example_dags/example_setup_teardown.py
[2024-08-06T07:49:39.212+0000] {processor.py:830} INFO - Processing file /home/airflow/.local/lib/python3.12/site-packages/airflow/example_dags/example_setup_teardown.py for tasks to queue
[2024-08-06T07:49:39.213+0000] {logging_mixin.py:188} INFO - [2024-08-06T07:49:39.213+0000] {dagbag.py:545} INFO - Filling up the DagBag from /home/airflow/.local/lib/python3.12/site-packages/airflow/example_dags/example_setup_teardown.py
[2024-08-06T07:49:39.220+0000] {processor.py:840} INFO - DAG(s) 'example_setup_teardown' retrieved from /home/airflow/.local/lib/python3.12/site-packages/airflow/example_dags/example_setup_teardown.py
[2024-08-06T07:49:39.244+0000] {logging_mixin.py:188} INFO - [2024-08-06T07:49:39.244+0000] {dag.py:3096} INFO - Sync 1 DAGs
[2024-08-06T07:49:39.272+0000] {logging_mixin.py:188} INFO - [2024-08-06T07:49:39.272+0000] {dag.py:3954} INFO - Setting next_dagrun for example_setup_teardown to 2024-08-05 00:00:00+00:00, run_after=2024-08-06 00:00:00+00:00
[2024-08-06T07:49:39.298+0000] {processor.py:183} INFO - Processing /home/airflow/.local/lib/python3.12/site-packages/airflow/example_dags/example_setup_teardown.py took 0.093 seconds
[2024-08-06T07:50:09.953+0000] {processor.py:161} INFO - Started process (PID=299) to work on /home/airflow/.local/lib/python3.12/site-packages/airflow/example_dags/example_setup_teardown.py
[2024-08-06T07:50:09.954+0000] {processor.py:830} INFO - Processing file /home/airflow/.local/lib/python3.12/site-packages/airflow/example_dags/example_setup_teardown.py for tasks to queue
[2024-08-06T07:50:09.959+0000] {logging_mixin.py:188} INFO - [2024-08-06T07:50:09.959+0000] {dagbag.py:545} INFO - Filling up the DagBag from /home/airflow/.local/lib/python3.12/site-packages/airflow/example_dags/example_setup_teardown.py
[2024-08-06T07:50:09.971+0000] {processor.py:840} INFO - DAG(s) 'example_setup_teardown' retrieved from /home/airflow/.local/lib/python3.12/site-packages/airflow/example_dags/example_setup_teardown.py
[2024-08-06T07:50:09.994+0000] {logging_mixin.py:188} INFO - [2024-08-06T07:50:09.994+0000] {dag.py:3096} INFO - Sync 1 DAGs
[2024-08-06T07:50:10.021+0000] {logging_mixin.py:188} INFO - [2024-08-06T07:50:10.021+0000] {dag.py:3954} INFO - Setting next_dagrun for example_setup_teardown to 2024-08-05 00:00:00+00:00, run_after=2024-08-06 00:00:00+00:00
[2024-08-06T07:50:10.045+0000] {processor.py:183} INFO - Processing /home/airflow/.local/lib/python3.12/site-packages/airflow/example_dags/example_setup_teardown.py took 0.102 seconds
[2024-08-06T07:50:40.588+0000] {processor.py:161} INFO - Started process (PID=357) to work on /home/airflow/.local/lib/python3.12/site-packages/airflow/example_dags/example_setup_teardown.py
[2024-08-06T07:50:40.589+0000] {processor.py:830} INFO - Processing file /home/airflow/.local/lib/python3.12/site-packages/airflow/example_dags/example_setup_teardown.py for tasks to queue
[2024-08-06T07:50:40.591+0000] {logging_mixin.py:188} INFO - [2024-08-06T07:50:40.590+0000] {dagbag.py:545} INFO - Filling up the DagBag from /home/airflow/.local/lib/python3.12/site-packages/airflow/example_dags/example_setup_teardown.py
[2024-08-06T07:50:40.598+0000] {processor.py:840} INFO - DAG(s) 'example_setup_teardown' retrieved from /home/airflow/.local/lib/python3.12/site-packages/airflow/example_dags/example_setup_teardown.py
[2024-08-06T07:50:40.622+0000] {logging_mixin.py:188} INFO - [2024-08-06T07:50:40.622+0000] {dag.py:3096} INFO - Sync 1 DAGs
[2024-08-06T07:50:40.649+0000] {logging_mixin.py:188} INFO - [2024-08-06T07:50:40.649+0000] {dag.py:3954} INFO - Setting next_dagrun for example_setup_teardown to 2024-08-05 00:00:00+00:00, run_after=2024-08-06 00:00:00+00:00
[2024-08-06T07:50:40.673+0000] {processor.py:183} INFO - Processing /home/airflow/.local/lib/python3.12/site-packages/airflow/example_dags/example_setup_teardown.py took 0.092 seconds
[2024-08-06T07:51:11.313+0000] {processor.py:161} INFO - Started process (PID=414) to work on /home/airflow/.local/lib/python3.12/site-packages/airflow/example_dags/example_setup_teardown.py
[2024-08-06T07:51:11.327+0000] {processor.py:830} INFO - Processing file /home/airflow/.local/lib/python3.12/site-packages/airflow/example_dags/example_setup_teardown.py for tasks to queue
[2024-08-06T07:51:11.329+0000] {logging_mixin.py:188} INFO - [2024-08-06T07:51:11.329+0000] {dagbag.py:545} INFO - Filling up the DagBag from /home/airflow/.local/lib/python3.12/site-packages/airflow/example_dags/example_setup_teardown.py
[2024-08-06T07:51:11.370+0000] {processor.py:840} INFO - DAG(s) 'example_setup_teardown' retrieved from /home/airflow/.local/lib/python3.12/site-packages/airflow/example_dags/example_setup_teardown.py
[2024-08-06T07:51:11.475+0000] {logging_mixin.py:188} INFO - [2024-08-06T07:51:11.475+0000] {dag.py:3096} INFO - Sync 1 DAGs
[2024-08-06T07:51:11.556+0000] {logging_mixin.py:188} INFO - [2024-08-06T07:51:11.556+0000] {dag.py:3954} INFO - Setting next_dagrun for example_setup_teardown to 2024-08-05 00:00:00+00:00, run_after=2024-08-06 00:00:00+00:00
[2024-08-06T07:51:11.633+0000] {processor.py:183} INFO - Processing /home/airflow/.local/lib/python3.12/site-packages/airflow/example_dags/example_setup_teardown.py took 0.340 seconds
[2024-08-06T07:51:42.586+0000] {processor.py:161} INFO - Started process (PID=472) to work on /home/airflow/.local/lib/python3.12/site-packages/airflow/example_dags/example_setup_teardown.py
[2024-08-06T07:51:42.587+0000] {processor.py:830} INFO - Processing file /home/airflow/.local/lib/python3.12/site-packages/airflow/example_dags/example_setup_teardown.py for tasks to queue
[2024-08-06T07:51:42.589+0000] {logging_mixin.py:188} INFO - [2024-08-06T07:51:42.589+0000] {dagbag.py:545} INFO - Filling up the DagBag from /home/airflow/.local/lib/python3.12/site-packages/airflow/example_dags/example_setup_teardown.py
[2024-08-06T07:51:42.596+0000] {processor.py:840} INFO - DAG(s) 'example_setup_teardown' retrieved from /home/airflow/.local/lib/python3.12/site-packages/airflow/example_dags/example_setup_teardown.py
[2024-08-06T07:51:42.622+0000] {logging_mixin.py:188} INFO - [2024-08-06T07:51:42.622+0000] {dag.py:3096} INFO - Sync 1 DAGs
[2024-08-06T07:51:42.653+0000] {logging_mixin.py:188} INFO - [2024-08-06T07:51:42.653+0000] {dag.py:3954} INFO - Setting next_dagrun for example_setup_teardown to 2024-08-05 00:00:00+00:00, run_after=2024-08-06 00:00:00+00:00
[2024-08-06T07:51:42.678+0000] {processor.py:183} INFO - Processing /home/airflow/.local/lib/python3.12/site-packages/airflow/example_dags/example_setup_teardown.py took 0.097 seconds
[2024-08-06T07:52:13.227+0000] {processor.py:161} INFO - Started process (PID=530) to work on /home/airflow/.local/lib/python3.12/site-packages/airflow/example_dags/example_setup_teardown.py
[2024-08-06T07:52:13.231+0000] {processor.py:830} INFO - Processing file /home/airflow/.local/lib/python3.12/site-packages/airflow/example_dags/example_setup_teardown.py for tasks to queue
[2024-08-06T07:52:13.232+0000] {logging_mixin.py:188} INFO - [2024-08-06T07:52:13.232+0000] {dagbag.py:545} INFO - Filling up the DagBag from /home/airflow/.local/lib/python3.12/site-packages/airflow/example_dags/example_setup_teardown.py
[2024-08-06T07:52:13.254+0000] {processor.py:840} INFO - DAG(s) 'example_setup_teardown' retrieved from /home/airflow/.local/lib/python3.12/site-packages/airflow/example_dags/example_setup_teardown.py
[2024-08-06T07:52:13.311+0000] {logging_mixin.py:188} INFO - [2024-08-06T07:52:13.310+0000] {dag.py:3096} INFO - Sync 1 DAGs
[2024-08-06T07:52:13.373+0000] {logging_mixin.py:188} INFO - [2024-08-06T07:52:13.372+0000] {dag.py:3954} INFO - Setting next_dagrun for example_setup_teardown to 2024-08-05 00:00:00+00:00, run_after=2024-08-06 00:00:00+00:00
[2024-08-06T07:52:13.408+0000] {processor.py:183} INFO - Processing /home/airflow/.local/lib/python3.12/site-packages/airflow/example_dags/example_setup_teardown.py took 0.191 seconds
[2024-08-06T07:52:43.492+0000] {processor.py:161} INFO - Started process (PID=587) to work on /home/airflow/.local/lib/python3.12/site-packages/airflow/example_dags/example_setup_teardown.py
[2024-08-06T07:52:43.492+0000] {processor.py:830} INFO - Processing file /home/airflow/.local/lib/python3.12/site-packages/airflow/example_dags/example_setup_teardown.py for tasks to queue
[2024-08-06T07:52:43.494+0000] {logging_mixin.py:188} INFO - [2024-08-06T07:52:43.494+0000] {dagbag.py:545} INFO - Filling up the DagBag from /home/airflow/.local/lib/python3.12/site-packages/airflow/example_dags/example_setup_teardown.py
[2024-08-06T07:52:43.501+0000] {processor.py:840} INFO - DAG(s) 'example_setup_teardown' retrieved from /home/airflow/.local/lib/python3.12/site-packages/airflow/example_dags/example_setup_teardown.py
[2024-08-06T07:52:43.528+0000] {logging_mixin.py:188} INFO - [2024-08-06T07:52:43.527+0000] {dag.py:3096} INFO - Sync 1 DAGs
[2024-08-06T07:52:43.554+0000] {logging_mixin.py:188} INFO - [2024-08-06T07:52:43.554+0000] {dag.py:3954} INFO - Setting next_dagrun for example_setup_teardown to 2024-08-05 00:00:00+00:00, run_after=2024-08-06 00:00:00+00:00
[2024-08-06T07:52:43.579+0000] {processor.py:183} INFO - Processing /home/airflow/.local/lib/python3.12/site-packages/airflow/example_dags/example_setup_teardown.py took 0.093 seconds
[2024-08-06T07:53:13.795+0000] {processor.py:161} INFO - Started process (PID=645) to work on /home/airflow/.local/lib/python3.12/site-packages/airflow/example_dags/example_setup_teardown.py
[2024-08-06T07:53:13.796+0000] {processor.py:830} INFO - Processing file /home/airflow/.local/lib/python3.12/site-packages/airflow/example_dags/example_setup_teardown.py for tasks to queue
[2024-08-06T07:53:13.798+0000] {logging_mixin.py:188} INFO - [2024-08-06T07:53:13.798+0000] {dagbag.py:545} INFO - Filling up the DagBag from /home/airflow/.local/lib/python3.12/site-packages/airflow/example_dags/example_setup_teardown.py
[2024-08-06T07:53:13.806+0000] {processor.py:840} INFO - DAG(s) 'example_setup_teardown' retrieved from /home/airflow/.local/lib/python3.12/site-packages/airflow/example_dags/example_setup_teardown.py
[2024-08-06T07:53:13.832+0000] {logging_mixin.py:188} INFO - [2024-08-06T07:53:13.832+0000] {dag.py:3096} INFO - Sync 1 DAGs
[2024-08-06T07:53:13.860+0000] {logging_mixin.py:188} INFO - [2024-08-06T07:53:13.860+0000] {dag.py:3954} INFO - Setting next_dagrun for example_setup_teardown to 2024-08-05 00:00:00+00:00, run_after=2024-08-06 00:00:00+00:00
[2024-08-06T07:53:13.884+0000] {processor.py:183} INFO - Processing /home/airflow/.local/lib/python3.12/site-packages/airflow/example_dags/example_setup_teardown.py took 0.094 seconds
[2024-08-06T07:53:44.801+0000] {processor.py:161} INFO - Started process (PID=702) to work on /home/airflow/.local/lib/python3.12/site-packages/airflow/example_dags/example_setup_teardown.py
[2024-08-06T07:53:44.802+0000] {processor.py:830} INFO - Processing file /home/airflow/.local/lib/python3.12/site-packages/airflow/example_dags/example_setup_teardown.py for tasks to queue
[2024-08-06T07:53:44.803+0000] {logging_mixin.py:188} INFO - [2024-08-06T07:53:44.803+0000] {dagbag.py:545} INFO - Filling up the DagBag from /home/airflow/.local/lib/python3.12/site-packages/airflow/example_dags/example_setup_teardown.py
[2024-08-06T07:53:44.812+0000] {processor.py:840} INFO - DAG(s) 'example_setup_teardown' retrieved from /home/airflow/.local/lib/python3.12/site-packages/airflow/example_dags/example_setup_teardown.py
[2024-08-06T07:53:44.837+0000] {logging_mixin.py:188} INFO - [2024-08-06T07:53:44.837+0000] {dag.py:3096} INFO - Sync 1 DAGs
[2024-08-06T07:53:44.864+0000] {logging_mixin.py:188} INFO - [2024-08-06T07:53:44.864+0000] {dag.py:3954} INFO - Setting next_dagrun for example_setup_teardown to 2024-08-05 00:00:00+00:00, run_after=2024-08-06 00:00:00+00:00
[2024-08-06T07:53:44.906+0000] {processor.py:183} INFO - Processing /home/airflow/.local/lib/python3.12/site-packages/airflow/example_dags/example_setup_teardown.py took 0.112 seconds
[2024-08-06T07:54:15.237+0000] {processor.py:161} INFO - Started process (PID=760) to work on /home/airflow/.local/lib/python3.12/site-packages/airflow/example_dags/example_setup_teardown.py
[2024-08-06T07:54:15.238+0000] {processor.py:830} INFO - Processing file /home/airflow/.local/lib/python3.12/site-packages/airflow/example_dags/example_setup_teardown.py for tasks to queue
[2024-08-06T07:54:15.240+0000] {logging_mixin.py:188} INFO - [2024-08-06T07:54:15.239+0000] {dagbag.py:545} INFO - Filling up the DagBag from /home/airflow/.local/lib/python3.12/site-packages/airflow/example_dags/example_setup_teardown.py
[2024-08-06T07:54:15.248+0000] {processor.py:840} INFO - DAG(s) 'example_setup_teardown' retrieved from /home/airflow/.local/lib/python3.12/site-packages/airflow/example_dags/example_setup_teardown.py
[2024-08-06T07:54:15.274+0000] {logging_mixin.py:188} INFO - [2024-08-06T07:54:15.274+0000] {dag.py:3096} INFO - Sync 1 DAGs
[2024-08-06T07:54:15.302+0000] {logging_mixin.py:188} INFO - [2024-08-06T07:54:15.302+0000] {dag.py:3954} INFO - Setting next_dagrun for example_setup_teardown to 2024-08-05 00:00:00+00:00, run_after=2024-08-06 00:00:00+00:00
[2024-08-06T07:54:15.340+0000] {processor.py:183} INFO - Processing /home/airflow/.local/lib/python3.12/site-packages/airflow/example_dags/example_setup_teardown.py took 0.109 seconds
