[2024-08-06T07:48:05.466+0000] {processor.py:161} INFO - Started process (PID=61) to work on /home/airflow/.local/lib/python3.12/site-packages/airflow/example_dags/example_latest_only_with_trigger.py
[2024-08-06T07:48:05.470+0000] {processor.py:830} INFO - Processing file /home/airflow/.local/lib/python3.12/site-packages/airflow/example_dags/example_latest_only_with_trigger.py for tasks to queue
[2024-08-06T07:48:05.472+0000] {logging_mixin.py:188} INFO - [2024-08-06T07:48:05.472+0000] {dagbag.py:545} INFO - Filling up the DagBag from /home/airflow/.local/lib/python3.12/site-packages/airflow/example_dags/example_latest_only_with_trigger.py
[2024-08-06T07:48:05.484+0000] {processor.py:840} INFO - DAG(s) 'latest_only_with_trigger' retrieved from /home/airflow/.local/lib/python3.12/site-packages/airflow/example_dags/example_latest_only_with_trigger.py
[2024-08-06T07:48:06.143+0000] {logging_mixin.py:188} INFO - [2024-08-06T07:48:06.143+0000] {dag.py:3096} INFO - Sync 1 DAGs
[2024-08-06T07:48:06.212+0000] {logging_mixin.py:188} INFO - [2024-08-06T07:48:06.211+0000] {dag.py:3954} INFO - Setting next_dagrun for latest_only_with_trigger to 2024-08-06 00:00:00+00:00, run_after=2024-08-06 04:00:00+00:00
[2024-08-06T07:48:06.302+0000] {processor.py:183} INFO - Processing /home/airflow/.local/lib/python3.12/site-packages/airflow/example_dags/example_latest_only_with_trigger.py took 0.848 seconds
[2024-08-06T07:48:37.038+0000] {processor.py:161} INFO - Started process (PID=119) to work on /home/airflow/.local/lib/python3.12/site-packages/airflow/example_dags/example_latest_only_with_trigger.py
[2024-08-06T07:48:37.040+0000] {processor.py:830} INFO - Processing file /home/airflow/.local/lib/python3.12/site-packages/airflow/example_dags/example_latest_only_with_trigger.py for tasks to queue
[2024-08-06T07:48:37.042+0000] {logging_mixin.py:188} INFO - [2024-08-06T07:48:37.041+0000] {dagbag.py:545} INFO - Filling up the DagBag from /home/airflow/.local/lib/python3.12/site-packages/airflow/example_dags/example_latest_only_with_trigger.py
[2024-08-06T07:48:37.051+0000] {processor.py:840} INFO - DAG(s) 'latest_only_with_trigger' retrieved from /home/airflow/.local/lib/python3.12/site-packages/airflow/example_dags/example_latest_only_with_trigger.py
[2024-08-06T07:48:37.088+0000] {logging_mixin.py:188} INFO - [2024-08-06T07:48:37.088+0000] {dag.py:3096} INFO - Sync 1 DAGs
[2024-08-06T07:48:37.141+0000] {logging_mixin.py:188} INFO - [2024-08-06T07:48:37.141+0000] {dag.py:3954} INFO - Setting next_dagrun for latest_only_with_trigger to 2024-08-06 00:00:00+00:00, run_after=2024-08-06 04:00:00+00:00
[2024-08-06T07:48:37.165+0000] {processor.py:183} INFO - Processing /home/airflow/.local/lib/python3.12/site-packages/airflow/example_dags/example_latest_only_with_trigger.py took 0.143 seconds
[2024-08-06T07:49:07.214+0000] {processor.py:161} INFO - Started process (PID=178) to work on /home/airflow/.local/lib/python3.12/site-packages/airflow/example_dags/example_latest_only_with_trigger.py
[2024-08-06T07:49:07.215+0000] {processor.py:830} INFO - Processing file /home/airflow/.local/lib/python3.12/site-packages/airflow/example_dags/example_latest_only_with_trigger.py for tasks to queue
[2024-08-06T07:49:07.216+0000] {logging_mixin.py:188} INFO - [2024-08-06T07:49:07.216+0000] {dagbag.py:545} INFO - Filling up the DagBag from /home/airflow/.local/lib/python3.12/site-packages/airflow/example_dags/example_latest_only_with_trigger.py
[2024-08-06T07:49:07.223+0000] {processor.py:840} INFO - DAG(s) 'latest_only_with_trigger' retrieved from /home/airflow/.local/lib/python3.12/site-packages/airflow/example_dags/example_latest_only_with_trigger.py
[2024-08-06T07:49:07.247+0000] {logging_mixin.py:188} INFO - [2024-08-06T07:49:07.247+0000] {dag.py:3096} INFO - Sync 1 DAGs
[2024-08-06T07:49:07.275+0000] {logging_mixin.py:188} INFO - [2024-08-06T07:49:07.275+0000] {dag.py:3954} INFO - Setting next_dagrun for latest_only_with_trigger to 2024-08-06 00:00:00+00:00, run_after=2024-08-06 04:00:00+00:00
[2024-08-06T07:49:07.310+0000] {processor.py:183} INFO - Processing /home/airflow/.local/lib/python3.12/site-packages/airflow/example_dags/example_latest_only_with_trigger.py took 0.102 seconds
[2024-08-06T07:49:38.066+0000] {processor.py:161} INFO - Started process (PID=237) to work on /home/airflow/.local/lib/python3.12/site-packages/airflow/example_dags/example_latest_only_with_trigger.py
[2024-08-06T07:49:38.067+0000] {processor.py:830} INFO - Processing file /home/airflow/.local/lib/python3.12/site-packages/airflow/example_dags/example_latest_only_with_trigger.py for tasks to queue
[2024-08-06T07:49:38.069+0000] {logging_mixin.py:188} INFO - [2024-08-06T07:49:38.068+0000] {dagbag.py:545} INFO - Filling up the DagBag from /home/airflow/.local/lib/python3.12/site-packages/airflow/example_dags/example_latest_only_with_trigger.py
[2024-08-06T07:49:38.075+0000] {processor.py:840} INFO - DAG(s) 'latest_only_with_trigger' retrieved from /home/airflow/.local/lib/python3.12/site-packages/airflow/example_dags/example_latest_only_with_trigger.py
[2024-08-06T07:49:38.123+0000] {logging_mixin.py:188} INFO - [2024-08-06T07:49:38.123+0000] {dag.py:3096} INFO - Sync 1 DAGs
[2024-08-06T07:49:38.204+0000] {logging_mixin.py:188} INFO - [2024-08-06T07:49:38.203+0000] {dag.py:3954} INFO - Setting next_dagrun for latest_only_with_trigger to 2024-08-06 00:00:00+00:00, run_after=2024-08-06 04:00:00+00:00
[2024-08-06T07:49:38.266+0000] {processor.py:183} INFO - Processing /home/airflow/.local/lib/python3.12/site-packages/airflow/example_dags/example_latest_only_with_trigger.py took 0.206 seconds
[2024-08-06T07:50:08.685+0000] {processor.py:161} INFO - Started process (PID=295) to work on /home/airflow/.local/lib/python3.12/site-packages/airflow/example_dags/example_latest_only_with_trigger.py
[2024-08-06T07:50:08.685+0000] {processor.py:830} INFO - Processing file /home/airflow/.local/lib/python3.12/site-packages/airflow/example_dags/example_latest_only_with_trigger.py for tasks to queue
[2024-08-06T07:50:08.687+0000] {logging_mixin.py:188} INFO - [2024-08-06T07:50:08.687+0000] {dagbag.py:545} INFO - Filling up the DagBag from /home/airflow/.local/lib/python3.12/site-packages/airflow/example_dags/example_latest_only_with_trigger.py
[2024-08-06T07:50:08.693+0000] {processor.py:840} INFO - DAG(s) 'latest_only_with_trigger' retrieved from /home/airflow/.local/lib/python3.12/site-packages/airflow/example_dags/example_latest_only_with_trigger.py
[2024-08-06T07:50:08.718+0000] {logging_mixin.py:188} INFO - [2024-08-06T07:50:08.718+0000] {dag.py:3096} INFO - Sync 1 DAGs
[2024-08-06T07:50:08.745+0000] {logging_mixin.py:188} INFO - [2024-08-06T07:50:08.745+0000] {dag.py:3954} INFO - Setting next_dagrun for latest_only_with_trigger to 2024-08-06 00:00:00+00:00, run_after=2024-08-06 04:00:00+00:00
[2024-08-06T07:50:08.770+0000] {processor.py:183} INFO - Processing /home/airflow/.local/lib/python3.12/site-packages/airflow/example_dags/example_latest_only_with_trigger.py took 0.092 seconds
[2024-08-06T07:50:39.315+0000] {processor.py:161} INFO - Started process (PID=353) to work on /home/airflow/.local/lib/python3.12/site-packages/airflow/example_dags/example_latest_only_with_trigger.py
[2024-08-06T07:50:39.323+0000] {processor.py:830} INFO - Processing file /home/airflow/.local/lib/python3.12/site-packages/airflow/example_dags/example_latest_only_with_trigger.py for tasks to queue
[2024-08-06T07:50:39.328+0000] {logging_mixin.py:188} INFO - [2024-08-06T07:50:39.327+0000] {dagbag.py:545} INFO - Filling up the DagBag from /home/airflow/.local/lib/python3.12/site-packages/airflow/example_dags/example_latest_only_with_trigger.py
[2024-08-06T07:50:39.357+0000] {processor.py:840} INFO - DAG(s) 'latest_only_with_trigger' retrieved from /home/airflow/.local/lib/python3.12/site-packages/airflow/example_dags/example_latest_only_with_trigger.py
[2024-08-06T07:50:39.387+0000] {logging_mixin.py:188} INFO - [2024-08-06T07:50:39.387+0000] {dag.py:3096} INFO - Sync 1 DAGs
[2024-08-06T07:50:39.414+0000] {logging_mixin.py:188} INFO - [2024-08-06T07:50:39.413+0000] {dag.py:3954} INFO - Setting next_dagrun for latest_only_with_trigger to 2024-08-06 00:00:00+00:00, run_after=2024-08-06 04:00:00+00:00
[2024-08-06T07:50:39.443+0000] {processor.py:183} INFO - Processing /home/airflow/.local/lib/python3.12/site-packages/airflow/example_dags/example_latest_only_with_trigger.py took 0.141 seconds
[2024-08-06T07:51:10.323+0000] {processor.py:161} INFO - Started process (PID=410) to work on /home/airflow/.local/lib/python3.12/site-packages/airflow/example_dags/example_latest_only_with_trigger.py
[2024-08-06T07:51:10.331+0000] {processor.py:830} INFO - Processing file /home/airflow/.local/lib/python3.12/site-packages/airflow/example_dags/example_latest_only_with_trigger.py for tasks to queue
[2024-08-06T07:51:10.332+0000] {logging_mixin.py:188} INFO - [2024-08-06T07:51:10.332+0000] {dagbag.py:545} INFO - Filling up the DagBag from /home/airflow/.local/lib/python3.12/site-packages/airflow/example_dags/example_latest_only_with_trigger.py
[2024-08-06T07:51:10.348+0000] {processor.py:840} INFO - DAG(s) 'latest_only_with_trigger' retrieved from /home/airflow/.local/lib/python3.12/site-packages/airflow/example_dags/example_latest_only_with_trigger.py
[2024-08-06T07:51:10.489+0000] {logging_mixin.py:188} INFO - [2024-08-06T07:51:10.489+0000] {dag.py:3096} INFO - Sync 1 DAGs
[2024-08-06T07:51:10.687+0000] {logging_mixin.py:188} INFO - [2024-08-06T07:51:10.686+0000] {dag.py:3954} INFO - Setting next_dagrun for latest_only_with_trigger to 2024-08-06 00:00:00+00:00, run_after=2024-08-06 04:00:00+00:00
[2024-08-06T07:51:10.839+0000] {processor.py:183} INFO - Processing /home/airflow/.local/lib/python3.12/site-packages/airflow/example_dags/example_latest_only_with_trigger.py took 0.527 seconds
[2024-08-06T07:51:41.333+0000] {processor.py:161} INFO - Started process (PID=468) to work on /home/airflow/.local/lib/python3.12/site-packages/airflow/example_dags/example_latest_only_with_trigger.py
[2024-08-06T07:51:41.335+0000] {processor.py:830} INFO - Processing file /home/airflow/.local/lib/python3.12/site-packages/airflow/example_dags/example_latest_only_with_trigger.py for tasks to queue
[2024-08-06T07:51:41.342+0000] {logging_mixin.py:188} INFO - [2024-08-06T07:51:41.336+0000] {dagbag.py:545} INFO - Filling up the DagBag from /home/airflow/.local/lib/python3.12/site-packages/airflow/example_dags/example_latest_only_with_trigger.py
[2024-08-06T07:51:41.350+0000] {processor.py:840} INFO - DAG(s) 'latest_only_with_trigger' retrieved from /home/airflow/.local/lib/python3.12/site-packages/airflow/example_dags/example_latest_only_with_trigger.py
[2024-08-06T07:51:41.381+0000] {logging_mixin.py:188} INFO - [2024-08-06T07:51:41.380+0000] {dag.py:3096} INFO - Sync 1 DAGs
[2024-08-06T07:51:41.411+0000] {logging_mixin.py:188} INFO - [2024-08-06T07:51:41.411+0000] {dag.py:3954} INFO - Setting next_dagrun for latest_only_with_trigger to 2024-08-06 00:00:00+00:00, run_after=2024-08-06 04:00:00+00:00
[2024-08-06T07:51:41.437+0000] {processor.py:183} INFO - Processing /home/airflow/.local/lib/python3.12/site-packages/airflow/example_dags/example_latest_only_with_trigger.py took 0.111 seconds
[2024-08-06T07:52:11.979+0000] {processor.py:161} INFO - Started process (PID=526) to work on /home/airflow/.local/lib/python3.12/site-packages/airflow/example_dags/example_latest_only_with_trigger.py
[2024-08-06T07:52:11.980+0000] {processor.py:830} INFO - Processing file /home/airflow/.local/lib/python3.12/site-packages/airflow/example_dags/example_latest_only_with_trigger.py for tasks to queue
[2024-08-06T07:52:11.982+0000] {logging_mixin.py:188} INFO - [2024-08-06T07:52:11.982+0000] {dagbag.py:545} INFO - Filling up the DagBag from /home/airflow/.local/lib/python3.12/site-packages/airflow/example_dags/example_latest_only_with_trigger.py
[2024-08-06T07:52:11.988+0000] {processor.py:840} INFO - DAG(s) 'latest_only_with_trigger' retrieved from /home/airflow/.local/lib/python3.12/site-packages/airflow/example_dags/example_latest_only_with_trigger.py
[2024-08-06T07:52:12.015+0000] {logging_mixin.py:188} INFO - [2024-08-06T07:52:12.014+0000] {dag.py:3096} INFO - Sync 1 DAGs
[2024-08-06T07:52:12.045+0000] {logging_mixin.py:188} INFO - [2024-08-06T07:52:12.045+0000] {dag.py:3954} INFO - Setting next_dagrun for latest_only_with_trigger to 2024-08-06 00:00:00+00:00, run_after=2024-08-06 04:00:00+00:00
[2024-08-06T07:52:12.073+0000] {processor.py:183} INFO - Processing /home/airflow/.local/lib/python3.12/site-packages/airflow/example_dags/example_latest_only_with_trigger.py took 0.100 seconds
[2024-08-06T07:52:42.273+0000] {processor.py:161} INFO - Started process (PID=583) to work on /home/airflow/.local/lib/python3.12/site-packages/airflow/example_dags/example_latest_only_with_trigger.py
[2024-08-06T07:52:42.274+0000] {processor.py:830} INFO - Processing file /home/airflow/.local/lib/python3.12/site-packages/airflow/example_dags/example_latest_only_with_trigger.py for tasks to queue
[2024-08-06T07:52:42.276+0000] {logging_mixin.py:188} INFO - [2024-08-06T07:52:42.275+0000] {dagbag.py:545} INFO - Filling up the DagBag from /home/airflow/.local/lib/python3.12/site-packages/airflow/example_dags/example_latest_only_with_trigger.py
[2024-08-06T07:52:42.282+0000] {processor.py:840} INFO - DAG(s) 'latest_only_with_trigger' retrieved from /home/airflow/.local/lib/python3.12/site-packages/airflow/example_dags/example_latest_only_with_trigger.py
[2024-08-06T07:52:42.305+0000] {logging_mixin.py:188} INFO - [2024-08-06T07:52:42.305+0000] {dag.py:3096} INFO - Sync 1 DAGs
[2024-08-06T07:52:42.333+0000] {logging_mixin.py:188} INFO - [2024-08-06T07:52:42.332+0000] {dag.py:3954} INFO - Setting next_dagrun for latest_only_with_trigger to 2024-08-06 00:00:00+00:00, run_after=2024-08-06 04:00:00+00:00
[2024-08-06T07:52:42.356+0000] {processor.py:183} INFO - Processing /home/airflow/.local/lib/python3.12/site-packages/airflow/example_dags/example_latest_only_with_trigger.py took 0.089 seconds
[2024-08-06T07:53:12.467+0000] {processor.py:161} INFO - Started process (PID=641) to work on /home/airflow/.local/lib/python3.12/site-packages/airflow/example_dags/example_latest_only_with_trigger.py
[2024-08-06T07:53:12.468+0000] {processor.py:830} INFO - Processing file /home/airflow/.local/lib/python3.12/site-packages/airflow/example_dags/example_latest_only_with_trigger.py for tasks to queue
[2024-08-06T07:53:12.470+0000] {logging_mixin.py:188} INFO - [2024-08-06T07:53:12.469+0000] {dagbag.py:545} INFO - Filling up the DagBag from /home/airflow/.local/lib/python3.12/site-packages/airflow/example_dags/example_latest_only_with_trigger.py
[2024-08-06T07:53:12.476+0000] {processor.py:840} INFO - DAG(s) 'latest_only_with_trigger' retrieved from /home/airflow/.local/lib/python3.12/site-packages/airflow/example_dags/example_latest_only_with_trigger.py
[2024-08-06T07:53:12.500+0000] {logging_mixin.py:188} INFO - [2024-08-06T07:53:12.499+0000] {dag.py:3096} INFO - Sync 1 DAGs
[2024-08-06T07:53:12.527+0000] {logging_mixin.py:188} INFO - [2024-08-06T07:53:12.527+0000] {dag.py:3954} INFO - Setting next_dagrun for latest_only_with_trigger to 2024-08-06 00:00:00+00:00, run_after=2024-08-06 04:00:00+00:00
[2024-08-06T07:53:12.550+0000] {processor.py:183} INFO - Processing /home/airflow/.local/lib/python3.12/site-packages/airflow/example_dags/example_latest_only_with_trigger.py took 0.089 seconds
[2024-08-06T07:53:42.590+0000] {processor.py:161} INFO - Started process (PID=698) to work on /home/airflow/.local/lib/python3.12/site-packages/airflow/example_dags/example_latest_only_with_trigger.py
[2024-08-06T07:53:42.591+0000] {processor.py:830} INFO - Processing file /home/airflow/.local/lib/python3.12/site-packages/airflow/example_dags/example_latest_only_with_trigger.py for tasks to queue
[2024-08-06T07:53:42.592+0000] {logging_mixin.py:188} INFO - [2024-08-06T07:53:42.592+0000] {dagbag.py:545} INFO - Filling up the DagBag from /home/airflow/.local/lib/python3.12/site-packages/airflow/example_dags/example_latest_only_with_trigger.py
[2024-08-06T07:53:42.597+0000] {processor.py:840} INFO - DAG(s) 'latest_only_with_trigger' retrieved from /home/airflow/.local/lib/python3.12/site-packages/airflow/example_dags/example_latest_only_with_trigger.py
[2024-08-06T07:53:42.619+0000] {logging_mixin.py:188} INFO - [2024-08-06T07:53:42.619+0000] {dag.py:3096} INFO - Sync 1 DAGs
[2024-08-06T07:53:42.639+0000] {logging_mixin.py:188} INFO - [2024-08-06T07:53:42.639+0000] {dag.py:3954} INFO - Setting next_dagrun for latest_only_with_trigger to 2024-08-06 00:00:00+00:00, run_after=2024-08-06 04:00:00+00:00
[2024-08-06T07:53:42.660+0000] {processor.py:183} INFO - Processing /home/airflow/.local/lib/python3.12/site-packages/airflow/example_dags/example_latest_only_with_trigger.py took 0.075 seconds
[2024-08-06T07:54:12.971+0000] {processor.py:161} INFO - Started process (PID=756) to work on /home/airflow/.local/lib/python3.12/site-packages/airflow/example_dags/example_latest_only_with_trigger.py
[2024-08-06T07:54:12.972+0000] {processor.py:830} INFO - Processing file /home/airflow/.local/lib/python3.12/site-packages/airflow/example_dags/example_latest_only_with_trigger.py for tasks to queue
[2024-08-06T07:54:12.978+0000] {logging_mixin.py:188} INFO - [2024-08-06T07:54:12.977+0000] {dagbag.py:545} INFO - Filling up the DagBag from /home/airflow/.local/lib/python3.12/site-packages/airflow/example_dags/example_latest_only_with_trigger.py
[2024-08-06T07:54:12.989+0000] {processor.py:840} INFO - DAG(s) 'latest_only_with_trigger' retrieved from /home/airflow/.local/lib/python3.12/site-packages/airflow/example_dags/example_latest_only_with_trigger.py
[2024-08-06T07:54:13.014+0000] {logging_mixin.py:188} INFO - [2024-08-06T07:54:13.013+0000] {dag.py:3096} INFO - Sync 1 DAGs
[2024-08-06T07:54:13.042+0000] {logging_mixin.py:188} INFO - [2024-08-06T07:54:13.042+0000] {dag.py:3954} INFO - Setting next_dagrun for latest_only_with_trigger to 2024-08-06 00:00:00+00:00, run_after=2024-08-06 04:00:00+00:00
[2024-08-06T07:54:13.067+0000] {processor.py:183} INFO - Processing /home/airflow/.local/lib/python3.12/site-packages/airflow/example_dags/example_latest_only_with_trigger.py took 0.102 seconds
