[2024-08-06T07:48:02.990+0000] {processor.py:161} INFO - Started process (PID=56) to work on /home/airflow/.local/lib/python3.12/site-packages/airflow/example_dags/example_latest_only.py
[2024-08-06T07:48:03.002+0000] {processor.py:830} INFO - Processing file /home/airflow/.local/lib/python3.12/site-packages/airflow/example_dags/example_latest_only.py for tasks to queue
[2024-08-06T07:48:03.004+0000] {logging_mixin.py:188} INFO - [2024-08-06T07:48:03.004+0000] {dagbag.py:545} INFO - Filling up the DagBag from /home/airflow/.local/lib/python3.12/site-packages/airflow/example_dags/example_latest_only.py
[2024-08-06T07:48:03.027+0000] {processor.py:840} INFO - DAG(s) 'latest_only' retrieved from /home/airflow/.local/lib/python3.12/site-packages/airflow/example_dags/example_latest_only.py
[2024-08-06T07:48:03.415+0000] {logging_mixin.py:188} INFO - [2024-08-06T07:48:03.414+0000] {dag.py:3096} INFO - Sync 1 DAGs
[2024-08-06T07:48:03.539+0000] {logging_mixin.py:188} INFO - [2024-08-06T07:48:03.539+0000] {dag.py:3954} INFO - Setting next_dagrun for latest_only to 2024-08-06 00:00:00+00:00, run_after=2024-08-06 04:00:00+00:00
[2024-08-06T07:48:03.680+0000] {processor.py:183} INFO - Processing /home/airflow/.local/lib/python3.12/site-packages/airflow/example_dags/example_latest_only.py took 0.698 seconds
[2024-08-06T07:48:34.720+0000] {processor.py:161} INFO - Started process (PID=114) to work on /home/airflow/.local/lib/python3.12/site-packages/airflow/example_dags/example_latest_only.py
[2024-08-06T07:48:34.728+0000] {processor.py:830} INFO - Processing file /home/airflow/.local/lib/python3.12/site-packages/airflow/example_dags/example_latest_only.py for tasks to queue
[2024-08-06T07:48:34.730+0000] {logging_mixin.py:188} INFO - [2024-08-06T07:48:34.729+0000] {dagbag.py:545} INFO - Filling up the DagBag from /home/airflow/.local/lib/python3.12/site-packages/airflow/example_dags/example_latest_only.py
[2024-08-06T07:48:34.753+0000] {processor.py:840} INFO - DAG(s) 'latest_only' retrieved from /home/airflow/.local/lib/python3.12/site-packages/airflow/example_dags/example_latest_only.py
[2024-08-06T07:48:34.807+0000] {logging_mixin.py:188} INFO - [2024-08-06T07:48:34.807+0000] {dag.py:3096} INFO - Sync 1 DAGs
[2024-08-06T07:48:34.835+0000] {logging_mixin.py:188} INFO - [2024-08-06T07:48:34.835+0000] {dag.py:3954} INFO - Setting next_dagrun for latest_only to 2024-08-06 00:00:00+00:00, run_after=2024-08-06 04:00:00+00:00
[2024-08-06T07:48:34.861+0000] {processor.py:183} INFO - Processing /home/airflow/.local/lib/python3.12/site-packages/airflow/example_dags/example_latest_only.py took 0.153 seconds
[2024-08-06T07:49:04.960+0000] {processor.py:161} INFO - Started process (PID=173) to work on /home/airflow/.local/lib/python3.12/site-packages/airflow/example_dags/example_latest_only.py
[2024-08-06T07:49:04.963+0000] {processor.py:830} INFO - Processing file /home/airflow/.local/lib/python3.12/site-packages/airflow/example_dags/example_latest_only.py for tasks to queue
[2024-08-06T07:49:04.965+0000] {logging_mixin.py:188} INFO - [2024-08-06T07:49:04.964+0000] {dagbag.py:545} INFO - Filling up the DagBag from /home/airflow/.local/lib/python3.12/site-packages/airflow/example_dags/example_latest_only.py
[2024-08-06T07:49:04.972+0000] {processor.py:840} INFO - DAG(s) 'latest_only' retrieved from /home/airflow/.local/lib/python3.12/site-packages/airflow/example_dags/example_latest_only.py
[2024-08-06T07:49:04.995+0000] {logging_mixin.py:188} INFO - [2024-08-06T07:49:04.995+0000] {dag.py:3096} INFO - Sync 1 DAGs
[2024-08-06T07:49:05.021+0000] {logging_mixin.py:188} INFO - [2024-08-06T07:49:05.021+0000] {dag.py:3954} INFO - Setting next_dagrun for latest_only to 2024-08-06 00:00:00+00:00, run_after=2024-08-06 04:00:00+00:00
[2024-08-06T07:49:05.044+0000] {processor.py:183} INFO - Processing /home/airflow/.local/lib/python3.12/site-packages/airflow/example_dags/example_latest_only.py took 0.089 seconds
[2024-08-06T07:49:35.796+0000] {processor.py:161} INFO - Started process (PID=232) to work on /home/airflow/.local/lib/python3.12/site-packages/airflow/example_dags/example_latest_only.py
[2024-08-06T07:49:35.797+0000] {processor.py:830} INFO - Processing file /home/airflow/.local/lib/python3.12/site-packages/airflow/example_dags/example_latest_only.py for tasks to queue
[2024-08-06T07:49:35.799+0000] {logging_mixin.py:188} INFO - [2024-08-06T07:49:35.799+0000] {dagbag.py:545} INFO - Filling up the DagBag from /home/airflow/.local/lib/python3.12/site-packages/airflow/example_dags/example_latest_only.py
[2024-08-06T07:49:35.810+0000] {processor.py:840} INFO - DAG(s) 'latest_only' retrieved from /home/airflow/.local/lib/python3.12/site-packages/airflow/example_dags/example_latest_only.py
[2024-08-06T07:49:35.834+0000] {logging_mixin.py:188} INFO - [2024-08-06T07:49:35.834+0000] {dag.py:3096} INFO - Sync 1 DAGs
[2024-08-06T07:49:35.861+0000] {logging_mixin.py:188} INFO - [2024-08-06T07:49:35.861+0000] {dag.py:3954} INFO - Setting next_dagrun for latest_only to 2024-08-06 00:00:00+00:00, run_after=2024-08-06 04:00:00+00:00
[2024-08-06T07:49:35.885+0000] {processor.py:183} INFO - Processing /home/airflow/.local/lib/python3.12/site-packages/airflow/example_dags/example_latest_only.py took 0.095 seconds
[2024-08-06T07:50:06.437+0000] {processor.py:161} INFO - Started process (PID=290) to work on /home/airflow/.local/lib/python3.12/site-packages/airflow/example_dags/example_latest_only.py
[2024-08-06T07:50:06.438+0000] {processor.py:830} INFO - Processing file /home/airflow/.local/lib/python3.12/site-packages/airflow/example_dags/example_latest_only.py for tasks to queue
[2024-08-06T07:50:06.439+0000] {logging_mixin.py:188} INFO - [2024-08-06T07:50:06.439+0000] {dagbag.py:545} INFO - Filling up the DagBag from /home/airflow/.local/lib/python3.12/site-packages/airflow/example_dags/example_latest_only.py
[2024-08-06T07:50:06.444+0000] {processor.py:840} INFO - DAG(s) 'latest_only' retrieved from /home/airflow/.local/lib/python3.12/site-packages/airflow/example_dags/example_latest_only.py
[2024-08-06T07:50:06.467+0000] {logging_mixin.py:188} INFO - [2024-08-06T07:50:06.467+0000] {dag.py:3096} INFO - Sync 1 DAGs
[2024-08-06T07:50:06.493+0000] {logging_mixin.py:188} INFO - [2024-08-06T07:50:06.493+0000] {dag.py:3954} INFO - Setting next_dagrun for latest_only to 2024-08-06 00:00:00+00:00, run_after=2024-08-06 04:00:00+00:00
[2024-08-06T07:50:06.520+0000] {processor.py:183} INFO - Processing /home/airflow/.local/lib/python3.12/site-packages/airflow/example_dags/example_latest_only.py took 0.088 seconds
[2024-08-06T07:50:37.097+0000] {processor.py:161} INFO - Started process (PID=348) to work on /home/airflow/.local/lib/python3.12/site-packages/airflow/example_dags/example_latest_only.py
[2024-08-06T07:50:37.110+0000] {processor.py:830} INFO - Processing file /home/airflow/.local/lib/python3.12/site-packages/airflow/example_dags/example_latest_only.py for tasks to queue
[2024-08-06T07:50:37.112+0000] {logging_mixin.py:188} INFO - [2024-08-06T07:50:37.112+0000] {dagbag.py:545} INFO - Filling up the DagBag from /home/airflow/.local/lib/python3.12/site-packages/airflow/example_dags/example_latest_only.py
[2024-08-06T07:50:37.120+0000] {processor.py:840} INFO - DAG(s) 'latest_only' retrieved from /home/airflow/.local/lib/python3.12/site-packages/airflow/example_dags/example_latest_only.py
[2024-08-06T07:50:37.241+0000] {logging_mixin.py:188} INFO - [2024-08-06T07:50:37.240+0000] {dag.py:3096} INFO - Sync 1 DAGs
[2024-08-06T07:50:37.323+0000] {logging_mixin.py:188} INFO - [2024-08-06T07:50:37.322+0000] {dag.py:3954} INFO - Setting next_dagrun for latest_only to 2024-08-06 00:00:00+00:00, run_after=2024-08-06 04:00:00+00:00
[2024-08-06T07:50:37.443+0000] {processor.py:183} INFO - Processing /home/airflow/.local/lib/python3.12/site-packages/airflow/example_dags/example_latest_only.py took 0.352 seconds
[2024-08-06T07:51:08.044+0000] {processor.py:161} INFO - Started process (PID=405) to work on /home/airflow/.local/lib/python3.12/site-packages/airflow/example_dags/example_latest_only.py
[2024-08-06T07:51:08.046+0000] {processor.py:830} INFO - Processing file /home/airflow/.local/lib/python3.12/site-packages/airflow/example_dags/example_latest_only.py for tasks to queue
[2024-08-06T07:51:08.048+0000] {logging_mixin.py:188} INFO - [2024-08-06T07:51:08.048+0000] {dagbag.py:545} INFO - Filling up the DagBag from /home/airflow/.local/lib/python3.12/site-packages/airflow/example_dags/example_latest_only.py
[2024-08-06T07:51:08.054+0000] {processor.py:840} INFO - DAG(s) 'latest_only' retrieved from /home/airflow/.local/lib/python3.12/site-packages/airflow/example_dags/example_latest_only.py
[2024-08-06T07:51:08.079+0000] {logging_mixin.py:188} INFO - [2024-08-06T07:51:08.079+0000] {dag.py:3096} INFO - Sync 1 DAGs
[2024-08-06T07:51:08.106+0000] {logging_mixin.py:188} INFO - [2024-08-06T07:51:08.106+0000] {dag.py:3954} INFO - Setting next_dagrun for latest_only to 2024-08-06 00:00:00+00:00, run_after=2024-08-06 04:00:00+00:00
[2024-08-06T07:51:08.134+0000] {processor.py:183} INFO - Processing /home/airflow/.local/lib/python3.12/site-packages/airflow/example_dags/example_latest_only.py took 0.096 seconds
[2024-08-06T07:51:38.943+0000] {processor.py:161} INFO - Started process (PID=463) to work on /home/airflow/.local/lib/python3.12/site-packages/airflow/example_dags/example_latest_only.py
[2024-08-06T07:51:38.943+0000] {processor.py:830} INFO - Processing file /home/airflow/.local/lib/python3.12/site-packages/airflow/example_dags/example_latest_only.py for tasks to queue
[2024-08-06T07:51:38.945+0000] {logging_mixin.py:188} INFO - [2024-08-06T07:51:38.945+0000] {dagbag.py:545} INFO - Filling up the DagBag from /home/airflow/.local/lib/python3.12/site-packages/airflow/example_dags/example_latest_only.py
[2024-08-06T07:51:38.950+0000] {processor.py:840} INFO - DAG(s) 'latest_only' retrieved from /home/airflow/.local/lib/python3.12/site-packages/airflow/example_dags/example_latest_only.py
[2024-08-06T07:51:38.973+0000] {logging_mixin.py:188} INFO - [2024-08-06T07:51:38.973+0000] {dag.py:3096} INFO - Sync 1 DAGs
[2024-08-06T07:51:39.002+0000] {logging_mixin.py:188} INFO - [2024-08-06T07:51:39.002+0000] {dag.py:3954} INFO - Setting next_dagrun for latest_only to 2024-08-06 00:00:00+00:00, run_after=2024-08-06 04:00:00+00:00
[2024-08-06T07:51:39.028+0000] {processor.py:183} INFO - Processing /home/airflow/.local/lib/python3.12/site-packages/airflow/example_dags/example_latest_only.py took 0.092 seconds
[2024-08-06T07:52:09.598+0000] {processor.py:161} INFO - Started process (PID=521) to work on /home/airflow/.local/lib/python3.12/site-packages/airflow/example_dags/example_latest_only.py
[2024-08-06T07:52:09.599+0000] {processor.py:830} INFO - Processing file /home/airflow/.local/lib/python3.12/site-packages/airflow/example_dags/example_latest_only.py for tasks to queue
[2024-08-06T07:52:09.601+0000] {logging_mixin.py:188} INFO - [2024-08-06T07:52:09.600+0000] {dagbag.py:545} INFO - Filling up the DagBag from /home/airflow/.local/lib/python3.12/site-packages/airflow/example_dags/example_latest_only.py
[2024-08-06T07:52:09.606+0000] {processor.py:840} INFO - DAG(s) 'latest_only' retrieved from /home/airflow/.local/lib/python3.12/site-packages/airflow/example_dags/example_latest_only.py
[2024-08-06T07:52:09.629+0000] {logging_mixin.py:188} INFO - [2024-08-06T07:52:09.629+0000] {dag.py:3096} INFO - Sync 1 DAGs
[2024-08-06T07:52:09.656+0000] {logging_mixin.py:188} INFO - [2024-08-06T07:52:09.656+0000] {dag.py:3954} INFO - Setting next_dagrun for latest_only to 2024-08-06 00:00:00+00:00, run_after=2024-08-06 04:00:00+00:00
[2024-08-06T07:52:09.680+0000] {processor.py:183} INFO - Processing /home/airflow/.local/lib/python3.12/site-packages/airflow/example_dags/example_latest_only.py took 0.088 seconds
[2024-08-06T07:52:39.993+0000] {processor.py:161} INFO - Started process (PID=578) to work on /home/airflow/.local/lib/python3.12/site-packages/airflow/example_dags/example_latest_only.py
[2024-08-06T07:52:39.994+0000] {processor.py:830} INFO - Processing file /home/airflow/.local/lib/python3.12/site-packages/airflow/example_dags/example_latest_only.py for tasks to queue
[2024-08-06T07:52:39.996+0000] {logging_mixin.py:188} INFO - [2024-08-06T07:52:39.996+0000] {dagbag.py:545} INFO - Filling up the DagBag from /home/airflow/.local/lib/python3.12/site-packages/airflow/example_dags/example_latest_only.py
[2024-08-06T07:52:40.003+0000] {processor.py:840} INFO - DAG(s) 'latest_only' retrieved from /home/airflow/.local/lib/python3.12/site-packages/airflow/example_dags/example_latest_only.py
[2024-08-06T07:52:40.033+0000] {logging_mixin.py:188} INFO - [2024-08-06T07:52:40.033+0000] {dag.py:3096} INFO - Sync 1 DAGs
[2024-08-06T07:52:40.060+0000] {logging_mixin.py:188} INFO - [2024-08-06T07:52:40.060+0000] {dag.py:3954} INFO - Setting next_dagrun for latest_only to 2024-08-06 00:00:00+00:00, run_after=2024-08-06 04:00:00+00:00
[2024-08-06T07:52:40.085+0000] {processor.py:183} INFO - Processing /home/airflow/.local/lib/python3.12/site-packages/airflow/example_dags/example_latest_only.py took 0.103 seconds
[2024-08-06T07:53:10.214+0000] {processor.py:161} INFO - Started process (PID=636) to work on /home/airflow/.local/lib/python3.12/site-packages/airflow/example_dags/example_latest_only.py
[2024-08-06T07:53:10.215+0000] {processor.py:830} INFO - Processing file /home/airflow/.local/lib/python3.12/site-packages/airflow/example_dags/example_latest_only.py for tasks to queue
[2024-08-06T07:53:10.217+0000] {logging_mixin.py:188} INFO - [2024-08-06T07:53:10.216+0000] {dagbag.py:545} INFO - Filling up the DagBag from /home/airflow/.local/lib/python3.12/site-packages/airflow/example_dags/example_latest_only.py
[2024-08-06T07:53:10.222+0000] {processor.py:840} INFO - DAG(s) 'latest_only' retrieved from /home/airflow/.local/lib/python3.12/site-packages/airflow/example_dags/example_latest_only.py
[2024-08-06T07:53:10.244+0000] {logging_mixin.py:188} INFO - [2024-08-06T07:53:10.244+0000] {dag.py:3096} INFO - Sync 1 DAGs
[2024-08-06T07:53:10.286+0000] {logging_mixin.py:188} INFO - [2024-08-06T07:53:10.286+0000] {dag.py:3954} INFO - Setting next_dagrun for latest_only to 2024-08-06 00:00:00+00:00, run_after=2024-08-06 04:00:00+00:00
[2024-08-06T07:53:10.310+0000] {processor.py:183} INFO - Processing /home/airflow/.local/lib/python3.12/site-packages/airflow/example_dags/example_latest_only.py took 0.101 seconds
[2024-08-06T07:53:41.228+0000] {processor.py:161} INFO - Started process (PID=693) to work on /home/airflow/.local/lib/python3.12/site-packages/airflow/example_dags/example_latest_only.py
[2024-08-06T07:53:41.229+0000] {processor.py:830} INFO - Processing file /home/airflow/.local/lib/python3.12/site-packages/airflow/example_dags/example_latest_only.py for tasks to queue
[2024-08-06T07:53:41.231+0000] {logging_mixin.py:188} INFO - [2024-08-06T07:53:41.231+0000] {dagbag.py:545} INFO - Filling up the DagBag from /home/airflow/.local/lib/python3.12/site-packages/airflow/example_dags/example_latest_only.py
[2024-08-06T07:53:41.237+0000] {processor.py:840} INFO - DAG(s) 'latest_only' retrieved from /home/airflow/.local/lib/python3.12/site-packages/airflow/example_dags/example_latest_only.py
[2024-08-06T07:53:41.260+0000] {logging_mixin.py:188} INFO - [2024-08-06T07:53:41.260+0000] {dag.py:3096} INFO - Sync 1 DAGs
[2024-08-06T07:53:41.287+0000] {logging_mixin.py:188} INFO - [2024-08-06T07:53:41.287+0000] {dag.py:3954} INFO - Setting next_dagrun for latest_only to 2024-08-06 00:00:00+00:00, run_after=2024-08-06 04:00:00+00:00
[2024-08-06T07:53:41.321+0000] {processor.py:183} INFO - Processing /home/airflow/.local/lib/python3.12/site-packages/airflow/example_dags/example_latest_only.py took 0.099 seconds
[2024-08-06T07:54:11.707+0000] {processor.py:161} INFO - Started process (PID=751) to work on /home/airflow/.local/lib/python3.12/site-packages/airflow/example_dags/example_latest_only.py
[2024-08-06T07:54:11.708+0000] {processor.py:830} INFO - Processing file /home/airflow/.local/lib/python3.12/site-packages/airflow/example_dags/example_latest_only.py for tasks to queue
[2024-08-06T07:54:11.710+0000] {logging_mixin.py:188} INFO - [2024-08-06T07:54:11.709+0000] {dagbag.py:545} INFO - Filling up the DagBag from /home/airflow/.local/lib/python3.12/site-packages/airflow/example_dags/example_latest_only.py
[2024-08-06T07:54:11.715+0000] {processor.py:840} INFO - DAG(s) 'latest_only' retrieved from /home/airflow/.local/lib/python3.12/site-packages/airflow/example_dags/example_latest_only.py
[2024-08-06T07:54:11.741+0000] {logging_mixin.py:188} INFO - [2024-08-06T07:54:11.741+0000] {dag.py:3096} INFO - Sync 1 DAGs
[2024-08-06T07:54:11.771+0000] {logging_mixin.py:188} INFO - [2024-08-06T07:54:11.770+0000] {dag.py:3954} INFO - Setting next_dagrun for latest_only to 2024-08-06 00:00:00+00:00, run_after=2024-08-06 04:00:00+00:00
[2024-08-06T07:54:11.798+0000] {processor.py:183} INFO - Processing /home/airflow/.local/lib/python3.12/site-packages/airflow/example_dags/example_latest_only.py took 0.096 seconds
