[2024-08-06T07:48:03.827+0000] {processor.py:161} INFO - Started process (PID=58) to work on /home/airflow/.local/lib/python3.12/site-packages/airflow/example_dags/example_subdag_operator.py
[2024-08-06T07:48:03.828+0000] {processor.py:830} INFO - Processing file /home/airflow/.local/lib/python3.12/site-packages/airflow/example_dags/example_subdag_operator.py for tasks to queue
[2024-08-06T07:48:03.856+0000] {logging_mixin.py:188} INFO - [2024-08-06T07:48:03.848+0000] {dagbag.py:545} INFO - Filling up the DagBag from /home/airflow/.local/lib/python3.12/site-packages/airflow/example_dags/example_subdag_operator.py
[2024-08-06T07:48:03.944+0000] {processor.py:840} INFO - DAG(s) 'example_subdag_operator.section-1', 'example_subdag_operator.section-2', 'example_subdag_operator' retrieved from /home/airflow/.local/lib/python3.12/site-packages/airflow/example_dags/example_subdag_operator.py
[2024-08-06T07:48:04.516+0000] {logging_mixin.py:188} INFO - [2024-08-06T07:48:04.516+0000] {dag.py:3096} INFO - Sync 3 DAGs
[2024-08-06T07:48:04.634+0000] {logging_mixin.py:188} INFO - [2024-08-06T07:48:04.634+0000] {dag.py:3954} INFO - Setting next_dagrun for example_subdag_operator to 2022-01-01 00:00:00+00:00, run_after=2022-01-01 00:00:00+00:00
[2024-08-06T07:48:04.663+0000] {logging_mixin.py:188} INFO - [2024-08-06T07:48:04.663+0000] {dag.py:3954} INFO - Setting next_dagrun for example_subdag_operator.section-1 to None, run_after=None
[2024-08-06T07:48:04.669+0000] {logging_mixin.py:188} INFO - [2024-08-06T07:48:04.669+0000] {dag.py:3954} INFO - Setting next_dagrun for example_subdag_operator.section-2 to None, run_after=None
[2024-08-06T07:48:04.701+0000] {logging_mixin.py:188} INFO - [2024-08-06T07:48:04.701+0000] {dag.py:3096} INFO - Sync 2 DAGs
[2024-08-06T07:48:04.727+0000] {logging_mixin.py:188} INFO - [2024-08-06T07:48:04.727+0000] {dag.py:3954} INFO - Setting next_dagrun for example_subdag_operator.section-1 to None, run_after=None
[2024-08-06T07:48:04.727+0000] {logging_mixin.py:188} INFO - [2024-08-06T07:48:04.727+0000] {dag.py:3954} INFO - Setting next_dagrun for example_subdag_operator.section-2 to None, run_after=None
[2024-08-06T07:48:04.777+0000] {processor.py:183} INFO - Processing /home/airflow/.local/lib/python3.12/site-packages/airflow/example_dags/example_subdag_operator.py took 0.983 seconds
[2024-08-06T07:48:34.846+0000] {processor.py:161} INFO - Started process (PID=116) to work on /home/airflow/.local/lib/python3.12/site-packages/airflow/example_dags/example_subdag_operator.py
[2024-08-06T07:48:34.846+0000] {processor.py:830} INFO - Processing file /home/airflow/.local/lib/python3.12/site-packages/airflow/example_dags/example_subdag_operator.py for tasks to queue
[2024-08-06T07:48:34.848+0000] {logging_mixin.py:188} INFO - [2024-08-06T07:48:34.847+0000] {dagbag.py:545} INFO - Filling up the DagBag from /home/airflow/.local/lib/python3.12/site-packages/airflow/example_dags/example_subdag_operator.py
[2024-08-06T07:48:34.872+0000] {processor.py:840} INFO - DAG(s) 'example_subdag_operator.section-1', 'example_subdag_operator.section-2', 'example_subdag_operator' retrieved from /home/airflow/.local/lib/python3.12/site-packages/airflow/example_dags/example_subdag_operator.py
[2024-08-06T07:48:34.886+0000] {logging_mixin.py:188} INFO - [2024-08-06T07:48:34.886+0000] {dag.py:3096} INFO - Sync 3 DAGs
[2024-08-06T07:48:34.904+0000] {logging_mixin.py:188} INFO - [2024-08-06T07:48:34.903+0000] {dag.py:3954} INFO - Setting next_dagrun for example_subdag_operator to 2022-01-01 00:00:00+00:00, run_after=2022-01-01 00:00:00+00:00
[2024-08-06T07:48:34.907+0000] {logging_mixin.py:188} INFO - [2024-08-06T07:48:34.906+0000] {dag.py:3954} INFO - Setting next_dagrun for example_subdag_operator.section-1 to None, run_after=None
[2024-08-06T07:48:34.907+0000] {logging_mixin.py:188} INFO - [2024-08-06T07:48:34.907+0000] {dag.py:3954} INFO - Setting next_dagrun for example_subdag_operator.section-2 to None, run_after=None
[2024-08-06T07:48:34.913+0000] {logging_mixin.py:188} INFO - [2024-08-06T07:48:34.913+0000] {dag.py:3096} INFO - Sync 2 DAGs
[2024-08-06T07:48:34.917+0000] {logging_mixin.py:188} INFO - [2024-08-06T07:48:34.916+0000] {dag.py:3954} INFO - Setting next_dagrun for example_subdag_operator.section-1 to None, run_after=None
[2024-08-06T07:48:34.917+0000] {logging_mixin.py:188} INFO - [2024-08-06T07:48:34.917+0000] {dag.py:3954} INFO - Setting next_dagrun for example_subdag_operator.section-2 to None, run_after=None
[2024-08-06T07:48:34.931+0000] {processor.py:183} INFO - Processing /home/airflow/.local/lib/python3.12/site-packages/airflow/example_dags/example_subdag_operator.py took 0.091 seconds
[2024-08-06T07:49:05.070+0000] {processor.py:161} INFO - Started process (PID=175) to work on /home/airflow/.local/lib/python3.12/site-packages/airflow/example_dags/example_subdag_operator.py
[2024-08-06T07:49:05.070+0000] {processor.py:830} INFO - Processing file /home/airflow/.local/lib/python3.12/site-packages/airflow/example_dags/example_subdag_operator.py for tasks to queue
[2024-08-06T07:49:05.072+0000] {logging_mixin.py:188} INFO - [2024-08-06T07:49:05.071+0000] {dagbag.py:545} INFO - Filling up the DagBag from /home/airflow/.local/lib/python3.12/site-packages/airflow/example_dags/example_subdag_operator.py
[2024-08-06T07:49:05.091+0000] {processor.py:840} INFO - DAG(s) 'example_subdag_operator.section-1', 'example_subdag_operator.section-2', 'example_subdag_operator' retrieved from /home/airflow/.local/lib/python3.12/site-packages/airflow/example_dags/example_subdag_operator.py
[2024-08-06T07:49:05.104+0000] {logging_mixin.py:188} INFO - [2024-08-06T07:49:05.104+0000] {dag.py:3096} INFO - Sync 3 DAGs
[2024-08-06T07:49:05.122+0000] {logging_mixin.py:188} INFO - [2024-08-06T07:49:05.122+0000] {dag.py:3954} INFO - Setting next_dagrun for example_subdag_operator to 2022-01-01 00:00:00+00:00, run_after=2022-01-01 00:00:00+00:00
[2024-08-06T07:49:05.125+0000] {logging_mixin.py:188} INFO - [2024-08-06T07:49:05.125+0000] {dag.py:3954} INFO - Setting next_dagrun for example_subdag_operator.section-1 to None, run_after=None
[2024-08-06T07:49:05.126+0000] {logging_mixin.py:188} INFO - [2024-08-06T07:49:05.126+0000] {dag.py:3954} INFO - Setting next_dagrun for example_subdag_operator.section-2 to None, run_after=None
[2024-08-06T07:49:05.132+0000] {logging_mixin.py:188} INFO - [2024-08-06T07:49:05.132+0000] {dag.py:3096} INFO - Sync 2 DAGs
[2024-08-06T07:49:05.136+0000] {logging_mixin.py:188} INFO - [2024-08-06T07:49:05.136+0000] {dag.py:3954} INFO - Setting next_dagrun for example_subdag_operator.section-1 to None, run_after=None
[2024-08-06T07:49:05.136+0000] {logging_mixin.py:188} INFO - [2024-08-06T07:49:05.136+0000] {dag.py:3954} INFO - Setting next_dagrun for example_subdag_operator.section-2 to None, run_after=None
[2024-08-06T07:49:05.149+0000] {processor.py:183} INFO - Processing /home/airflow/.local/lib/python3.12/site-packages/airflow/example_dags/example_subdag_operator.py took 0.084 seconds
[2024-08-06T07:49:35.913+0000] {processor.py:161} INFO - Started process (PID=234) to work on /home/airflow/.local/lib/python3.12/site-packages/airflow/example_dags/example_subdag_operator.py
[2024-08-06T07:49:35.913+0000] {processor.py:830} INFO - Processing file /home/airflow/.local/lib/python3.12/site-packages/airflow/example_dags/example_subdag_operator.py for tasks to queue
[2024-08-06T07:49:35.915+0000] {logging_mixin.py:188} INFO - [2024-08-06T07:49:35.914+0000] {dagbag.py:545} INFO - Filling up the DagBag from /home/airflow/.local/lib/python3.12/site-packages/airflow/example_dags/example_subdag_operator.py
[2024-08-06T07:49:35.934+0000] {processor.py:840} INFO - DAG(s) 'example_subdag_operator.section-1', 'example_subdag_operator.section-2', 'example_subdag_operator' retrieved from /home/airflow/.local/lib/python3.12/site-packages/airflow/example_dags/example_subdag_operator.py
[2024-08-06T07:49:35.947+0000] {logging_mixin.py:188} INFO - [2024-08-06T07:49:35.947+0000] {dag.py:3096} INFO - Sync 3 DAGs
[2024-08-06T07:49:35.969+0000] {logging_mixin.py:188} INFO - [2024-08-06T07:49:35.969+0000] {dag.py:3954} INFO - Setting next_dagrun for example_subdag_operator to 2022-01-01 00:00:00+00:00, run_after=2022-01-01 00:00:00+00:00
[2024-08-06T07:49:35.974+0000] {logging_mixin.py:188} INFO - [2024-08-06T07:49:35.974+0000] {dag.py:3954} INFO - Setting next_dagrun for example_subdag_operator.section-1 to None, run_after=None
[2024-08-06T07:49:35.975+0000] {logging_mixin.py:188} INFO - [2024-08-06T07:49:35.975+0000] {dag.py:3954} INFO - Setting next_dagrun for example_subdag_operator.section-2 to None, run_after=None
[2024-08-06T07:49:35.984+0000] {logging_mixin.py:188} INFO - [2024-08-06T07:49:35.984+0000] {dag.py:3096} INFO - Sync 2 DAGs
[2024-08-06T07:49:35.991+0000] {logging_mixin.py:188} INFO - [2024-08-06T07:49:35.990+0000] {dag.py:3954} INFO - Setting next_dagrun for example_subdag_operator.section-1 to None, run_after=None
[2024-08-06T07:49:35.991+0000] {logging_mixin.py:188} INFO - [2024-08-06T07:49:35.991+0000] {dag.py:3954} INFO - Setting next_dagrun for example_subdag_operator.section-2 to None, run_after=None
[2024-08-06T07:49:36.010+0000] {processor.py:183} INFO - Processing /home/airflow/.local/lib/python3.12/site-packages/airflow/example_dags/example_subdag_operator.py took 0.102 seconds
[2024-08-06T07:50:06.548+0000] {processor.py:161} INFO - Started process (PID=292) to work on /home/airflow/.local/lib/python3.12/site-packages/airflow/example_dags/example_subdag_operator.py
[2024-08-06T07:50:06.549+0000] {processor.py:830} INFO - Processing file /home/airflow/.local/lib/python3.12/site-packages/airflow/example_dags/example_subdag_operator.py for tasks to queue
[2024-08-06T07:50:06.550+0000] {logging_mixin.py:188} INFO - [2024-08-06T07:50:06.550+0000] {dagbag.py:545} INFO - Filling up the DagBag from /home/airflow/.local/lib/python3.12/site-packages/airflow/example_dags/example_subdag_operator.py
[2024-08-06T07:50:06.568+0000] {processor.py:840} INFO - DAG(s) 'example_subdag_operator.section-1', 'example_subdag_operator.section-2', 'example_subdag_operator' retrieved from /home/airflow/.local/lib/python3.12/site-packages/airflow/example_dags/example_subdag_operator.py
[2024-08-06T07:50:06.581+0000] {logging_mixin.py:188} INFO - [2024-08-06T07:50:06.580+0000] {dag.py:3096} INFO - Sync 3 DAGs
[2024-08-06T07:50:06.602+0000] {logging_mixin.py:188} INFO - [2024-08-06T07:50:06.601+0000] {dag.py:3954} INFO - Setting next_dagrun for example_subdag_operator to 2022-01-01 00:00:00+00:00, run_after=2022-01-01 00:00:00+00:00
[2024-08-06T07:50:06.605+0000] {logging_mixin.py:188} INFO - [2024-08-06T07:50:06.604+0000] {dag.py:3954} INFO - Setting next_dagrun for example_subdag_operator.section-1 to None, run_after=None
[2024-08-06T07:50:06.606+0000] {logging_mixin.py:188} INFO - [2024-08-06T07:50:06.605+0000] {dag.py:3954} INFO - Setting next_dagrun for example_subdag_operator.section-2 to None, run_after=None
[2024-08-06T07:50:06.611+0000] {logging_mixin.py:188} INFO - [2024-08-06T07:50:06.611+0000] {dag.py:3096} INFO - Sync 2 DAGs
[2024-08-06T07:50:06.615+0000] {logging_mixin.py:188} INFO - [2024-08-06T07:50:06.615+0000] {dag.py:3954} INFO - Setting next_dagrun for example_subdag_operator.section-1 to None, run_after=None
[2024-08-06T07:50:06.615+0000] {logging_mixin.py:188} INFO - [2024-08-06T07:50:06.615+0000] {dag.py:3954} INFO - Setting next_dagrun for example_subdag_operator.section-2 to None, run_after=None
[2024-08-06T07:50:06.629+0000] {processor.py:183} INFO - Processing /home/airflow/.local/lib/python3.12/site-packages/airflow/example_dags/example_subdag_operator.py took 0.088 seconds
[2024-08-06T07:50:37.543+0000] {processor.py:161} INFO - Started process (PID=350) to work on /home/airflow/.local/lib/python3.12/site-packages/airflow/example_dags/example_subdag_operator.py
[2024-08-06T07:50:37.544+0000] {processor.py:830} INFO - Processing file /home/airflow/.local/lib/python3.12/site-packages/airflow/example_dags/example_subdag_operator.py for tasks to queue
[2024-08-06T07:50:37.546+0000] {logging_mixin.py:188} INFO - [2024-08-06T07:50:37.546+0000] {dagbag.py:545} INFO - Filling up the DagBag from /home/airflow/.local/lib/python3.12/site-packages/airflow/example_dags/example_subdag_operator.py
[2024-08-06T07:50:37.677+0000] {processor.py:840} INFO - DAG(s) 'example_subdag_operator.section-1', 'example_subdag_operator.section-2', 'example_subdag_operator' retrieved from /home/airflow/.local/lib/python3.12/site-packages/airflow/example_dags/example_subdag_operator.py
[2024-08-06T07:50:37.761+0000] {logging_mixin.py:188} INFO - [2024-08-06T07:50:37.761+0000] {dag.py:3096} INFO - Sync 3 DAGs
[2024-08-06T07:50:37.806+0000] {logging_mixin.py:188} INFO - [2024-08-06T07:50:37.806+0000] {dag.py:3954} INFO - Setting next_dagrun for example_subdag_operator to 2022-01-01 00:00:00+00:00, run_after=2022-01-01 00:00:00+00:00
[2024-08-06T07:50:37.811+0000] {logging_mixin.py:188} INFO - [2024-08-06T07:50:37.810+0000] {dag.py:3954} INFO - Setting next_dagrun for example_subdag_operator.section-1 to None, run_after=None
[2024-08-06T07:50:37.812+0000] {logging_mixin.py:188} INFO - [2024-08-06T07:50:37.812+0000] {dag.py:3954} INFO - Setting next_dagrun for example_subdag_operator.section-2 to None, run_after=None
[2024-08-06T07:50:37.821+0000] {logging_mixin.py:188} INFO - [2024-08-06T07:50:37.821+0000] {dag.py:3096} INFO - Sync 2 DAGs
[2024-08-06T07:50:37.839+0000] {logging_mixin.py:188} INFO - [2024-08-06T07:50:37.839+0000] {dag.py:3954} INFO - Setting next_dagrun for example_subdag_operator.section-1 to None, run_after=None
[2024-08-06T07:50:37.840+0000] {logging_mixin.py:188} INFO - [2024-08-06T07:50:37.840+0000] {dag.py:3954} INFO - Setting next_dagrun for example_subdag_operator.section-2 to None, run_after=None
[2024-08-06T07:50:37.858+0000] {processor.py:183} INFO - Processing /home/airflow/.local/lib/python3.12/site-packages/airflow/example_dags/example_subdag_operator.py took 0.347 seconds
[2024-08-06T07:51:08.172+0000] {processor.py:161} INFO - Started process (PID=407) to work on /home/airflow/.local/lib/python3.12/site-packages/airflow/example_dags/example_subdag_operator.py
[2024-08-06T07:51:08.172+0000] {processor.py:830} INFO - Processing file /home/airflow/.local/lib/python3.12/site-packages/airflow/example_dags/example_subdag_operator.py for tasks to queue
[2024-08-06T07:51:08.174+0000] {logging_mixin.py:188} INFO - [2024-08-06T07:51:08.174+0000] {dagbag.py:545} INFO - Filling up the DagBag from /home/airflow/.local/lib/python3.12/site-packages/airflow/example_dags/example_subdag_operator.py
[2024-08-06T07:51:08.194+0000] {processor.py:840} INFO - DAG(s) 'example_subdag_operator.section-1', 'example_subdag_operator.section-2', 'example_subdag_operator' retrieved from /home/airflow/.local/lib/python3.12/site-packages/airflow/example_dags/example_subdag_operator.py
[2024-08-06T07:51:08.207+0000] {logging_mixin.py:188} INFO - [2024-08-06T07:51:08.207+0000] {dag.py:3096} INFO - Sync 3 DAGs
[2024-08-06T07:51:08.226+0000] {logging_mixin.py:188} INFO - [2024-08-06T07:51:08.225+0000] {dag.py:3954} INFO - Setting next_dagrun for example_subdag_operator to 2022-01-01 00:00:00+00:00, run_after=2022-01-01 00:00:00+00:00
[2024-08-06T07:51:08.229+0000] {logging_mixin.py:188} INFO - [2024-08-06T07:51:08.228+0000] {dag.py:3954} INFO - Setting next_dagrun for example_subdag_operator.section-1 to None, run_after=None
[2024-08-06T07:51:08.230+0000] {logging_mixin.py:188} INFO - [2024-08-06T07:51:08.229+0000] {dag.py:3954} INFO - Setting next_dagrun for example_subdag_operator.section-2 to None, run_after=None
[2024-08-06T07:51:08.235+0000] {logging_mixin.py:188} INFO - [2024-08-06T07:51:08.235+0000] {dag.py:3096} INFO - Sync 2 DAGs
[2024-08-06T07:51:08.239+0000] {logging_mixin.py:188} INFO - [2024-08-06T07:51:08.239+0000] {dag.py:3954} INFO - Setting next_dagrun for example_subdag_operator.section-1 to None, run_after=None
[2024-08-06T07:51:08.240+0000] {logging_mixin.py:188} INFO - [2024-08-06T07:51:08.239+0000] {dag.py:3954} INFO - Setting next_dagrun for example_subdag_operator.section-2 to None, run_after=None
[2024-08-06T07:51:08.254+0000] {processor.py:183} INFO - Processing /home/airflow/.local/lib/python3.12/site-packages/airflow/example_dags/example_subdag_operator.py took 0.090 seconds
[2024-08-06T07:51:39.063+0000] {processor.py:161} INFO - Started process (PID=465) to work on /home/airflow/.local/lib/python3.12/site-packages/airflow/example_dags/example_subdag_operator.py
[2024-08-06T07:51:39.064+0000] {processor.py:830} INFO - Processing file /home/airflow/.local/lib/python3.12/site-packages/airflow/example_dags/example_subdag_operator.py for tasks to queue
[2024-08-06T07:51:39.065+0000] {logging_mixin.py:188} INFO - [2024-08-06T07:51:39.065+0000] {dagbag.py:545} INFO - Filling up the DagBag from /home/airflow/.local/lib/python3.12/site-packages/airflow/example_dags/example_subdag_operator.py
[2024-08-06T07:51:39.092+0000] {processor.py:840} INFO - DAG(s) 'example_subdag_operator.section-1', 'example_subdag_operator.section-2', 'example_subdag_operator' retrieved from /home/airflow/.local/lib/python3.12/site-packages/airflow/example_dags/example_subdag_operator.py
[2024-08-06T07:51:39.106+0000] {logging_mixin.py:188} INFO - [2024-08-06T07:51:39.105+0000] {dag.py:3096} INFO - Sync 3 DAGs
[2024-08-06T07:51:39.124+0000] {logging_mixin.py:188} INFO - [2024-08-06T07:51:39.124+0000] {dag.py:3954} INFO - Setting next_dagrun for example_subdag_operator to 2022-01-01 00:00:00+00:00, run_after=2022-01-01 00:00:00+00:00
[2024-08-06T07:51:39.127+0000] {logging_mixin.py:188} INFO - [2024-08-06T07:51:39.127+0000] {dag.py:3954} INFO - Setting next_dagrun for example_subdag_operator.section-1 to None, run_after=None
[2024-08-06T07:51:39.128+0000] {logging_mixin.py:188} INFO - [2024-08-06T07:51:39.128+0000] {dag.py:3954} INFO - Setting next_dagrun for example_subdag_operator.section-2 to None, run_after=None
[2024-08-06T07:51:39.133+0000] {logging_mixin.py:188} INFO - [2024-08-06T07:51:39.133+0000] {dag.py:3096} INFO - Sync 2 DAGs
[2024-08-06T07:51:39.137+0000] {logging_mixin.py:188} INFO - [2024-08-06T07:51:39.137+0000] {dag.py:3954} INFO - Setting next_dagrun for example_subdag_operator.section-1 to None, run_after=None
[2024-08-06T07:51:39.137+0000] {logging_mixin.py:188} INFO - [2024-08-06T07:51:39.137+0000] {dag.py:3954} INFO - Setting next_dagrun for example_subdag_operator.section-2 to None, run_after=None
[2024-08-06T07:51:39.152+0000] {processor.py:183} INFO - Processing /home/airflow/.local/lib/python3.12/site-packages/airflow/example_dags/example_subdag_operator.py took 0.096 seconds
[2024-08-06T07:52:09.709+0000] {processor.py:161} INFO - Started process (PID=523) to work on /home/airflow/.local/lib/python3.12/site-packages/airflow/example_dags/example_subdag_operator.py
[2024-08-06T07:52:09.710+0000] {processor.py:830} INFO - Processing file /home/airflow/.local/lib/python3.12/site-packages/airflow/example_dags/example_subdag_operator.py for tasks to queue
[2024-08-06T07:52:09.712+0000] {logging_mixin.py:188} INFO - [2024-08-06T07:52:09.712+0000] {dagbag.py:545} INFO - Filling up the DagBag from /home/airflow/.local/lib/python3.12/site-packages/airflow/example_dags/example_subdag_operator.py
[2024-08-06T07:52:09.731+0000] {processor.py:840} INFO - DAG(s) 'example_subdag_operator.section-1', 'example_subdag_operator.section-2', 'example_subdag_operator' retrieved from /home/airflow/.local/lib/python3.12/site-packages/airflow/example_dags/example_subdag_operator.py
[2024-08-06T07:52:09.745+0000] {logging_mixin.py:188} INFO - [2024-08-06T07:52:09.745+0000] {dag.py:3096} INFO - Sync 3 DAGs
[2024-08-06T07:52:09.764+0000] {logging_mixin.py:188} INFO - [2024-08-06T07:52:09.763+0000] {dag.py:3954} INFO - Setting next_dagrun for example_subdag_operator to 2022-01-01 00:00:00+00:00, run_after=2022-01-01 00:00:00+00:00
[2024-08-06T07:52:09.767+0000] {logging_mixin.py:188} INFO - [2024-08-06T07:52:09.767+0000] {dag.py:3954} INFO - Setting next_dagrun for example_subdag_operator.section-1 to None, run_after=None
[2024-08-06T07:52:09.768+0000] {logging_mixin.py:188} INFO - [2024-08-06T07:52:09.768+0000] {dag.py:3954} INFO - Setting next_dagrun for example_subdag_operator.section-2 to None, run_after=None
[2024-08-06T07:52:09.774+0000] {logging_mixin.py:188} INFO - [2024-08-06T07:52:09.774+0000] {dag.py:3096} INFO - Sync 2 DAGs
[2024-08-06T07:52:09.778+0000] {logging_mixin.py:188} INFO - [2024-08-06T07:52:09.778+0000] {dag.py:3954} INFO - Setting next_dagrun for example_subdag_operator.section-1 to None, run_after=None
[2024-08-06T07:52:09.778+0000] {logging_mixin.py:188} INFO - [2024-08-06T07:52:09.778+0000] {dag.py:3954} INFO - Setting next_dagrun for example_subdag_operator.section-2 to None, run_after=None
[2024-08-06T07:52:09.792+0000] {processor.py:183} INFO - Processing /home/airflow/.local/lib/python3.12/site-packages/airflow/example_dags/example_subdag_operator.py took 0.089 seconds
[2024-08-06T07:52:40.116+0000] {processor.py:161} INFO - Started process (PID=580) to work on /home/airflow/.local/lib/python3.12/site-packages/airflow/example_dags/example_subdag_operator.py
[2024-08-06T07:52:40.116+0000] {processor.py:830} INFO - Processing file /home/airflow/.local/lib/python3.12/site-packages/airflow/example_dags/example_subdag_operator.py for tasks to queue
[2024-08-06T07:52:40.118+0000] {logging_mixin.py:188} INFO - [2024-08-06T07:52:40.118+0000] {dagbag.py:545} INFO - Filling up the DagBag from /home/airflow/.local/lib/python3.12/site-packages/airflow/example_dags/example_subdag_operator.py
[2024-08-06T07:52:40.138+0000] {processor.py:840} INFO - DAG(s) 'example_subdag_operator.section-1', 'example_subdag_operator.section-2', 'example_subdag_operator' retrieved from /home/airflow/.local/lib/python3.12/site-packages/airflow/example_dags/example_subdag_operator.py
[2024-08-06T07:52:40.152+0000] {logging_mixin.py:188} INFO - [2024-08-06T07:52:40.152+0000] {dag.py:3096} INFO - Sync 3 DAGs
[2024-08-06T07:52:40.171+0000] {logging_mixin.py:188} INFO - [2024-08-06T07:52:40.171+0000] {dag.py:3954} INFO - Setting next_dagrun for example_subdag_operator to 2022-01-01 00:00:00+00:00, run_after=2022-01-01 00:00:00+00:00
[2024-08-06T07:52:40.174+0000] {logging_mixin.py:188} INFO - [2024-08-06T07:52:40.174+0000] {dag.py:3954} INFO - Setting next_dagrun for example_subdag_operator.section-1 to None, run_after=None
[2024-08-06T07:52:40.175+0000] {logging_mixin.py:188} INFO - [2024-08-06T07:52:40.175+0000] {dag.py:3954} INFO - Setting next_dagrun for example_subdag_operator.section-2 to None, run_after=None
[2024-08-06T07:52:40.181+0000] {logging_mixin.py:188} INFO - [2024-08-06T07:52:40.180+0000] {dag.py:3096} INFO - Sync 2 DAGs
[2024-08-06T07:52:40.185+0000] {logging_mixin.py:188} INFO - [2024-08-06T07:52:40.185+0000] {dag.py:3954} INFO - Setting next_dagrun for example_subdag_operator.section-1 to None, run_after=None
[2024-08-06T07:52:40.185+0000] {logging_mixin.py:188} INFO - [2024-08-06T07:52:40.185+0000] {dag.py:3954} INFO - Setting next_dagrun for example_subdag_operator.section-2 to None, run_after=None
[2024-08-06T07:52:40.203+0000] {processor.py:183} INFO - Processing /home/airflow/.local/lib/python3.12/site-packages/airflow/example_dags/example_subdag_operator.py took 0.095 seconds
[2024-08-06T07:53:10.337+0000] {processor.py:161} INFO - Started process (PID=638) to work on /home/airflow/.local/lib/python3.12/site-packages/airflow/example_dags/example_subdag_operator.py
[2024-08-06T07:53:10.338+0000] {processor.py:830} INFO - Processing file /home/airflow/.local/lib/python3.12/site-packages/airflow/example_dags/example_subdag_operator.py for tasks to queue
[2024-08-06T07:53:10.339+0000] {logging_mixin.py:188} INFO - [2024-08-06T07:53:10.339+0000] {dagbag.py:545} INFO - Filling up the DagBag from /home/airflow/.local/lib/python3.12/site-packages/airflow/example_dags/example_subdag_operator.py
[2024-08-06T07:53:10.361+0000] {processor.py:840} INFO - DAG(s) 'example_subdag_operator.section-1', 'example_subdag_operator.section-2', 'example_subdag_operator' retrieved from /home/airflow/.local/lib/python3.12/site-packages/airflow/example_dags/example_subdag_operator.py
[2024-08-06T07:53:10.383+0000] {logging_mixin.py:188} INFO - [2024-08-06T07:53:10.383+0000] {dag.py:3096} INFO - Sync 3 DAGs
[2024-08-06T07:53:10.410+0000] {logging_mixin.py:188} INFO - [2024-08-06T07:53:10.410+0000] {dag.py:3954} INFO - Setting next_dagrun for example_subdag_operator to 2022-01-01 00:00:00+00:00, run_after=2022-01-01 00:00:00+00:00
[2024-08-06T07:53:10.413+0000] {logging_mixin.py:188} INFO - [2024-08-06T07:53:10.413+0000] {dag.py:3954} INFO - Setting next_dagrun for example_subdag_operator.section-1 to None, run_after=None
[2024-08-06T07:53:10.414+0000] {logging_mixin.py:188} INFO - [2024-08-06T07:53:10.414+0000] {dag.py:3954} INFO - Setting next_dagrun for example_subdag_operator.section-2 to None, run_after=None
[2024-08-06T07:53:10.420+0000] {logging_mixin.py:188} INFO - [2024-08-06T07:53:10.420+0000] {dag.py:3096} INFO - Sync 2 DAGs
[2024-08-06T07:53:10.424+0000] {logging_mixin.py:188} INFO - [2024-08-06T07:53:10.424+0000] {dag.py:3954} INFO - Setting next_dagrun for example_subdag_operator.section-1 to None, run_after=None
[2024-08-06T07:53:10.424+0000] {logging_mixin.py:188} INFO - [2024-08-06T07:53:10.424+0000] {dag.py:3954} INFO - Setting next_dagrun for example_subdag_operator.section-2 to None, run_after=None
[2024-08-06T07:53:10.439+0000] {processor.py:183} INFO - Processing /home/airflow/.local/lib/python3.12/site-packages/airflow/example_dags/example_subdag_operator.py took 0.106 seconds
[2024-08-06T07:53:41.348+0000] {processor.py:161} INFO - Started process (PID=695) to work on /home/airflow/.local/lib/python3.12/site-packages/airflow/example_dags/example_subdag_operator.py
[2024-08-06T07:53:41.349+0000] {processor.py:830} INFO - Processing file /home/airflow/.local/lib/python3.12/site-packages/airflow/example_dags/example_subdag_operator.py for tasks to queue
[2024-08-06T07:53:41.350+0000] {logging_mixin.py:188} INFO - [2024-08-06T07:53:41.350+0000] {dagbag.py:545} INFO - Filling up the DagBag from /home/airflow/.local/lib/python3.12/site-packages/airflow/example_dags/example_subdag_operator.py
[2024-08-06T07:53:41.375+0000] {processor.py:840} INFO - DAG(s) 'example_subdag_operator.section-1', 'example_subdag_operator.section-2', 'example_subdag_operator' retrieved from /home/airflow/.local/lib/python3.12/site-packages/airflow/example_dags/example_subdag_operator.py
[2024-08-06T07:53:41.388+0000] {logging_mixin.py:188} INFO - [2024-08-06T07:53:41.388+0000] {dag.py:3096} INFO - Sync 3 DAGs
[2024-08-06T07:53:41.407+0000] {logging_mixin.py:188} INFO - [2024-08-06T07:53:41.407+0000] {dag.py:3954} INFO - Setting next_dagrun for example_subdag_operator to 2022-01-01 00:00:00+00:00, run_after=2022-01-01 00:00:00+00:00
[2024-08-06T07:53:41.411+0000] {logging_mixin.py:188} INFO - [2024-08-06T07:53:41.410+0000] {dag.py:3954} INFO - Setting next_dagrun for example_subdag_operator.section-1 to None, run_after=None
[2024-08-06T07:53:41.412+0000] {logging_mixin.py:188} INFO - [2024-08-06T07:53:41.411+0000] {dag.py:3954} INFO - Setting next_dagrun for example_subdag_operator.section-2 to None, run_after=None
[2024-08-06T07:53:41.417+0000] {logging_mixin.py:188} INFO - [2024-08-06T07:53:41.417+0000] {dag.py:3096} INFO - Sync 2 DAGs
[2024-08-06T07:53:41.421+0000] {logging_mixin.py:188} INFO - [2024-08-06T07:53:41.421+0000] {dag.py:3954} INFO - Setting next_dagrun for example_subdag_operator.section-1 to None, run_after=None
[2024-08-06T07:53:41.422+0000] {logging_mixin.py:188} INFO - [2024-08-06T07:53:41.421+0000] {dag.py:3954} INFO - Setting next_dagrun for example_subdag_operator.section-2 to None, run_after=None
[2024-08-06T07:53:41.435+0000] {processor.py:183} INFO - Processing /home/airflow/.local/lib/python3.12/site-packages/airflow/example_dags/example_subdag_operator.py took 0.091 seconds
[2024-08-06T07:54:11.830+0000] {processor.py:161} INFO - Started process (PID=753) to work on /home/airflow/.local/lib/python3.12/site-packages/airflow/example_dags/example_subdag_operator.py
[2024-08-06T07:54:11.831+0000] {processor.py:830} INFO - Processing file /home/airflow/.local/lib/python3.12/site-packages/airflow/example_dags/example_subdag_operator.py for tasks to queue
[2024-08-06T07:54:11.832+0000] {logging_mixin.py:188} INFO - [2024-08-06T07:54:11.832+0000] {dagbag.py:545} INFO - Filling up the DagBag from /home/airflow/.local/lib/python3.12/site-packages/airflow/example_dags/example_subdag_operator.py
[2024-08-06T07:54:11.853+0000] {processor.py:840} INFO - DAG(s) 'example_subdag_operator.section-1', 'example_subdag_operator.section-2', 'example_subdag_operator' retrieved from /home/airflow/.local/lib/python3.12/site-packages/airflow/example_dags/example_subdag_operator.py
[2024-08-06T07:54:11.868+0000] {logging_mixin.py:188} INFO - [2024-08-06T07:54:11.868+0000] {dag.py:3096} INFO - Sync 3 DAGs
[2024-08-06T07:54:11.888+0000] {logging_mixin.py:188} INFO - [2024-08-06T07:54:11.888+0000] {dag.py:3954} INFO - Setting next_dagrun for example_subdag_operator to 2022-01-01 00:00:00+00:00, run_after=2022-01-01 00:00:00+00:00
[2024-08-06T07:54:11.892+0000] {logging_mixin.py:188} INFO - [2024-08-06T07:54:11.891+0000] {dag.py:3954} INFO - Setting next_dagrun for example_subdag_operator.section-1 to None, run_after=None
[2024-08-06T07:54:11.893+0000] {logging_mixin.py:188} INFO - [2024-08-06T07:54:11.893+0000] {dag.py:3954} INFO - Setting next_dagrun for example_subdag_operator.section-2 to None, run_after=None
[2024-08-06T07:54:11.899+0000] {logging_mixin.py:188} INFO - [2024-08-06T07:54:11.899+0000] {dag.py:3096} INFO - Sync 2 DAGs
[2024-08-06T07:54:11.904+0000] {logging_mixin.py:188} INFO - [2024-08-06T07:54:11.904+0000] {dag.py:3954} INFO - Setting next_dagrun for example_subdag_operator.section-1 to None, run_after=None
[2024-08-06T07:54:11.904+0000] {logging_mixin.py:188} INFO - [2024-08-06T07:54:11.904+0000] {dag.py:3954} INFO - Setting next_dagrun for example_subdag_operator.section-2 to None, run_after=None
[2024-08-06T07:54:11.922+0000] {processor.py:183} INFO - Processing /home/airflow/.local/lib/python3.12/site-packages/airflow/example_dags/example_subdag_operator.py took 0.099 seconds
