[2024-08-06T07:47:57.167+0000] {processor.py:161} INFO - Started process (PID=38) to work on /home/airflow/.local/lib/python3.12/site-packages/airflow/example_dags/example_datasets.py
[2024-08-06T07:47:57.185+0000] {processor.py:830} INFO - Processing file /home/airflow/.local/lib/python3.12/site-packages/airflow/example_dags/example_datasets.py for tasks to queue
[2024-08-06T07:47:57.191+0000] {logging_mixin.py:188} INFO - [2024-08-06T07:47:57.191+0000] {dagbag.py:545} INFO - Filling up the DagBag from /home/airflow/.local/lib/python3.12/site-packages/airflow/example_dags/example_datasets.py
[2024-08-06T07:47:57.307+0000] {processor.py:840} INFO - DAG(s) 'dataset_consumes_1', 'consume_1_or_both_2_and_3_with_dataset_expressions', 'dataset_produces_1', 'dataset_consumes_1_never_scheduled', 'dataset_produces_2', 'consume_1_and_2_with_dataset_expressions', 'dataset_consumes_unknown_never_scheduled', 'conditional_dataset_and_time_based_timetable', 'dataset_consumes_1_and_2', 'consume_1_or_2_with_dataset_expressions' retrieved from /home/airflow/.local/lib/python3.12/site-packages/airflow/example_dags/example_datasets.py
[2024-08-06T07:47:58.202+0000] {logging_mixin.py:188} INFO - [2024-08-06T07:47:58.201+0000] {dag.py:3096} INFO - Sync 10 DAGs
[2024-08-06T07:47:58.297+0000] {logging_mixin.py:188} INFO - [2024-08-06T07:47:58.297+0000] {dag.py:3954} INFO - Setting next_dagrun for conditional_dataset_and_time_based_timetable to 2024-07-31 01:00:00+00:00, run_after=2024-07-31 01:00:00+00:00
[2024-08-06T07:47:58.311+0000] {logging_mixin.py:188} INFO - [2024-08-06T07:47:58.311+0000] {dag.py:3954} INFO - Setting next_dagrun for consume_1_and_2_with_dataset_expressions to None, run_after=None
[2024-08-06T07:47:58.313+0000] {logging_mixin.py:188} INFO - [2024-08-06T07:47:58.313+0000] {dag.py:3954} INFO - Setting next_dagrun for consume_1_or_2_with_dataset_expressions to None, run_after=None
[2024-08-06T07:47:58.315+0000] {logging_mixin.py:188} INFO - [2024-08-06T07:47:58.315+0000] {dag.py:3954} INFO - Setting next_dagrun for consume_1_or_both_2_and_3_with_dataset_expressions to None, run_after=None
[2024-08-06T07:47:58.321+0000] {logging_mixin.py:188} INFO - [2024-08-06T07:47:58.321+0000] {dag.py:3954} INFO - Setting next_dagrun for dataset_consumes_1 to None, run_after=None
[2024-08-06T07:47:58.323+0000] {logging_mixin.py:188} INFO - [2024-08-06T07:47:58.322+0000] {dag.py:3954} INFO - Setting next_dagrun for dataset_consumes_1_and_2 to None, run_after=None
[2024-08-06T07:47:58.332+0000] {logging_mixin.py:188} INFO - [2024-08-06T07:47:58.332+0000] {dag.py:3954} INFO - Setting next_dagrun for dataset_consumes_1_never_scheduled to None, run_after=None
[2024-08-06T07:47:58.338+0000] {logging_mixin.py:188} INFO - [2024-08-06T07:47:58.338+0000] {dag.py:3954} INFO - Setting next_dagrun for dataset_consumes_unknown_never_scheduled to None, run_after=None
[2024-08-06T07:47:58.366+0000] {logging_mixin.py:188} INFO - [2024-08-06T07:47:58.341+0000] {dag.py:3954} INFO - Setting next_dagrun for dataset_produces_1 to 2024-08-05 00:00:00+00:00, run_after=2024-08-06 00:00:00+00:00
[2024-08-06T07:47:58.375+0000] {logging_mixin.py:188} INFO - [2024-08-06T07:47:58.375+0000] {dag.py:3954} INFO - Setting next_dagrun for dataset_produces_2 to None, run_after=None
[2024-08-06T07:47:58.568+0000] {processor.py:183} INFO - Processing /home/airflow/.local/lib/python3.12/site-packages/airflow/example_dags/example_datasets.py took 1.428 seconds
[2024-08-06T07:48:28.885+0000] {processor.py:161} INFO - Started process (PID=96) to work on /home/airflow/.local/lib/python3.12/site-packages/airflow/example_dags/example_datasets.py
[2024-08-06T07:48:28.891+0000] {processor.py:830} INFO - Processing file /home/airflow/.local/lib/python3.12/site-packages/airflow/example_dags/example_datasets.py for tasks to queue
[2024-08-06T07:48:28.893+0000] {logging_mixin.py:188} INFO - [2024-08-06T07:48:28.892+0000] {dagbag.py:545} INFO - Filling up the DagBag from /home/airflow/.local/lib/python3.12/site-packages/airflow/example_dags/example_datasets.py
[2024-08-06T07:48:28.933+0000] {processor.py:840} INFO - DAG(s) 'dataset_consumes_unknown_never_scheduled', 'dataset_consumes_1', 'consume_1_or_both_2_and_3_with_dataset_expressions', 'consume_1_and_2_with_dataset_expressions', 'conditional_dataset_and_time_based_timetable', 'dataset_produces_2', 'dataset_produces_1', 'consume_1_or_2_with_dataset_expressions', 'dataset_consumes_1_and_2', 'dataset_consumes_1_never_scheduled' retrieved from /home/airflow/.local/lib/python3.12/site-packages/airflow/example_dags/example_datasets.py
[2024-08-06T07:48:29.009+0000] {logging_mixin.py:188} INFO - [2024-08-06T07:48:29.009+0000] {dag.py:3096} INFO - Sync 10 DAGs
[2024-08-06T07:48:29.046+0000] {logging_mixin.py:188} INFO - [2024-08-06T07:48:29.046+0000] {dag.py:3954} INFO - Setting next_dagrun for conditional_dataset_and_time_based_timetable to 2024-07-31 01:00:00+00:00, run_after=2024-07-31 01:00:00+00:00
[2024-08-06T07:48:29.052+0000] {logging_mixin.py:188} INFO - [2024-08-06T07:48:29.051+0000] {dag.py:3954} INFO - Setting next_dagrun for consume_1_and_2_with_dataset_expressions to None, run_after=None
[2024-08-06T07:48:29.053+0000] {logging_mixin.py:188} INFO - [2024-08-06T07:48:29.053+0000] {dag.py:3954} INFO - Setting next_dagrun for consume_1_or_2_with_dataset_expressions to None, run_after=None
[2024-08-06T07:48:29.055+0000] {logging_mixin.py:188} INFO - [2024-08-06T07:48:29.055+0000] {dag.py:3954} INFO - Setting next_dagrun for consume_1_or_both_2_and_3_with_dataset_expressions to None, run_after=None
[2024-08-06T07:48:29.057+0000] {logging_mixin.py:188} INFO - [2024-08-06T07:48:29.056+0000] {dag.py:3954} INFO - Setting next_dagrun for dataset_consumes_1 to None, run_after=None
[2024-08-06T07:48:29.058+0000] {logging_mixin.py:188} INFO - [2024-08-06T07:48:29.058+0000] {dag.py:3954} INFO - Setting next_dagrun for dataset_consumes_1_and_2 to None, run_after=None
[2024-08-06T07:48:29.059+0000] {logging_mixin.py:188} INFO - [2024-08-06T07:48:29.059+0000] {dag.py:3954} INFO - Setting next_dagrun for dataset_consumes_1_never_scheduled to None, run_after=None
[2024-08-06T07:48:29.061+0000] {logging_mixin.py:188} INFO - [2024-08-06T07:48:29.061+0000] {dag.py:3954} INFO - Setting next_dagrun for dataset_consumes_unknown_never_scheduled to None, run_after=None
[2024-08-06T07:48:29.064+0000] {logging_mixin.py:188} INFO - [2024-08-06T07:48:29.064+0000] {dag.py:3954} INFO - Setting next_dagrun for dataset_produces_1 to 2024-08-05 00:00:00+00:00, run_after=2024-08-06 00:00:00+00:00
[2024-08-06T07:48:29.066+0000] {logging_mixin.py:188} INFO - [2024-08-06T07:48:29.066+0000] {dag.py:3954} INFO - Setting next_dagrun for dataset_produces_2 to None, run_after=None
[2024-08-06T07:48:29.114+0000] {processor.py:183} INFO - Processing /home/airflow/.local/lib/python3.12/site-packages/airflow/example_dags/example_datasets.py took 0.248 seconds
[2024-08-06T07:48:59.177+0000] {processor.py:161} INFO - Started process (PID=154) to work on /home/airflow/.local/lib/python3.12/site-packages/airflow/example_dags/example_datasets.py
[2024-08-06T07:48:59.178+0000] {processor.py:830} INFO - Processing file /home/airflow/.local/lib/python3.12/site-packages/airflow/example_dags/example_datasets.py for tasks to queue
[2024-08-06T07:48:59.182+0000] {logging_mixin.py:188} INFO - [2024-08-06T07:48:59.181+0000] {dagbag.py:545} INFO - Filling up the DagBag from /home/airflow/.local/lib/python3.12/site-packages/airflow/example_dags/example_datasets.py
[2024-08-06T07:48:59.198+0000] {processor.py:840} INFO - DAG(s) 'dataset_produces_2', 'dataset_produces_1', 'dataset_consumes_1_never_scheduled', 'consume_1_or_2_with_dataset_expressions', 'dataset_consumes_1_and_2', 'conditional_dataset_and_time_based_timetable', 'dataset_consumes_1', 'dataset_consumes_unknown_never_scheduled', 'consume_1_and_2_with_dataset_expressions', 'consume_1_or_both_2_and_3_with_dataset_expressions' retrieved from /home/airflow/.local/lib/python3.12/site-packages/airflow/example_dags/example_datasets.py
[2024-08-06T07:48:59.323+0000] {logging_mixin.py:188} INFO - [2024-08-06T07:48:59.322+0000] {dag.py:3096} INFO - Sync 10 DAGs
[2024-08-06T07:48:59.385+0000] {logging_mixin.py:188} INFO - [2024-08-06T07:48:59.385+0000] {dag.py:3954} INFO - Setting next_dagrun for conditional_dataset_and_time_based_timetable to 2024-07-31 01:00:00+00:00, run_after=2024-07-31 01:00:00+00:00
[2024-08-06T07:48:59.390+0000] {logging_mixin.py:188} INFO - [2024-08-06T07:48:59.389+0000] {dag.py:3954} INFO - Setting next_dagrun for consume_1_and_2_with_dataset_expressions to None, run_after=None
[2024-08-06T07:48:59.391+0000] {logging_mixin.py:188} INFO - [2024-08-06T07:48:59.391+0000] {dag.py:3954} INFO - Setting next_dagrun for consume_1_or_2_with_dataset_expressions to None, run_after=None
[2024-08-06T07:48:59.392+0000] {logging_mixin.py:188} INFO - [2024-08-06T07:48:59.392+0000] {dag.py:3954} INFO - Setting next_dagrun for consume_1_or_both_2_and_3_with_dataset_expressions to None, run_after=None
[2024-08-06T07:48:59.393+0000] {logging_mixin.py:188} INFO - [2024-08-06T07:48:59.393+0000] {dag.py:3954} INFO - Setting next_dagrun for dataset_consumes_1 to None, run_after=None
[2024-08-06T07:48:59.394+0000] {logging_mixin.py:188} INFO - [2024-08-06T07:48:59.393+0000] {dag.py:3954} INFO - Setting next_dagrun for dataset_consumes_1_and_2 to None, run_after=None
[2024-08-06T07:48:59.395+0000] {logging_mixin.py:188} INFO - [2024-08-06T07:48:59.394+0000] {dag.py:3954} INFO - Setting next_dagrun for dataset_consumes_1_never_scheduled to None, run_after=None
[2024-08-06T07:48:59.395+0000] {logging_mixin.py:188} INFO - [2024-08-06T07:48:59.395+0000] {dag.py:3954} INFO - Setting next_dagrun for dataset_consumes_unknown_never_scheduled to None, run_after=None
[2024-08-06T07:48:59.397+0000] {logging_mixin.py:188} INFO - [2024-08-06T07:48:59.397+0000] {dag.py:3954} INFO - Setting next_dagrun for dataset_produces_1 to 2024-08-05 00:00:00+00:00, run_after=2024-08-06 00:00:00+00:00
[2024-08-06T07:48:59.398+0000] {logging_mixin.py:188} INFO - [2024-08-06T07:48:59.398+0000] {dag.py:3954} INFO - Setting next_dagrun for dataset_produces_2 to None, run_after=None
[2024-08-06T07:48:59.431+0000] {processor.py:183} INFO - Processing /home/airflow/.local/lib/python3.12/site-packages/airflow/example_dags/example_datasets.py took 0.259 seconds
[2024-08-06T07:49:30.039+0000] {processor.py:161} INFO - Started process (PID=213) to work on /home/airflow/.local/lib/python3.12/site-packages/airflow/example_dags/example_datasets.py
[2024-08-06T07:49:30.040+0000] {processor.py:830} INFO - Processing file /home/airflow/.local/lib/python3.12/site-packages/airflow/example_dags/example_datasets.py for tasks to queue
[2024-08-06T07:49:30.042+0000] {logging_mixin.py:188} INFO - [2024-08-06T07:49:30.041+0000] {dagbag.py:545} INFO - Filling up the DagBag from /home/airflow/.local/lib/python3.12/site-packages/airflow/example_dags/example_datasets.py
[2024-08-06T07:49:30.059+0000] {processor.py:840} INFO - DAG(s) 'dataset_consumes_1', 'dataset_produces_2', 'conditional_dataset_and_time_based_timetable', 'consume_1_or_2_with_dataset_expressions', 'dataset_consumes_1_and_2', 'dataset_consumes_unknown_never_scheduled', 'dataset_produces_1', 'consume_1_and_2_with_dataset_expressions', 'consume_1_or_both_2_and_3_with_dataset_expressions', 'dataset_consumes_1_never_scheduled' retrieved from /home/airflow/.local/lib/python3.12/site-packages/airflow/example_dags/example_datasets.py
[2024-08-06T07:49:30.136+0000] {logging_mixin.py:188} INFO - [2024-08-06T07:49:30.135+0000] {dag.py:3096} INFO - Sync 10 DAGs
[2024-08-06T07:49:30.166+0000] {logging_mixin.py:188} INFO - [2024-08-06T07:49:30.166+0000] {dag.py:3954} INFO - Setting next_dagrun for conditional_dataset_and_time_based_timetable to 2024-07-31 01:00:00+00:00, run_after=2024-07-31 01:00:00+00:00
[2024-08-06T07:49:30.171+0000] {logging_mixin.py:188} INFO - [2024-08-06T07:49:30.171+0000] {dag.py:3954} INFO - Setting next_dagrun for consume_1_and_2_with_dataset_expressions to None, run_after=None
[2024-08-06T07:49:30.172+0000] {logging_mixin.py:188} INFO - [2024-08-06T07:49:30.172+0000] {dag.py:3954} INFO - Setting next_dagrun for consume_1_or_2_with_dataset_expressions to None, run_after=None
[2024-08-06T07:49:30.174+0000] {logging_mixin.py:188} INFO - [2024-08-06T07:49:30.174+0000] {dag.py:3954} INFO - Setting next_dagrun for consume_1_or_both_2_and_3_with_dataset_expressions to None, run_after=None
[2024-08-06T07:49:30.175+0000] {logging_mixin.py:188} INFO - [2024-08-06T07:49:30.175+0000] {dag.py:3954} INFO - Setting next_dagrun for dataset_consumes_1 to None, run_after=None
[2024-08-06T07:49:30.176+0000] {logging_mixin.py:188} INFO - [2024-08-06T07:49:30.176+0000] {dag.py:3954} INFO - Setting next_dagrun for dataset_consumes_1_and_2 to None, run_after=None
[2024-08-06T07:49:30.178+0000] {logging_mixin.py:188} INFO - [2024-08-06T07:49:30.177+0000] {dag.py:3954} INFO - Setting next_dagrun for dataset_consumes_1_never_scheduled to None, run_after=None
[2024-08-06T07:49:30.179+0000] {logging_mixin.py:188} INFO - [2024-08-06T07:49:30.179+0000] {dag.py:3954} INFO - Setting next_dagrun for dataset_consumes_unknown_never_scheduled to None, run_after=None
[2024-08-06T07:49:30.182+0000] {logging_mixin.py:188} INFO - [2024-08-06T07:49:30.182+0000] {dag.py:3954} INFO - Setting next_dagrun for dataset_produces_1 to 2024-08-05 00:00:00+00:00, run_after=2024-08-06 00:00:00+00:00
[2024-08-06T07:49:30.184+0000] {logging_mixin.py:188} INFO - [2024-08-06T07:49:30.183+0000] {dag.py:3954} INFO - Setting next_dagrun for dataset_produces_2 to None, run_after=None
[2024-08-06T07:49:30.225+0000] {processor.py:183} INFO - Processing /home/airflow/.local/lib/python3.12/site-packages/airflow/example_dags/example_datasets.py took 0.192 seconds
[2024-08-06T07:50:00.525+0000] {processor.py:161} INFO - Started process (PID=272) to work on /home/airflow/.local/lib/python3.12/site-packages/airflow/example_dags/example_datasets.py
[2024-08-06T07:50:00.525+0000] {processor.py:830} INFO - Processing file /home/airflow/.local/lib/python3.12/site-packages/airflow/example_dags/example_datasets.py for tasks to queue
[2024-08-06T07:50:00.535+0000] {logging_mixin.py:188} INFO - [2024-08-06T07:50:00.535+0000] {dagbag.py:545} INFO - Filling up the DagBag from /home/airflow/.local/lib/python3.12/site-packages/airflow/example_dags/example_datasets.py
[2024-08-06T07:50:00.577+0000] {processor.py:840} INFO - DAG(s) 'conditional_dataset_and_time_based_timetable', 'consume_1_and_2_with_dataset_expressions', 'dataset_consumes_unknown_never_scheduled', 'dataset_produces_2', 'consume_1_or_2_with_dataset_expressions', 'dataset_consumes_1_never_scheduled', 'dataset_consumes_1', 'consume_1_or_both_2_and_3_with_dataset_expressions', 'dataset_consumes_1_and_2', 'dataset_produces_1' retrieved from /home/airflow/.local/lib/python3.12/site-packages/airflow/example_dags/example_datasets.py
[2024-08-06T07:50:00.760+0000] {logging_mixin.py:188} INFO - [2024-08-06T07:50:00.759+0000] {dag.py:3096} INFO - Sync 10 DAGs
[2024-08-06T07:50:00.836+0000] {logging_mixin.py:188} INFO - [2024-08-06T07:50:00.836+0000] {dag.py:3954} INFO - Setting next_dagrun for conditional_dataset_and_time_based_timetable to 2024-07-31 01:00:00+00:00, run_after=2024-07-31 01:00:00+00:00
[2024-08-06T07:50:00.859+0000] {logging_mixin.py:188} INFO - [2024-08-06T07:50:00.859+0000] {dag.py:3954} INFO - Setting next_dagrun for consume_1_and_2_with_dataset_expressions to None, run_after=None
[2024-08-06T07:50:00.861+0000] {logging_mixin.py:188} INFO - [2024-08-06T07:50:00.861+0000] {dag.py:3954} INFO - Setting next_dagrun for consume_1_or_2_with_dataset_expressions to None, run_after=None
[2024-08-06T07:50:00.863+0000] {logging_mixin.py:188} INFO - [2024-08-06T07:50:00.863+0000] {dag.py:3954} INFO - Setting next_dagrun for consume_1_or_both_2_and_3_with_dataset_expressions to None, run_after=None
[2024-08-06T07:50:00.867+0000] {logging_mixin.py:188} INFO - [2024-08-06T07:50:00.867+0000] {dag.py:3954} INFO - Setting next_dagrun for dataset_consumes_1 to None, run_after=None
[2024-08-06T07:50:00.871+0000] {logging_mixin.py:188} INFO - [2024-08-06T07:50:00.871+0000] {dag.py:3954} INFO - Setting next_dagrun for dataset_consumes_1_and_2 to None, run_after=None
[2024-08-06T07:50:00.879+0000] {logging_mixin.py:188} INFO - [2024-08-06T07:50:00.879+0000] {dag.py:3954} INFO - Setting next_dagrun for dataset_consumes_1_never_scheduled to None, run_after=None
[2024-08-06T07:50:00.880+0000] {logging_mixin.py:188} INFO - [2024-08-06T07:50:00.880+0000] {dag.py:3954} INFO - Setting next_dagrun for dataset_consumes_unknown_never_scheduled to None, run_after=None
[2024-08-06T07:50:00.887+0000] {logging_mixin.py:188} INFO - [2024-08-06T07:50:00.887+0000] {dag.py:3954} INFO - Setting next_dagrun for dataset_produces_1 to 2024-08-05 00:00:00+00:00, run_after=2024-08-06 00:00:00+00:00
[2024-08-06T07:50:00.891+0000] {logging_mixin.py:188} INFO - [2024-08-06T07:50:00.891+0000] {dag.py:3954} INFO - Setting next_dagrun for dataset_produces_2 to None, run_after=None
[2024-08-06T07:50:01.070+0000] {processor.py:183} INFO - Processing /home/airflow/.local/lib/python3.12/site-packages/airflow/example_dags/example_datasets.py took 0.568 seconds
[2024-08-06T07:50:31.817+0000] {processor.py:161} INFO - Started process (PID=330) to work on /home/airflow/.local/lib/python3.12/site-packages/airflow/example_dags/example_datasets.py
[2024-08-06T07:50:31.819+0000] {processor.py:830} INFO - Processing file /home/airflow/.local/lib/python3.12/site-packages/airflow/example_dags/example_datasets.py for tasks to queue
[2024-08-06T07:50:31.821+0000] {logging_mixin.py:188} INFO - [2024-08-06T07:50:31.821+0000] {dagbag.py:545} INFO - Filling up the DagBag from /home/airflow/.local/lib/python3.12/site-packages/airflow/example_dags/example_datasets.py
[2024-08-06T07:50:31.839+0000] {processor.py:840} INFO - DAG(s) 'dataset_consumes_1_and_2', 'dataset_produces_2', 'dataset_consumes_1_never_scheduled', 'dataset_produces_1', 'consume_1_or_2_with_dataset_expressions', 'conditional_dataset_and_time_based_timetable', 'dataset_consumes_1', 'consume_1_or_both_2_and_3_with_dataset_expressions', 'dataset_consumes_unknown_never_scheduled', 'consume_1_and_2_with_dataset_expressions' retrieved from /home/airflow/.local/lib/python3.12/site-packages/airflow/example_dags/example_datasets.py
[2024-08-06T07:50:32.024+0000] {logging_mixin.py:188} INFO - [2024-08-06T07:50:32.024+0000] {dag.py:3096} INFO - Sync 10 DAGs
[2024-08-06T07:50:32.079+0000] {logging_mixin.py:188} INFO - [2024-08-06T07:50:32.079+0000] {dag.py:3954} INFO - Setting next_dagrun for conditional_dataset_and_time_based_timetable to 2024-07-31 01:00:00+00:00, run_after=2024-07-31 01:00:00+00:00
[2024-08-06T07:50:32.083+0000] {logging_mixin.py:188} INFO - [2024-08-06T07:50:32.083+0000] {dag.py:3954} INFO - Setting next_dagrun for consume_1_and_2_with_dataset_expressions to None, run_after=None
[2024-08-06T07:50:32.084+0000] {logging_mixin.py:188} INFO - [2024-08-06T07:50:32.084+0000] {dag.py:3954} INFO - Setting next_dagrun for consume_1_or_2_with_dataset_expressions to None, run_after=None
[2024-08-06T07:50:32.085+0000] {logging_mixin.py:188} INFO - [2024-08-06T07:50:32.085+0000] {dag.py:3954} INFO - Setting next_dagrun for consume_1_or_both_2_and_3_with_dataset_expressions to None, run_after=None
[2024-08-06T07:50:32.086+0000] {logging_mixin.py:188} INFO - [2024-08-06T07:50:32.086+0000] {dag.py:3954} INFO - Setting next_dagrun for dataset_consumes_1 to None, run_after=None
[2024-08-06T07:50:32.087+0000] {logging_mixin.py:188} INFO - [2024-08-06T07:50:32.087+0000] {dag.py:3954} INFO - Setting next_dagrun for dataset_consumes_1_and_2 to None, run_after=None
[2024-08-06T07:50:32.088+0000] {logging_mixin.py:188} INFO - [2024-08-06T07:50:32.088+0000] {dag.py:3954} INFO - Setting next_dagrun for dataset_consumes_1_never_scheduled to None, run_after=None
[2024-08-06T07:50:32.089+0000] {logging_mixin.py:188} INFO - [2024-08-06T07:50:32.089+0000] {dag.py:3954} INFO - Setting next_dagrun for dataset_consumes_unknown_never_scheduled to None, run_after=None
[2024-08-06T07:50:32.091+0000] {logging_mixin.py:188} INFO - [2024-08-06T07:50:32.091+0000] {dag.py:3954} INFO - Setting next_dagrun for dataset_produces_1 to 2024-08-05 00:00:00+00:00, run_after=2024-08-06 00:00:00+00:00
[2024-08-06T07:50:32.092+0000] {logging_mixin.py:188} INFO - [2024-08-06T07:50:32.092+0000] {dag.py:3954} INFO - Setting next_dagrun for dataset_produces_2 to None, run_after=None
[2024-08-06T07:50:32.126+0000] {processor.py:183} INFO - Processing /home/airflow/.local/lib/python3.12/site-packages/airflow/example_dags/example_datasets.py took 0.320 seconds
[2024-08-06T07:51:02.259+0000] {processor.py:161} INFO - Started process (PID=394) to work on /home/airflow/.local/lib/python3.12/site-packages/airflow/example_dags/example_datasets.py
[2024-08-06T07:51:02.260+0000] {processor.py:830} INFO - Processing file /home/airflow/.local/lib/python3.12/site-packages/airflow/example_dags/example_datasets.py for tasks to queue
[2024-08-06T07:51:02.261+0000] {logging_mixin.py:188} INFO - [2024-08-06T07:51:02.261+0000] {dagbag.py:545} INFO - Filling up the DagBag from /home/airflow/.local/lib/python3.12/site-packages/airflow/example_dags/example_datasets.py
[2024-08-06T07:51:02.273+0000] {processor.py:840} INFO - DAG(s) 'dataset_produces_2', 'dataset_produces_1', 'dataset_consumes_1_and_2', 'conditional_dataset_and_time_based_timetable', 'dataset_consumes_unknown_never_scheduled', 'dataset_consumes_1_never_scheduled', 'dataset_consumes_1', 'consume_1_and_2_with_dataset_expressions', 'consume_1_or_2_with_dataset_expressions', 'consume_1_or_both_2_and_3_with_dataset_expressions' retrieved from /home/airflow/.local/lib/python3.12/site-packages/airflow/example_dags/example_datasets.py
[2024-08-06T07:51:02.312+0000] {logging_mixin.py:188} INFO - [2024-08-06T07:51:02.312+0000] {dag.py:3096} INFO - Sync 10 DAGs
[2024-08-06T07:51:02.333+0000] {logging_mixin.py:188} INFO - [2024-08-06T07:51:02.333+0000] {dag.py:3954} INFO - Setting next_dagrun for conditional_dataset_and_time_based_timetable to 2024-07-31 01:00:00+00:00, run_after=2024-07-31 01:00:00+00:00
[2024-08-06T07:51:02.337+0000] {logging_mixin.py:188} INFO - [2024-08-06T07:51:02.337+0000] {dag.py:3954} INFO - Setting next_dagrun for consume_1_and_2_with_dataset_expressions to None, run_after=None
[2024-08-06T07:51:02.338+0000] {logging_mixin.py:188} INFO - [2024-08-06T07:51:02.338+0000] {dag.py:3954} INFO - Setting next_dagrun for consume_1_or_2_with_dataset_expressions to None, run_after=None
[2024-08-06T07:51:02.339+0000] {logging_mixin.py:188} INFO - [2024-08-06T07:51:02.339+0000] {dag.py:3954} INFO - Setting next_dagrun for consume_1_or_both_2_and_3_with_dataset_expressions to None, run_after=None
[2024-08-06T07:51:02.340+0000] {logging_mixin.py:188} INFO - [2024-08-06T07:51:02.340+0000] {dag.py:3954} INFO - Setting next_dagrun for dataset_consumes_1 to None, run_after=None
[2024-08-06T07:51:02.341+0000] {logging_mixin.py:188} INFO - [2024-08-06T07:51:02.341+0000] {dag.py:3954} INFO - Setting next_dagrun for dataset_consumes_1_and_2 to None, run_after=None
[2024-08-06T07:51:02.343+0000] {logging_mixin.py:188} INFO - [2024-08-06T07:51:02.343+0000] {dag.py:3954} INFO - Setting next_dagrun for dataset_consumes_1_never_scheduled to None, run_after=None
[2024-08-06T07:51:02.345+0000] {logging_mixin.py:188} INFO - [2024-08-06T07:51:02.345+0000] {dag.py:3954} INFO - Setting next_dagrun for dataset_consumes_unknown_never_scheduled to None, run_after=None
[2024-08-06T07:51:02.347+0000] {logging_mixin.py:188} INFO - [2024-08-06T07:51:02.347+0000] {dag.py:3954} INFO - Setting next_dagrun for dataset_produces_1 to 2024-08-05 00:00:00+00:00, run_after=2024-08-06 00:00:00+00:00
[2024-08-06T07:51:02.348+0000] {logging_mixin.py:188} INFO - [2024-08-06T07:51:02.348+0000] {dag.py:3954} INFO - Setting next_dagrun for dataset_produces_2 to None, run_after=None
[2024-08-06T07:51:02.381+0000] {processor.py:183} INFO - Processing /home/airflow/.local/lib/python3.12/site-packages/airflow/example_dags/example_datasets.py took 0.126 seconds
[2024-08-06T07:51:32.407+0000] {processor.py:161} INFO - Started process (PID=452) to work on /home/airflow/.local/lib/python3.12/site-packages/airflow/example_dags/example_datasets.py
[2024-08-06T07:51:32.408+0000] {processor.py:830} INFO - Processing file /home/airflow/.local/lib/python3.12/site-packages/airflow/example_dags/example_datasets.py for tasks to queue
[2024-08-06T07:51:32.409+0000] {logging_mixin.py:188} INFO - [2024-08-06T07:51:32.409+0000] {dagbag.py:545} INFO - Filling up the DagBag from /home/airflow/.local/lib/python3.12/site-packages/airflow/example_dags/example_datasets.py
[2024-08-06T07:51:32.420+0000] {processor.py:840} INFO - DAG(s) 'consume_1_and_2_with_dataset_expressions', 'dataset_produces_1', 'conditional_dataset_and_time_based_timetable', 'consume_1_or_2_with_dataset_expressions', 'dataset_consumes_1_and_2', 'dataset_consumes_1', 'consume_1_or_both_2_and_3_with_dataset_expressions', 'dataset_produces_2', 'dataset_consumes_1_never_scheduled', 'dataset_consumes_unknown_never_scheduled' retrieved from /home/airflow/.local/lib/python3.12/site-packages/airflow/example_dags/example_datasets.py
[2024-08-06T07:51:32.499+0000] {logging_mixin.py:188} INFO - [2024-08-06T07:51:32.499+0000] {dag.py:3096} INFO - Sync 10 DAGs
[2024-08-06T07:51:32.520+0000] {logging_mixin.py:188} INFO - [2024-08-06T07:51:32.520+0000] {dag.py:3954} INFO - Setting next_dagrun for conditional_dataset_and_time_based_timetable to 2024-07-31 01:00:00+00:00, run_after=2024-07-31 01:00:00+00:00
[2024-08-06T07:51:32.525+0000] {logging_mixin.py:188} INFO - [2024-08-06T07:51:32.524+0000] {dag.py:3954} INFO - Setting next_dagrun for consume_1_and_2_with_dataset_expressions to None, run_after=None
[2024-08-06T07:51:32.526+0000] {logging_mixin.py:188} INFO - [2024-08-06T07:51:32.525+0000] {dag.py:3954} INFO - Setting next_dagrun for consume_1_or_2_with_dataset_expressions to None, run_after=None
[2024-08-06T07:51:32.527+0000] {logging_mixin.py:188} INFO - [2024-08-06T07:51:32.526+0000] {dag.py:3954} INFO - Setting next_dagrun for consume_1_or_both_2_and_3_with_dataset_expressions to None, run_after=None
[2024-08-06T07:51:32.528+0000] {logging_mixin.py:188} INFO - [2024-08-06T07:51:32.527+0000] {dag.py:3954} INFO - Setting next_dagrun for dataset_consumes_1 to None, run_after=None
[2024-08-06T07:51:32.529+0000] {logging_mixin.py:188} INFO - [2024-08-06T07:51:32.528+0000] {dag.py:3954} INFO - Setting next_dagrun for dataset_consumes_1_and_2 to None, run_after=None
[2024-08-06T07:51:32.529+0000] {logging_mixin.py:188} INFO - [2024-08-06T07:51:32.529+0000] {dag.py:3954} INFO - Setting next_dagrun for dataset_consumes_1_never_scheduled to None, run_after=None
[2024-08-06T07:51:32.530+0000] {logging_mixin.py:188} INFO - [2024-08-06T07:51:32.530+0000] {dag.py:3954} INFO - Setting next_dagrun for dataset_consumes_unknown_never_scheduled to None, run_after=None
[2024-08-06T07:51:32.532+0000] {logging_mixin.py:188} INFO - [2024-08-06T07:51:32.532+0000] {dag.py:3954} INFO - Setting next_dagrun for dataset_produces_1 to 2024-08-05 00:00:00+00:00, run_after=2024-08-06 00:00:00+00:00
[2024-08-06T07:51:32.533+0000] {logging_mixin.py:188} INFO - [2024-08-06T07:51:32.533+0000] {dag.py:3954} INFO - Setting next_dagrun for dataset_produces_2 to None, run_after=None
[2024-08-06T07:51:32.565+0000] {processor.py:183} INFO - Processing /home/airflow/.local/lib/python3.12/site-packages/airflow/example_dags/example_datasets.py took 0.163 seconds
[2024-08-06T07:52:02.890+0000] {processor.py:161} INFO - Started process (PID=509) to work on /home/airflow/.local/lib/python3.12/site-packages/airflow/example_dags/example_datasets.py
[2024-08-06T07:52:02.891+0000] {processor.py:830} INFO - Processing file /home/airflow/.local/lib/python3.12/site-packages/airflow/example_dags/example_datasets.py for tasks to queue
[2024-08-06T07:52:02.892+0000] {logging_mixin.py:188} INFO - [2024-08-06T07:52:02.892+0000] {dagbag.py:545} INFO - Filling up the DagBag from /home/airflow/.local/lib/python3.12/site-packages/airflow/example_dags/example_datasets.py
[2024-08-06T07:52:02.909+0000] {processor.py:840} INFO - DAG(s) 'dataset_consumes_1_never_scheduled', 'dataset_consumes_1_and_2', 'dataset_consumes_1', 'consume_1_or_2_with_dataset_expressions', 'conditional_dataset_and_time_based_timetable', 'consume_1_and_2_with_dataset_expressions', 'dataset_consumes_unknown_never_scheduled', 'dataset_produces_2', 'consume_1_or_both_2_and_3_with_dataset_expressions', 'dataset_produces_1' retrieved from /home/airflow/.local/lib/python3.12/site-packages/airflow/example_dags/example_datasets.py
[2024-08-06T07:52:02.970+0000] {logging_mixin.py:188} INFO - [2024-08-06T07:52:02.969+0000] {dag.py:3096} INFO - Sync 10 DAGs
[2024-08-06T07:52:02.996+0000] {logging_mixin.py:188} INFO - [2024-08-06T07:52:02.996+0000] {dag.py:3954} INFO - Setting next_dagrun for conditional_dataset_and_time_based_timetable to 2024-07-31 01:00:00+00:00, run_after=2024-07-31 01:00:00+00:00
[2024-08-06T07:52:03.000+0000] {logging_mixin.py:188} INFO - [2024-08-06T07:52:03.000+0000] {dag.py:3954} INFO - Setting next_dagrun for consume_1_and_2_with_dataset_expressions to None, run_after=None
[2024-08-06T07:52:03.001+0000] {logging_mixin.py:188} INFO - [2024-08-06T07:52:03.001+0000] {dag.py:3954} INFO - Setting next_dagrun for consume_1_or_2_with_dataset_expressions to None, run_after=None
[2024-08-06T07:52:03.002+0000] {logging_mixin.py:188} INFO - [2024-08-06T07:52:03.002+0000] {dag.py:3954} INFO - Setting next_dagrun for consume_1_or_both_2_and_3_with_dataset_expressions to None, run_after=None
[2024-08-06T07:52:03.003+0000] {logging_mixin.py:188} INFO - [2024-08-06T07:52:03.003+0000] {dag.py:3954} INFO - Setting next_dagrun for dataset_consumes_1 to None, run_after=None
[2024-08-06T07:52:03.004+0000] {logging_mixin.py:188} INFO - [2024-08-06T07:52:03.004+0000] {dag.py:3954} INFO - Setting next_dagrun for dataset_consumes_1_and_2 to None, run_after=None
[2024-08-06T07:52:03.005+0000] {logging_mixin.py:188} INFO - [2024-08-06T07:52:03.005+0000] {dag.py:3954} INFO - Setting next_dagrun for dataset_consumes_1_never_scheduled to None, run_after=None
[2024-08-06T07:52:03.006+0000] {logging_mixin.py:188} INFO - [2024-08-06T07:52:03.006+0000] {dag.py:3954} INFO - Setting next_dagrun for dataset_consumes_unknown_never_scheduled to None, run_after=None
[2024-08-06T07:52:03.008+0000] {logging_mixin.py:188} INFO - [2024-08-06T07:52:03.008+0000] {dag.py:3954} INFO - Setting next_dagrun for dataset_produces_1 to 2024-08-05 00:00:00+00:00, run_after=2024-08-06 00:00:00+00:00
[2024-08-06T07:52:03.009+0000] {logging_mixin.py:188} INFO - [2024-08-06T07:52:03.009+0000] {dag.py:3954} INFO - Setting next_dagrun for dataset_produces_2 to None, run_after=None
[2024-08-06T07:52:03.041+0000] {processor.py:183} INFO - Processing /home/airflow/.local/lib/python3.12/site-packages/airflow/example_dags/example_datasets.py took 0.158 seconds
[2024-08-06T07:52:33.110+0000] {processor.py:161} INFO - Started process (PID=566) to work on /home/airflow/.local/lib/python3.12/site-packages/airflow/example_dags/example_datasets.py
[2024-08-06T07:52:33.113+0000] {processor.py:830} INFO - Processing file /home/airflow/.local/lib/python3.12/site-packages/airflow/example_dags/example_datasets.py for tasks to queue
[2024-08-06T07:52:33.115+0000] {logging_mixin.py:188} INFO - [2024-08-06T07:52:33.115+0000] {dagbag.py:545} INFO - Filling up the DagBag from /home/airflow/.local/lib/python3.12/site-packages/airflow/example_dags/example_datasets.py
[2024-08-06T07:52:33.135+0000] {processor.py:840} INFO - DAG(s) 'dataset_produces_2', 'dataset_produces_1', 'conditional_dataset_and_time_based_timetable', 'dataset_consumes_unknown_never_scheduled', 'dataset_consumes_1_never_scheduled', 'consume_1_and_2_with_dataset_expressions', 'dataset_consumes_1_and_2', 'consume_1_or_both_2_and_3_with_dataset_expressions', 'consume_1_or_2_with_dataset_expressions', 'dataset_consumes_1' retrieved from /home/airflow/.local/lib/python3.12/site-packages/airflow/example_dags/example_datasets.py
[2024-08-06T07:52:33.196+0000] {logging_mixin.py:188} INFO - [2024-08-06T07:52:33.196+0000] {dag.py:3096} INFO - Sync 10 DAGs
[2024-08-06T07:52:33.227+0000] {logging_mixin.py:188} INFO - [2024-08-06T07:52:33.226+0000] {dag.py:3954} INFO - Setting next_dagrun for conditional_dataset_and_time_based_timetable to 2024-07-31 01:00:00+00:00, run_after=2024-07-31 01:00:00+00:00
[2024-08-06T07:52:33.230+0000] {logging_mixin.py:188} INFO - [2024-08-06T07:52:33.230+0000] {dag.py:3954} INFO - Setting next_dagrun for consume_1_and_2_with_dataset_expressions to None, run_after=None
[2024-08-06T07:52:33.231+0000] {logging_mixin.py:188} INFO - [2024-08-06T07:52:33.231+0000] {dag.py:3954} INFO - Setting next_dagrun for consume_1_or_2_with_dataset_expressions to None, run_after=None
[2024-08-06T07:52:33.232+0000] {logging_mixin.py:188} INFO - [2024-08-06T07:52:33.232+0000] {dag.py:3954} INFO - Setting next_dagrun for consume_1_or_both_2_and_3_with_dataset_expressions to None, run_after=None
[2024-08-06T07:52:33.233+0000] {logging_mixin.py:188} INFO - [2024-08-06T07:52:33.233+0000] {dag.py:3954} INFO - Setting next_dagrun for dataset_consumes_1 to None, run_after=None
[2024-08-06T07:52:33.234+0000] {logging_mixin.py:188} INFO - [2024-08-06T07:52:33.234+0000] {dag.py:3954} INFO - Setting next_dagrun for dataset_consumes_1_and_2 to None, run_after=None
[2024-08-06T07:52:33.235+0000] {logging_mixin.py:188} INFO - [2024-08-06T07:52:33.235+0000] {dag.py:3954} INFO - Setting next_dagrun for dataset_consumes_1_never_scheduled to None, run_after=None
[2024-08-06T07:52:33.236+0000] {logging_mixin.py:188} INFO - [2024-08-06T07:52:33.236+0000] {dag.py:3954} INFO - Setting next_dagrun for dataset_consumes_unknown_never_scheduled to None, run_after=None
[2024-08-06T07:52:33.238+0000] {logging_mixin.py:188} INFO - [2024-08-06T07:52:33.238+0000] {dag.py:3954} INFO - Setting next_dagrun for dataset_produces_1 to 2024-08-05 00:00:00+00:00, run_after=2024-08-06 00:00:00+00:00
[2024-08-06T07:52:33.239+0000] {logging_mixin.py:188} INFO - [2024-08-06T07:52:33.239+0000] {dag.py:3954} INFO - Setting next_dagrun for dataset_produces_2 to None, run_after=None
[2024-08-06T07:52:33.271+0000] {processor.py:183} INFO - Processing /home/airflow/.local/lib/python3.12/site-packages/airflow/example_dags/example_datasets.py took 0.167 seconds
[2024-08-06T07:53:03.619+0000] {processor.py:161} INFO - Started process (PID=624) to work on /home/airflow/.local/lib/python3.12/site-packages/airflow/example_dags/example_datasets.py
[2024-08-06T07:53:03.620+0000] {processor.py:830} INFO - Processing file /home/airflow/.local/lib/python3.12/site-packages/airflow/example_dags/example_datasets.py for tasks to queue
[2024-08-06T07:53:03.622+0000] {logging_mixin.py:188} INFO - [2024-08-06T07:53:03.621+0000] {dagbag.py:545} INFO - Filling up the DagBag from /home/airflow/.local/lib/python3.12/site-packages/airflow/example_dags/example_datasets.py
[2024-08-06T07:53:03.638+0000] {processor.py:840} INFO - DAG(s) 'dataset_consumes_1', 'dataset_consumes_1_never_scheduled', 'consume_1_or_2_with_dataset_expressions', 'dataset_produces_2', 'dataset_consumes_unknown_never_scheduled', 'conditional_dataset_and_time_based_timetable', 'dataset_consumes_1_and_2', 'consume_1_or_both_2_and_3_with_dataset_expressions', 'dataset_produces_1', 'consume_1_and_2_with_dataset_expressions' retrieved from /home/airflow/.local/lib/python3.12/site-packages/airflow/example_dags/example_datasets.py
[2024-08-06T07:53:03.700+0000] {logging_mixin.py:188} INFO - [2024-08-06T07:53:03.700+0000] {dag.py:3096} INFO - Sync 10 DAGs
[2024-08-06T07:53:03.728+0000] {logging_mixin.py:188} INFO - [2024-08-06T07:53:03.728+0000] {dag.py:3954} INFO - Setting next_dagrun for conditional_dataset_and_time_based_timetable to 2024-07-31 01:00:00+00:00, run_after=2024-07-31 01:00:00+00:00
[2024-08-06T07:53:03.732+0000] {logging_mixin.py:188} INFO - [2024-08-06T07:53:03.732+0000] {dag.py:3954} INFO - Setting next_dagrun for consume_1_and_2_with_dataset_expressions to None, run_after=None
[2024-08-06T07:53:03.733+0000] {logging_mixin.py:188} INFO - [2024-08-06T07:53:03.733+0000] {dag.py:3954} INFO - Setting next_dagrun for consume_1_or_2_with_dataset_expressions to None, run_after=None
[2024-08-06T07:53:03.735+0000] {logging_mixin.py:188} INFO - [2024-08-06T07:53:03.735+0000] {dag.py:3954} INFO - Setting next_dagrun for consume_1_or_both_2_and_3_with_dataset_expressions to None, run_after=None
[2024-08-06T07:53:03.736+0000] {logging_mixin.py:188} INFO - [2024-08-06T07:53:03.736+0000] {dag.py:3954} INFO - Setting next_dagrun for dataset_consumes_1 to None, run_after=None
[2024-08-06T07:53:03.737+0000] {logging_mixin.py:188} INFO - [2024-08-06T07:53:03.736+0000] {dag.py:3954} INFO - Setting next_dagrun for dataset_consumes_1_and_2 to None, run_after=None
[2024-08-06T07:53:03.737+0000] {logging_mixin.py:188} INFO - [2024-08-06T07:53:03.737+0000] {dag.py:3954} INFO - Setting next_dagrun for dataset_consumes_1_never_scheduled to None, run_after=None
[2024-08-06T07:53:03.738+0000] {logging_mixin.py:188} INFO - [2024-08-06T07:53:03.738+0000] {dag.py:3954} INFO - Setting next_dagrun for dataset_consumes_unknown_never_scheduled to None, run_after=None
[2024-08-06T07:53:03.740+0000] {logging_mixin.py:188} INFO - [2024-08-06T07:53:03.740+0000] {dag.py:3954} INFO - Setting next_dagrun for dataset_produces_1 to 2024-08-05 00:00:00+00:00, run_after=2024-08-06 00:00:00+00:00
[2024-08-06T07:53:03.741+0000] {logging_mixin.py:188} INFO - [2024-08-06T07:53:03.741+0000] {dag.py:3954} INFO - Setting next_dagrun for dataset_produces_2 to None, run_after=None
[2024-08-06T07:53:03.772+0000] {processor.py:183} INFO - Processing /home/airflow/.local/lib/python3.12/site-packages/airflow/example_dags/example_datasets.py took 0.159 seconds
[2024-08-06T07:53:34.492+0000] {processor.py:161} INFO - Started process (PID=681) to work on /home/airflow/.local/lib/python3.12/site-packages/airflow/example_dags/example_datasets.py
[2024-08-06T07:53:34.493+0000] {processor.py:830} INFO - Processing file /home/airflow/.local/lib/python3.12/site-packages/airflow/example_dags/example_datasets.py for tasks to queue
[2024-08-06T07:53:34.494+0000] {logging_mixin.py:188} INFO - [2024-08-06T07:53:34.494+0000] {dagbag.py:545} INFO - Filling up the DagBag from /home/airflow/.local/lib/python3.12/site-packages/airflow/example_dags/example_datasets.py
[2024-08-06T07:53:34.511+0000] {processor.py:840} INFO - DAG(s) 'dataset_produces_1', 'dataset_consumes_unknown_never_scheduled', 'conditional_dataset_and_time_based_timetable', 'consume_1_and_2_with_dataset_expressions', 'dataset_produces_2', 'consume_1_or_2_with_dataset_expressions', 'dataset_consumes_1', 'consume_1_or_both_2_and_3_with_dataset_expressions', 'dataset_consumes_1_never_scheduled', 'dataset_consumes_1_and_2' retrieved from /home/airflow/.local/lib/python3.12/site-packages/airflow/example_dags/example_datasets.py
[2024-08-06T07:53:34.575+0000] {logging_mixin.py:188} INFO - [2024-08-06T07:53:34.574+0000] {dag.py:3096} INFO - Sync 10 DAGs
[2024-08-06T07:53:34.614+0000] {logging_mixin.py:188} INFO - [2024-08-06T07:53:34.613+0000] {dag.py:3954} INFO - Setting next_dagrun for conditional_dataset_and_time_based_timetable to 2024-07-31 01:00:00+00:00, run_after=2024-07-31 01:00:00+00:00
[2024-08-06T07:53:34.617+0000] {logging_mixin.py:188} INFO - [2024-08-06T07:53:34.617+0000] {dag.py:3954} INFO - Setting next_dagrun for consume_1_and_2_with_dataset_expressions to None, run_after=None
[2024-08-06T07:53:34.618+0000] {logging_mixin.py:188} INFO - [2024-08-06T07:53:34.618+0000] {dag.py:3954} INFO - Setting next_dagrun for consume_1_or_2_with_dataset_expressions to None, run_after=None
[2024-08-06T07:53:34.619+0000] {logging_mixin.py:188} INFO - [2024-08-06T07:53:34.619+0000] {dag.py:3954} INFO - Setting next_dagrun for consume_1_or_both_2_and_3_with_dataset_expressions to None, run_after=None
[2024-08-06T07:53:34.620+0000] {logging_mixin.py:188} INFO - [2024-08-06T07:53:34.620+0000] {dag.py:3954} INFO - Setting next_dagrun for dataset_consumes_1 to None, run_after=None
[2024-08-06T07:53:34.621+0000] {logging_mixin.py:188} INFO - [2024-08-06T07:53:34.621+0000] {dag.py:3954} INFO - Setting next_dagrun for dataset_consumes_1_and_2 to None, run_after=None
[2024-08-06T07:53:34.622+0000] {logging_mixin.py:188} INFO - [2024-08-06T07:53:34.621+0000] {dag.py:3954} INFO - Setting next_dagrun for dataset_consumes_1_never_scheduled to None, run_after=None
[2024-08-06T07:53:34.623+0000] {logging_mixin.py:188} INFO - [2024-08-06T07:53:34.622+0000] {dag.py:3954} INFO - Setting next_dagrun for dataset_consumes_unknown_never_scheduled to None, run_after=None
[2024-08-06T07:53:34.625+0000] {logging_mixin.py:188} INFO - [2024-08-06T07:53:34.624+0000] {dag.py:3954} INFO - Setting next_dagrun for dataset_produces_1 to 2024-08-05 00:00:00+00:00, run_after=2024-08-06 00:00:00+00:00
[2024-08-06T07:53:34.625+0000] {logging_mixin.py:188} INFO - [2024-08-06T07:53:34.625+0000] {dag.py:3954} INFO - Setting next_dagrun for dataset_produces_2 to None, run_after=None
[2024-08-06T07:53:34.656+0000] {processor.py:183} INFO - Processing /home/airflow/.local/lib/python3.12/site-packages/airflow/example_dags/example_datasets.py took 0.170 seconds
[2024-08-06T07:54:04.914+0000] {processor.py:161} INFO - Started process (PID=739) to work on /home/airflow/.local/lib/python3.12/site-packages/airflow/example_dags/example_datasets.py
[2024-08-06T07:54:04.915+0000] {processor.py:830} INFO - Processing file /home/airflow/.local/lib/python3.12/site-packages/airflow/example_dags/example_datasets.py for tasks to queue
[2024-08-06T07:54:04.925+0000] {logging_mixin.py:188} INFO - [2024-08-06T07:54:04.924+0000] {dagbag.py:545} INFO - Filling up the DagBag from /home/airflow/.local/lib/python3.12/site-packages/airflow/example_dags/example_datasets.py
[2024-08-06T07:54:04.982+0000] {processor.py:840} INFO - DAG(s) 'dataset_consumes_1', 'dataset_consumes_unknown_never_scheduled', 'dataset_produces_2', 'conditional_dataset_and_time_based_timetable', 'dataset_consumes_1_and_2', 'consume_1_or_both_2_and_3_with_dataset_expressions', 'dataset_consumes_1_never_scheduled', 'consume_1_or_2_with_dataset_expressions', 'consume_1_and_2_with_dataset_expressions', 'dataset_produces_1' retrieved from /home/airflow/.local/lib/python3.12/site-packages/airflow/example_dags/example_datasets.py
[2024-08-06T07:54:05.312+0000] {logging_mixin.py:188} INFO - [2024-08-06T07:54:05.311+0000] {dag.py:3096} INFO - Sync 10 DAGs
[2024-08-06T07:54:05.416+0000] {logging_mixin.py:188} INFO - [2024-08-06T07:54:05.416+0000] {dag.py:3954} INFO - Setting next_dagrun for conditional_dataset_and_time_based_timetable to 2024-07-31 01:00:00+00:00, run_after=2024-07-31 01:00:00+00:00
[2024-08-06T07:54:05.421+0000] {logging_mixin.py:188} INFO - [2024-08-06T07:54:05.421+0000] {dag.py:3954} INFO - Setting next_dagrun for consume_1_and_2_with_dataset_expressions to None, run_after=None
[2024-08-06T07:54:05.422+0000] {logging_mixin.py:188} INFO - [2024-08-06T07:54:05.422+0000] {dag.py:3954} INFO - Setting next_dagrun for consume_1_or_2_with_dataset_expressions to None, run_after=None
[2024-08-06T07:54:05.423+0000] {logging_mixin.py:188} INFO - [2024-08-06T07:54:05.423+0000] {dag.py:3954} INFO - Setting next_dagrun for consume_1_or_both_2_and_3_with_dataset_expressions to None, run_after=None
[2024-08-06T07:54:05.425+0000] {logging_mixin.py:188} INFO - [2024-08-06T07:54:05.424+0000] {dag.py:3954} INFO - Setting next_dagrun for dataset_consumes_1 to None, run_after=None
[2024-08-06T07:54:05.426+0000] {logging_mixin.py:188} INFO - [2024-08-06T07:54:05.426+0000] {dag.py:3954} INFO - Setting next_dagrun for dataset_consumes_1_and_2 to None, run_after=None
[2024-08-06T07:54:05.427+0000] {logging_mixin.py:188} INFO - [2024-08-06T07:54:05.427+0000] {dag.py:3954} INFO - Setting next_dagrun for dataset_consumes_1_never_scheduled to None, run_after=None
[2024-08-06T07:54:05.428+0000] {logging_mixin.py:188} INFO - [2024-08-06T07:54:05.428+0000] {dag.py:3954} INFO - Setting next_dagrun for dataset_consumes_unknown_never_scheduled to None, run_after=None
[2024-08-06T07:54:05.432+0000] {logging_mixin.py:188} INFO - [2024-08-06T07:54:05.431+0000] {dag.py:3954} INFO - Setting next_dagrun for dataset_produces_1 to 2024-08-05 00:00:00+00:00, run_after=2024-08-06 00:00:00+00:00
[2024-08-06T07:54:05.433+0000] {logging_mixin.py:188} INFO - [2024-08-06T07:54:05.433+0000] {dag.py:3954} INFO - Setting next_dagrun for dataset_produces_2 to None, run_after=None
[2024-08-06T07:54:05.522+0000] {processor.py:183} INFO - Processing /home/airflow/.local/lib/python3.12/site-packages/airflow/example_dags/example_datasets.py took 0.622 seconds
