[2024-08-06T07:48:05.738+0000] {processor.py:161} INFO - Started process (PID=62) to work on /home/airflow/.local/lib/python3.12/site-packages/airflow/example_dags/example_branch_operator.py
[2024-08-06T07:48:05.776+0000] {processor.py:830} INFO - Processing file /home/airflow/.local/lib/python3.12/site-packages/airflow/example_dags/example_branch_operator.py for tasks to queue
[2024-08-06T07:48:05.795+0000] {logging_mixin.py:188} INFO - [2024-08-06T07:48:05.778+0000] {dagbag.py:545} INFO - Filling up the DagBag from /home/airflow/.local/lib/python3.12/site-packages/airflow/example_dags/example_branch_operator.py
[2024-08-06T07:48:05.853+0000] {processor.py:840} INFO - DAG(s) 'example_branch_operator' retrieved from /home/airflow/.local/lib/python3.12/site-packages/airflow/example_dags/example_branch_operator.py
[2024-08-06T07:48:06.430+0000] {logging_mixin.py:188} INFO - [2024-08-06T07:48:06.430+0000] {dag.py:3096} INFO - Sync 1 DAGs
[2024-08-06T07:48:06.524+0000] {logging_mixin.py:188} INFO - [2024-08-06T07:48:06.524+0000] {dag.py:3954} INFO - Setting next_dagrun for example_branch_operator to 2024-08-05 00:00:00+00:00, run_after=2024-08-06 00:00:00+00:00
[2024-08-06T07:48:06.635+0000] {processor.py:183} INFO - Processing /home/airflow/.local/lib/python3.12/site-packages/airflow/example_dags/example_branch_operator.py took 0.945 seconds
[2024-08-06T07:48:37.048+0000] {processor.py:161} INFO - Started process (PID=120) to work on /home/airflow/.local/lib/python3.12/site-packages/airflow/example_dags/example_branch_operator.py
[2024-08-06T07:48:37.049+0000] {processor.py:830} INFO - Processing file /home/airflow/.local/lib/python3.12/site-packages/airflow/example_dags/example_branch_operator.py for tasks to queue
[2024-08-06T07:48:37.051+0000] {logging_mixin.py:188} INFO - [2024-08-06T07:48:37.051+0000] {dagbag.py:545} INFO - Filling up the DagBag from /home/airflow/.local/lib/python3.12/site-packages/airflow/example_dags/example_branch_operator.py
[2024-08-06T07:48:37.076+0000] {processor.py:840} INFO - DAG(s) 'example_branch_operator' retrieved from /home/airflow/.local/lib/python3.12/site-packages/airflow/example_dags/example_branch_operator.py
[2024-08-06T07:48:37.121+0000] {logging_mixin.py:188} INFO - [2024-08-06T07:48:37.121+0000] {dag.py:3096} INFO - Sync 1 DAGs
[2024-08-06T07:48:37.150+0000] {logging_mixin.py:188} INFO - [2024-08-06T07:48:37.150+0000] {dag.py:3954} INFO - Setting next_dagrun for example_branch_operator to 2024-08-05 00:00:00+00:00, run_after=2024-08-06 00:00:00+00:00
[2024-08-06T07:48:37.175+0000] {processor.py:183} INFO - Processing /home/airflow/.local/lib/python3.12/site-packages/airflow/example_dags/example_branch_operator.py took 0.132 seconds
[2024-08-06T07:49:07.232+0000] {processor.py:161} INFO - Started process (PID=179) to work on /home/airflow/.local/lib/python3.12/site-packages/airflow/example_dags/example_branch_operator.py
[2024-08-06T07:49:07.233+0000] {processor.py:830} INFO - Processing file /home/airflow/.local/lib/python3.12/site-packages/airflow/example_dags/example_branch_operator.py for tasks to queue
[2024-08-06T07:49:07.235+0000] {logging_mixin.py:188} INFO - [2024-08-06T07:49:07.235+0000] {dagbag.py:545} INFO - Filling up the DagBag from /home/airflow/.local/lib/python3.12/site-packages/airflow/example_dags/example_branch_operator.py
[2024-08-06T07:49:07.256+0000] {processor.py:840} INFO - DAG(s) 'example_branch_operator' retrieved from /home/airflow/.local/lib/python3.12/site-packages/airflow/example_dags/example_branch_operator.py
[2024-08-06T07:49:07.295+0000] {logging_mixin.py:188} INFO - [2024-08-06T07:49:07.294+0000] {dag.py:3096} INFO - Sync 1 DAGs
[2024-08-06T07:49:07.323+0000] {logging_mixin.py:188} INFO - [2024-08-06T07:49:07.322+0000] {dag.py:3954} INFO - Setting next_dagrun for example_branch_operator to 2024-08-05 00:00:00+00:00, run_after=2024-08-06 00:00:00+00:00
[2024-08-06T07:49:07.344+0000] {processor.py:183} INFO - Processing /home/airflow/.local/lib/python3.12/site-packages/airflow/example_dags/example_branch_operator.py took 0.119 seconds
[2024-08-06T07:49:38.109+0000] {processor.py:161} INFO - Started process (PID=238) to work on /home/airflow/.local/lib/python3.12/site-packages/airflow/example_dags/example_branch_operator.py
[2024-08-06T07:49:38.116+0000] {processor.py:830} INFO - Processing file /home/airflow/.local/lib/python3.12/site-packages/airflow/example_dags/example_branch_operator.py for tasks to queue
[2024-08-06T07:49:38.118+0000] {logging_mixin.py:188} INFO - [2024-08-06T07:49:38.118+0000] {dagbag.py:545} INFO - Filling up the DagBag from /home/airflow/.local/lib/python3.12/site-packages/airflow/example_dags/example_branch_operator.py
[2024-08-06T07:49:38.151+0000] {processor.py:840} INFO - DAG(s) 'example_branch_operator' retrieved from /home/airflow/.local/lib/python3.12/site-packages/airflow/example_dags/example_branch_operator.py
[2024-08-06T07:49:38.203+0000] {logging_mixin.py:188} INFO - [2024-08-06T07:49:38.203+0000] {dag.py:3096} INFO - Sync 1 DAGs
[2024-08-06T07:49:38.236+0000] {logging_mixin.py:188} INFO - [2024-08-06T07:49:38.235+0000] {dag.py:3954} INFO - Setting next_dagrun for example_branch_operator to 2024-08-05 00:00:00+00:00, run_after=2024-08-06 00:00:00+00:00
[2024-08-06T07:49:38.271+0000] {processor.py:183} INFO - Processing /home/airflow/.local/lib/python3.12/site-packages/airflow/example_dags/example_branch_operator.py took 0.184 seconds
[2024-08-06T07:50:08.701+0000] {processor.py:161} INFO - Started process (PID=296) to work on /home/airflow/.local/lib/python3.12/site-packages/airflow/example_dags/example_branch_operator.py
[2024-08-06T07:50:08.702+0000] {processor.py:830} INFO - Processing file /home/airflow/.local/lib/python3.12/site-packages/airflow/example_dags/example_branch_operator.py for tasks to queue
[2024-08-06T07:50:08.704+0000] {logging_mixin.py:188} INFO - [2024-08-06T07:50:08.703+0000] {dagbag.py:545} INFO - Filling up the DagBag from /home/airflow/.local/lib/python3.12/site-packages/airflow/example_dags/example_branch_operator.py
[2024-08-06T07:50:08.724+0000] {processor.py:840} INFO - DAG(s) 'example_branch_operator' retrieved from /home/airflow/.local/lib/python3.12/site-packages/airflow/example_dags/example_branch_operator.py
[2024-08-06T07:50:08.776+0000] {logging_mixin.py:188} INFO - [2024-08-06T07:50:08.775+0000] {dag.py:3096} INFO - Sync 1 DAGs
[2024-08-06T07:50:08.799+0000] {logging_mixin.py:188} INFO - [2024-08-06T07:50:08.799+0000] {dag.py:3954} INFO - Setting next_dagrun for example_branch_operator to 2024-08-05 00:00:00+00:00, run_after=2024-08-06 00:00:00+00:00
[2024-08-06T07:50:08.817+0000] {processor.py:183} INFO - Processing /home/airflow/.local/lib/python3.12/site-packages/airflow/example_dags/example_branch_operator.py took 0.127 seconds
[2024-08-06T07:50:39.379+0000] {processor.py:161} INFO - Started process (PID=354) to work on /home/airflow/.local/lib/python3.12/site-packages/airflow/example_dags/example_branch_operator.py
[2024-08-06T07:50:39.390+0000] {processor.py:830} INFO - Processing file /home/airflow/.local/lib/python3.12/site-packages/airflow/example_dags/example_branch_operator.py for tasks to queue
[2024-08-06T07:50:39.392+0000] {logging_mixin.py:188} INFO - [2024-08-06T07:50:39.392+0000] {dagbag.py:545} INFO - Filling up the DagBag from /home/airflow/.local/lib/python3.12/site-packages/airflow/example_dags/example_branch_operator.py
[2024-08-06T07:50:39.441+0000] {processor.py:840} INFO - DAG(s) 'example_branch_operator' retrieved from /home/airflow/.local/lib/python3.12/site-packages/airflow/example_dags/example_branch_operator.py
[2024-08-06T07:50:39.491+0000] {logging_mixin.py:188} INFO - [2024-08-06T07:50:39.491+0000] {dag.py:3096} INFO - Sync 1 DAGs
[2024-08-06T07:50:39.516+0000] {logging_mixin.py:188} INFO - [2024-08-06T07:50:39.516+0000] {dag.py:3954} INFO - Setting next_dagrun for example_branch_operator to 2024-08-05 00:00:00+00:00, run_after=2024-08-06 00:00:00+00:00
[2024-08-06T07:50:39.544+0000] {processor.py:183} INFO - Processing /home/airflow/.local/lib/python3.12/site-packages/airflow/example_dags/example_branch_operator.py took 0.192 seconds
[2024-08-06T07:51:10.403+0000] {processor.py:161} INFO - Started process (PID=411) to work on /home/airflow/.local/lib/python3.12/site-packages/airflow/example_dags/example_branch_operator.py
[2024-08-06T07:51:10.412+0000] {processor.py:830} INFO - Processing file /home/airflow/.local/lib/python3.12/site-packages/airflow/example_dags/example_branch_operator.py for tasks to queue
[2024-08-06T07:51:10.414+0000] {logging_mixin.py:188} INFO - [2024-08-06T07:51:10.414+0000] {dagbag.py:545} INFO - Filling up the DagBag from /home/airflow/.local/lib/python3.12/site-packages/airflow/example_dags/example_branch_operator.py
[2024-08-06T07:51:10.607+0000] {processor.py:840} INFO - DAG(s) 'example_branch_operator' retrieved from /home/airflow/.local/lib/python3.12/site-packages/airflow/example_dags/example_branch_operator.py
[2024-08-06T07:51:10.832+0000] {logging_mixin.py:188} INFO - [2024-08-06T07:51:10.832+0000] {dag.py:3096} INFO - Sync 1 DAGs
[2024-08-06T07:51:10.918+0000] {logging_mixin.py:188} INFO - [2024-08-06T07:51:10.917+0000] {dag.py:3954} INFO - Setting next_dagrun for example_branch_operator to 2024-08-05 00:00:00+00:00, run_after=2024-08-06 00:00:00+00:00
[2024-08-06T07:51:11.036+0000] {processor.py:183} INFO - Processing /home/airflow/.local/lib/python3.12/site-packages/airflow/example_dags/example_branch_operator.py took 0.656 seconds
[2024-08-06T07:51:41.353+0000] {processor.py:161} INFO - Started process (PID=469) to work on /home/airflow/.local/lib/python3.12/site-packages/airflow/example_dags/example_branch_operator.py
[2024-08-06T07:51:41.354+0000] {processor.py:830} INFO - Processing file /home/airflow/.local/lib/python3.12/site-packages/airflow/example_dags/example_branch_operator.py for tasks to queue
[2024-08-06T07:51:41.356+0000] {logging_mixin.py:188} INFO - [2024-08-06T07:51:41.356+0000] {dagbag.py:545} INFO - Filling up the DagBag from /home/airflow/.local/lib/python3.12/site-packages/airflow/example_dags/example_branch_operator.py
[2024-08-06T07:51:41.379+0000] {processor.py:840} INFO - DAG(s) 'example_branch_operator' retrieved from /home/airflow/.local/lib/python3.12/site-packages/airflow/example_dags/example_branch_operator.py
[2024-08-06T07:51:41.421+0000] {logging_mixin.py:188} INFO - [2024-08-06T07:51:41.420+0000] {dag.py:3096} INFO - Sync 1 DAGs
[2024-08-06T07:51:41.449+0000] {logging_mixin.py:188} INFO - [2024-08-06T07:51:41.449+0000] {dag.py:3954} INFO - Setting next_dagrun for example_branch_operator to 2024-08-05 00:00:00+00:00, run_after=2024-08-06 00:00:00+00:00
[2024-08-06T07:51:41.476+0000] {processor.py:183} INFO - Processing /home/airflow/.local/lib/python3.12/site-packages/airflow/example_dags/example_branch_operator.py took 0.137 seconds
[2024-08-06T07:52:11.996+0000] {processor.py:161} INFO - Started process (PID=527) to work on /home/airflow/.local/lib/python3.12/site-packages/airflow/example_dags/example_branch_operator.py
[2024-08-06T07:52:11.997+0000] {processor.py:830} INFO - Processing file /home/airflow/.local/lib/python3.12/site-packages/airflow/example_dags/example_branch_operator.py for tasks to queue
[2024-08-06T07:52:11.999+0000] {logging_mixin.py:188} INFO - [2024-08-06T07:52:11.998+0000] {dagbag.py:545} INFO - Filling up the DagBag from /home/airflow/.local/lib/python3.12/site-packages/airflow/example_dags/example_branch_operator.py
[2024-08-06T07:52:12.020+0000] {processor.py:840} INFO - DAG(s) 'example_branch_operator' retrieved from /home/airflow/.local/lib/python3.12/site-packages/airflow/example_dags/example_branch_operator.py
[2024-08-06T07:52:12.061+0000] {logging_mixin.py:188} INFO - [2024-08-06T07:52:12.060+0000] {dag.py:3096} INFO - Sync 1 DAGs
[2024-08-06T07:52:12.090+0000] {logging_mixin.py:188} INFO - [2024-08-06T07:52:12.090+0000] {dag.py:3954} INFO - Setting next_dagrun for example_branch_operator to 2024-08-05 00:00:00+00:00, run_after=2024-08-06 00:00:00+00:00
[2024-08-06T07:52:12.118+0000] {processor.py:183} INFO - Processing /home/airflow/.local/lib/python3.12/site-packages/airflow/example_dags/example_branch_operator.py took 0.129 seconds
[2024-08-06T07:52:42.291+0000] {processor.py:161} INFO - Started process (PID=584) to work on /home/airflow/.local/lib/python3.12/site-packages/airflow/example_dags/example_branch_operator.py
[2024-08-06T07:52:42.291+0000] {processor.py:830} INFO - Processing file /home/airflow/.local/lib/python3.12/site-packages/airflow/example_dags/example_branch_operator.py for tasks to queue
[2024-08-06T07:52:42.293+0000] {logging_mixin.py:188} INFO - [2024-08-06T07:52:42.293+0000] {dagbag.py:545} INFO - Filling up the DagBag from /home/airflow/.local/lib/python3.12/site-packages/airflow/example_dags/example_branch_operator.py
[2024-08-06T07:52:42.314+0000] {processor.py:840} INFO - DAG(s) 'example_branch_operator' retrieved from /home/airflow/.local/lib/python3.12/site-packages/airflow/example_dags/example_branch_operator.py
[2024-08-06T07:52:42.349+0000] {logging_mixin.py:188} INFO - [2024-08-06T07:52:42.348+0000] {dag.py:3096} INFO - Sync 1 DAGs
[2024-08-06T07:52:42.374+0000] {logging_mixin.py:188} INFO - [2024-08-06T07:52:42.374+0000] {dag.py:3954} INFO - Setting next_dagrun for example_branch_operator to 2024-08-05 00:00:00+00:00, run_after=2024-08-06 00:00:00+00:00
[2024-08-06T07:52:42.399+0000] {processor.py:183} INFO - Processing /home/airflow/.local/lib/python3.12/site-packages/airflow/example_dags/example_branch_operator.py took 0.115 seconds
[2024-08-06T07:53:12.485+0000] {processor.py:161} INFO - Started process (PID=642) to work on /home/airflow/.local/lib/python3.12/site-packages/airflow/example_dags/example_branch_operator.py
[2024-08-06T07:53:12.486+0000] {processor.py:830} INFO - Processing file /home/airflow/.local/lib/python3.12/site-packages/airflow/example_dags/example_branch_operator.py for tasks to queue
[2024-08-06T07:53:12.487+0000] {logging_mixin.py:188} INFO - [2024-08-06T07:53:12.487+0000] {dagbag.py:545} INFO - Filling up the DagBag from /home/airflow/.local/lib/python3.12/site-packages/airflow/example_dags/example_branch_operator.py
[2024-08-06T07:53:12.508+0000] {processor.py:840} INFO - DAG(s) 'example_branch_operator' retrieved from /home/airflow/.local/lib/python3.12/site-packages/airflow/example_dags/example_branch_operator.py
[2024-08-06T07:53:12.543+0000] {logging_mixin.py:188} INFO - [2024-08-06T07:53:12.543+0000] {dag.py:3096} INFO - Sync 1 DAGs
[2024-08-06T07:53:12.570+0000] {logging_mixin.py:188} INFO - [2024-08-06T07:53:12.570+0000] {dag.py:3954} INFO - Setting next_dagrun for example_branch_operator to 2024-08-05 00:00:00+00:00, run_after=2024-08-06 00:00:00+00:00
[2024-08-06T07:53:12.605+0000] {processor.py:183} INFO - Processing /home/airflow/.local/lib/python3.12/site-packages/airflow/example_dags/example_branch_operator.py took 0.127 seconds
[2024-08-06T07:53:42.684+0000] {processor.py:161} INFO - Started process (PID=699) to work on /home/airflow/.local/lib/python3.12/site-packages/airflow/example_dags/example_branch_operator.py
[2024-08-06T07:53:42.685+0000] {processor.py:830} INFO - Processing file /home/airflow/.local/lib/python3.12/site-packages/airflow/example_dags/example_branch_operator.py for tasks to queue
[2024-08-06T07:53:42.686+0000] {logging_mixin.py:188} INFO - [2024-08-06T07:53:42.686+0000] {dagbag.py:545} INFO - Filling up the DagBag from /home/airflow/.local/lib/python3.12/site-packages/airflow/example_dags/example_branch_operator.py
[2024-08-06T07:53:42.701+0000] {processor.py:840} INFO - DAG(s) 'example_branch_operator' retrieved from /home/airflow/.local/lib/python3.12/site-packages/airflow/example_dags/example_branch_operator.py
[2024-08-06T07:53:42.726+0000] {logging_mixin.py:188} INFO - [2024-08-06T07:53:42.726+0000] {dag.py:3096} INFO - Sync 1 DAGs
[2024-08-06T07:53:42.744+0000] {logging_mixin.py:188} INFO - [2024-08-06T07:53:42.744+0000] {dag.py:3954} INFO - Setting next_dagrun for example_branch_operator to 2024-08-05 00:00:00+00:00, run_after=2024-08-06 00:00:00+00:00
[2024-08-06T07:53:42.763+0000] {processor.py:183} INFO - Processing /home/airflow/.local/lib/python3.12/site-packages/airflow/example_dags/example_branch_operator.py took 0.084 seconds
[2024-08-06T07:54:13.002+0000] {processor.py:161} INFO - Started process (PID=757) to work on /home/airflow/.local/lib/python3.12/site-packages/airflow/example_dags/example_branch_operator.py
[2024-08-06T07:54:13.002+0000] {processor.py:830} INFO - Processing file /home/airflow/.local/lib/python3.12/site-packages/airflow/example_dags/example_branch_operator.py for tasks to queue
[2024-08-06T07:54:13.004+0000] {logging_mixin.py:188} INFO - [2024-08-06T07:54:13.004+0000] {dagbag.py:545} INFO - Filling up the DagBag from /home/airflow/.local/lib/python3.12/site-packages/airflow/example_dags/example_branch_operator.py
[2024-08-06T07:54:13.027+0000] {processor.py:840} INFO - DAG(s) 'example_branch_operator' retrieved from /home/airflow/.local/lib/python3.12/site-packages/airflow/example_dags/example_branch_operator.py
[2024-08-06T07:54:13.064+0000] {logging_mixin.py:188} INFO - [2024-08-06T07:54:13.063+0000] {dag.py:3096} INFO - Sync 1 DAGs
[2024-08-06T07:54:13.089+0000] {logging_mixin.py:188} INFO - [2024-08-06T07:54:13.088+0000] {dag.py:3954} INFO - Setting next_dagrun for example_branch_operator to 2024-08-05 00:00:00+00:00, run_after=2024-08-06 00:00:00+00:00
[2024-08-06T07:54:13.108+0000] {processor.py:183} INFO - Processing /home/airflow/.local/lib/python3.12/site-packages/airflow/example_dags/example_branch_operator.py took 0.113 seconds
