[2024-08-06T07:48:07.394+0000] {processor.py:161} INFO - Started process (PID=66) to work on /home/airflow/.local/lib/python3.12/site-packages/airflow/example_dags/example_dag_decorator.py
[2024-08-06T07:48:07.408+0000] {processor.py:830} INFO - Processing file /home/airflow/.local/lib/python3.12/site-packages/airflow/example_dags/example_dag_decorator.py for tasks to queue
[2024-08-06T07:48:07.420+0000] {logging_mixin.py:188} INFO - [2024-08-06T07:48:07.420+0000] {dagbag.py:545} INFO - Filling up the DagBag from /home/airflow/.local/lib/python3.12/site-packages/airflow/example_dags/example_dag_decorator.py
[2024-08-06T07:48:08.439+0000] {processor.py:840} INFO - DAG(s) 'example_dag_decorator' retrieved from /home/airflow/.local/lib/python3.12/site-packages/airflow/example_dags/example_dag_decorator.py
[2024-08-06T07:48:08.808+0000] {logging_mixin.py:188} INFO - [2024-08-06T07:48:08.807+0000] {dag.py:3096} INFO - Sync 1 DAGs
[2024-08-06T07:48:08.835+0000] {logging_mixin.py:188} INFO - [2024-08-06T07:48:08.835+0000] {dag.py:3954} INFO - Setting next_dagrun for example_dag_decorator to None, run_after=None
[2024-08-06T07:48:08.881+0000] {processor.py:183} INFO - Processing /home/airflow/.local/lib/python3.12/site-packages/airflow/example_dags/example_dag_decorator.py took 1.517 seconds
[2024-08-06T07:48:39.391+0000] {processor.py:161} INFO - Started process (PID=125) to work on /home/airflow/.local/lib/python3.12/site-packages/airflow/example_dags/example_dag_decorator.py
[2024-08-06T07:48:39.392+0000] {processor.py:830} INFO - Processing file /home/airflow/.local/lib/python3.12/site-packages/airflow/example_dags/example_dag_decorator.py for tasks to queue
[2024-08-06T07:48:39.394+0000] {logging_mixin.py:188} INFO - [2024-08-06T07:48:39.394+0000] {dagbag.py:545} INFO - Filling up the DagBag from /home/airflow/.local/lib/python3.12/site-packages/airflow/example_dags/example_dag_decorator.py
[2024-08-06T07:48:39.549+0000] {processor.py:840} INFO - DAG(s) 'example_dag_decorator' retrieved from /home/airflow/.local/lib/python3.12/site-packages/airflow/example_dags/example_dag_decorator.py
[2024-08-06T07:48:39.672+0000] {logging_mixin.py:188} INFO - [2024-08-06T07:48:39.672+0000] {dag.py:3096} INFO - Sync 1 DAGs
[2024-08-06T07:48:39.681+0000] {logging_mixin.py:188} INFO - [2024-08-06T07:48:39.680+0000] {dag.py:3954} INFO - Setting next_dagrun for example_dag_decorator to None, run_after=None
[2024-08-06T07:48:39.699+0000] {processor.py:183} INFO - Processing /home/airflow/.local/lib/python3.12/site-packages/airflow/example_dags/example_dag_decorator.py took 0.314 seconds
[2024-08-06T07:49:09.838+0000] {processor.py:161} INFO - Started process (PID=186) to work on /home/airflow/.local/lib/python3.12/site-packages/airflow/example_dags/example_dag_decorator.py
[2024-08-06T07:49:09.842+0000] {processor.py:830} INFO - Processing file /home/airflow/.local/lib/python3.12/site-packages/airflow/example_dags/example_dag_decorator.py for tasks to queue
[2024-08-06T07:49:09.844+0000] {logging_mixin.py:188} INFO - [2024-08-06T07:49:09.843+0000] {dagbag.py:545} INFO - Filling up the DagBag from /home/airflow/.local/lib/python3.12/site-packages/airflow/example_dags/example_dag_decorator.py
[2024-08-06T07:49:09.943+0000] {processor.py:840} INFO - DAG(s) 'example_dag_decorator' retrieved from /home/airflow/.local/lib/python3.12/site-packages/airflow/example_dags/example_dag_decorator.py
[2024-08-06T07:49:10.061+0000] {logging_mixin.py:188} INFO - [2024-08-06T07:49:10.060+0000] {dag.py:3096} INFO - Sync 1 DAGs
[2024-08-06T07:49:10.069+0000] {logging_mixin.py:188} INFO - [2024-08-06T07:49:10.069+0000] {dag.py:3954} INFO - Setting next_dagrun for example_dag_decorator to None, run_after=None
[2024-08-06T07:49:10.089+0000] {processor.py:183} INFO - Processing /home/airflow/.local/lib/python3.12/site-packages/airflow/example_dags/example_dag_decorator.py took 0.257 seconds
[2024-08-06T07:49:40.353+0000] {processor.py:161} INFO - Started process (PID=243) to work on /home/airflow/.local/lib/python3.12/site-packages/airflow/example_dags/example_dag_decorator.py
[2024-08-06T07:49:40.354+0000] {processor.py:830} INFO - Processing file /home/airflow/.local/lib/python3.12/site-packages/airflow/example_dags/example_dag_decorator.py for tasks to queue
[2024-08-06T07:49:40.356+0000] {logging_mixin.py:188} INFO - [2024-08-06T07:49:40.356+0000] {dagbag.py:545} INFO - Filling up the DagBag from /home/airflow/.local/lib/python3.12/site-packages/airflow/example_dags/example_dag_decorator.py
[2024-08-06T07:49:40.504+0000] {processor.py:840} INFO - DAG(s) 'example_dag_decorator' retrieved from /home/airflow/.local/lib/python3.12/site-packages/airflow/example_dags/example_dag_decorator.py
[2024-08-06T07:49:40.631+0000] {logging_mixin.py:188} INFO - [2024-08-06T07:49:40.630+0000] {dag.py:3096} INFO - Sync 1 DAGs
[2024-08-06T07:49:40.641+0000] {logging_mixin.py:188} INFO - [2024-08-06T07:49:40.641+0000] {dag.py:3954} INFO - Setting next_dagrun for example_dag_decorator to None, run_after=None
[2024-08-06T07:49:40.664+0000] {processor.py:183} INFO - Processing /home/airflow/.local/lib/python3.12/site-packages/airflow/example_dags/example_dag_decorator.py took 0.318 seconds
[2024-08-06T07:50:11.092+0000] {processor.py:161} INFO - Started process (PID=301) to work on /home/airflow/.local/lib/python3.12/site-packages/airflow/example_dags/example_dag_decorator.py
[2024-08-06T07:50:11.093+0000] {processor.py:830} INFO - Processing file /home/airflow/.local/lib/python3.12/site-packages/airflow/example_dags/example_dag_decorator.py for tasks to queue
[2024-08-06T07:50:11.095+0000] {logging_mixin.py:188} INFO - [2024-08-06T07:50:11.094+0000] {dagbag.py:545} INFO - Filling up the DagBag from /home/airflow/.local/lib/python3.12/site-packages/airflow/example_dags/example_dag_decorator.py
[2024-08-06T07:50:11.269+0000] {processor.py:840} INFO - DAG(s) 'example_dag_decorator' retrieved from /home/airflow/.local/lib/python3.12/site-packages/airflow/example_dags/example_dag_decorator.py
[2024-08-06T07:50:11.411+0000] {logging_mixin.py:188} INFO - [2024-08-06T07:50:11.411+0000] {dag.py:3096} INFO - Sync 1 DAGs
[2024-08-06T07:50:11.420+0000] {logging_mixin.py:188} INFO - [2024-08-06T07:50:11.420+0000] {dag.py:3954} INFO - Setting next_dagrun for example_dag_decorator to None, run_after=None
[2024-08-06T07:50:11.440+0000] {processor.py:183} INFO - Processing /home/airflow/.local/lib/python3.12/site-packages/airflow/example_dags/example_dag_decorator.py took 0.354 seconds
[2024-08-06T07:50:41.713+0000] {processor.py:161} INFO - Started process (PID=359) to work on /home/airflow/.local/lib/python3.12/site-packages/airflow/example_dags/example_dag_decorator.py
[2024-08-06T07:50:41.714+0000] {processor.py:830} INFO - Processing file /home/airflow/.local/lib/python3.12/site-packages/airflow/example_dags/example_dag_decorator.py for tasks to queue
[2024-08-06T07:50:41.716+0000] {logging_mixin.py:188} INFO - [2024-08-06T07:50:41.716+0000] {dagbag.py:545} INFO - Filling up the DagBag from /home/airflow/.local/lib/python3.12/site-packages/airflow/example_dags/example_dag_decorator.py
[2024-08-06T07:50:41.863+0000] {processor.py:840} INFO - DAG(s) 'example_dag_decorator' retrieved from /home/airflow/.local/lib/python3.12/site-packages/airflow/example_dags/example_dag_decorator.py
[2024-08-06T07:50:42.037+0000] {logging_mixin.py:188} INFO - [2024-08-06T07:50:42.036+0000] {dag.py:3096} INFO - Sync 1 DAGs
[2024-08-06T07:50:42.051+0000] {logging_mixin.py:188} INFO - [2024-08-06T07:50:42.051+0000] {dag.py:3954} INFO - Setting next_dagrun for example_dag_decorator to None, run_after=None
[2024-08-06T07:50:42.076+0000] {processor.py:183} INFO - Processing /home/airflow/.local/lib/python3.12/site-packages/airflow/example_dags/example_dag_decorator.py took 0.369 seconds
[2024-08-06T07:51:12.707+0000] {processor.py:161} INFO - Started process (PID=416) to work on /home/airflow/.local/lib/python3.12/site-packages/airflow/example_dags/example_dag_decorator.py
[2024-08-06T07:51:12.729+0000] {processor.py:830} INFO - Processing file /home/airflow/.local/lib/python3.12/site-packages/airflow/example_dags/example_dag_decorator.py for tasks to queue
[2024-08-06T07:51:12.731+0000] {logging_mixin.py:188} INFO - [2024-08-06T07:51:12.731+0000] {dagbag.py:545} INFO - Filling up the DagBag from /home/airflow/.local/lib/python3.12/site-packages/airflow/example_dags/example_dag_decorator.py
[2024-08-06T07:51:13.270+0000] {processor.py:840} INFO - DAG(s) 'example_dag_decorator' retrieved from /home/airflow/.local/lib/python3.12/site-packages/airflow/example_dags/example_dag_decorator.py
[2024-08-06T07:51:13.751+0000] {logging_mixin.py:188} INFO - [2024-08-06T07:51:13.751+0000] {dag.py:3096} INFO - Sync 1 DAGs
[2024-08-06T07:51:13.774+0000] {logging_mixin.py:188} INFO - [2024-08-06T07:51:13.773+0000] {dag.py:3954} INFO - Setting next_dagrun for example_dag_decorator to None, run_after=None
[2024-08-06T07:51:13.803+0000] {processor.py:183} INFO - Processing /home/airflow/.local/lib/python3.12/site-packages/airflow/example_dags/example_dag_decorator.py took 1.111 seconds
[2024-08-06T07:51:43.921+0000] {processor.py:161} INFO - Started process (PID=477) to work on /home/airflow/.local/lib/python3.12/site-packages/airflow/example_dags/example_dag_decorator.py
[2024-08-06T07:51:43.922+0000] {processor.py:830} INFO - Processing file /home/airflow/.local/lib/python3.12/site-packages/airflow/example_dags/example_dag_decorator.py for tasks to queue
[2024-08-06T07:51:43.923+0000] {logging_mixin.py:188} INFO - [2024-08-06T07:51:43.923+0000] {dagbag.py:545} INFO - Filling up the DagBag from /home/airflow/.local/lib/python3.12/site-packages/airflow/example_dags/example_dag_decorator.py
[2024-08-06T07:51:44.037+0000] {processor.py:840} INFO - DAG(s) 'example_dag_decorator' retrieved from /home/airflow/.local/lib/python3.12/site-packages/airflow/example_dags/example_dag_decorator.py
[2024-08-06T07:51:44.132+0000] {logging_mixin.py:188} INFO - [2024-08-06T07:51:44.132+0000] {dag.py:3096} INFO - Sync 1 DAGs
[2024-08-06T07:51:44.141+0000] {logging_mixin.py:188} INFO - [2024-08-06T07:51:44.140+0000] {dag.py:3954} INFO - Setting next_dagrun for example_dag_decorator to None, run_after=None
[2024-08-06T07:51:44.160+0000] {processor.py:183} INFO - Processing /home/airflow/.local/lib/python3.12/site-packages/airflow/example_dags/example_dag_decorator.py took 0.244 seconds
[2024-08-06T07:52:14.272+0000] {processor.py:161} INFO - Started process (PID=532) to work on /home/airflow/.local/lib/python3.12/site-packages/airflow/example_dags/example_dag_decorator.py
[2024-08-06T07:52:14.272+0000] {processor.py:830} INFO - Processing file /home/airflow/.local/lib/python3.12/site-packages/airflow/example_dags/example_dag_decorator.py for tasks to queue
[2024-08-06T07:52:14.274+0000] {logging_mixin.py:188} INFO - [2024-08-06T07:52:14.274+0000] {dagbag.py:545} INFO - Filling up the DagBag from /home/airflow/.local/lib/python3.12/site-packages/airflow/example_dags/example_dag_decorator.py
[2024-08-06T07:52:14.437+0000] {processor.py:840} INFO - DAG(s) 'example_dag_decorator' retrieved from /home/airflow/.local/lib/python3.12/site-packages/airflow/example_dags/example_dag_decorator.py
[2024-08-06T07:52:14.580+0000] {logging_mixin.py:188} INFO - [2024-08-06T07:52:14.580+0000] {dag.py:3096} INFO - Sync 1 DAGs
[2024-08-06T07:52:14.595+0000] {logging_mixin.py:188} INFO - [2024-08-06T07:52:14.595+0000] {dag.py:3954} INFO - Setting next_dagrun for example_dag_decorator to None, run_after=None
[2024-08-06T07:52:14.623+0000] {processor.py:183} INFO - Processing /home/airflow/.local/lib/python3.12/site-packages/airflow/example_dags/example_dag_decorator.py took 0.358 seconds
[2024-08-06T07:52:44.745+0000] {processor.py:161} INFO - Started process (PID=591) to work on /home/airflow/.local/lib/python3.12/site-packages/airflow/example_dags/example_dag_decorator.py
[2024-08-06T07:52:44.746+0000] {processor.py:830} INFO - Processing file /home/airflow/.local/lib/python3.12/site-packages/airflow/example_dags/example_dag_decorator.py for tasks to queue
[2024-08-06T07:52:44.747+0000] {logging_mixin.py:188} INFO - [2024-08-06T07:52:44.747+0000] {dagbag.py:545} INFO - Filling up the DagBag from /home/airflow/.local/lib/python3.12/site-packages/airflow/example_dags/example_dag_decorator.py
[2024-08-06T07:52:44.857+0000] {processor.py:840} INFO - DAG(s) 'example_dag_decorator' retrieved from /home/airflow/.local/lib/python3.12/site-packages/airflow/example_dags/example_dag_decorator.py
[2024-08-06T07:52:44.959+0000] {logging_mixin.py:188} INFO - [2024-08-06T07:52:44.958+0000] {dag.py:3096} INFO - Sync 1 DAGs
[2024-08-06T07:52:45.092+0000] {logging_mixin.py:188} INFO - [2024-08-06T07:52:45.092+0000] {dag.py:3954} INFO - Setting next_dagrun for example_dag_decorator to None, run_after=None
[2024-08-06T07:52:45.115+0000] {processor.py:183} INFO - Processing /home/airflow/.local/lib/python3.12/site-packages/airflow/example_dags/example_dag_decorator.py took 0.375 seconds
[2024-08-06T07:53:16.068+0000] {processor.py:161} INFO - Started process (PID=649) to work on /home/airflow/.local/lib/python3.12/site-packages/airflow/example_dags/example_dag_decorator.py
[2024-08-06T07:53:16.069+0000] {processor.py:830} INFO - Processing file /home/airflow/.local/lib/python3.12/site-packages/airflow/example_dags/example_dag_decorator.py for tasks to queue
[2024-08-06T07:53:16.074+0000] {logging_mixin.py:188} INFO - [2024-08-06T07:53:16.073+0000] {dagbag.py:545} INFO - Filling up the DagBag from /home/airflow/.local/lib/python3.12/site-packages/airflow/example_dags/example_dag_decorator.py
[2024-08-06T07:53:16.228+0000] {processor.py:840} INFO - DAG(s) 'example_dag_decorator' retrieved from /home/airflow/.local/lib/python3.12/site-packages/airflow/example_dags/example_dag_decorator.py
[2024-08-06T07:53:16.386+0000] {logging_mixin.py:188} INFO - [2024-08-06T07:53:16.385+0000] {dag.py:3096} INFO - Sync 1 DAGs
[2024-08-06T07:53:16.400+0000] {logging_mixin.py:188} INFO - [2024-08-06T07:53:16.400+0000] {dag.py:3954} INFO - Setting next_dagrun for example_dag_decorator to None, run_after=None
[2024-08-06T07:53:16.548+0000] {processor.py:183} INFO - Processing /home/airflow/.local/lib/python3.12/site-packages/airflow/example_dags/example_dag_decorator.py took 0.502 seconds
[2024-08-06T07:53:46.857+0000] {processor.py:161} INFO - Started process (PID=706) to work on /home/airflow/.local/lib/python3.12/site-packages/airflow/example_dags/example_dag_decorator.py
[2024-08-06T07:53:46.858+0000] {processor.py:830} INFO - Processing file /home/airflow/.local/lib/python3.12/site-packages/airflow/example_dags/example_dag_decorator.py for tasks to queue
[2024-08-06T07:53:46.860+0000] {logging_mixin.py:188} INFO - [2024-08-06T07:53:46.859+0000] {dagbag.py:545} INFO - Filling up the DagBag from /home/airflow/.local/lib/python3.12/site-packages/airflow/example_dags/example_dag_decorator.py
[2024-08-06T07:53:47.012+0000] {processor.py:840} INFO - DAG(s) 'example_dag_decorator' retrieved from /home/airflow/.local/lib/python3.12/site-packages/airflow/example_dags/example_dag_decorator.py
[2024-08-06T07:53:47.150+0000] {logging_mixin.py:188} INFO - [2024-08-06T07:53:47.149+0000] {dag.py:3096} INFO - Sync 1 DAGs
[2024-08-06T07:53:47.170+0000] {logging_mixin.py:188} INFO - [2024-08-06T07:53:47.170+0000] {dag.py:3954} INFO - Setting next_dagrun for example_dag_decorator to None, run_after=None
[2024-08-06T07:53:47.204+0000] {processor.py:183} INFO - Processing /home/airflow/.local/lib/python3.12/site-packages/airflow/example_dags/example_dag_decorator.py took 0.360 seconds
[2024-08-06T07:54:17.431+0000] {processor.py:161} INFO - Started process (PID=764) to work on /home/airflow/.local/lib/python3.12/site-packages/airflow/example_dags/example_dag_decorator.py
[2024-08-06T07:54:17.432+0000] {processor.py:830} INFO - Processing file /home/airflow/.local/lib/python3.12/site-packages/airflow/example_dags/example_dag_decorator.py for tasks to queue
[2024-08-06T07:54:17.434+0000] {logging_mixin.py:188} INFO - [2024-08-06T07:54:17.434+0000] {dagbag.py:545} INFO - Filling up the DagBag from /home/airflow/.local/lib/python3.12/site-packages/airflow/example_dags/example_dag_decorator.py
[2024-08-06T07:54:17.604+0000] {processor.py:840} INFO - DAG(s) 'example_dag_decorator' retrieved from /home/airflow/.local/lib/python3.12/site-packages/airflow/example_dags/example_dag_decorator.py
[2024-08-06T07:54:17.783+0000] {logging_mixin.py:188} INFO - [2024-08-06T07:54:17.783+0000] {dag.py:3096} INFO - Sync 1 DAGs
[2024-08-06T07:54:17.796+0000] {logging_mixin.py:188} INFO - [2024-08-06T07:54:17.796+0000] {dag.py:3954} INFO - Setting next_dagrun for example_dag_decorator to None, run_after=None
[2024-08-06T07:54:17.823+0000] {processor.py:183} INFO - Processing /home/airflow/.local/lib/python3.12/site-packages/airflow/example_dags/example_dag_decorator.py took 0.398 seconds
