[2024-08-06T07:48:13.802+0000] {processor.py:161} INFO - Started process (PID=80) to work on /home/airflow/.local/lib/python3.12/site-packages/airflow/example_dags/example_short_circuit_operator.py
[2024-08-06T07:48:13.809+0000] {processor.py:830} INFO - Processing file /home/airflow/.local/lib/python3.12/site-packages/airflow/example_dags/example_short_circuit_operator.py for tasks to queue
[2024-08-06T07:48:13.820+0000] {logging_mixin.py:188} INFO - [2024-08-06T07:48:13.819+0000] {dagbag.py:545} INFO - Filling up the DagBag from /home/airflow/.local/lib/python3.12/site-packages/airflow/example_dags/example_short_circuit_operator.py
[2024-08-06T07:48:13.886+0000] {processor.py:840} INFO - DAG(s) 'example_short_circuit_operator' retrieved from /home/airflow/.local/lib/python3.12/site-packages/airflow/example_dags/example_short_circuit_operator.py
[2024-08-06T07:48:14.505+0000] {logging_mixin.py:188} INFO - [2024-08-06T07:48:14.504+0000] {dag.py:3096} INFO - Sync 1 DAGs
[2024-08-06T07:48:14.630+0000] {logging_mixin.py:188} INFO - [2024-08-06T07:48:14.630+0000] {dag.py:3954} INFO - Setting next_dagrun for example_short_circuit_operator to 2024-08-05 00:00:00+00:00, run_after=2024-08-06 00:00:00+00:00
[2024-08-06T07:48:14.707+0000] {processor.py:183} INFO - Processing /home/airflow/.local/lib/python3.12/site-packages/airflow/example_dags/example_short_circuit_operator.py took 0.951 seconds
[2024-08-06T07:48:45.242+0000] {processor.py:161} INFO - Started process (PID=138) to work on /home/airflow/.local/lib/python3.12/site-packages/airflow/example_dags/example_short_circuit_operator.py
[2024-08-06T07:48:45.243+0000] {processor.py:830} INFO - Processing file /home/airflow/.local/lib/python3.12/site-packages/airflow/example_dags/example_short_circuit_operator.py for tasks to queue
[2024-08-06T07:48:45.245+0000] {logging_mixin.py:188} INFO - [2024-08-06T07:48:45.244+0000] {dagbag.py:545} INFO - Filling up the DagBag from /home/airflow/.local/lib/python3.12/site-packages/airflow/example_dags/example_short_circuit_operator.py
[2024-08-06T07:48:45.253+0000] {processor.py:840} INFO - DAG(s) 'example_short_circuit_operator' retrieved from /home/airflow/.local/lib/python3.12/site-packages/airflow/example_dags/example_short_circuit_operator.py
[2024-08-06T07:48:45.281+0000] {logging_mixin.py:188} INFO - [2024-08-06T07:48:45.280+0000] {dag.py:3096} INFO - Sync 1 DAGs
[2024-08-06T07:48:45.307+0000] {logging_mixin.py:188} INFO - [2024-08-06T07:48:45.307+0000] {dag.py:3954} INFO - Setting next_dagrun for example_short_circuit_operator to 2024-08-05 00:00:00+00:00, run_after=2024-08-06 00:00:00+00:00
[2024-08-06T07:48:45.335+0000] {processor.py:183} INFO - Processing /home/airflow/.local/lib/python3.12/site-packages/airflow/example_dags/example_short_circuit_operator.py took 0.101 seconds
[2024-08-06T07:49:15.448+0000] {processor.py:161} INFO - Started process (PID=197) to work on /home/airflow/.local/lib/python3.12/site-packages/airflow/example_dags/example_short_circuit_operator.py
[2024-08-06T07:49:15.449+0000] {processor.py:830} INFO - Processing file /home/airflow/.local/lib/python3.12/site-packages/airflow/example_dags/example_short_circuit_operator.py for tasks to queue
[2024-08-06T07:49:15.450+0000] {logging_mixin.py:188} INFO - [2024-08-06T07:49:15.450+0000] {dagbag.py:545} INFO - Filling up the DagBag from /home/airflow/.local/lib/python3.12/site-packages/airflow/example_dags/example_short_circuit_operator.py
[2024-08-06T07:49:15.460+0000] {processor.py:840} INFO - DAG(s) 'example_short_circuit_operator' retrieved from /home/airflow/.local/lib/python3.12/site-packages/airflow/example_dags/example_short_circuit_operator.py
[2024-08-06T07:49:15.487+0000] {logging_mixin.py:188} INFO - [2024-08-06T07:49:15.487+0000] {dag.py:3096} INFO - Sync 1 DAGs
[2024-08-06T07:49:15.517+0000] {logging_mixin.py:188} INFO - [2024-08-06T07:49:15.517+0000] {dag.py:3954} INFO - Setting next_dagrun for example_short_circuit_operator to 2024-08-05 00:00:00+00:00, run_after=2024-08-06 00:00:00+00:00
[2024-08-06T07:49:15.543+0000] {processor.py:183} INFO - Processing /home/airflow/.local/lib/python3.12/site-packages/airflow/example_dags/example_short_circuit_operator.py took 0.102 seconds
[2024-08-06T07:49:46.242+0000] {processor.py:161} INFO - Started process (PID=256) to work on /home/airflow/.local/lib/python3.12/site-packages/airflow/example_dags/example_short_circuit_operator.py
[2024-08-06T07:49:46.243+0000] {processor.py:830} INFO - Processing file /home/airflow/.local/lib/python3.12/site-packages/airflow/example_dags/example_short_circuit_operator.py for tasks to queue
[2024-08-06T07:49:46.245+0000] {logging_mixin.py:188} INFO - [2024-08-06T07:49:46.245+0000] {dagbag.py:545} INFO - Filling up the DagBag from /home/airflow/.local/lib/python3.12/site-packages/airflow/example_dags/example_short_circuit_operator.py
[2024-08-06T07:49:46.254+0000] {processor.py:840} INFO - DAG(s) 'example_short_circuit_operator' retrieved from /home/airflow/.local/lib/python3.12/site-packages/airflow/example_dags/example_short_circuit_operator.py
[2024-08-06T07:49:46.295+0000] {logging_mixin.py:188} INFO - [2024-08-06T07:49:46.295+0000] {dag.py:3096} INFO - Sync 1 DAGs
[2024-08-06T07:49:46.325+0000] {logging_mixin.py:188} INFO - [2024-08-06T07:49:46.324+0000] {dag.py:3954} INFO - Setting next_dagrun for example_short_circuit_operator to 2024-08-05 00:00:00+00:00, run_after=2024-08-06 00:00:00+00:00
[2024-08-06T07:49:46.355+0000] {processor.py:183} INFO - Processing /home/airflow/.local/lib/python3.12/site-packages/airflow/example_dags/example_short_circuit_operator.py took 0.119 seconds
[2024-08-06T07:50:16.916+0000] {processor.py:161} INFO - Started process (PID=314) to work on /home/airflow/.local/lib/python3.12/site-packages/airflow/example_dags/example_short_circuit_operator.py
[2024-08-06T07:50:16.916+0000] {processor.py:830} INFO - Processing file /home/airflow/.local/lib/python3.12/site-packages/airflow/example_dags/example_short_circuit_operator.py for tasks to queue
[2024-08-06T07:50:16.918+0000] {logging_mixin.py:188} INFO - [2024-08-06T07:50:16.918+0000] {dagbag.py:545} INFO - Filling up the DagBag from /home/airflow/.local/lib/python3.12/site-packages/airflow/example_dags/example_short_circuit_operator.py
[2024-08-06T07:50:16.927+0000] {processor.py:840} INFO - DAG(s) 'example_short_circuit_operator' retrieved from /home/airflow/.local/lib/python3.12/site-packages/airflow/example_dags/example_short_circuit_operator.py
[2024-08-06T07:50:16.954+0000] {logging_mixin.py:188} INFO - [2024-08-06T07:50:16.954+0000] {dag.py:3096} INFO - Sync 1 DAGs
[2024-08-06T07:50:16.980+0000] {logging_mixin.py:188} INFO - [2024-08-06T07:50:16.980+0000] {dag.py:3954} INFO - Setting next_dagrun for example_short_circuit_operator to 2024-08-05 00:00:00+00:00, run_after=2024-08-06 00:00:00+00:00
[2024-08-06T07:50:17.010+0000] {processor.py:183} INFO - Processing /home/airflow/.local/lib/python3.12/site-packages/airflow/example_dags/example_short_circuit_operator.py took 0.100 seconds
[2024-08-06T07:50:47.653+0000] {processor.py:161} INFO - Started process (PID=372) to work on /home/airflow/.local/lib/python3.12/site-packages/airflow/example_dags/example_short_circuit_operator.py
[2024-08-06T07:50:47.663+0000] {processor.py:830} INFO - Processing file /home/airflow/.local/lib/python3.12/site-packages/airflow/example_dags/example_short_circuit_operator.py for tasks to queue
[2024-08-06T07:50:47.665+0000] {logging_mixin.py:188} INFO - [2024-08-06T07:50:47.664+0000] {dagbag.py:545} INFO - Filling up the DagBag from /home/airflow/.local/lib/python3.12/site-packages/airflow/example_dags/example_short_circuit_operator.py
[2024-08-06T07:50:47.673+0000] {processor.py:840} INFO - DAG(s) 'example_short_circuit_operator' retrieved from /home/airflow/.local/lib/python3.12/site-packages/airflow/example_dags/example_short_circuit_operator.py
[2024-08-06T07:50:47.741+0000] {logging_mixin.py:188} INFO - [2024-08-06T07:50:47.741+0000] {dag.py:3096} INFO - Sync 1 DAGs
[2024-08-06T07:50:47.768+0000] {logging_mixin.py:188} INFO - [2024-08-06T07:50:47.767+0000] {dag.py:3954} INFO - Setting next_dagrun for example_short_circuit_operator to 2024-08-05 00:00:00+00:00, run_after=2024-08-06 00:00:00+00:00
[2024-08-06T07:50:47.799+0000] {processor.py:183} INFO - Processing /home/airflow/.local/lib/python3.12/site-packages/airflow/example_dags/example_short_circuit_operator.py took 0.165 seconds
[2024-08-06T07:51:18.467+0000] {processor.py:161} INFO - Started process (PID=429) to work on /home/airflow/.local/lib/python3.12/site-packages/airflow/example_dags/example_short_circuit_operator.py
[2024-08-06T07:51:18.468+0000] {processor.py:830} INFO - Processing file /home/airflow/.local/lib/python3.12/site-packages/airflow/example_dags/example_short_circuit_operator.py for tasks to queue
[2024-08-06T07:51:18.470+0000] {logging_mixin.py:188} INFO - [2024-08-06T07:51:18.470+0000] {dagbag.py:545} INFO - Filling up the DagBag from /home/airflow/.local/lib/python3.12/site-packages/airflow/example_dags/example_short_circuit_operator.py
[2024-08-06T07:51:18.479+0000] {processor.py:840} INFO - DAG(s) 'example_short_circuit_operator' retrieved from /home/airflow/.local/lib/python3.12/site-packages/airflow/example_dags/example_short_circuit_operator.py
[2024-08-06T07:51:18.507+0000] {logging_mixin.py:188} INFO - [2024-08-06T07:51:18.507+0000] {dag.py:3096} INFO - Sync 1 DAGs
[2024-08-06T07:51:18.533+0000] {logging_mixin.py:188} INFO - [2024-08-06T07:51:18.533+0000] {dag.py:3954} INFO - Setting next_dagrun for example_short_circuit_operator to 2024-08-05 00:00:00+00:00, run_after=2024-08-06 00:00:00+00:00
[2024-08-06T07:51:18.557+0000] {processor.py:183} INFO - Processing /home/airflow/.local/lib/python3.12/site-packages/airflow/example_dags/example_short_circuit_operator.py took 0.096 seconds
[2024-08-06T07:51:49.397+0000] {processor.py:161} INFO - Started process (PID=487) to work on /home/airflow/.local/lib/python3.12/site-packages/airflow/example_dags/example_short_circuit_operator.py
[2024-08-06T07:51:49.397+0000] {processor.py:830} INFO - Processing file /home/airflow/.local/lib/python3.12/site-packages/airflow/example_dags/example_short_circuit_operator.py for tasks to queue
[2024-08-06T07:51:49.399+0000] {logging_mixin.py:188} INFO - [2024-08-06T07:51:49.399+0000] {dagbag.py:545} INFO - Filling up the DagBag from /home/airflow/.local/lib/python3.12/site-packages/airflow/example_dags/example_short_circuit_operator.py
[2024-08-06T07:51:49.442+0000] {processor.py:840} INFO - DAG(s) 'example_short_circuit_operator' retrieved from /home/airflow/.local/lib/python3.12/site-packages/airflow/example_dags/example_short_circuit_operator.py
[2024-08-06T07:51:49.535+0000] {logging_mixin.py:188} INFO - [2024-08-06T07:51:49.535+0000] {dag.py:3096} INFO - Sync 1 DAGs
[2024-08-06T07:51:49.620+0000] {logging_mixin.py:188} INFO - [2024-08-06T07:51:49.620+0000] {dag.py:3954} INFO - Setting next_dagrun for example_short_circuit_operator to 2024-08-05 00:00:00+00:00, run_after=2024-08-06 00:00:00+00:00
[2024-08-06T07:51:49.690+0000] {processor.py:183} INFO - Processing /home/airflow/.local/lib/python3.12/site-packages/airflow/example_dags/example_short_circuit_operator.py took 0.312 seconds
[2024-08-06T07:52:20.093+0000] {processor.py:161} INFO - Started process (PID=545) to work on /home/airflow/.local/lib/python3.12/site-packages/airflow/example_dags/example_short_circuit_operator.py
[2024-08-06T07:52:20.094+0000] {processor.py:830} INFO - Processing file /home/airflow/.local/lib/python3.12/site-packages/airflow/example_dags/example_short_circuit_operator.py for tasks to queue
[2024-08-06T07:52:20.096+0000] {logging_mixin.py:188} INFO - [2024-08-06T07:52:20.095+0000] {dagbag.py:545} INFO - Filling up the DagBag from /home/airflow/.local/lib/python3.12/site-packages/airflow/example_dags/example_short_circuit_operator.py
[2024-08-06T07:52:20.104+0000] {processor.py:840} INFO - DAG(s) 'example_short_circuit_operator' retrieved from /home/airflow/.local/lib/python3.12/site-packages/airflow/example_dags/example_short_circuit_operator.py
[2024-08-06T07:52:20.133+0000] {logging_mixin.py:188} INFO - [2024-08-06T07:52:20.133+0000] {dag.py:3096} INFO - Sync 1 DAGs
[2024-08-06T07:52:20.159+0000] {logging_mixin.py:188} INFO - [2024-08-06T07:52:20.159+0000] {dag.py:3954} INFO - Setting next_dagrun for example_short_circuit_operator to 2024-08-05 00:00:00+00:00, run_after=2024-08-06 00:00:00+00:00
[2024-08-06T07:52:20.190+0000] {processor.py:183} INFO - Processing /home/airflow/.local/lib/python3.12/site-packages/airflow/example_dags/example_short_circuit_operator.py took 0.103 seconds
[2024-08-06T07:52:50.671+0000] {processor.py:161} INFO - Started process (PID=602) to work on /home/airflow/.local/lib/python3.12/site-packages/airflow/example_dags/example_short_circuit_operator.py
[2024-08-06T07:52:50.672+0000] {processor.py:830} INFO - Processing file /home/airflow/.local/lib/python3.12/site-packages/airflow/example_dags/example_short_circuit_operator.py for tasks to queue
[2024-08-06T07:52:50.674+0000] {logging_mixin.py:188} INFO - [2024-08-06T07:52:50.674+0000] {dagbag.py:545} INFO - Filling up the DagBag from /home/airflow/.local/lib/python3.12/site-packages/airflow/example_dags/example_short_circuit_operator.py
[2024-08-06T07:52:50.683+0000] {processor.py:840} INFO - DAG(s) 'example_short_circuit_operator' retrieved from /home/airflow/.local/lib/python3.12/site-packages/airflow/example_dags/example_short_circuit_operator.py
[2024-08-06T07:52:50.708+0000] {logging_mixin.py:188} INFO - [2024-08-06T07:52:50.708+0000] {dag.py:3096} INFO - Sync 1 DAGs
[2024-08-06T07:52:50.747+0000] {logging_mixin.py:188} INFO - [2024-08-06T07:52:50.746+0000] {dag.py:3954} INFO - Setting next_dagrun for example_short_circuit_operator to 2024-08-05 00:00:00+00:00, run_after=2024-08-06 00:00:00+00:00
[2024-08-06T07:52:50.767+0000] {processor.py:183} INFO - Processing /home/airflow/.local/lib/python3.12/site-packages/airflow/example_dags/example_short_circuit_operator.py took 0.102 seconds
[2024-08-06T07:53:20.841+0000] {processor.py:161} INFO - Started process (PID=660) to work on /home/airflow/.local/lib/python3.12/site-packages/airflow/example_dags/example_short_circuit_operator.py
[2024-08-06T07:53:20.842+0000] {processor.py:830} INFO - Processing file /home/airflow/.local/lib/python3.12/site-packages/airflow/example_dags/example_short_circuit_operator.py for tasks to queue
[2024-08-06T07:53:20.843+0000] {logging_mixin.py:188} INFO - [2024-08-06T07:53:20.843+0000] {dagbag.py:545} INFO - Filling up the DagBag from /home/airflow/.local/lib/python3.12/site-packages/airflow/example_dags/example_short_circuit_operator.py
[2024-08-06T07:53:20.852+0000] {processor.py:840} INFO - DAG(s) 'example_short_circuit_operator' retrieved from /home/airflow/.local/lib/python3.12/site-packages/airflow/example_dags/example_short_circuit_operator.py
[2024-08-06T07:53:20.879+0000] {logging_mixin.py:188} INFO - [2024-08-06T07:53:20.878+0000] {dag.py:3096} INFO - Sync 1 DAGs
[2024-08-06T07:53:20.905+0000] {logging_mixin.py:188} INFO - [2024-08-06T07:53:20.905+0000] {dag.py:3954} INFO - Setting next_dagrun for example_short_circuit_operator to 2024-08-05 00:00:00+00:00, run_after=2024-08-06 00:00:00+00:00
[2024-08-06T07:53:20.932+0000] {processor.py:183} INFO - Processing /home/airflow/.local/lib/python3.12/site-packages/airflow/example_dags/example_short_circuit_operator.py took 0.097 seconds
[2024-08-06T07:53:51.506+0000] {processor.py:161} INFO - Started process (PID=717) to work on /home/airflow/.local/lib/python3.12/site-packages/airflow/example_dags/example_short_circuit_operator.py
[2024-08-06T07:53:51.506+0000] {processor.py:830} INFO - Processing file /home/airflow/.local/lib/python3.12/site-packages/airflow/example_dags/example_short_circuit_operator.py for tasks to queue
[2024-08-06T07:53:51.508+0000] {logging_mixin.py:188} INFO - [2024-08-06T07:53:51.508+0000] {dagbag.py:545} INFO - Filling up the DagBag from /home/airflow/.local/lib/python3.12/site-packages/airflow/example_dags/example_short_circuit_operator.py
[2024-08-06T07:53:51.517+0000] {processor.py:840} INFO - DAG(s) 'example_short_circuit_operator' retrieved from /home/airflow/.local/lib/python3.12/site-packages/airflow/example_dags/example_short_circuit_operator.py
[2024-08-06T07:53:51.546+0000] {logging_mixin.py:188} INFO - [2024-08-06T07:53:51.546+0000] {dag.py:3096} INFO - Sync 1 DAGs
[2024-08-06T07:53:51.571+0000] {logging_mixin.py:188} INFO - [2024-08-06T07:53:51.571+0000] {dag.py:3954} INFO - Setting next_dagrun for example_short_circuit_operator to 2024-08-05 00:00:00+00:00, run_after=2024-08-06 00:00:00+00:00
[2024-08-06T07:53:51.596+0000] {processor.py:183} INFO - Processing /home/airflow/.local/lib/python3.12/site-packages/airflow/example_dags/example_short_circuit_operator.py took 0.096 seconds
[2024-08-06T07:54:22.082+0000] {processor.py:161} INFO - Started process (PID=775) to work on /home/airflow/.local/lib/python3.12/site-packages/airflow/example_dags/example_short_circuit_operator.py
[2024-08-06T07:54:22.084+0000] {processor.py:830} INFO - Processing file /home/airflow/.local/lib/python3.12/site-packages/airflow/example_dags/example_short_circuit_operator.py for tasks to queue
[2024-08-06T07:54:22.086+0000] {logging_mixin.py:188} INFO - [2024-08-06T07:54:22.086+0000] {dagbag.py:545} INFO - Filling up the DagBag from /home/airflow/.local/lib/python3.12/site-packages/airflow/example_dags/example_short_circuit_operator.py
[2024-08-06T07:54:22.096+0000] {processor.py:840} INFO - DAG(s) 'example_short_circuit_operator' retrieved from /home/airflow/.local/lib/python3.12/site-packages/airflow/example_dags/example_short_circuit_operator.py
[2024-08-06T07:54:22.128+0000] {logging_mixin.py:188} INFO - [2024-08-06T07:54:22.127+0000] {dag.py:3096} INFO - Sync 1 DAGs
[2024-08-06T07:54:22.154+0000] {logging_mixin.py:188} INFO - [2024-08-06T07:54:22.154+0000] {dag.py:3954} INFO - Setting next_dagrun for example_short_circuit_operator to 2024-08-05 00:00:00+00:00, run_after=2024-08-06 00:00:00+00:00
[2024-08-06T07:54:22.177+0000] {processor.py:183} INFO - Processing /home/airflow/.local/lib/python3.12/site-packages/airflow/example_dags/example_short_circuit_operator.py took 0.110 seconds
