[2024-08-06T07:48:04.897+0000] {processor.py:161} INFO - Started process (PID=60) to work on /home/airflow/.local/lib/python3.12/site-packages/airflow/example_dags/example_external_task_marker_dag.py
[2024-08-06T07:48:04.902+0000] {processor.py:830} INFO - Processing file /home/airflow/.local/lib/python3.12/site-packages/airflow/example_dags/example_external_task_marker_dag.py for tasks to queue
[2024-08-06T07:48:04.904+0000] {logging_mixin.py:188} INFO - [2024-08-06T07:48:04.904+0000] {dagbag.py:545} INFO - Filling up the DagBag from /home/airflow/.local/lib/python3.12/site-packages/airflow/example_dags/example_external_task_marker_dag.py
[2024-08-06T07:48:04.922+0000] {processor.py:840} INFO - DAG(s) 'example_external_task_marker_child', 'example_external_task_marker_parent' retrieved from /home/airflow/.local/lib/python3.12/site-packages/airflow/example_dags/example_external_task_marker_dag.py
[2024-08-06T07:48:05.403+0000] {logging_mixin.py:188} INFO - [2024-08-06T07:48:05.403+0000] {dag.py:3096} INFO - Sync 2 DAGs
[2024-08-06T07:48:05.432+0000] {logging_mixin.py:188} INFO - [2024-08-06T07:48:05.432+0000] {dag.py:3954} INFO - Setting next_dagrun for example_external_task_marker_child to None, run_after=None
[2024-08-06T07:48:05.443+0000] {logging_mixin.py:188} INFO - [2024-08-06T07:48:05.443+0000] {dag.py:3954} INFO - Setting next_dagrun for example_external_task_marker_parent to None, run_after=None
[2024-08-06T07:48:05.519+0000] {processor.py:183} INFO - Processing /home/airflow/.local/lib/python3.12/site-packages/airflow/example_dags/example_external_task_marker_dag.py took 0.640 seconds
[2024-08-06T07:48:35.904+0000] {processor.py:161} INFO - Started process (PID=118) to work on /home/airflow/.local/lib/python3.12/site-packages/airflow/example_dags/example_external_task_marker_dag.py
[2024-08-06T07:48:35.905+0000] {processor.py:830} INFO - Processing file /home/airflow/.local/lib/python3.12/site-packages/airflow/example_dags/example_external_task_marker_dag.py for tasks to queue
[2024-08-06T07:48:35.906+0000] {logging_mixin.py:188} INFO - [2024-08-06T07:48:35.906+0000] {dagbag.py:545} INFO - Filling up the DagBag from /home/airflow/.local/lib/python3.12/site-packages/airflow/example_dags/example_external_task_marker_dag.py
[2024-08-06T07:48:35.913+0000] {processor.py:840} INFO - DAG(s) 'example_external_task_marker_child', 'example_external_task_marker_parent' retrieved from /home/airflow/.local/lib/python3.12/site-packages/airflow/example_dags/example_external_task_marker_dag.py
[2024-08-06T07:48:35.937+0000] {logging_mixin.py:188} INFO - [2024-08-06T07:48:35.937+0000] {dag.py:3096} INFO - Sync 2 DAGs
[2024-08-06T07:48:35.960+0000] {logging_mixin.py:188} INFO - [2024-08-06T07:48:35.960+0000] {dag.py:3954} INFO - Setting next_dagrun for example_external_task_marker_child to None, run_after=None
[2024-08-06T07:48:35.965+0000] {logging_mixin.py:188} INFO - [2024-08-06T07:48:35.964+0000] {dag.py:3954} INFO - Setting next_dagrun for example_external_task_marker_parent to None, run_after=None
[2024-08-06T07:48:35.988+0000] {processor.py:183} INFO - Processing /home/airflow/.local/lib/python3.12/site-packages/airflow/example_dags/example_external_task_marker_dag.py took 0.090 seconds
[2024-08-06T07:49:06.095+0000] {processor.py:161} INFO - Started process (PID=177) to work on /home/airflow/.local/lib/python3.12/site-packages/airflow/example_dags/example_external_task_marker_dag.py
[2024-08-06T07:49:06.096+0000] {processor.py:830} INFO - Processing file /home/airflow/.local/lib/python3.12/site-packages/airflow/example_dags/example_external_task_marker_dag.py for tasks to queue
[2024-08-06T07:49:06.098+0000] {logging_mixin.py:188} INFO - [2024-08-06T07:49:06.098+0000] {dagbag.py:545} INFO - Filling up the DagBag from /home/airflow/.local/lib/python3.12/site-packages/airflow/example_dags/example_external_task_marker_dag.py
[2024-08-06T07:49:06.106+0000] {processor.py:840} INFO - DAG(s) 'example_external_task_marker_child', 'example_external_task_marker_parent' retrieved from /home/airflow/.local/lib/python3.12/site-packages/airflow/example_dags/example_external_task_marker_dag.py
[2024-08-06T07:49:06.135+0000] {logging_mixin.py:188} INFO - [2024-08-06T07:49:06.134+0000] {dag.py:3096} INFO - Sync 2 DAGs
[2024-08-06T07:49:06.152+0000] {logging_mixin.py:188} INFO - [2024-08-06T07:49:06.152+0000] {dag.py:3954} INFO - Setting next_dagrun for example_external_task_marker_child to None, run_after=None
[2024-08-06T07:49:06.158+0000] {logging_mixin.py:188} INFO - [2024-08-06T07:49:06.157+0000] {dag.py:3954} INFO - Setting next_dagrun for example_external_task_marker_parent to None, run_after=None
[2024-08-06T07:49:06.182+0000] {processor.py:183} INFO - Processing /home/airflow/.local/lib/python3.12/site-packages/airflow/example_dags/example_external_task_marker_dag.py took 0.094 seconds
[2024-08-06T07:49:36.936+0000] {processor.py:161} INFO - Started process (PID=236) to work on /home/airflow/.local/lib/python3.12/site-packages/airflow/example_dags/example_external_task_marker_dag.py
[2024-08-06T07:49:36.937+0000] {processor.py:830} INFO - Processing file /home/airflow/.local/lib/python3.12/site-packages/airflow/example_dags/example_external_task_marker_dag.py for tasks to queue
[2024-08-06T07:49:36.939+0000] {logging_mixin.py:188} INFO - [2024-08-06T07:49:36.939+0000] {dagbag.py:545} INFO - Filling up the DagBag from /home/airflow/.local/lib/python3.12/site-packages/airflow/example_dags/example_external_task_marker_dag.py
[2024-08-06T07:49:36.946+0000] {processor.py:840} INFO - DAG(s) 'example_external_task_marker_parent', 'example_external_task_marker_child' retrieved from /home/airflow/.local/lib/python3.12/site-packages/airflow/example_dags/example_external_task_marker_dag.py
[2024-08-06T07:49:36.971+0000] {logging_mixin.py:188} INFO - [2024-08-06T07:49:36.971+0000] {dag.py:3096} INFO - Sync 2 DAGs
[2024-08-06T07:49:36.987+0000] {logging_mixin.py:188} INFO - [2024-08-06T07:49:36.987+0000] {dag.py:3954} INFO - Setting next_dagrun for example_external_task_marker_child to None, run_after=None
[2024-08-06T07:49:36.992+0000] {logging_mixin.py:188} INFO - [2024-08-06T07:49:36.992+0000] {dag.py:3954} INFO - Setting next_dagrun for example_external_task_marker_parent to None, run_after=None
[2024-08-06T07:49:37.053+0000] {processor.py:183} INFO - Processing /home/airflow/.local/lib/python3.12/site-packages/airflow/example_dags/example_external_task_marker_dag.py took 0.124 seconds
[2024-08-06T07:50:07.575+0000] {processor.py:161} INFO - Started process (PID=294) to work on /home/airflow/.local/lib/python3.12/site-packages/airflow/example_dags/example_external_task_marker_dag.py
[2024-08-06T07:50:07.576+0000] {processor.py:830} INFO - Processing file /home/airflow/.local/lib/python3.12/site-packages/airflow/example_dags/example_external_task_marker_dag.py for tasks to queue
[2024-08-06T07:50:07.578+0000] {logging_mixin.py:188} INFO - [2024-08-06T07:50:07.577+0000] {dagbag.py:545} INFO - Filling up the DagBag from /home/airflow/.local/lib/python3.12/site-packages/airflow/example_dags/example_external_task_marker_dag.py
[2024-08-06T07:50:07.584+0000] {processor.py:840} INFO - DAG(s) 'example_external_task_marker_parent', 'example_external_task_marker_child' retrieved from /home/airflow/.local/lib/python3.12/site-packages/airflow/example_dags/example_external_task_marker_dag.py
[2024-08-06T07:50:07.609+0000] {logging_mixin.py:188} INFO - [2024-08-06T07:50:07.609+0000] {dag.py:3096} INFO - Sync 2 DAGs
[2024-08-06T07:50:07.626+0000] {logging_mixin.py:188} INFO - [2024-08-06T07:50:07.626+0000] {dag.py:3954} INFO - Setting next_dagrun for example_external_task_marker_child to None, run_after=None
[2024-08-06T07:50:07.630+0000] {logging_mixin.py:188} INFO - [2024-08-06T07:50:07.630+0000] {dag.py:3954} INFO - Setting next_dagrun for example_external_task_marker_parent to None, run_after=None
[2024-08-06T07:50:07.651+0000] {processor.py:183} INFO - Processing /home/airflow/.local/lib/python3.12/site-packages/airflow/example_dags/example_external_task_marker_dag.py took 0.083 seconds
[2024-08-06T07:50:37.947+0000] {processor.py:161} INFO - Started process (PID=352) to work on /home/airflow/.local/lib/python3.12/site-packages/airflow/example_dags/example_external_task_marker_dag.py
[2024-08-06T07:50:37.968+0000] {processor.py:830} INFO - Processing file /home/airflow/.local/lib/python3.12/site-packages/airflow/example_dags/example_external_task_marker_dag.py for tasks to queue
[2024-08-06T07:50:37.976+0000] {logging_mixin.py:188} INFO - [2024-08-06T07:50:37.976+0000] {dagbag.py:545} INFO - Filling up the DagBag from /home/airflow/.local/lib/python3.12/site-packages/airflow/example_dags/example_external_task_marker_dag.py
[2024-08-06T07:50:38.043+0000] {processor.py:840} INFO - DAG(s) 'example_external_task_marker_parent', 'example_external_task_marker_child' retrieved from /home/airflow/.local/lib/python3.12/site-packages/airflow/example_dags/example_external_task_marker_dag.py
[2024-08-06T07:50:38.123+0000] {logging_mixin.py:188} INFO - [2024-08-06T07:50:38.123+0000] {dag.py:3096} INFO - Sync 2 DAGs
[2024-08-06T07:50:38.161+0000] {logging_mixin.py:188} INFO - [2024-08-06T07:50:38.161+0000] {dag.py:3954} INFO - Setting next_dagrun for example_external_task_marker_child to None, run_after=None
[2024-08-06T07:50:38.177+0000] {logging_mixin.py:188} INFO - [2024-08-06T07:50:38.177+0000] {dag.py:3954} INFO - Setting next_dagrun for example_external_task_marker_parent to None, run_after=None
[2024-08-06T07:50:38.231+0000] {processor.py:183} INFO - Processing /home/airflow/.local/lib/python3.12/site-packages/airflow/example_dags/example_external_task_marker_dag.py took 0.300 seconds
[2024-08-06T07:51:09.203+0000] {processor.py:161} INFO - Started process (PID=409) to work on /home/airflow/.local/lib/python3.12/site-packages/airflow/example_dags/example_external_task_marker_dag.py
[2024-08-06T07:51:09.204+0000] {processor.py:830} INFO - Processing file /home/airflow/.local/lib/python3.12/site-packages/airflow/example_dags/example_external_task_marker_dag.py for tasks to queue
[2024-08-06T07:51:09.206+0000] {logging_mixin.py:188} INFO - [2024-08-06T07:51:09.206+0000] {dagbag.py:545} INFO - Filling up the DagBag from /home/airflow/.local/lib/python3.12/site-packages/airflow/example_dags/example_external_task_marker_dag.py
[2024-08-06T07:51:09.213+0000] {processor.py:840} INFO - DAG(s) 'example_external_task_marker_parent', 'example_external_task_marker_child' retrieved from /home/airflow/.local/lib/python3.12/site-packages/airflow/example_dags/example_external_task_marker_dag.py
[2024-08-06T07:51:09.239+0000] {logging_mixin.py:188} INFO - [2024-08-06T07:51:09.238+0000] {dag.py:3096} INFO - Sync 2 DAGs
[2024-08-06T07:51:09.256+0000] {logging_mixin.py:188} INFO - [2024-08-06T07:51:09.255+0000] {dag.py:3954} INFO - Setting next_dagrun for example_external_task_marker_child to None, run_after=None
[2024-08-06T07:51:09.260+0000] {logging_mixin.py:188} INFO - [2024-08-06T07:51:09.260+0000] {dag.py:3954} INFO - Setting next_dagrun for example_external_task_marker_parent to None, run_after=None
[2024-08-06T07:51:09.282+0000] {processor.py:183} INFO - Processing /home/airflow/.local/lib/python3.12/site-packages/airflow/example_dags/example_external_task_marker_dag.py took 0.085 seconds
[2024-08-06T07:51:40.124+0000] {processor.py:161} INFO - Started process (PID=467) to work on /home/airflow/.local/lib/python3.12/site-packages/airflow/example_dags/example_external_task_marker_dag.py
[2024-08-06T07:51:40.125+0000] {processor.py:830} INFO - Processing file /home/airflow/.local/lib/python3.12/site-packages/airflow/example_dags/example_external_task_marker_dag.py for tasks to queue
[2024-08-06T07:51:40.127+0000] {logging_mixin.py:188} INFO - [2024-08-06T07:51:40.127+0000] {dagbag.py:545} INFO - Filling up the DagBag from /home/airflow/.local/lib/python3.12/site-packages/airflow/example_dags/example_external_task_marker_dag.py
[2024-08-06T07:51:40.134+0000] {processor.py:840} INFO - DAG(s) 'example_external_task_marker_parent', 'example_external_task_marker_child' retrieved from /home/airflow/.local/lib/python3.12/site-packages/airflow/example_dags/example_external_task_marker_dag.py
[2024-08-06T07:51:40.188+0000] {logging_mixin.py:188} INFO - [2024-08-06T07:51:40.188+0000] {dag.py:3096} INFO - Sync 2 DAGs
[2024-08-06T07:51:40.218+0000] {logging_mixin.py:188} INFO - [2024-08-06T07:51:40.218+0000] {dag.py:3954} INFO - Setting next_dagrun for example_external_task_marker_child to None, run_after=None
[2024-08-06T07:51:40.227+0000] {logging_mixin.py:188} INFO - [2024-08-06T07:51:40.227+0000] {dag.py:3954} INFO - Setting next_dagrun for example_external_task_marker_parent to None, run_after=None
[2024-08-06T07:51:40.264+0000] {processor.py:183} INFO - Processing /home/airflow/.local/lib/python3.12/site-packages/airflow/example_dags/example_external_task_marker_dag.py took 0.148 seconds
[2024-08-06T07:52:10.741+0000] {processor.py:161} INFO - Started process (PID=525) to work on /home/airflow/.local/lib/python3.12/site-packages/airflow/example_dags/example_external_task_marker_dag.py
[2024-08-06T07:52:10.742+0000] {processor.py:830} INFO - Processing file /home/airflow/.local/lib/python3.12/site-packages/airflow/example_dags/example_external_task_marker_dag.py for tasks to queue
[2024-08-06T07:52:10.744+0000] {logging_mixin.py:188} INFO - [2024-08-06T07:52:10.743+0000] {dagbag.py:545} INFO - Filling up the DagBag from /home/airflow/.local/lib/python3.12/site-packages/airflow/example_dags/example_external_task_marker_dag.py
[2024-08-06T07:52:10.751+0000] {processor.py:840} INFO - DAG(s) 'example_external_task_marker_child', 'example_external_task_marker_parent' retrieved from /home/airflow/.local/lib/python3.12/site-packages/airflow/example_dags/example_external_task_marker_dag.py
[2024-08-06T07:52:10.789+0000] {logging_mixin.py:188} INFO - [2024-08-06T07:52:10.788+0000] {dag.py:3096} INFO - Sync 2 DAGs
[2024-08-06T07:52:10.837+0000] {logging_mixin.py:188} INFO - [2024-08-06T07:52:10.837+0000] {dag.py:3954} INFO - Setting next_dagrun for example_external_task_marker_child to None, run_after=None
[2024-08-06T07:52:10.847+0000] {logging_mixin.py:188} INFO - [2024-08-06T07:52:10.847+0000] {dag.py:3954} INFO - Setting next_dagrun for example_external_task_marker_parent to None, run_after=None
[2024-08-06T07:52:10.919+0000] {processor.py:183} INFO - Processing /home/airflow/.local/lib/python3.12/site-packages/airflow/example_dags/example_external_task_marker_dag.py took 0.184 seconds
[2024-08-06T07:52:41.149+0000] {processor.py:161} INFO - Started process (PID=582) to work on /home/airflow/.local/lib/python3.12/site-packages/airflow/example_dags/example_external_task_marker_dag.py
[2024-08-06T07:52:41.149+0000] {processor.py:830} INFO - Processing file /home/airflow/.local/lib/python3.12/site-packages/airflow/example_dags/example_external_task_marker_dag.py for tasks to queue
[2024-08-06T07:52:41.151+0000] {logging_mixin.py:188} INFO - [2024-08-06T07:52:41.151+0000] {dagbag.py:545} INFO - Filling up the DagBag from /home/airflow/.local/lib/python3.12/site-packages/airflow/example_dags/example_external_task_marker_dag.py
[2024-08-06T07:52:41.158+0000] {processor.py:840} INFO - DAG(s) 'example_external_task_marker_parent', 'example_external_task_marker_child' retrieved from /home/airflow/.local/lib/python3.12/site-packages/airflow/example_dags/example_external_task_marker_dag.py
[2024-08-06T07:52:41.182+0000] {logging_mixin.py:188} INFO - [2024-08-06T07:52:41.181+0000] {dag.py:3096} INFO - Sync 2 DAGs
[2024-08-06T07:52:41.199+0000] {logging_mixin.py:188} INFO - [2024-08-06T07:52:41.199+0000] {dag.py:3954} INFO - Setting next_dagrun for example_external_task_marker_child to None, run_after=None
[2024-08-06T07:52:41.204+0000] {logging_mixin.py:188} INFO - [2024-08-06T07:52:41.204+0000] {dag.py:3954} INFO - Setting next_dagrun for example_external_task_marker_parent to None, run_after=None
[2024-08-06T07:52:41.235+0000] {processor.py:183} INFO - Processing /home/airflow/.local/lib/python3.12/site-packages/airflow/example_dags/example_external_task_marker_dag.py took 0.092 seconds
[2024-08-06T07:53:11.359+0000] {processor.py:161} INFO - Started process (PID=640) to work on /home/airflow/.local/lib/python3.12/site-packages/airflow/example_dags/example_external_task_marker_dag.py
[2024-08-06T07:53:11.359+0000] {processor.py:830} INFO - Processing file /home/airflow/.local/lib/python3.12/site-packages/airflow/example_dags/example_external_task_marker_dag.py for tasks to queue
[2024-08-06T07:53:11.361+0000] {logging_mixin.py:188} INFO - [2024-08-06T07:53:11.361+0000] {dagbag.py:545} INFO - Filling up the DagBag from /home/airflow/.local/lib/python3.12/site-packages/airflow/example_dags/example_external_task_marker_dag.py
[2024-08-06T07:53:11.368+0000] {processor.py:840} INFO - DAG(s) 'example_external_task_marker_parent', 'example_external_task_marker_child' retrieved from /home/airflow/.local/lib/python3.12/site-packages/airflow/example_dags/example_external_task_marker_dag.py
[2024-08-06T07:53:11.393+0000] {logging_mixin.py:188} INFO - [2024-08-06T07:53:11.393+0000] {dag.py:3096} INFO - Sync 2 DAGs
[2024-08-06T07:53:11.410+0000] {logging_mixin.py:188} INFO - [2024-08-06T07:53:11.410+0000] {dag.py:3954} INFO - Setting next_dagrun for example_external_task_marker_child to None, run_after=None
[2024-08-06T07:53:11.414+0000] {logging_mixin.py:188} INFO - [2024-08-06T07:53:11.414+0000] {dag.py:3954} INFO - Setting next_dagrun for example_external_task_marker_parent to None, run_after=None
[2024-08-06T07:53:11.437+0000] {processor.py:183} INFO - Processing /home/airflow/.local/lib/python3.12/site-packages/airflow/example_dags/example_external_task_marker_dag.py took 0.085 seconds
[2024-08-06T07:53:42.384+0000] {processor.py:161} INFO - Started process (PID=697) to work on /home/airflow/.local/lib/python3.12/site-packages/airflow/example_dags/example_external_task_marker_dag.py
[2024-08-06T07:53:42.385+0000] {processor.py:830} INFO - Processing file /home/airflow/.local/lib/python3.12/site-packages/airflow/example_dags/example_external_task_marker_dag.py for tasks to queue
[2024-08-06T07:53:42.387+0000] {logging_mixin.py:188} INFO - [2024-08-06T07:53:42.387+0000] {dagbag.py:545} INFO - Filling up the DagBag from /home/airflow/.local/lib/python3.12/site-packages/airflow/example_dags/example_external_task_marker_dag.py
[2024-08-06T07:53:42.398+0000] {processor.py:840} INFO - DAG(s) 'example_external_task_marker_parent', 'example_external_task_marker_child' retrieved from /home/airflow/.local/lib/python3.12/site-packages/airflow/example_dags/example_external_task_marker_dag.py
[2024-08-06T07:53:42.429+0000] {logging_mixin.py:188} INFO - [2024-08-06T07:53:42.429+0000] {dag.py:3096} INFO - Sync 2 DAGs
[2024-08-06T07:53:42.452+0000] {logging_mixin.py:188} INFO - [2024-08-06T07:53:42.452+0000] {dag.py:3954} INFO - Setting next_dagrun for example_external_task_marker_child to None, run_after=None
[2024-08-06T07:53:42.458+0000] {logging_mixin.py:188} INFO - [2024-08-06T07:53:42.458+0000] {dag.py:3954} INFO - Setting next_dagrun for example_external_task_marker_parent to None, run_after=None
[2024-08-06T07:53:42.495+0000] {processor.py:183} INFO - Processing /home/airflow/.local/lib/python3.12/site-packages/airflow/example_dags/example_external_task_marker_dag.py took 0.119 seconds
[2024-08-06T07:54:12.860+0000] {processor.py:161} INFO - Started process (PID=755) to work on /home/airflow/.local/lib/python3.12/site-packages/airflow/example_dags/example_external_task_marker_dag.py
[2024-08-06T07:54:12.861+0000] {processor.py:830} INFO - Processing file /home/airflow/.local/lib/python3.12/site-packages/airflow/example_dags/example_external_task_marker_dag.py for tasks to queue
[2024-08-06T07:54:12.863+0000] {logging_mixin.py:188} INFO - [2024-08-06T07:54:12.863+0000] {dagbag.py:545} INFO - Filling up the DagBag from /home/airflow/.local/lib/python3.12/site-packages/airflow/example_dags/example_external_task_marker_dag.py
[2024-08-06T07:54:12.871+0000] {processor.py:840} INFO - DAG(s) 'example_external_task_marker_child', 'example_external_task_marker_parent' retrieved from /home/airflow/.local/lib/python3.12/site-packages/airflow/example_dags/example_external_task_marker_dag.py
[2024-08-06T07:54:12.898+0000] {logging_mixin.py:188} INFO - [2024-08-06T07:54:12.897+0000] {dag.py:3096} INFO - Sync 2 DAGs
[2024-08-06T07:54:12.913+0000] {logging_mixin.py:188} INFO - [2024-08-06T07:54:12.913+0000] {dag.py:3954} INFO - Setting next_dagrun for example_external_task_marker_child to None, run_after=None
[2024-08-06T07:54:12.918+0000] {logging_mixin.py:188} INFO - [2024-08-06T07:54:12.918+0000] {dag.py:3954} INFO - Setting next_dagrun for example_external_task_marker_parent to None, run_after=None
[2024-08-06T07:54:12.941+0000] {processor.py:183} INFO - Processing /home/airflow/.local/lib/python3.12/site-packages/airflow/example_dags/example_external_task_marker_dag.py took 0.087 seconds
