[2024-08-06T07:47:57.047+0000] {processor.py:161} INFO - Started process (PID=37) to work on /home/airflow/.local/lib/python3.12/site-packages/airflow/example_dags/example_branch_python_dop_operator_3.py
[2024-08-06T07:47:57.048+0000] {processor.py:830} INFO - Processing file /home/airflow/.local/lib/python3.12/site-packages/airflow/example_dags/example_branch_python_dop_operator_3.py for tasks to queue
[2024-08-06T07:47:57.052+0000] {logging_mixin.py:188} INFO - [2024-08-06T07:47:57.051+0000] {dagbag.py:545} INFO - Filling up the DagBag from /home/airflow/.local/lib/python3.12/site-packages/airflow/example_dags/example_branch_python_dop_operator_3.py
[2024-08-06T07:47:57.138+0000] {processor.py:840} INFO - DAG(s) 'example_branch_dop_operator_v3' retrieved from /home/airflow/.local/lib/python3.12/site-packages/airflow/example_dags/example_branch_python_dop_operator_3.py
[2024-08-06T07:47:57.713+0000] {logging_mixin.py:188} INFO - [2024-08-06T07:47:57.712+0000] {dag.py:3096} INFO - Sync 1 DAGs
[2024-08-06T07:47:57.770+0000] {logging_mixin.py:188} INFO - [2024-08-06T07:47:57.770+0000] {dag.py:3954} INFO - Setting next_dagrun for example_branch_dop_operator_v3 to 2024-08-06 07:46:00+00:00, run_after=2024-08-06 07:47:00+00:00
[2024-08-06T07:47:57.875+0000] {processor.py:183} INFO - Processing /home/airflow/.local/lib/python3.12/site-packages/airflow/example_dags/example_branch_python_dop_operator_3.py took 0.871 seconds
[2024-08-06T07:48:28.859+0000] {processor.py:161} INFO - Started process (PID=95) to work on /home/airflow/.local/lib/python3.12/site-packages/airflow/example_dags/example_branch_python_dop_operator_3.py
[2024-08-06T07:48:28.861+0000] {processor.py:830} INFO - Processing file /home/airflow/.local/lib/python3.12/site-packages/airflow/example_dags/example_branch_python_dop_operator_3.py for tasks to queue
[2024-08-06T07:48:28.863+0000] {logging_mixin.py:188} INFO - [2024-08-06T07:48:28.862+0000] {dagbag.py:545} INFO - Filling up the DagBag from /home/airflow/.local/lib/python3.12/site-packages/airflow/example_dags/example_branch_python_dop_operator_3.py
[2024-08-06T07:48:28.881+0000] {processor.py:840} INFO - DAG(s) 'example_branch_dop_operator_v3' retrieved from /home/airflow/.local/lib/python3.12/site-packages/airflow/example_dags/example_branch_python_dop_operator_3.py
[2024-08-06T07:48:28.918+0000] {logging_mixin.py:188} INFO - [2024-08-06T07:48:28.918+0000] {dag.py:3096} INFO - Sync 1 DAGs
[2024-08-06T07:48:28.976+0000] {logging_mixin.py:188} INFO - [2024-08-06T07:48:28.976+0000] {dag.py:3954} INFO - Setting next_dagrun for example_branch_dop_operator_v3 to 2024-08-06 07:47:00+00:00, run_after=2024-08-06 07:48:00+00:00
[2024-08-06T07:48:29.012+0000] {processor.py:183} INFO - Processing /home/airflow/.local/lib/python3.12/site-packages/airflow/example_dags/example_branch_python_dop_operator_3.py took 0.173 seconds
[2024-08-06T07:48:59.088+0000] {processor.py:161} INFO - Started process (PID=153) to work on /home/airflow/.local/lib/python3.12/site-packages/airflow/example_dags/example_branch_python_dop_operator_3.py
[2024-08-06T07:48:59.088+0000] {processor.py:830} INFO - Processing file /home/airflow/.local/lib/python3.12/site-packages/airflow/example_dags/example_branch_python_dop_operator_3.py for tasks to queue
[2024-08-06T07:48:59.090+0000] {logging_mixin.py:188} INFO - [2024-08-06T07:48:59.089+0000] {dagbag.py:545} INFO - Filling up the DagBag from /home/airflow/.local/lib/python3.12/site-packages/airflow/example_dags/example_branch_python_dop_operator_3.py
[2024-08-06T07:48:59.096+0000] {processor.py:840} INFO - DAG(s) 'example_branch_dop_operator_v3' retrieved from /home/airflow/.local/lib/python3.12/site-packages/airflow/example_dags/example_branch_python_dop_operator_3.py
[2024-08-06T07:48:59.114+0000] {logging_mixin.py:188} INFO - [2024-08-06T07:48:59.113+0000] {dag.py:3096} INFO - Sync 1 DAGs
[2024-08-06T07:48:59.135+0000] {logging_mixin.py:188} INFO - [2024-08-06T07:48:59.134+0000] {dag.py:3954} INFO - Setting next_dagrun for example_branch_dop_operator_v3 to 2024-08-06 07:47:00+00:00, run_after=2024-08-06 07:48:00+00:00
[2024-08-06T07:48:59.153+0000] {processor.py:183} INFO - Processing /home/airflow/.local/lib/python3.12/site-packages/airflow/example_dags/example_branch_python_dop_operator_3.py took 0.070 seconds
[2024-08-06T07:49:30.026+0000] {processor.py:161} INFO - Started process (PID=212) to work on /home/airflow/.local/lib/python3.12/site-packages/airflow/example_dags/example_branch_python_dop_operator_3.py
[2024-08-06T07:49:30.027+0000] {processor.py:830} INFO - Processing file /home/airflow/.local/lib/python3.12/site-packages/airflow/example_dags/example_branch_python_dop_operator_3.py for tasks to queue
[2024-08-06T07:49:30.028+0000] {logging_mixin.py:188} INFO - [2024-08-06T07:49:30.028+0000] {dagbag.py:545} INFO - Filling up the DagBag from /home/airflow/.local/lib/python3.12/site-packages/airflow/example_dags/example_branch_python_dop_operator_3.py
[2024-08-06T07:49:30.038+0000] {processor.py:840} INFO - DAG(s) 'example_branch_dop_operator_v3' retrieved from /home/airflow/.local/lib/python3.12/site-packages/airflow/example_dags/example_branch_python_dop_operator_3.py
[2024-08-06T07:49:30.061+0000] {logging_mixin.py:188} INFO - [2024-08-06T07:49:30.060+0000] {dag.py:3096} INFO - Sync 1 DAGs
[2024-08-06T07:49:30.093+0000] {logging_mixin.py:188} INFO - [2024-08-06T07:49:30.092+0000] {dag.py:3954} INFO - Setting next_dagrun for example_branch_dop_operator_v3 to 2024-08-06 07:48:00+00:00, run_after=2024-08-06 07:49:00+00:00
[2024-08-06T07:49:30.120+0000] {processor.py:183} INFO - Processing /home/airflow/.local/lib/python3.12/site-packages/airflow/example_dags/example_branch_python_dop_operator_3.py took 0.100 seconds
[2024-08-06T07:50:00.468+0000] {processor.py:161} INFO - Started process (PID=271) to work on /home/airflow/.local/lib/python3.12/site-packages/airflow/example_dags/example_branch_python_dop_operator_3.py
[2024-08-06T07:50:00.478+0000] {processor.py:830} INFO - Processing file /home/airflow/.local/lib/python3.12/site-packages/airflow/example_dags/example_branch_python_dop_operator_3.py for tasks to queue
[2024-08-06T07:50:00.480+0000] {logging_mixin.py:188} INFO - [2024-08-06T07:50:00.480+0000] {dagbag.py:545} INFO - Filling up the DagBag from /home/airflow/.local/lib/python3.12/site-packages/airflow/example_dags/example_branch_python_dop_operator_3.py
[2024-08-06T07:50:00.501+0000] {processor.py:840} INFO - DAG(s) 'example_branch_dop_operator_v3' retrieved from /home/airflow/.local/lib/python3.12/site-packages/airflow/example_dags/example_branch_python_dop_operator_3.py
[2024-08-06T07:50:00.568+0000] {logging_mixin.py:188} INFO - [2024-08-06T07:50:00.568+0000] {dag.py:3096} INFO - Sync 1 DAGs
[2024-08-06T07:50:00.668+0000] {logging_mixin.py:188} INFO - [2024-08-06T07:50:00.667+0000] {dag.py:3954} INFO - Setting next_dagrun for example_branch_dop_operator_v3 to 2024-08-06 07:49:00+00:00, run_after=2024-08-06 07:50:00+00:00
[2024-08-06T07:50:00.739+0000] {processor.py:183} INFO - Processing /home/airflow/.local/lib/python3.12/site-packages/airflow/example_dags/example_branch_python_dop_operator_3.py took 0.282 seconds
[2024-08-06T07:50:30.781+0000] {processor.py:161} INFO - Started process (PID=329) to work on /home/airflow/.local/lib/python3.12/site-packages/airflow/example_dags/example_branch_python_dop_operator_3.py
[2024-08-06T07:50:30.782+0000] {processor.py:830} INFO - Processing file /home/airflow/.local/lib/python3.12/site-packages/airflow/example_dags/example_branch_python_dop_operator_3.py for tasks to queue
[2024-08-06T07:50:30.784+0000] {logging_mixin.py:188} INFO - [2024-08-06T07:50:30.783+0000] {dagbag.py:545} INFO - Filling up the DagBag from /home/airflow/.local/lib/python3.12/site-packages/airflow/example_dags/example_branch_python_dop_operator_3.py
[2024-08-06T07:50:30.791+0000] {processor.py:840} INFO - DAG(s) 'example_branch_dop_operator_v3' retrieved from /home/airflow/.local/lib/python3.12/site-packages/airflow/example_dags/example_branch_python_dop_operator_3.py
[2024-08-06T07:50:30.809+0000] {logging_mixin.py:188} INFO - [2024-08-06T07:50:30.809+0000] {dag.py:3096} INFO - Sync 1 DAGs
[2024-08-06T07:50:30.835+0000] {logging_mixin.py:188} INFO - [2024-08-06T07:50:30.835+0000] {dag.py:3954} INFO - Setting next_dagrun for example_branch_dop_operator_v3 to 2024-08-06 07:49:00+00:00, run_after=2024-08-06 07:50:00+00:00
[2024-08-06T07:50:30.858+0000] {processor.py:183} INFO - Processing /home/airflow/.local/lib/python3.12/site-packages/airflow/example_dags/example_branch_python_dop_operator_3.py took 0.081 seconds
[2024-08-06T07:51:01.133+0000] {processor.py:161} INFO - Started process (PID=387) to work on /home/airflow/.local/lib/python3.12/site-packages/airflow/example_dags/example_branch_python_dop_operator_3.py
[2024-08-06T07:51:01.134+0000] {processor.py:830} INFO - Processing file /home/airflow/.local/lib/python3.12/site-packages/airflow/example_dags/example_branch_python_dop_operator_3.py for tasks to queue
[2024-08-06T07:51:01.136+0000] {logging_mixin.py:188} INFO - [2024-08-06T07:51:01.136+0000] {dagbag.py:545} INFO - Filling up the DagBag from /home/airflow/.local/lib/python3.12/site-packages/airflow/example_dags/example_branch_python_dop_operator_3.py
[2024-08-06T07:51:01.147+0000] {processor.py:840} INFO - DAG(s) 'example_branch_dop_operator_v3' retrieved from /home/airflow/.local/lib/python3.12/site-packages/airflow/example_dags/example_branch_python_dop_operator_3.py
[2024-08-06T07:51:01.172+0000] {logging_mixin.py:188} INFO - [2024-08-06T07:51:01.172+0000] {dag.py:3096} INFO - Sync 1 DAGs
[2024-08-06T07:51:01.207+0000] {logging_mixin.py:188} INFO - [2024-08-06T07:51:01.207+0000] {dag.py:3954} INFO - Setting next_dagrun for example_branch_dop_operator_v3 to 2024-08-06 07:50:00+00:00, run_after=2024-08-06 07:51:00+00:00
[2024-08-06T07:51:01.235+0000] {processor.py:183} INFO - Processing /home/airflow/.local/lib/python3.12/site-packages/airflow/example_dags/example_branch_python_dop_operator_3.py took 0.109 seconds
[2024-08-06T07:51:31.308+0000] {processor.py:161} INFO - Started process (PID=444) to work on /home/airflow/.local/lib/python3.12/site-packages/airflow/example_dags/example_branch_python_dop_operator_3.py
[2024-08-06T07:51:31.308+0000] {processor.py:830} INFO - Processing file /home/airflow/.local/lib/python3.12/site-packages/airflow/example_dags/example_branch_python_dop_operator_3.py for tasks to queue
[2024-08-06T07:51:31.310+0000] {logging_mixin.py:188} INFO - [2024-08-06T07:51:31.309+0000] {dagbag.py:545} INFO - Filling up the DagBag from /home/airflow/.local/lib/python3.12/site-packages/airflow/example_dags/example_branch_python_dop_operator_3.py
[2024-08-06T07:51:31.317+0000] {processor.py:840} INFO - DAG(s) 'example_branch_dop_operator_v3' retrieved from /home/airflow/.local/lib/python3.12/site-packages/airflow/example_dags/example_branch_python_dop_operator_3.py
[2024-08-06T07:51:31.334+0000] {logging_mixin.py:188} INFO - [2024-08-06T07:51:31.334+0000] {dag.py:3096} INFO - Sync 1 DAGs
[2024-08-06T07:51:31.355+0000] {logging_mixin.py:188} INFO - [2024-08-06T07:51:31.355+0000] {dag.py:3954} INFO - Setting next_dagrun for example_branch_dop_operator_v3 to 2024-08-06 07:50:00+00:00, run_after=2024-08-06 07:51:00+00:00
[2024-08-06T07:51:31.376+0000] {processor.py:183} INFO - Processing /home/airflow/.local/lib/python3.12/site-packages/airflow/example_dags/example_branch_python_dop_operator_3.py took 0.072 seconds
[2024-08-06T07:52:01.873+0000] {processor.py:161} INFO - Started process (PID=502) to work on /home/airflow/.local/lib/python3.12/site-packages/airflow/example_dags/example_branch_python_dop_operator_3.py
[2024-08-06T07:52:01.873+0000] {processor.py:830} INFO - Processing file /home/airflow/.local/lib/python3.12/site-packages/airflow/example_dags/example_branch_python_dop_operator_3.py for tasks to queue
[2024-08-06T07:52:01.874+0000] {logging_mixin.py:188} INFO - [2024-08-06T07:52:01.874+0000] {dagbag.py:545} INFO - Filling up the DagBag from /home/airflow/.local/lib/python3.12/site-packages/airflow/example_dags/example_branch_python_dop_operator_3.py
[2024-08-06T07:52:01.882+0000] {processor.py:840} INFO - DAG(s) 'example_branch_dop_operator_v3' retrieved from /home/airflow/.local/lib/python3.12/site-packages/airflow/example_dags/example_branch_python_dop_operator_3.py
[2024-08-06T07:52:01.897+0000] {logging_mixin.py:188} INFO - [2024-08-06T07:52:01.897+0000] {dag.py:3096} INFO - Sync 1 DAGs
[2024-08-06T07:52:01.917+0000] {logging_mixin.py:188} INFO - [2024-08-06T07:52:01.917+0000] {dag.py:3954} INFO - Setting next_dagrun for example_branch_dop_operator_v3 to 2024-08-06 07:51:00+00:00, run_after=2024-08-06 07:52:00+00:00
[2024-08-06T07:52:01.936+0000] {processor.py:183} INFO - Processing /home/airflow/.local/lib/python3.12/site-packages/airflow/example_dags/example_branch_python_dop_operator_3.py took 0.069 seconds
[2024-08-06T07:52:31.984+0000] {processor.py:161} INFO - Started process (PID=560) to work on /home/airflow/.local/lib/python3.12/site-packages/airflow/example_dags/example_branch_python_dop_operator_3.py
[2024-08-06T07:52:31.985+0000] {processor.py:830} INFO - Processing file /home/airflow/.local/lib/python3.12/site-packages/airflow/example_dags/example_branch_python_dop_operator_3.py for tasks to queue
[2024-08-06T07:52:31.987+0000] {logging_mixin.py:188} INFO - [2024-08-06T07:52:31.986+0000] {dagbag.py:545} INFO - Filling up the DagBag from /home/airflow/.local/lib/python3.12/site-packages/airflow/example_dags/example_branch_python_dop_operator_3.py
[2024-08-06T07:52:31.996+0000] {processor.py:840} INFO - DAG(s) 'example_branch_dop_operator_v3' retrieved from /home/airflow/.local/lib/python3.12/site-packages/airflow/example_dags/example_branch_python_dop_operator_3.py
[2024-08-06T07:52:32.018+0000] {logging_mixin.py:188} INFO - [2024-08-06T07:52:32.018+0000] {dag.py:3096} INFO - Sync 1 DAGs
[2024-08-06T07:52:32.050+0000] {logging_mixin.py:188} INFO - [2024-08-06T07:52:32.049+0000] {dag.py:3954} INFO - Setting next_dagrun for example_branch_dop_operator_v3 to 2024-08-06 07:51:00+00:00, run_after=2024-08-06 07:52:00+00:00
[2024-08-06T07:52:32.073+0000] {processor.py:183} INFO - Processing /home/airflow/.local/lib/python3.12/site-packages/airflow/example_dags/example_branch_python_dop_operator_3.py took 0.096 seconds
[2024-08-06T07:53:02.607+0000] {processor.py:161} INFO - Started process (PID=623) to work on /home/airflow/.local/lib/python3.12/site-packages/airflow/example_dags/example_branch_python_dop_operator_3.py
[2024-08-06T07:53:02.608+0000] {processor.py:830} INFO - Processing file /home/airflow/.local/lib/python3.12/site-packages/airflow/example_dags/example_branch_python_dop_operator_3.py for tasks to queue
[2024-08-06T07:53:02.609+0000] {logging_mixin.py:188} INFO - [2024-08-06T07:53:02.609+0000] {dagbag.py:545} INFO - Filling up the DagBag from /home/airflow/.local/lib/python3.12/site-packages/airflow/example_dags/example_branch_python_dop_operator_3.py
[2024-08-06T07:53:02.616+0000] {processor.py:840} INFO - DAG(s) 'example_branch_dop_operator_v3' retrieved from /home/airflow/.local/lib/python3.12/site-packages/airflow/example_dags/example_branch_python_dop_operator_3.py
[2024-08-06T07:53:02.633+0000] {logging_mixin.py:188} INFO - [2024-08-06T07:53:02.633+0000] {dag.py:3096} INFO - Sync 1 DAGs
[2024-08-06T07:53:02.654+0000] {logging_mixin.py:188} INFO - [2024-08-06T07:53:02.654+0000] {dag.py:3954} INFO - Setting next_dagrun for example_branch_dop_operator_v3 to 2024-08-06 07:52:00+00:00, run_after=2024-08-06 07:53:00+00:00
[2024-08-06T07:53:02.674+0000] {processor.py:183} INFO - Processing /home/airflow/.local/lib/python3.12/site-packages/airflow/example_dags/example_branch_python_dop_operator_3.py took 0.072 seconds
[2024-08-06T07:53:33.453+0000] {processor.py:161} INFO - Started process (PID=680) to work on /home/airflow/.local/lib/python3.12/site-packages/airflow/example_dags/example_branch_python_dop_operator_3.py
[2024-08-06T07:53:33.453+0000] {processor.py:830} INFO - Processing file /home/airflow/.local/lib/python3.12/site-packages/airflow/example_dags/example_branch_python_dop_operator_3.py for tasks to queue
[2024-08-06T07:53:33.455+0000] {logging_mixin.py:188} INFO - [2024-08-06T07:53:33.455+0000] {dagbag.py:545} INFO - Filling up the DagBag from /home/airflow/.local/lib/python3.12/site-packages/airflow/example_dags/example_branch_python_dop_operator_3.py
[2024-08-06T07:53:33.474+0000] {processor.py:840} INFO - DAG(s) 'example_branch_dop_operator_v3' retrieved from /home/airflow/.local/lib/python3.12/site-packages/airflow/example_dags/example_branch_python_dop_operator_3.py
[2024-08-06T07:53:33.509+0000] {logging_mixin.py:188} INFO - [2024-08-06T07:53:33.509+0000] {dag.py:3096} INFO - Sync 1 DAGs
[2024-08-06T07:53:33.551+0000] {logging_mixin.py:188} INFO - [2024-08-06T07:53:33.551+0000] {dag.py:3954} INFO - Setting next_dagrun for example_branch_dop_operator_v3 to 2024-08-06 07:52:00+00:00, run_after=2024-08-06 07:53:00+00:00
[2024-08-06T07:53:33.592+0000] {processor.py:183} INFO - Processing /home/airflow/.local/lib/python3.12/site-packages/airflow/example_dags/example_branch_python_dop_operator_3.py took 0.149 seconds
[2024-08-06T07:54:03.846+0000] {processor.py:161} INFO - Started process (PID=738) to work on /home/airflow/.local/lib/python3.12/site-packages/airflow/example_dags/example_branch_python_dop_operator_3.py
[2024-08-06T07:54:03.859+0000] {processor.py:830} INFO - Processing file /home/airflow/.local/lib/python3.12/site-packages/airflow/example_dags/example_branch_python_dop_operator_3.py for tasks to queue
[2024-08-06T07:54:03.861+0000] {logging_mixin.py:188} INFO - [2024-08-06T07:54:03.860+0000] {dagbag.py:545} INFO - Filling up the DagBag from /home/airflow/.local/lib/python3.12/site-packages/airflow/example_dags/example_branch_python_dop_operator_3.py
[2024-08-06T07:54:03.874+0000] {processor.py:840} INFO - DAG(s) 'example_branch_dop_operator_v3' retrieved from /home/airflow/.local/lib/python3.12/site-packages/airflow/example_dags/example_branch_python_dop_operator_3.py
[2024-08-06T07:54:03.898+0000] {logging_mixin.py:188} INFO - [2024-08-06T07:54:03.897+0000] {dag.py:3096} INFO - Sync 1 DAGs
[2024-08-06T07:54:03.931+0000] {logging_mixin.py:188} INFO - [2024-08-06T07:54:03.931+0000] {dag.py:3954} INFO - Setting next_dagrun for example_branch_dop_operator_v3 to 2024-08-06 07:53:00+00:00, run_after=2024-08-06 07:54:00+00:00
[2024-08-06T07:54:03.970+0000] {processor.py:183} INFO - Processing /home/airflow/.local/lib/python3.12/site-packages/airflow/example_dags/example_branch_python_dop_operator_3.py took 0.139 seconds
