[2024-08-06T07:48:11.650+0000] {processor.py:161} INFO - Started process (PID=76) to work on /home/airflow/.local/lib/python3.12/site-packages/airflow/example_dags/example_xcomargs.py
[2024-08-06T07:48:11.654+0000] {processor.py:830} INFO - Processing file /home/airflow/.local/lib/python3.12/site-packages/airflow/example_dags/example_xcomargs.py for tasks to queue
[2024-08-06T07:48:11.661+0000] {logging_mixin.py:188} INFO - [2024-08-06T07:48:11.660+0000] {dagbag.py:545} INFO - Filling up the DagBag from /home/airflow/.local/lib/python3.12/site-packages/airflow/example_dags/example_xcomargs.py
[2024-08-06T07:48:11.693+0000] {processor.py:840} INFO - DAG(s) 'example_xcom_args', 'example_xcom_args_with_operators' retrieved from /home/airflow/.local/lib/python3.12/site-packages/airflow/example_dags/example_xcomargs.py
[2024-08-06T07:48:12.106+0000] {logging_mixin.py:188} INFO - [2024-08-06T07:48:12.105+0000] {dag.py:3096} INFO - Sync 2 DAGs
[2024-08-06T07:48:12.146+0000] {logging_mixin.py:188} INFO - [2024-08-06T07:48:12.146+0000] {dag.py:3954} INFO - Setting next_dagrun for example_xcom_args to None, run_after=None
[2024-08-06T07:48:12.155+0000] {logging_mixin.py:188} INFO - [2024-08-06T07:48:12.155+0000] {dag.py:3954} INFO - Setting next_dagrun for example_xcom_args_with_operators to None, run_after=None
[2024-08-06T07:48:12.304+0000] {processor.py:183} INFO - Processing /home/airflow/.local/lib/python3.12/site-packages/airflow/example_dags/example_xcomargs.py took 0.669 seconds
[2024-08-06T07:48:43.090+0000] {processor.py:161} INFO - Started process (PID=134) to work on /home/airflow/.local/lib/python3.12/site-packages/airflow/example_dags/example_xcomargs.py
[2024-08-06T07:48:43.091+0000] {processor.py:830} INFO - Processing file /home/airflow/.local/lib/python3.12/site-packages/airflow/example_dags/example_xcomargs.py for tasks to queue
[2024-08-06T07:48:43.092+0000] {logging_mixin.py:188} INFO - [2024-08-06T07:48:43.092+0000] {dagbag.py:545} INFO - Filling up the DagBag from /home/airflow/.local/lib/python3.12/site-packages/airflow/example_dags/example_xcomargs.py
[2024-08-06T07:48:43.098+0000] {processor.py:840} INFO - DAG(s) 'example_xcom_args_with_operators', 'example_xcom_args' retrieved from /home/airflow/.local/lib/python3.12/site-packages/airflow/example_dags/example_xcomargs.py
[2024-08-06T07:48:43.116+0000] {logging_mixin.py:188} INFO - [2024-08-06T07:48:43.116+0000] {dag.py:3096} INFO - Sync 2 DAGs
[2024-08-06T07:48:43.127+0000] {logging_mixin.py:188} INFO - [2024-08-06T07:48:43.127+0000] {dag.py:3954} INFO - Setting next_dagrun for example_xcom_args to None, run_after=None
[2024-08-06T07:48:43.130+0000] {logging_mixin.py:188} INFO - [2024-08-06T07:48:43.130+0000] {dag.py:3954} INFO - Setting next_dagrun for example_xcom_args_with_operators to None, run_after=None
[2024-08-06T07:48:43.217+0000] {processor.py:183} INFO - Processing /home/airflow/.local/lib/python3.12/site-packages/airflow/example_dags/example_xcomargs.py took 0.133 seconds
[2024-08-06T07:49:13.289+0000] {processor.py:161} INFO - Started process (PID=193) to work on /home/airflow/.local/lib/python3.12/site-packages/airflow/example_dags/example_xcomargs.py
[2024-08-06T07:49:13.289+0000] {processor.py:830} INFO - Processing file /home/airflow/.local/lib/python3.12/site-packages/airflow/example_dags/example_xcomargs.py for tasks to queue
[2024-08-06T07:49:13.291+0000] {logging_mixin.py:188} INFO - [2024-08-06T07:49:13.290+0000] {dagbag.py:545} INFO - Filling up the DagBag from /home/airflow/.local/lib/python3.12/site-packages/airflow/example_dags/example_xcomargs.py
[2024-08-06T07:49:13.297+0000] {processor.py:840} INFO - DAG(s) 'example_xcom_args_with_operators', 'example_xcom_args' retrieved from /home/airflow/.local/lib/python3.12/site-packages/airflow/example_dags/example_xcomargs.py
[2024-08-06T07:49:13.317+0000] {logging_mixin.py:188} INFO - [2024-08-06T07:49:13.316+0000] {dag.py:3096} INFO - Sync 2 DAGs
[2024-08-06T07:49:13.328+0000] {logging_mixin.py:188} INFO - [2024-08-06T07:49:13.327+0000] {dag.py:3954} INFO - Setting next_dagrun for example_xcom_args to None, run_after=None
[2024-08-06T07:49:13.331+0000] {logging_mixin.py:188} INFO - [2024-08-06T07:49:13.330+0000] {dag.py:3954} INFO - Setting next_dagrun for example_xcom_args_with_operators to None, run_after=None
[2024-08-06T07:49:13.350+0000] {processor.py:183} INFO - Processing /home/airflow/.local/lib/python3.12/site-packages/airflow/example_dags/example_xcomargs.py took 0.067 seconds
[2024-08-06T07:49:44.041+0000] {processor.py:161} INFO - Started process (PID=252) to work on /home/airflow/.local/lib/python3.12/site-packages/airflow/example_dags/example_xcomargs.py
[2024-08-06T07:49:44.041+0000] {processor.py:830} INFO - Processing file /home/airflow/.local/lib/python3.12/site-packages/airflow/example_dags/example_xcomargs.py for tasks to queue
[2024-08-06T07:49:44.043+0000] {logging_mixin.py:188} INFO - [2024-08-06T07:49:44.042+0000] {dagbag.py:545} INFO - Filling up the DagBag from /home/airflow/.local/lib/python3.12/site-packages/airflow/example_dags/example_xcomargs.py
[2024-08-06T07:49:44.051+0000] {processor.py:840} INFO - DAG(s) 'example_xcom_args_with_operators', 'example_xcom_args' retrieved from /home/airflow/.local/lib/python3.12/site-packages/airflow/example_dags/example_xcomargs.py
[2024-08-06T07:49:44.071+0000] {logging_mixin.py:188} INFO - [2024-08-06T07:49:44.071+0000] {dag.py:3096} INFO - Sync 2 DAGs
[2024-08-06T07:49:44.082+0000] {logging_mixin.py:188} INFO - [2024-08-06T07:49:44.081+0000] {dag.py:3954} INFO - Setting next_dagrun for example_xcom_args to None, run_after=None
[2024-08-06T07:49:44.085+0000] {logging_mixin.py:188} INFO - [2024-08-06T07:49:44.085+0000] {dag.py:3954} INFO - Setting next_dagrun for example_xcom_args_with_operators to None, run_after=None
[2024-08-06T07:49:44.104+0000] {processor.py:183} INFO - Processing /home/airflow/.local/lib/python3.12/site-packages/airflow/example_dags/example_xcomargs.py took 0.067 seconds
[2024-08-06T07:50:14.767+0000] {processor.py:161} INFO - Started process (PID=310) to work on /home/airflow/.local/lib/python3.12/site-packages/airflow/example_dags/example_xcomargs.py
[2024-08-06T07:50:14.768+0000] {processor.py:830} INFO - Processing file /home/airflow/.local/lib/python3.12/site-packages/airflow/example_dags/example_xcomargs.py for tasks to queue
[2024-08-06T07:50:14.769+0000] {logging_mixin.py:188} INFO - [2024-08-06T07:50:14.769+0000] {dagbag.py:545} INFO - Filling up the DagBag from /home/airflow/.local/lib/python3.12/site-packages/airflow/example_dags/example_xcomargs.py
[2024-08-06T07:50:14.776+0000] {processor.py:840} INFO - DAG(s) 'example_xcom_args_with_operators', 'example_xcom_args' retrieved from /home/airflow/.local/lib/python3.12/site-packages/airflow/example_dags/example_xcomargs.py
[2024-08-06T07:50:14.798+0000] {logging_mixin.py:188} INFO - [2024-08-06T07:50:14.798+0000] {dag.py:3096} INFO - Sync 2 DAGs
[2024-08-06T07:50:14.810+0000] {logging_mixin.py:188} INFO - [2024-08-06T07:50:14.810+0000] {dag.py:3954} INFO - Setting next_dagrun for example_xcom_args to None, run_after=None
[2024-08-06T07:50:14.814+0000] {logging_mixin.py:188} INFO - [2024-08-06T07:50:14.813+0000] {dag.py:3954} INFO - Setting next_dagrun for example_xcom_args_with_operators to None, run_after=None
[2024-08-06T07:50:14.833+0000] {processor.py:183} INFO - Processing /home/airflow/.local/lib/python3.12/site-packages/airflow/example_dags/example_xcomargs.py took 0.072 seconds
[2024-08-06T07:50:45.469+0000] {processor.py:161} INFO - Started process (PID=368) to work on /home/airflow/.local/lib/python3.12/site-packages/airflow/example_dags/example_xcomargs.py
[2024-08-06T07:50:45.470+0000] {processor.py:830} INFO - Processing file /home/airflow/.local/lib/python3.12/site-packages/airflow/example_dags/example_xcomargs.py for tasks to queue
[2024-08-06T07:50:45.471+0000] {logging_mixin.py:188} INFO - [2024-08-06T07:50:45.471+0000] {dagbag.py:545} INFO - Filling up the DagBag from /home/airflow/.local/lib/python3.12/site-packages/airflow/example_dags/example_xcomargs.py
[2024-08-06T07:50:45.480+0000] {processor.py:840} INFO - DAG(s) 'example_xcom_args_with_operators', 'example_xcom_args' retrieved from /home/airflow/.local/lib/python3.12/site-packages/airflow/example_dags/example_xcomargs.py
[2024-08-06T07:50:45.503+0000] {logging_mixin.py:188} INFO - [2024-08-06T07:50:45.502+0000] {dag.py:3096} INFO - Sync 2 DAGs
[2024-08-06T07:50:45.516+0000] {logging_mixin.py:188} INFO - [2024-08-06T07:50:45.515+0000] {dag.py:3954} INFO - Setting next_dagrun for example_xcom_args to None, run_after=None
[2024-08-06T07:50:45.520+0000] {logging_mixin.py:188} INFO - [2024-08-06T07:50:45.520+0000] {dag.py:3954} INFO - Setting next_dagrun for example_xcom_args_with_operators to None, run_after=None
[2024-08-06T07:50:45.539+0000] {processor.py:183} INFO - Processing /home/airflow/.local/lib/python3.12/site-packages/airflow/example_dags/example_xcomargs.py took 0.075 seconds
[2024-08-06T07:51:16.359+0000] {processor.py:161} INFO - Started process (PID=425) to work on /home/airflow/.local/lib/python3.12/site-packages/airflow/example_dags/example_xcomargs.py
[2024-08-06T07:51:16.360+0000] {processor.py:830} INFO - Processing file /home/airflow/.local/lib/python3.12/site-packages/airflow/example_dags/example_xcomargs.py for tasks to queue
[2024-08-06T07:51:16.361+0000] {logging_mixin.py:188} INFO - [2024-08-06T07:51:16.361+0000] {dagbag.py:545} INFO - Filling up the DagBag from /home/airflow/.local/lib/python3.12/site-packages/airflow/example_dags/example_xcomargs.py
[2024-08-06T07:51:16.368+0000] {processor.py:840} INFO - DAG(s) 'example_xcom_args', 'example_xcom_args_with_operators' retrieved from /home/airflow/.local/lib/python3.12/site-packages/airflow/example_dags/example_xcomargs.py
[2024-08-06T07:51:16.388+0000] {logging_mixin.py:188} INFO - [2024-08-06T07:51:16.387+0000] {dag.py:3096} INFO - Sync 2 DAGs
[2024-08-06T07:51:16.398+0000] {logging_mixin.py:188} INFO - [2024-08-06T07:51:16.398+0000] {dag.py:3954} INFO - Setting next_dagrun for example_xcom_args to None, run_after=None
[2024-08-06T07:51:16.401+0000] {logging_mixin.py:188} INFO - [2024-08-06T07:51:16.401+0000] {dag.py:3954} INFO - Setting next_dagrun for example_xcom_args_with_operators to None, run_after=None
[2024-08-06T07:51:16.422+0000] {processor.py:183} INFO - Processing /home/airflow/.local/lib/python3.12/site-packages/airflow/example_dags/example_xcomargs.py took 0.067 seconds
[2024-08-06T07:51:47.102+0000] {processor.py:161} INFO - Started process (PID=483) to work on /home/airflow/.local/lib/python3.12/site-packages/airflow/example_dags/example_xcomargs.py
[2024-08-06T07:51:47.104+0000] {processor.py:830} INFO - Processing file /home/airflow/.local/lib/python3.12/site-packages/airflow/example_dags/example_xcomargs.py for tasks to queue
[2024-08-06T07:51:47.117+0000] {logging_mixin.py:188} INFO - [2024-08-06T07:51:47.117+0000] {dagbag.py:545} INFO - Filling up the DagBag from /home/airflow/.local/lib/python3.12/site-packages/airflow/example_dags/example_xcomargs.py
[2024-08-06T07:51:47.132+0000] {processor.py:840} INFO - DAG(s) 'example_xcom_args', 'example_xcom_args_with_operators' retrieved from /home/airflow/.local/lib/python3.12/site-packages/airflow/example_dags/example_xcomargs.py
[2024-08-06T07:51:47.191+0000] {logging_mixin.py:188} INFO - [2024-08-06T07:51:47.191+0000] {dag.py:3096} INFO - Sync 2 DAGs
[2024-08-06T07:51:47.222+0000] {logging_mixin.py:188} INFO - [2024-08-06T07:51:47.221+0000] {dag.py:3954} INFO - Setting next_dagrun for example_xcom_args to None, run_after=None
[2024-08-06T07:51:47.235+0000] {logging_mixin.py:188} INFO - [2024-08-06T07:51:47.235+0000] {dag.py:3954} INFO - Setting next_dagrun for example_xcom_args_with_operators to None, run_after=None
[2024-08-06T07:51:47.267+0000] {processor.py:183} INFO - Processing /home/airflow/.local/lib/python3.12/site-packages/airflow/example_dags/example_xcomargs.py took 0.180 seconds
[2024-08-06T07:52:17.941+0000] {processor.py:161} INFO - Started process (PID=541) to work on /home/airflow/.local/lib/python3.12/site-packages/airflow/example_dags/example_xcomargs.py
[2024-08-06T07:52:17.941+0000] {processor.py:830} INFO - Processing file /home/airflow/.local/lib/python3.12/site-packages/airflow/example_dags/example_xcomargs.py for tasks to queue
[2024-08-06T07:52:17.943+0000] {logging_mixin.py:188} INFO - [2024-08-06T07:52:17.942+0000] {dagbag.py:545} INFO - Filling up the DagBag from /home/airflow/.local/lib/python3.12/site-packages/airflow/example_dags/example_xcomargs.py
[2024-08-06T07:52:17.949+0000] {processor.py:840} INFO - DAG(s) 'example_xcom_args_with_operators', 'example_xcom_args' retrieved from /home/airflow/.local/lib/python3.12/site-packages/airflow/example_dags/example_xcomargs.py
[2024-08-06T07:52:17.970+0000] {logging_mixin.py:188} INFO - [2024-08-06T07:52:17.970+0000] {dag.py:3096} INFO - Sync 2 DAGs
[2024-08-06T07:52:17.982+0000] {logging_mixin.py:188} INFO - [2024-08-06T07:52:17.982+0000] {dag.py:3954} INFO - Setting next_dagrun for example_xcom_args to None, run_after=None
[2024-08-06T07:52:17.985+0000] {logging_mixin.py:188} INFO - [2024-08-06T07:52:17.985+0000] {dag.py:3954} INFO - Setting next_dagrun for example_xcom_args_with_operators to None, run_after=None
[2024-08-06T07:52:18.002+0000] {processor.py:183} INFO - Processing /home/airflow/.local/lib/python3.12/site-packages/airflow/example_dags/example_xcomargs.py took 0.067 seconds
[2024-08-06T07:52:48.531+0000] {processor.py:161} INFO - Started process (PID=598) to work on /home/airflow/.local/lib/python3.12/site-packages/airflow/example_dags/example_xcomargs.py
[2024-08-06T07:52:48.532+0000] {processor.py:830} INFO - Processing file /home/airflow/.local/lib/python3.12/site-packages/airflow/example_dags/example_xcomargs.py for tasks to queue
[2024-08-06T07:52:48.533+0000] {logging_mixin.py:188} INFO - [2024-08-06T07:52:48.533+0000] {dagbag.py:545} INFO - Filling up the DagBag from /home/airflow/.local/lib/python3.12/site-packages/airflow/example_dags/example_xcomargs.py
[2024-08-06T07:52:48.540+0000] {processor.py:840} INFO - DAG(s) 'example_xcom_args_with_operators', 'example_xcom_args' retrieved from /home/airflow/.local/lib/python3.12/site-packages/airflow/example_dags/example_xcomargs.py
[2024-08-06T07:52:48.558+0000] {logging_mixin.py:188} INFO - [2024-08-06T07:52:48.558+0000] {dag.py:3096} INFO - Sync 2 DAGs
[2024-08-06T07:52:48.569+0000] {logging_mixin.py:188} INFO - [2024-08-06T07:52:48.569+0000] {dag.py:3954} INFO - Setting next_dagrun for example_xcom_args to None, run_after=None
[2024-08-06T07:52:48.572+0000] {logging_mixin.py:188} INFO - [2024-08-06T07:52:48.572+0000] {dag.py:3954} INFO - Setting next_dagrun for example_xcom_args_with_operators to None, run_after=None
[2024-08-06T07:52:48.589+0000] {processor.py:183} INFO - Processing /home/airflow/.local/lib/python3.12/site-packages/airflow/example_dags/example_xcomargs.py took 0.063 seconds
[2024-08-06T07:53:18.699+0000] {processor.py:161} INFO - Started process (PID=656) to work on /home/airflow/.local/lib/python3.12/site-packages/airflow/example_dags/example_xcomargs.py
[2024-08-06T07:53:18.700+0000] {processor.py:830} INFO - Processing file /home/airflow/.local/lib/python3.12/site-packages/airflow/example_dags/example_xcomargs.py for tasks to queue
[2024-08-06T07:53:18.701+0000] {logging_mixin.py:188} INFO - [2024-08-06T07:53:18.701+0000] {dagbag.py:545} INFO - Filling up the DagBag from /home/airflow/.local/lib/python3.12/site-packages/airflow/example_dags/example_xcomargs.py
[2024-08-06T07:53:18.707+0000] {processor.py:840} INFO - DAG(s) 'example_xcom_args', 'example_xcom_args_with_operators' retrieved from /home/airflow/.local/lib/python3.12/site-packages/airflow/example_dags/example_xcomargs.py
[2024-08-06T07:53:18.725+0000] {logging_mixin.py:188} INFO - [2024-08-06T07:53:18.725+0000] {dag.py:3096} INFO - Sync 2 DAGs
[2024-08-06T07:53:18.736+0000] {logging_mixin.py:188} INFO - [2024-08-06T07:53:18.735+0000] {dag.py:3954} INFO - Setting next_dagrun for example_xcom_args to None, run_after=None
[2024-08-06T07:53:18.738+0000] {logging_mixin.py:188} INFO - [2024-08-06T07:53:18.738+0000] {dag.py:3954} INFO - Setting next_dagrun for example_xcom_args_with_operators to None, run_after=None
[2024-08-06T07:53:18.756+0000] {processor.py:183} INFO - Processing /home/airflow/.local/lib/python3.12/site-packages/airflow/example_dags/example_xcomargs.py took 0.062 seconds
[2024-08-06T07:53:49.349+0000] {processor.py:161} INFO - Started process (PID=713) to work on /home/airflow/.local/lib/python3.12/site-packages/airflow/example_dags/example_xcomargs.py
[2024-08-06T07:53:49.350+0000] {processor.py:830} INFO - Processing file /home/airflow/.local/lib/python3.12/site-packages/airflow/example_dags/example_xcomargs.py for tasks to queue
[2024-08-06T07:53:49.351+0000] {logging_mixin.py:188} INFO - [2024-08-06T07:53:49.351+0000] {dagbag.py:545} INFO - Filling up the DagBag from /home/airflow/.local/lib/python3.12/site-packages/airflow/example_dags/example_xcomargs.py
[2024-08-06T07:53:49.358+0000] {processor.py:840} INFO - DAG(s) 'example_xcom_args_with_operators', 'example_xcom_args' retrieved from /home/airflow/.local/lib/python3.12/site-packages/airflow/example_dags/example_xcomargs.py
[2024-08-06T07:53:49.383+0000] {logging_mixin.py:188} INFO - [2024-08-06T07:53:49.382+0000] {dag.py:3096} INFO - Sync 2 DAGs
[2024-08-06T07:53:49.398+0000] {logging_mixin.py:188} INFO - [2024-08-06T07:53:49.398+0000] {dag.py:3954} INFO - Setting next_dagrun for example_xcom_args to None, run_after=None
[2024-08-06T07:53:49.402+0000] {logging_mixin.py:188} INFO - [2024-08-06T07:53:49.402+0000] {dag.py:3954} INFO - Setting next_dagrun for example_xcom_args_with_operators to None, run_after=None
[2024-08-06T07:53:49.420+0000] {processor.py:183} INFO - Processing /home/airflow/.local/lib/python3.12/site-packages/airflow/example_dags/example_xcomargs.py took 0.076 seconds
[2024-08-06T07:54:19.972+0000] {processor.py:161} INFO - Started process (PID=771) to work on /home/airflow/.local/lib/python3.12/site-packages/airflow/example_dags/example_xcomargs.py
[2024-08-06T07:54:19.973+0000] {processor.py:830} INFO - Processing file /home/airflow/.local/lib/python3.12/site-packages/airflow/example_dags/example_xcomargs.py for tasks to queue
[2024-08-06T07:54:19.974+0000] {logging_mixin.py:188} INFO - [2024-08-06T07:54:19.974+0000] {dagbag.py:545} INFO - Filling up the DagBag from /home/airflow/.local/lib/python3.12/site-packages/airflow/example_dags/example_xcomargs.py
[2024-08-06T07:54:19.981+0000] {processor.py:840} INFO - DAG(s) 'example_xcom_args_with_operators', 'example_xcom_args' retrieved from /home/airflow/.local/lib/python3.12/site-packages/airflow/example_dags/example_xcomargs.py
[2024-08-06T07:54:19.999+0000] {logging_mixin.py:188} INFO - [2024-08-06T07:54:19.999+0000] {dag.py:3096} INFO - Sync 2 DAGs
[2024-08-06T07:54:20.010+0000] {logging_mixin.py:188} INFO - [2024-08-06T07:54:20.010+0000] {dag.py:3954} INFO - Setting next_dagrun for example_xcom_args to None, run_after=None
[2024-08-06T07:54:20.013+0000] {logging_mixin.py:188} INFO - [2024-08-06T07:54:20.013+0000] {dag.py:3954} INFO - Setting next_dagrun for example_xcom_args_with_operators to None, run_after=None
[2024-08-06T07:54:20.030+0000] {processor.py:183} INFO - Processing /home/airflow/.local/lib/python3.12/site-packages/airflow/example_dags/example_xcomargs.py took 0.064 seconds
