[2024-08-06T07:48:04.549+0000] {processor.py:161} INFO - Started process (PID=59) to work on /home/airflow/.local/lib/python3.12/site-packages/airflow/example_dags/example_branch_datetime_operator.py
[2024-08-06T07:48:04.560+0000] {processor.py:830} INFO - Processing file /home/airflow/.local/lib/python3.12/site-packages/airflow/example_dags/example_branch_datetime_operator.py for tasks to queue
[2024-08-06T07:48:04.578+0000] {logging_mixin.py:188} INFO - [2024-08-06T07:48:04.562+0000] {dagbag.py:545} INFO - Filling up the DagBag from /home/airflow/.local/lib/python3.12/site-packages/airflow/example_dags/example_branch_datetime_operator.py
[2024-08-06T07:48:04.663+0000] {processor.py:840} INFO - DAG(s) 'example_branch_datetime_operator', 'example_branch_datetime_operator_2', 'example_branch_datetime_operator_3' retrieved from /home/airflow/.local/lib/python3.12/site-packages/airflow/example_dags/example_branch_datetime_operator.py
[2024-08-06T07:48:05.205+0000] {logging_mixin.py:188} INFO - [2024-08-06T07:48:05.205+0000] {dag.py:3096} INFO - Sync 3 DAGs
[2024-08-06T07:48:05.284+0000] {logging_mixin.py:188} INFO - [2024-08-06T07:48:05.284+0000] {dag.py:3954} INFO - Setting next_dagrun for example_branch_datetime_operator to 2024-08-05 00:00:00+00:00, run_after=2024-08-06 00:00:00+00:00
[2024-08-06T07:48:05.303+0000] {logging_mixin.py:188} INFO - [2024-08-06T07:48:05.302+0000] {dag.py:3954} INFO - Setting next_dagrun for example_branch_datetime_operator_2 to 2024-08-05 00:00:00+00:00, run_after=2024-08-06 00:00:00+00:00
[2024-08-06T07:48:05.316+0000] {logging_mixin.py:188} INFO - [2024-08-06T07:48:05.316+0000] {dag.py:3954} INFO - Setting next_dagrun for example_branch_datetime_operator_3 to 2024-08-05 00:00:00+00:00, run_after=2024-08-06 00:00:00+00:00
[2024-08-06T07:48:05.374+0000] {processor.py:183} INFO - Processing /home/airflow/.local/lib/python3.12/site-packages/airflow/example_dags/example_branch_datetime_operator.py took 0.839 seconds
[2024-08-06T07:48:35.895+0000] {processor.py:161} INFO - Started process (PID=117) to work on /home/airflow/.local/lib/python3.12/site-packages/airflow/example_dags/example_branch_datetime_operator.py
[2024-08-06T07:48:35.896+0000] {processor.py:830} INFO - Processing file /home/airflow/.local/lib/python3.12/site-packages/airflow/example_dags/example_branch_datetime_operator.py for tasks to queue
[2024-08-06T07:48:35.897+0000] {logging_mixin.py:188} INFO - [2024-08-06T07:48:35.897+0000] {dagbag.py:545} INFO - Filling up the DagBag from /home/airflow/.local/lib/python3.12/site-packages/airflow/example_dags/example_branch_datetime_operator.py
[2024-08-06T07:48:35.910+0000] {processor.py:840} INFO - DAG(s) 'example_branch_datetime_operator_2', 'example_branch_datetime_operator_3', 'example_branch_datetime_operator' retrieved from /home/airflow/.local/lib/python3.12/site-packages/airflow/example_dags/example_branch_datetime_operator.py
[2024-08-06T07:48:35.959+0000] {logging_mixin.py:188} INFO - [2024-08-06T07:48:35.959+0000] {dag.py:3096} INFO - Sync 3 DAGs
[2024-08-06T07:48:35.987+0000] {logging_mixin.py:188} INFO - [2024-08-06T07:48:35.986+0000] {dag.py:3954} INFO - Setting next_dagrun for example_branch_datetime_operator to 2024-08-05 00:00:00+00:00, run_after=2024-08-06 00:00:00+00:00
[2024-08-06T07:48:35.992+0000] {logging_mixin.py:188} INFO - [2024-08-06T07:48:35.992+0000] {dag.py:3954} INFO - Setting next_dagrun for example_branch_datetime_operator_2 to 2024-08-05 00:00:00+00:00, run_after=2024-08-06 00:00:00+00:00
[2024-08-06T07:48:35.995+0000] {logging_mixin.py:188} INFO - [2024-08-06T07:48:35.995+0000] {dag.py:3954} INFO - Setting next_dagrun for example_branch_datetime_operator_3 to 2024-08-05 00:00:00+00:00, run_after=2024-08-06 00:00:00+00:00
[2024-08-06T07:48:36.014+0000] {processor.py:183} INFO - Processing /home/airflow/.local/lib/python3.12/site-packages/airflow/example_dags/example_branch_datetime_operator.py took 0.125 seconds
[2024-08-06T07:49:06.083+0000] {processor.py:161} INFO - Started process (PID=176) to work on /home/airflow/.local/lib/python3.12/site-packages/airflow/example_dags/example_branch_datetime_operator.py
[2024-08-06T07:49:06.085+0000] {processor.py:830} INFO - Processing file /home/airflow/.local/lib/python3.12/site-packages/airflow/example_dags/example_branch_datetime_operator.py for tasks to queue
[2024-08-06T07:49:06.086+0000] {logging_mixin.py:188} INFO - [2024-08-06T07:49:06.086+0000] {dagbag.py:545} INFO - Filling up the DagBag from /home/airflow/.local/lib/python3.12/site-packages/airflow/example_dags/example_branch_datetime_operator.py
[2024-08-06T07:49:06.101+0000] {processor.py:840} INFO - DAG(s) 'example_branch_datetime_operator_3', 'example_branch_datetime_operator_2', 'example_branch_datetime_operator' retrieved from /home/airflow/.local/lib/python3.12/site-packages/airflow/example_dags/example_branch_datetime_operator.py
[2024-08-06T07:49:06.136+0000] {logging_mixin.py:188} INFO - [2024-08-06T07:49:06.136+0000] {dag.py:3096} INFO - Sync 3 DAGs
[2024-08-06T07:49:06.168+0000] {logging_mixin.py:188} INFO - [2024-08-06T07:49:06.167+0000] {dag.py:3954} INFO - Setting next_dagrun for example_branch_datetime_operator to 2024-08-05 00:00:00+00:00, run_after=2024-08-06 00:00:00+00:00
[2024-08-06T07:49:06.175+0000] {logging_mixin.py:188} INFO - [2024-08-06T07:49:06.174+0000] {dag.py:3954} INFO - Setting next_dagrun for example_branch_datetime_operator_2 to 2024-08-05 00:00:00+00:00, run_after=2024-08-06 00:00:00+00:00
[2024-08-06T07:49:06.178+0000] {logging_mixin.py:188} INFO - [2024-08-06T07:49:06.178+0000] {dag.py:3954} INFO - Setting next_dagrun for example_branch_datetime_operator_3 to 2024-08-05 00:00:00+00:00, run_after=2024-08-06 00:00:00+00:00
[2024-08-06T07:49:06.203+0000] {processor.py:183} INFO - Processing /home/airflow/.local/lib/python3.12/site-packages/airflow/example_dags/example_branch_datetime_operator.py took 0.127 seconds
[2024-08-06T07:49:36.925+0000] {processor.py:161} INFO - Started process (PID=235) to work on /home/airflow/.local/lib/python3.12/site-packages/airflow/example_dags/example_branch_datetime_operator.py
[2024-08-06T07:49:36.925+0000] {processor.py:830} INFO - Processing file /home/airflow/.local/lib/python3.12/site-packages/airflow/example_dags/example_branch_datetime_operator.py for tasks to queue
[2024-08-06T07:49:36.927+0000] {logging_mixin.py:188} INFO - [2024-08-06T07:49:36.927+0000] {dagbag.py:545} INFO - Filling up the DagBag from /home/airflow/.local/lib/python3.12/site-packages/airflow/example_dags/example_branch_datetime_operator.py
[2024-08-06T07:49:36.940+0000] {processor.py:840} INFO - DAG(s) 'example_branch_datetime_operator_3', 'example_branch_datetime_operator_2', 'example_branch_datetime_operator' retrieved from /home/airflow/.local/lib/python3.12/site-packages/airflow/example_dags/example_branch_datetime_operator.py
[2024-08-06T07:49:36.973+0000] {logging_mixin.py:188} INFO - [2024-08-06T07:49:36.973+0000] {dag.py:3096} INFO - Sync 3 DAGs
[2024-08-06T07:49:37.004+0000] {logging_mixin.py:188} INFO - [2024-08-06T07:49:37.004+0000] {dag.py:3954} INFO - Setting next_dagrun for example_branch_datetime_operator to 2024-08-05 00:00:00+00:00, run_after=2024-08-06 00:00:00+00:00
[2024-08-06T07:49:37.011+0000] {logging_mixin.py:188} INFO - [2024-08-06T07:49:37.011+0000] {dag.py:3954} INFO - Setting next_dagrun for example_branch_datetime_operator_2 to 2024-08-05 00:00:00+00:00, run_after=2024-08-06 00:00:00+00:00
[2024-08-06T07:49:37.014+0000] {logging_mixin.py:188} INFO - [2024-08-06T07:49:37.014+0000] {dag.py:3954} INFO - Setting next_dagrun for example_branch_datetime_operator_3 to 2024-08-05 00:00:00+00:00, run_after=2024-08-06 00:00:00+00:00
[2024-08-06T07:49:37.049+0000] {processor.py:183} INFO - Processing /home/airflow/.local/lib/python3.12/site-packages/airflow/example_dags/example_branch_datetime_operator.py took 0.131 seconds
[2024-08-06T07:50:07.566+0000] {processor.py:161} INFO - Started process (PID=293) to work on /home/airflow/.local/lib/python3.12/site-packages/airflow/example_dags/example_branch_datetime_operator.py
[2024-08-06T07:50:07.567+0000] {processor.py:830} INFO - Processing file /home/airflow/.local/lib/python3.12/site-packages/airflow/example_dags/example_branch_datetime_operator.py for tasks to queue
[2024-08-06T07:50:07.569+0000] {logging_mixin.py:188} INFO - [2024-08-06T07:50:07.568+0000] {dagbag.py:545} INFO - Filling up the DagBag from /home/airflow/.local/lib/python3.12/site-packages/airflow/example_dags/example_branch_datetime_operator.py
[2024-08-06T07:50:07.581+0000] {processor.py:840} INFO - DAG(s) 'example_branch_datetime_operator_3', 'example_branch_datetime_operator_2', 'example_branch_datetime_operator' retrieved from /home/airflow/.local/lib/python3.12/site-packages/airflow/example_dags/example_branch_datetime_operator.py
[2024-08-06T07:50:07.625+0000] {logging_mixin.py:188} INFO - [2024-08-06T07:50:07.625+0000] {dag.py:3096} INFO - Sync 3 DAGs
[2024-08-06T07:50:07.655+0000] {logging_mixin.py:188} INFO - [2024-08-06T07:50:07.655+0000] {dag.py:3954} INFO - Setting next_dagrun for example_branch_datetime_operator to 2024-08-05 00:00:00+00:00, run_after=2024-08-06 00:00:00+00:00
[2024-08-06T07:50:07.660+0000] {logging_mixin.py:188} INFO - [2024-08-06T07:50:07.660+0000] {dag.py:3954} INFO - Setting next_dagrun for example_branch_datetime_operator_2 to 2024-08-05 00:00:00+00:00, run_after=2024-08-06 00:00:00+00:00
[2024-08-06T07:50:07.663+0000] {logging_mixin.py:188} INFO - [2024-08-06T07:50:07.663+0000] {dag.py:3954} INFO - Setting next_dagrun for example_branch_datetime_operator_3 to 2024-08-05 00:00:00+00:00, run_after=2024-08-06 00:00:00+00:00
[2024-08-06T07:50:07.681+0000] {processor.py:183} INFO - Processing /home/airflow/.local/lib/python3.12/site-packages/airflow/example_dags/example_branch_datetime_operator.py took 0.121 seconds
[2024-08-06T07:50:37.968+0000] {processor.py:161} INFO - Started process (PID=351) to work on /home/airflow/.local/lib/python3.12/site-packages/airflow/example_dags/example_branch_datetime_operator.py
[2024-08-06T07:50:37.978+0000] {processor.py:830} INFO - Processing file /home/airflow/.local/lib/python3.12/site-packages/airflow/example_dags/example_branch_datetime_operator.py for tasks to queue
[2024-08-06T07:50:37.980+0000] {logging_mixin.py:188} INFO - [2024-08-06T07:50:37.980+0000] {dagbag.py:545} INFO - Filling up the DagBag from /home/airflow/.local/lib/python3.12/site-packages/airflow/example_dags/example_branch_datetime_operator.py
[2024-08-06T07:50:38.034+0000] {processor.py:840} INFO - DAG(s) 'example_branch_datetime_operator', 'example_branch_datetime_operator_3', 'example_branch_datetime_operator_2' retrieved from /home/airflow/.local/lib/python3.12/site-packages/airflow/example_dags/example_branch_datetime_operator.py
[2024-08-06T07:50:38.139+0000] {logging_mixin.py:188} INFO - [2024-08-06T07:50:38.138+0000] {dag.py:3096} INFO - Sync 3 DAGs
[2024-08-06T07:50:38.217+0000] {logging_mixin.py:188} INFO - [2024-08-06T07:50:38.217+0000] {dag.py:3954} INFO - Setting next_dagrun for example_branch_datetime_operator to 2024-08-05 00:00:00+00:00, run_after=2024-08-06 00:00:00+00:00
[2024-08-06T07:50:38.233+0000] {logging_mixin.py:188} INFO - [2024-08-06T07:50:38.233+0000] {dag.py:3954} INFO - Setting next_dagrun for example_branch_datetime_operator_2 to 2024-08-05 00:00:00+00:00, run_after=2024-08-06 00:00:00+00:00
[2024-08-06T07:50:38.241+0000] {logging_mixin.py:188} INFO - [2024-08-06T07:50:38.240+0000] {dag.py:3954} INFO - Setting next_dagrun for example_branch_datetime_operator_3 to 2024-08-05 00:00:00+00:00, run_after=2024-08-06 00:00:00+00:00
[2024-08-06T07:50:38.295+0000] {processor.py:183} INFO - Processing /home/airflow/.local/lib/python3.12/site-packages/airflow/example_dags/example_branch_datetime_operator.py took 0.381 seconds
[2024-08-06T07:51:09.193+0000] {processor.py:161} INFO - Started process (PID=408) to work on /home/airflow/.local/lib/python3.12/site-packages/airflow/example_dags/example_branch_datetime_operator.py
[2024-08-06T07:51:09.194+0000] {processor.py:830} INFO - Processing file /home/airflow/.local/lib/python3.12/site-packages/airflow/example_dags/example_branch_datetime_operator.py for tasks to queue
[2024-08-06T07:51:09.196+0000] {logging_mixin.py:188} INFO - [2024-08-06T07:51:09.195+0000] {dagbag.py:545} INFO - Filling up the DagBag from /home/airflow/.local/lib/python3.12/site-packages/airflow/example_dags/example_branch_datetime_operator.py
[2024-08-06T07:51:09.210+0000] {processor.py:840} INFO - DAG(s) 'example_branch_datetime_operator_2', 'example_branch_datetime_operator_3', 'example_branch_datetime_operator' retrieved from /home/airflow/.local/lib/python3.12/site-packages/airflow/example_dags/example_branch_datetime_operator.py
[2024-08-06T07:51:09.243+0000] {logging_mixin.py:188} INFO - [2024-08-06T07:51:09.242+0000] {dag.py:3096} INFO - Sync 3 DAGs
[2024-08-06T07:51:09.273+0000] {logging_mixin.py:188} INFO - [2024-08-06T07:51:09.273+0000] {dag.py:3954} INFO - Setting next_dagrun for example_branch_datetime_operator to 2024-08-05 00:00:00+00:00, run_after=2024-08-06 00:00:00+00:00
[2024-08-06T07:51:09.280+0000] {logging_mixin.py:188} INFO - [2024-08-06T07:51:09.279+0000] {dag.py:3954} INFO - Setting next_dagrun for example_branch_datetime_operator_2 to 2024-08-05 00:00:00+00:00, run_after=2024-08-06 00:00:00+00:00
[2024-08-06T07:51:09.283+0000] {logging_mixin.py:188} INFO - [2024-08-06T07:51:09.283+0000] {dag.py:3954} INFO - Setting next_dagrun for example_branch_datetime_operator_3 to 2024-08-05 00:00:00+00:00, run_after=2024-08-06 00:00:00+00:00
[2024-08-06T07:51:09.302+0000] {processor.py:183} INFO - Processing /home/airflow/.local/lib/python3.12/site-packages/airflow/example_dags/example_branch_datetime_operator.py took 0.115 seconds
[2024-08-06T07:51:40.118+0000] {processor.py:161} INFO - Started process (PID=466) to work on /home/airflow/.local/lib/python3.12/site-packages/airflow/example_dags/example_branch_datetime_operator.py
[2024-08-06T07:51:40.118+0000] {processor.py:830} INFO - Processing file /home/airflow/.local/lib/python3.12/site-packages/airflow/example_dags/example_branch_datetime_operator.py for tasks to queue
[2024-08-06T07:51:40.120+0000] {logging_mixin.py:188} INFO - [2024-08-06T07:51:40.120+0000] {dagbag.py:545} INFO - Filling up the DagBag from /home/airflow/.local/lib/python3.12/site-packages/airflow/example_dags/example_branch_datetime_operator.py
[2024-08-06T07:51:40.143+0000] {processor.py:840} INFO - DAG(s) 'example_branch_datetime_operator_3', 'example_branch_datetime_operator', 'example_branch_datetime_operator_2' retrieved from /home/airflow/.local/lib/python3.12/site-packages/airflow/example_dags/example_branch_datetime_operator.py
[2024-08-06T07:51:40.206+0000] {logging_mixin.py:188} INFO - [2024-08-06T07:51:40.205+0000] {dag.py:3096} INFO - Sync 3 DAGs
[2024-08-06T07:51:40.257+0000] {logging_mixin.py:188} INFO - [2024-08-06T07:51:40.251+0000] {dag.py:3954} INFO - Setting next_dagrun for example_branch_datetime_operator to 2024-08-05 00:00:00+00:00, run_after=2024-08-06 00:00:00+00:00
[2024-08-06T07:51:40.265+0000] {logging_mixin.py:188} INFO - [2024-08-06T07:51:40.265+0000] {dag.py:3954} INFO - Setting next_dagrun for example_branch_datetime_operator_2 to 2024-08-05 00:00:00+00:00, run_after=2024-08-06 00:00:00+00:00
[2024-08-06T07:51:40.269+0000] {logging_mixin.py:188} INFO - [2024-08-06T07:51:40.268+0000] {dag.py:3954} INFO - Setting next_dagrun for example_branch_datetime_operator_3 to 2024-08-05 00:00:00+00:00, run_after=2024-08-06 00:00:00+00:00
[2024-08-06T07:51:40.304+0000] {processor.py:183} INFO - Processing /home/airflow/.local/lib/python3.12/site-packages/airflow/example_dags/example_branch_datetime_operator.py took 0.197 seconds
[2024-08-06T07:52:10.731+0000] {processor.py:161} INFO - Started process (PID=524) to work on /home/airflow/.local/lib/python3.12/site-packages/airflow/example_dags/example_branch_datetime_operator.py
[2024-08-06T07:52:10.732+0000] {processor.py:830} INFO - Processing file /home/airflow/.local/lib/python3.12/site-packages/airflow/example_dags/example_branch_datetime_operator.py for tasks to queue
[2024-08-06T07:52:10.733+0000] {logging_mixin.py:188} INFO - [2024-08-06T07:52:10.733+0000] {dagbag.py:545} INFO - Filling up the DagBag from /home/airflow/.local/lib/python3.12/site-packages/airflow/example_dags/example_branch_datetime_operator.py
[2024-08-06T07:52:10.748+0000] {processor.py:840} INFO - DAG(s) 'example_branch_datetime_operator', 'example_branch_datetime_operator_3', 'example_branch_datetime_operator_2' retrieved from /home/airflow/.local/lib/python3.12/site-packages/airflow/example_dags/example_branch_datetime_operator.py
[2024-08-06T07:52:10.815+0000] {logging_mixin.py:188} INFO - [2024-08-06T07:52:10.815+0000] {dag.py:3096} INFO - Sync 3 DAGs
[2024-08-06T07:52:10.875+0000] {logging_mixin.py:188} INFO - [2024-08-06T07:52:10.875+0000] {dag.py:3954} INFO - Setting next_dagrun for example_branch_datetime_operator to 2024-08-05 00:00:00+00:00, run_after=2024-08-06 00:00:00+00:00
[2024-08-06T07:52:10.886+0000] {logging_mixin.py:188} INFO - [2024-08-06T07:52:10.882+0000] {dag.py:3954} INFO - Setting next_dagrun for example_branch_datetime_operator_2 to 2024-08-05 00:00:00+00:00, run_after=2024-08-06 00:00:00+00:00
[2024-08-06T07:52:10.890+0000] {logging_mixin.py:188} INFO - [2024-08-06T07:52:10.890+0000] {dag.py:3954} INFO - Setting next_dagrun for example_branch_datetime_operator_3 to 2024-08-05 00:00:00+00:00, run_after=2024-08-06 00:00:00+00:00
[2024-08-06T07:52:10.946+0000] {processor.py:183} INFO - Processing /home/airflow/.local/lib/python3.12/site-packages/airflow/example_dags/example_branch_datetime_operator.py took 0.221 seconds
[2024-08-06T07:52:41.139+0000] {processor.py:161} INFO - Started process (PID=581) to work on /home/airflow/.local/lib/python3.12/site-packages/airflow/example_dags/example_branch_datetime_operator.py
[2024-08-06T07:52:41.139+0000] {processor.py:830} INFO - Processing file /home/airflow/.local/lib/python3.12/site-packages/airflow/example_dags/example_branch_datetime_operator.py for tasks to queue
[2024-08-06T07:52:41.141+0000] {logging_mixin.py:188} INFO - [2024-08-06T07:52:41.141+0000] {dagbag.py:545} INFO - Filling up the DagBag from /home/airflow/.local/lib/python3.12/site-packages/airflow/example_dags/example_branch_datetime_operator.py
[2024-08-06T07:52:41.154+0000] {processor.py:840} INFO - DAG(s) 'example_branch_datetime_operator_2', 'example_branch_datetime_operator', 'example_branch_datetime_operator_3' retrieved from /home/airflow/.local/lib/python3.12/site-packages/airflow/example_dags/example_branch_datetime_operator.py
[2024-08-06T07:52:41.186+0000] {logging_mixin.py:188} INFO - [2024-08-06T07:52:41.186+0000] {dag.py:3096} INFO - Sync 3 DAGs
[2024-08-06T07:52:41.214+0000] {logging_mixin.py:188} INFO - [2024-08-06T07:52:41.213+0000] {dag.py:3954} INFO - Setting next_dagrun for example_branch_datetime_operator to 2024-08-05 00:00:00+00:00, run_after=2024-08-06 00:00:00+00:00
[2024-08-06T07:52:41.219+0000] {logging_mixin.py:188} INFO - [2024-08-06T07:52:41.219+0000] {dag.py:3954} INFO - Setting next_dagrun for example_branch_datetime_operator_2 to 2024-08-05 00:00:00+00:00, run_after=2024-08-06 00:00:00+00:00
[2024-08-06T07:52:41.222+0000] {logging_mixin.py:188} INFO - [2024-08-06T07:52:41.222+0000] {dag.py:3954} INFO - Setting next_dagrun for example_branch_datetime_operator_3 to 2024-08-05 00:00:00+00:00, run_after=2024-08-06 00:00:00+00:00
[2024-08-06T07:52:41.251+0000] {processor.py:183} INFO - Processing /home/airflow/.local/lib/python3.12/site-packages/airflow/example_dags/example_branch_datetime_operator.py took 0.118 seconds
[2024-08-06T07:53:11.348+0000] {processor.py:161} INFO - Started process (PID=639) to work on /home/airflow/.local/lib/python3.12/site-packages/airflow/example_dags/example_branch_datetime_operator.py
[2024-08-06T07:53:11.349+0000] {processor.py:830} INFO - Processing file /home/airflow/.local/lib/python3.12/site-packages/airflow/example_dags/example_branch_datetime_operator.py for tasks to queue
[2024-08-06T07:53:11.351+0000] {logging_mixin.py:188} INFO - [2024-08-06T07:53:11.351+0000] {dagbag.py:545} INFO - Filling up the DagBag from /home/airflow/.local/lib/python3.12/site-packages/airflow/example_dags/example_branch_datetime_operator.py
[2024-08-06T07:53:11.364+0000] {processor.py:840} INFO - DAG(s) 'example_branch_datetime_operator_2', 'example_branch_datetime_operator_3', 'example_branch_datetime_operator' retrieved from /home/airflow/.local/lib/python3.12/site-packages/airflow/example_dags/example_branch_datetime_operator.py
[2024-08-06T07:53:11.396+0000] {logging_mixin.py:188} INFO - [2024-08-06T07:53:11.396+0000] {dag.py:3096} INFO - Sync 3 DAGs
[2024-08-06T07:53:11.424+0000] {logging_mixin.py:188} INFO - [2024-08-06T07:53:11.424+0000] {dag.py:3954} INFO - Setting next_dagrun for example_branch_datetime_operator to 2024-08-05 00:00:00+00:00, run_after=2024-08-06 00:00:00+00:00
[2024-08-06T07:53:11.428+0000] {logging_mixin.py:188} INFO - [2024-08-06T07:53:11.428+0000] {dag.py:3954} INFO - Setting next_dagrun for example_branch_datetime_operator_2 to 2024-08-05 00:00:00+00:00, run_after=2024-08-06 00:00:00+00:00
[2024-08-06T07:53:11.432+0000] {logging_mixin.py:188} INFO - [2024-08-06T07:53:11.431+0000] {dag.py:3954} INFO - Setting next_dagrun for example_branch_datetime_operator_3 to 2024-08-05 00:00:00+00:00, run_after=2024-08-06 00:00:00+00:00
[2024-08-06T07:53:11.454+0000] {processor.py:183} INFO - Processing /home/airflow/.local/lib/python3.12/site-packages/airflow/example_dags/example_branch_datetime_operator.py took 0.111 seconds
[2024-08-06T07:53:42.364+0000] {processor.py:161} INFO - Started process (PID=696) to work on /home/airflow/.local/lib/python3.12/site-packages/airflow/example_dags/example_branch_datetime_operator.py
[2024-08-06T07:53:42.364+0000] {processor.py:830} INFO - Processing file /home/airflow/.local/lib/python3.12/site-packages/airflow/example_dags/example_branch_datetime_operator.py for tasks to queue
[2024-08-06T07:53:42.367+0000] {logging_mixin.py:188} INFO - [2024-08-06T07:53:42.366+0000] {dagbag.py:545} INFO - Filling up the DagBag from /home/airflow/.local/lib/python3.12/site-packages/airflow/example_dags/example_branch_datetime_operator.py
[2024-08-06T07:53:42.393+0000] {processor.py:840} INFO - DAG(s) 'example_branch_datetime_operator_2', 'example_branch_datetime_operator_3', 'example_branch_datetime_operator' retrieved from /home/airflow/.local/lib/python3.12/site-packages/airflow/example_dags/example_branch_datetime_operator.py
[2024-08-06T07:53:42.467+0000] {logging_mixin.py:188} INFO - [2024-08-06T07:53:42.467+0000] {dag.py:3096} INFO - Sync 3 DAGs
[2024-08-06T07:53:42.529+0000] {logging_mixin.py:188} INFO - [2024-08-06T07:53:42.529+0000] {dag.py:3954} INFO - Setting next_dagrun for example_branch_datetime_operator to 2024-08-05 00:00:00+00:00, run_after=2024-08-06 00:00:00+00:00
[2024-08-06T07:53:42.538+0000] {logging_mixin.py:188} INFO - [2024-08-06T07:53:42.537+0000] {dag.py:3954} INFO - Setting next_dagrun for example_branch_datetime_operator_2 to 2024-08-05 00:00:00+00:00, run_after=2024-08-06 00:00:00+00:00
[2024-08-06T07:53:42.542+0000] {logging_mixin.py:188} INFO - [2024-08-06T07:53:42.541+0000] {dag.py:3954} INFO - Setting next_dagrun for example_branch_datetime_operator_3 to 2024-08-05 00:00:00+00:00, run_after=2024-08-06 00:00:00+00:00
[2024-08-06T07:53:42.566+0000] {processor.py:183} INFO - Processing /home/airflow/.local/lib/python3.12/site-packages/airflow/example_dags/example_branch_datetime_operator.py took 0.208 seconds
[2024-08-06T07:54:12.849+0000] {processor.py:161} INFO - Started process (PID=754) to work on /home/airflow/.local/lib/python3.12/site-packages/airflow/example_dags/example_branch_datetime_operator.py
[2024-08-06T07:54:12.851+0000] {processor.py:830} INFO - Processing file /home/airflow/.local/lib/python3.12/site-packages/airflow/example_dags/example_branch_datetime_operator.py for tasks to queue
[2024-08-06T07:54:12.853+0000] {logging_mixin.py:188} INFO - [2024-08-06T07:54:12.852+0000] {dagbag.py:545} INFO - Filling up the DagBag from /home/airflow/.local/lib/python3.12/site-packages/airflow/example_dags/example_branch_datetime_operator.py
[2024-08-06T07:54:12.865+0000] {processor.py:840} INFO - DAG(s) 'example_branch_datetime_operator_3', 'example_branch_datetime_operator_2', 'example_branch_datetime_operator' retrieved from /home/airflow/.local/lib/python3.12/site-packages/airflow/example_dags/example_branch_datetime_operator.py
[2024-08-06T07:54:12.898+0000] {logging_mixin.py:188} INFO - [2024-08-06T07:54:12.898+0000] {dag.py:3096} INFO - Sync 3 DAGs
[2024-08-06T07:54:12.926+0000] {logging_mixin.py:188} INFO - [2024-08-06T07:54:12.926+0000] {dag.py:3954} INFO - Setting next_dagrun for example_branch_datetime_operator to 2024-08-05 00:00:00+00:00, run_after=2024-08-06 00:00:00+00:00
[2024-08-06T07:54:12.930+0000] {logging_mixin.py:188} INFO - [2024-08-06T07:54:12.930+0000] {dag.py:3954} INFO - Setting next_dagrun for example_branch_datetime_operator_2 to 2024-08-05 00:00:00+00:00, run_after=2024-08-06 00:00:00+00:00
[2024-08-06T07:54:12.935+0000] {logging_mixin.py:188} INFO - [2024-08-06T07:54:12.933+0000] {dag.py:3954} INFO - Setting next_dagrun for example_branch_datetime_operator_3 to 2024-08-05 00:00:00+00:00, run_after=2024-08-06 00:00:00+00:00
[2024-08-06T07:54:12.959+0000] {processor.py:183} INFO - Processing /home/airflow/.local/lib/python3.12/site-packages/airflow/example_dags/example_branch_datetime_operator.py took 0.116 seconds
