[2024-08-06T07:48:12.433+0000] {processor.py:161} INFO - Started process (PID=78) to work on /home/airflow/.local/lib/python3.12/site-packages/airflow/example_dags/tutorial.py
[2024-08-06T07:48:12.435+0000] {processor.py:830} INFO - Processing file /home/airflow/.local/lib/python3.12/site-packages/airflow/example_dags/tutorial.py for tasks to queue
[2024-08-06T07:48:12.454+0000] {logging_mixin.py:188} INFO - [2024-08-06T07:48:12.453+0000] {dagbag.py:545} INFO - Filling up the DagBag from /home/airflow/.local/lib/python3.12/site-packages/airflow/example_dags/tutorial.py
[2024-08-06T07:48:12.507+0000] {processor.py:840} INFO - DAG(s) 'tutorial' retrieved from /home/airflow/.local/lib/python3.12/site-packages/airflow/example_dags/tutorial.py
[2024-08-06T07:48:13.393+0000] {logging_mixin.py:188} INFO - [2024-08-06T07:48:13.393+0000] {dag.py:3096} INFO - Sync 1 DAGs
[2024-08-06T07:48:13.488+0000] {logging_mixin.py:188} INFO - [2024-08-06T07:48:13.487+0000] {dag.py:3954} INFO - Setting next_dagrun for tutorial to 2024-08-05 00:00:00+00:00, run_after=2024-08-06 00:00:00+00:00
[2024-08-06T07:48:13.561+0000] {processor.py:183} INFO - Processing /home/airflow/.local/lib/python3.12/site-packages/airflow/example_dags/tutorial.py took 1.149 seconds
[2024-08-06T07:48:44.118+0000] {processor.py:161} INFO - Started process (PID=136) to work on /home/airflow/.local/lib/python3.12/site-packages/airflow/example_dags/tutorial.py
[2024-08-06T07:48:44.119+0000] {processor.py:830} INFO - Processing file /home/airflow/.local/lib/python3.12/site-packages/airflow/example_dags/tutorial.py for tasks to queue
[2024-08-06T07:48:44.120+0000] {logging_mixin.py:188} INFO - [2024-08-06T07:48:44.120+0000] {dagbag.py:545} INFO - Filling up the DagBag from /home/airflow/.local/lib/python3.12/site-packages/airflow/example_dags/tutorial.py
[2024-08-06T07:48:44.127+0000] {processor.py:840} INFO - DAG(s) 'tutorial' retrieved from /home/airflow/.local/lib/python3.12/site-packages/airflow/example_dags/tutorial.py
[2024-08-06T07:48:44.150+0000] {logging_mixin.py:188} INFO - [2024-08-06T07:48:44.149+0000] {dag.py:3096} INFO - Sync 1 DAGs
[2024-08-06T07:48:44.174+0000] {logging_mixin.py:188} INFO - [2024-08-06T07:48:44.173+0000] {dag.py:3954} INFO - Setting next_dagrun for tutorial to 2024-08-05 00:00:00+00:00, run_after=2024-08-06 00:00:00+00:00
[2024-08-06T07:48:44.201+0000] {processor.py:183} INFO - Processing /home/airflow/.local/lib/python3.12/site-packages/airflow/example_dags/tutorial.py took 0.090 seconds
[2024-08-06T07:49:14.313+0000] {processor.py:161} INFO - Started process (PID=195) to work on /home/airflow/.local/lib/python3.12/site-packages/airflow/example_dags/tutorial.py
[2024-08-06T07:49:14.314+0000] {processor.py:830} INFO - Processing file /home/airflow/.local/lib/python3.12/site-packages/airflow/example_dags/tutorial.py for tasks to queue
[2024-08-06T07:49:14.315+0000] {logging_mixin.py:188} INFO - [2024-08-06T07:49:14.315+0000] {dagbag.py:545} INFO - Filling up the DagBag from /home/airflow/.local/lib/python3.12/site-packages/airflow/example_dags/tutorial.py
[2024-08-06T07:49:14.321+0000] {processor.py:840} INFO - DAG(s) 'tutorial' retrieved from /home/airflow/.local/lib/python3.12/site-packages/airflow/example_dags/tutorial.py
[2024-08-06T07:49:14.343+0000] {logging_mixin.py:188} INFO - [2024-08-06T07:49:14.343+0000] {dag.py:3096} INFO - Sync 1 DAGs
[2024-08-06T07:49:14.382+0000] {logging_mixin.py:188} INFO - [2024-08-06T07:49:14.382+0000] {dag.py:3954} INFO - Setting next_dagrun for tutorial to 2024-08-05 00:00:00+00:00, run_after=2024-08-06 00:00:00+00:00
[2024-08-06T07:49:14.404+0000] {processor.py:183} INFO - Processing /home/airflow/.local/lib/python3.12/site-packages/airflow/example_dags/tutorial.py took 0.097 seconds
[2024-08-06T07:49:45.117+0000] {processor.py:161} INFO - Started process (PID=254) to work on /home/airflow/.local/lib/python3.12/site-packages/airflow/example_dags/tutorial.py
[2024-08-06T07:49:45.120+0000] {processor.py:830} INFO - Processing file /home/airflow/.local/lib/python3.12/site-packages/airflow/example_dags/tutorial.py for tasks to queue
[2024-08-06T07:49:45.121+0000] {logging_mixin.py:188} INFO - [2024-08-06T07:49:45.121+0000] {dagbag.py:545} INFO - Filling up the DagBag from /home/airflow/.local/lib/python3.12/site-packages/airflow/example_dags/tutorial.py
[2024-08-06T07:49:45.128+0000] {processor.py:840} INFO - DAG(s) 'tutorial' retrieved from /home/airflow/.local/lib/python3.12/site-packages/airflow/example_dags/tutorial.py
[2024-08-06T07:49:45.151+0000] {logging_mixin.py:188} INFO - [2024-08-06T07:49:45.150+0000] {dag.py:3096} INFO - Sync 1 DAGs
[2024-08-06T07:49:45.177+0000] {logging_mixin.py:188} INFO - [2024-08-06T07:49:45.177+0000] {dag.py:3954} INFO - Setting next_dagrun for tutorial to 2024-08-05 00:00:00+00:00, run_after=2024-08-06 00:00:00+00:00
[2024-08-06T07:49:45.200+0000] {processor.py:183} INFO - Processing /home/airflow/.local/lib/python3.12/site-packages/airflow/example_dags/tutorial.py took 0.093 seconds
[2024-08-06T07:50:15.792+0000] {processor.py:161} INFO - Started process (PID=312) to work on /home/airflow/.local/lib/python3.12/site-packages/airflow/example_dags/tutorial.py
[2024-08-06T07:50:15.793+0000] {processor.py:830} INFO - Processing file /home/airflow/.local/lib/python3.12/site-packages/airflow/example_dags/tutorial.py for tasks to queue
[2024-08-06T07:50:15.795+0000] {logging_mixin.py:188} INFO - [2024-08-06T07:50:15.795+0000] {dagbag.py:545} INFO - Filling up the DagBag from /home/airflow/.local/lib/python3.12/site-packages/airflow/example_dags/tutorial.py
[2024-08-06T07:50:15.802+0000] {processor.py:840} INFO - DAG(s) 'tutorial' retrieved from /home/airflow/.local/lib/python3.12/site-packages/airflow/example_dags/tutorial.py
[2024-08-06T07:50:15.825+0000] {logging_mixin.py:188} INFO - [2024-08-06T07:50:15.825+0000] {dag.py:3096} INFO - Sync 1 DAGs
[2024-08-06T07:50:15.854+0000] {logging_mixin.py:188} INFO - [2024-08-06T07:50:15.853+0000] {dag.py:3954} INFO - Setting next_dagrun for tutorial to 2024-08-05 00:00:00+00:00, run_after=2024-08-06 00:00:00+00:00
[2024-08-06T07:50:15.877+0000] {processor.py:183} INFO - Processing /home/airflow/.local/lib/python3.12/site-packages/airflow/example_dags/tutorial.py took 0.091 seconds
[2024-08-06T07:50:46.512+0000] {processor.py:161} INFO - Started process (PID=370) to work on /home/airflow/.local/lib/python3.12/site-packages/airflow/example_dags/tutorial.py
[2024-08-06T07:50:46.512+0000] {processor.py:830} INFO - Processing file /home/airflow/.local/lib/python3.12/site-packages/airflow/example_dags/tutorial.py for tasks to queue
[2024-08-06T07:50:46.514+0000] {logging_mixin.py:188} INFO - [2024-08-06T07:50:46.514+0000] {dagbag.py:545} INFO - Filling up the DagBag from /home/airflow/.local/lib/python3.12/site-packages/airflow/example_dags/tutorial.py
[2024-08-06T07:50:46.523+0000] {processor.py:840} INFO - DAG(s) 'tutorial' retrieved from /home/airflow/.local/lib/python3.12/site-packages/airflow/example_dags/tutorial.py
[2024-08-06T07:50:46.547+0000] {logging_mixin.py:188} INFO - [2024-08-06T07:50:46.546+0000] {dag.py:3096} INFO - Sync 1 DAGs
[2024-08-06T07:50:46.581+0000] {logging_mixin.py:188} INFO - [2024-08-06T07:50:46.581+0000] {dag.py:3954} INFO - Setting next_dagrun for tutorial to 2024-08-05 00:00:00+00:00, run_after=2024-08-06 00:00:00+00:00
[2024-08-06T07:50:46.610+0000] {processor.py:183} INFO - Processing /home/airflow/.local/lib/python3.12/site-packages/airflow/example_dags/tutorial.py took 0.105 seconds
[2024-08-06T07:51:17.409+0000] {processor.py:161} INFO - Started process (PID=427) to work on /home/airflow/.local/lib/python3.12/site-packages/airflow/example_dags/tutorial.py
[2024-08-06T07:51:17.418+0000] {processor.py:830} INFO - Processing file /home/airflow/.local/lib/python3.12/site-packages/airflow/example_dags/tutorial.py for tasks to queue
[2024-08-06T07:51:17.420+0000] {logging_mixin.py:188} INFO - [2024-08-06T07:51:17.420+0000] {dagbag.py:545} INFO - Filling up the DagBag from /home/airflow/.local/lib/python3.12/site-packages/airflow/example_dags/tutorial.py
[2024-08-06T07:51:17.438+0000] {processor.py:840} INFO - DAG(s) 'tutorial' retrieved from /home/airflow/.local/lib/python3.12/site-packages/airflow/example_dags/tutorial.py
[2024-08-06T07:51:17.495+0000] {logging_mixin.py:188} INFO - [2024-08-06T07:51:17.495+0000] {dag.py:3096} INFO - Sync 1 DAGs
[2024-08-06T07:51:17.522+0000] {logging_mixin.py:188} INFO - [2024-08-06T07:51:17.521+0000] {dag.py:3954} INFO - Setting next_dagrun for tutorial to 2024-08-05 00:00:00+00:00, run_after=2024-08-06 00:00:00+00:00
[2024-08-06T07:51:17.545+0000] {processor.py:183} INFO - Processing /home/airflow/.local/lib/python3.12/site-packages/airflow/example_dags/tutorial.py took 0.143 seconds
[2024-08-06T07:51:48.195+0000] {processor.py:161} INFO - Started process (PID=485) to work on /home/airflow/.local/lib/python3.12/site-packages/airflow/example_dags/tutorial.py
[2024-08-06T07:51:48.195+0000] {processor.py:830} INFO - Processing file /home/airflow/.local/lib/python3.12/site-packages/airflow/example_dags/tutorial.py for tasks to queue
[2024-08-06T07:51:48.197+0000] {logging_mixin.py:188} INFO - [2024-08-06T07:51:48.197+0000] {dagbag.py:545} INFO - Filling up the DagBag from /home/airflow/.local/lib/python3.12/site-packages/airflow/example_dags/tutorial.py
[2024-08-06T07:51:48.217+0000] {processor.py:840} INFO - DAG(s) 'tutorial' retrieved from /home/airflow/.local/lib/python3.12/site-packages/airflow/example_dags/tutorial.py
[2024-08-06T07:51:48.283+0000] {logging_mixin.py:188} INFO - [2024-08-06T07:51:48.283+0000] {dag.py:3096} INFO - Sync 1 DAGs
[2024-08-06T07:51:48.372+0000] {logging_mixin.py:188} INFO - [2024-08-06T07:51:48.372+0000] {dag.py:3954} INFO - Setting next_dagrun for tutorial to 2024-08-05 00:00:00+00:00, run_after=2024-08-06 00:00:00+00:00
[2024-08-06T07:51:48.428+0000] {processor.py:183} INFO - Processing /home/airflow/.local/lib/python3.12/site-packages/airflow/example_dags/tutorial.py took 0.242 seconds
[2024-08-06T07:52:18.968+0000] {processor.py:161} INFO - Started process (PID=543) to work on /home/airflow/.local/lib/python3.12/site-packages/airflow/example_dags/tutorial.py
[2024-08-06T07:52:18.969+0000] {processor.py:830} INFO - Processing file /home/airflow/.local/lib/python3.12/site-packages/airflow/example_dags/tutorial.py for tasks to queue
[2024-08-06T07:52:18.971+0000] {logging_mixin.py:188} INFO - [2024-08-06T07:52:18.970+0000] {dagbag.py:545} INFO - Filling up the DagBag from /home/airflow/.local/lib/python3.12/site-packages/airflow/example_dags/tutorial.py
[2024-08-06T07:52:18.978+0000] {processor.py:840} INFO - DAG(s) 'tutorial' retrieved from /home/airflow/.local/lib/python3.12/site-packages/airflow/example_dags/tutorial.py
[2024-08-06T07:52:19.003+0000] {logging_mixin.py:188} INFO - [2024-08-06T07:52:19.002+0000] {dag.py:3096} INFO - Sync 1 DAGs
[2024-08-06T07:52:19.034+0000] {logging_mixin.py:188} INFO - [2024-08-06T07:52:19.034+0000] {dag.py:3954} INFO - Setting next_dagrun for tutorial to 2024-08-05 00:00:00+00:00, run_after=2024-08-06 00:00:00+00:00
[2024-08-06T07:52:19.059+0000] {processor.py:183} INFO - Processing /home/airflow/.local/lib/python3.12/site-packages/airflow/example_dags/tutorial.py took 0.098 seconds
[2024-08-06T07:52:49.555+0000] {processor.py:161} INFO - Started process (PID=600) to work on /home/airflow/.local/lib/python3.12/site-packages/airflow/example_dags/tutorial.py
[2024-08-06T07:52:49.556+0000] {processor.py:830} INFO - Processing file /home/airflow/.local/lib/python3.12/site-packages/airflow/example_dags/tutorial.py for tasks to queue
[2024-08-06T07:52:49.557+0000] {logging_mixin.py:188} INFO - [2024-08-06T07:52:49.557+0000] {dagbag.py:545} INFO - Filling up the DagBag from /home/airflow/.local/lib/python3.12/site-packages/airflow/example_dags/tutorial.py
[2024-08-06T07:52:49.564+0000] {processor.py:840} INFO - DAG(s) 'tutorial' retrieved from /home/airflow/.local/lib/python3.12/site-packages/airflow/example_dags/tutorial.py
[2024-08-06T07:52:49.585+0000] {logging_mixin.py:188} INFO - [2024-08-06T07:52:49.585+0000] {dag.py:3096} INFO - Sync 1 DAGs
[2024-08-06T07:52:49.615+0000] {logging_mixin.py:188} INFO - [2024-08-06T07:52:49.615+0000] {dag.py:3954} INFO - Setting next_dagrun for tutorial to 2024-08-05 00:00:00+00:00, run_after=2024-08-06 00:00:00+00:00
[2024-08-06T07:52:49.639+0000] {processor.py:183} INFO - Processing /home/airflow/.local/lib/python3.12/site-packages/airflow/example_dags/tutorial.py took 0.090 seconds
[2024-08-06T07:53:19.723+0000] {processor.py:161} INFO - Started process (PID=658) to work on /home/airflow/.local/lib/python3.12/site-packages/airflow/example_dags/tutorial.py
[2024-08-06T07:53:19.723+0000] {processor.py:830} INFO - Processing file /home/airflow/.local/lib/python3.12/site-packages/airflow/example_dags/tutorial.py for tasks to queue
[2024-08-06T07:53:19.725+0000] {logging_mixin.py:188} INFO - [2024-08-06T07:53:19.725+0000] {dagbag.py:545} INFO - Filling up the DagBag from /home/airflow/.local/lib/python3.12/site-packages/airflow/example_dags/tutorial.py
[2024-08-06T07:53:19.732+0000] {processor.py:840} INFO - DAG(s) 'tutorial' retrieved from /home/airflow/.local/lib/python3.12/site-packages/airflow/example_dags/tutorial.py
[2024-08-06T07:53:19.753+0000] {logging_mixin.py:188} INFO - [2024-08-06T07:53:19.753+0000] {dag.py:3096} INFO - Sync 1 DAGs
[2024-08-06T07:53:19.781+0000] {logging_mixin.py:188} INFO - [2024-08-06T07:53:19.781+0000] {dag.py:3954} INFO - Setting next_dagrun for tutorial to 2024-08-05 00:00:00+00:00, run_after=2024-08-06 00:00:00+00:00
[2024-08-06T07:53:19.801+0000] {processor.py:183} INFO - Processing /home/airflow/.local/lib/python3.12/site-packages/airflow/example_dags/tutorial.py took 0.085 seconds
[2024-08-06T07:53:50.376+0000] {processor.py:161} INFO - Started process (PID=715) to work on /home/airflow/.local/lib/python3.12/site-packages/airflow/example_dags/tutorial.py
[2024-08-06T07:53:50.376+0000] {processor.py:830} INFO - Processing file /home/airflow/.local/lib/python3.12/site-packages/airflow/example_dags/tutorial.py for tasks to queue
[2024-08-06T07:53:50.378+0000] {logging_mixin.py:188} INFO - [2024-08-06T07:53:50.378+0000] {dagbag.py:545} INFO - Filling up the DagBag from /home/airflow/.local/lib/python3.12/site-packages/airflow/example_dags/tutorial.py
[2024-08-06T07:53:50.385+0000] {processor.py:840} INFO - DAG(s) 'tutorial' retrieved from /home/airflow/.local/lib/python3.12/site-packages/airflow/example_dags/tutorial.py
[2024-08-06T07:53:50.429+0000] {logging_mixin.py:188} INFO - [2024-08-06T07:53:50.429+0000] {dag.py:3096} INFO - Sync 1 DAGs
[2024-08-06T07:53:50.458+0000] {logging_mixin.py:188} INFO - [2024-08-06T07:53:50.458+0000] {dag.py:3954} INFO - Setting next_dagrun for tutorial to 2024-08-05 00:00:00+00:00, run_after=2024-08-06 00:00:00+00:00
[2024-08-06T07:53:50.479+0000] {processor.py:183} INFO - Processing /home/airflow/.local/lib/python3.12/site-packages/airflow/example_dags/tutorial.py took 0.110 seconds
[2024-08-06T07:54:20.997+0000] {processor.py:161} INFO - Started process (PID=773) to work on /home/airflow/.local/lib/python3.12/site-packages/airflow/example_dags/tutorial.py
[2024-08-06T07:54:20.998+0000] {processor.py:830} INFO - Processing file /home/airflow/.local/lib/python3.12/site-packages/airflow/example_dags/tutorial.py for tasks to queue
[2024-08-06T07:54:20.999+0000] {logging_mixin.py:188} INFO - [2024-08-06T07:54:20.999+0000] {dagbag.py:545} INFO - Filling up the DagBag from /home/airflow/.local/lib/python3.12/site-packages/airflow/example_dags/tutorial.py
[2024-08-06T07:54:21.006+0000] {processor.py:840} INFO - DAG(s) 'tutorial' retrieved from /home/airflow/.local/lib/python3.12/site-packages/airflow/example_dags/tutorial.py
[2024-08-06T07:54:21.028+0000] {logging_mixin.py:188} INFO - [2024-08-06T07:54:21.028+0000] {dag.py:3096} INFO - Sync 1 DAGs
[2024-08-06T07:54:21.056+0000] {logging_mixin.py:188} INFO - [2024-08-06T07:54:21.056+0000] {dag.py:3954} INFO - Setting next_dagrun for tutorial to 2024-08-05 00:00:00+00:00, run_after=2024-08-06 00:00:00+00:00
[2024-08-06T07:54:21.083+0000] {processor.py:183} INFO - Processing /home/airflow/.local/lib/python3.12/site-packages/airflow/example_dags/tutorial.py took 0.093 seconds
